[2024-11-04T04:16:26.101+0000] {processor.py:186} INFO - Started process (PID=51) to work on /home/airflow/.local/lib/python3.12/site-packages/airflow/example_dags/example_setup_teardown.py
[2024-11-04T04:16:26.102+0000] {processor.py:914} INFO - Processing file /home/airflow/.local/lib/python3.12/site-packages/airflow/example_dags/example_setup_teardown.py for tasks to queue
[2024-11-04T04:16:26.104+0000] {logging_mixin.py:190} INFO - [2024-11-04T04:16:26.104+0000] {dagbag.py:588} INFO - Filling up the DagBag from /home/airflow/.local/lib/python3.12/site-packages/airflow/example_dags/example_setup_teardown.py
[2024-11-04T04:16:26.116+0000] {processor.py:925} INFO - DAG(s) 'example_setup_teardown' retrieved from /home/airflow/.local/lib/python3.12/site-packages/airflow/example_dags/example_setup_teardown.py
[2024-11-04T04:16:26.177+0000] {logging_mixin.py:190} INFO - [2024-11-04T04:16:26.177+0000] {override.py:1900} INFO - Created Permission View: can read on DAG:example_setup_teardown
[2024-11-04T04:16:26.188+0000] {logging_mixin.py:190} INFO - [2024-11-04T04:16:26.188+0000] {override.py:1900} INFO - Created Permission View: can delete on DAG:example_setup_teardown
[2024-11-04T04:16:26.194+0000] {logging_mixin.py:190} INFO - [2024-11-04T04:16:26.194+0000] {override.py:1900} INFO - Created Permission View: can edit on DAG:example_setup_teardown
[2024-11-04T04:16:26.201+0000] {logging_mixin.py:190} INFO - [2024-11-04T04:16:26.201+0000] {override.py:1900} INFO - Created Permission View: menu access on DAG Run:example_setup_teardown
[2024-11-04T04:16:26.209+0000] {logging_mixin.py:190} INFO - [2024-11-04T04:16:26.209+0000] {override.py:1900} INFO - Created Permission View: can read on DAG Run:example_setup_teardown
[2024-11-04T04:16:26.217+0000] {logging_mixin.py:190} INFO - [2024-11-04T04:16:26.217+0000] {override.py:1900} INFO - Created Permission View: can create on DAG Run:example_setup_teardown
[2024-11-04T04:16:26.229+0000] {logging_mixin.py:190} INFO - [2024-11-04T04:16:26.228+0000] {override.py:1900} INFO - Created Permission View: can delete on DAG Run:example_setup_teardown
[2024-11-04T04:16:26.231+0000] {logging_mixin.py:190} INFO - [2024-11-04T04:16:26.231+0000] {dag.py:3239} INFO - Sync 1 DAGs
[2024-11-04T04:16:26.238+0000] {logging_mixin.py:190} INFO - [2024-11-04T04:16:26.238+0000] {dag.py:3262} INFO - Creating ORM DAG for example_setup_teardown
[2024-11-04T04:16:26.239+0000] {logging_mixin.py:190} INFO - [2024-11-04T04:16:26.239+0000] {dag.py:4180} INFO - Setting next_dagrun for example_setup_teardown to None, run_after=None
[2024-11-04T04:16:26.250+0000] {processor.py:208} INFO - Processing /home/airflow/.local/lib/python3.12/site-packages/airflow/example_dags/example_setup_teardown.py took 0.152 seconds
[2024-11-04T04:16:56.376+0000] {processor.py:186} INFO - Started process (PID=113) to work on /home/airflow/.local/lib/python3.12/site-packages/airflow/example_dags/example_setup_teardown.py
[2024-11-04T04:16:56.377+0000] {processor.py:914} INFO - Processing file /home/airflow/.local/lib/python3.12/site-packages/airflow/example_dags/example_setup_teardown.py for tasks to queue
[2024-11-04T04:16:56.382+0000] {logging_mixin.py:190} INFO - [2024-11-04T04:16:56.381+0000] {dagbag.py:588} INFO - Filling up the DagBag from /home/airflow/.local/lib/python3.12/site-packages/airflow/example_dags/example_setup_teardown.py
[2024-11-04T04:16:56.386+0000] {processor.py:925} INFO - DAG(s) 'example_setup_teardown' retrieved from /home/airflow/.local/lib/python3.12/site-packages/airflow/example_dags/example_setup_teardown.py
[2024-11-04T04:16:56.402+0000] {logging_mixin.py:190} INFO - [2024-11-04T04:16:56.402+0000] {dag.py:3239} INFO - Sync 1 DAGs
[2024-11-04T04:16:56.413+0000] {logging_mixin.py:190} INFO - [2024-11-04T04:16:56.413+0000] {dag.py:4180} INFO - Setting next_dagrun for example_setup_teardown to None, run_after=None
[2024-11-04T04:16:56.423+0000] {processor.py:208} INFO - Processing /home/airflow/.local/lib/python3.12/site-packages/airflow/example_dags/example_setup_teardown.py took 0.051 seconds
[2024-11-04T04:17:26.974+0000] {processor.py:186} INFO - Started process (PID=175) to work on /home/airflow/.local/lib/python3.12/site-packages/airflow/example_dags/example_setup_teardown.py
[2024-11-04T04:17:26.977+0000] {processor.py:914} INFO - Processing file /home/airflow/.local/lib/python3.12/site-packages/airflow/example_dags/example_setup_teardown.py for tasks to queue
[2024-11-04T04:17:26.979+0000] {logging_mixin.py:190} INFO - [2024-11-04T04:17:26.978+0000] {dagbag.py:588} INFO - Filling up the DagBag from /home/airflow/.local/lib/python3.12/site-packages/airflow/example_dags/example_setup_teardown.py
[2024-11-04T04:17:26.984+0000] {processor.py:925} INFO - DAG(s) 'example_setup_teardown' retrieved from /home/airflow/.local/lib/python3.12/site-packages/airflow/example_dags/example_setup_teardown.py
[2024-11-04T04:17:27.002+0000] {logging_mixin.py:190} INFO - [2024-11-04T04:17:27.001+0000] {dag.py:3239} INFO - Sync 1 DAGs
[2024-11-04T04:17:27.022+0000] {logging_mixin.py:190} INFO - [2024-11-04T04:17:27.022+0000] {dag.py:4180} INFO - Setting next_dagrun for example_setup_teardown to None, run_after=None
[2024-11-04T04:17:27.038+0000] {processor.py:208} INFO - Processing /home/airflow/.local/lib/python3.12/site-packages/airflow/example_dags/example_setup_teardown.py took 0.067 seconds
[2024-11-04T04:17:57.739+0000] {processor.py:186} INFO - Started process (PID=243) to work on /home/airflow/.local/lib/python3.12/site-packages/airflow/example_dags/example_setup_teardown.py
[2024-11-04T04:17:57.740+0000] {processor.py:914} INFO - Processing file /home/airflow/.local/lib/python3.12/site-packages/airflow/example_dags/example_setup_teardown.py for tasks to queue
[2024-11-04T04:17:57.741+0000] {logging_mixin.py:190} INFO - [2024-11-04T04:17:57.741+0000] {dagbag.py:588} INFO - Filling up the DagBag from /home/airflow/.local/lib/python3.12/site-packages/airflow/example_dags/example_setup_teardown.py
[2024-11-04T04:17:57.747+0000] {processor.py:925} INFO - DAG(s) 'example_setup_teardown' retrieved from /home/airflow/.local/lib/python3.12/site-packages/airflow/example_dags/example_setup_teardown.py
[2024-11-04T04:17:57.760+0000] {logging_mixin.py:190} INFO - [2024-11-04T04:17:57.760+0000] {dag.py:3239} INFO - Sync 1 DAGs
[2024-11-04T04:17:57.768+0000] {logging_mixin.py:190} INFO - [2024-11-04T04:17:57.768+0000] {dag.py:4180} INFO - Setting next_dagrun for example_setup_teardown to None, run_after=None
[2024-11-04T04:17:57.782+0000] {processor.py:208} INFO - Processing /home/airflow/.local/lib/python3.12/site-packages/airflow/example_dags/example_setup_teardown.py took 0.046 seconds
[2024-11-04T04:18:28.251+0000] {processor.py:186} INFO - Started process (PID=305) to work on /home/airflow/.local/lib/python3.12/site-packages/airflow/example_dags/example_setup_teardown.py
[2024-11-04T04:18:28.252+0000] {processor.py:914} INFO - Processing file /home/airflow/.local/lib/python3.12/site-packages/airflow/example_dags/example_setup_teardown.py for tasks to queue
[2024-11-04T04:18:28.254+0000] {logging_mixin.py:190} INFO - [2024-11-04T04:18:28.253+0000] {dagbag.py:588} INFO - Filling up the DagBag from /home/airflow/.local/lib/python3.12/site-packages/airflow/example_dags/example_setup_teardown.py
[2024-11-04T04:18:28.262+0000] {processor.py:925} INFO - DAG(s) 'example_setup_teardown' retrieved from /home/airflow/.local/lib/python3.12/site-packages/airflow/example_dags/example_setup_teardown.py
[2024-11-04T04:18:28.282+0000] {logging_mixin.py:190} INFO - [2024-11-04T04:18:28.282+0000] {dag.py:3239} INFO - Sync 1 DAGs
[2024-11-04T04:18:28.291+0000] {logging_mixin.py:190} INFO - [2024-11-04T04:18:28.291+0000] {dag.py:4180} INFO - Setting next_dagrun for example_setup_teardown to None, run_after=None
[2024-11-04T04:18:28.307+0000] {processor.py:208} INFO - Processing /home/airflow/.local/lib/python3.12/site-packages/airflow/example_dags/example_setup_teardown.py took 0.060 seconds
[2024-11-04T04:18:58.892+0000] {processor.py:186} INFO - Started process (PID=367) to work on /home/airflow/.local/lib/python3.12/site-packages/airflow/example_dags/example_setup_teardown.py
[2024-11-04T04:18:58.893+0000] {processor.py:914} INFO - Processing file /home/airflow/.local/lib/python3.12/site-packages/airflow/example_dags/example_setup_teardown.py for tasks to queue
[2024-11-04T04:18:58.894+0000] {logging_mixin.py:190} INFO - [2024-11-04T04:18:58.894+0000] {dagbag.py:588} INFO - Filling up the DagBag from /home/airflow/.local/lib/python3.12/site-packages/airflow/example_dags/example_setup_teardown.py
[2024-11-04T04:18:58.899+0000] {processor.py:925} INFO - DAG(s) 'example_setup_teardown' retrieved from /home/airflow/.local/lib/python3.12/site-packages/airflow/example_dags/example_setup_teardown.py
[2024-11-04T04:18:58.910+0000] {logging_mixin.py:190} INFO - [2024-11-04T04:18:58.910+0000] {dag.py:3239} INFO - Sync 1 DAGs
[2024-11-04T04:18:58.920+0000] {logging_mixin.py:190} INFO - [2024-11-04T04:18:58.920+0000] {dag.py:4180} INFO - Setting next_dagrun for example_setup_teardown to None, run_after=None
[2024-11-04T04:18:58.933+0000] {processor.py:208} INFO - Processing /home/airflow/.local/lib/python3.12/site-packages/airflow/example_dags/example_setup_teardown.py took 0.045 seconds
[2024-11-04T04:19:29.424+0000] {processor.py:186} INFO - Started process (PID=429) to work on /home/airflow/.local/lib/python3.12/site-packages/airflow/example_dags/example_setup_teardown.py
[2024-11-04T04:19:29.425+0000] {processor.py:914} INFO - Processing file /home/airflow/.local/lib/python3.12/site-packages/airflow/example_dags/example_setup_teardown.py for tasks to queue
[2024-11-04T04:19:29.426+0000] {logging_mixin.py:190} INFO - [2024-11-04T04:19:29.426+0000] {dagbag.py:588} INFO - Filling up the DagBag from /home/airflow/.local/lib/python3.12/site-packages/airflow/example_dags/example_setup_teardown.py
[2024-11-04T04:19:29.432+0000] {processor.py:925} INFO - DAG(s) 'example_setup_teardown' retrieved from /home/airflow/.local/lib/python3.12/site-packages/airflow/example_dags/example_setup_teardown.py
[2024-11-04T04:19:29.446+0000] {logging_mixin.py:190} INFO - [2024-11-04T04:19:29.446+0000] {dag.py:3239} INFO - Sync 1 DAGs
[2024-11-04T04:19:29.455+0000] {logging_mixin.py:190} INFO - [2024-11-04T04:19:29.455+0000] {dag.py:4180} INFO - Setting next_dagrun for example_setup_teardown to None, run_after=None
[2024-11-04T04:19:29.469+0000] {processor.py:208} INFO - Processing /home/airflow/.local/lib/python3.12/site-packages/airflow/example_dags/example_setup_teardown.py took 0.048 seconds
[2024-11-04T04:19:59.856+0000] {processor.py:186} INFO - Started process (PID=491) to work on /home/airflow/.local/lib/python3.12/site-packages/airflow/example_dags/example_setup_teardown.py
[2024-11-04T04:19:59.857+0000] {processor.py:914} INFO - Processing file /home/airflow/.local/lib/python3.12/site-packages/airflow/example_dags/example_setup_teardown.py for tasks to queue
[2024-11-04T04:19:59.859+0000] {logging_mixin.py:190} INFO - [2024-11-04T04:19:59.859+0000] {dagbag.py:588} INFO - Filling up the DagBag from /home/airflow/.local/lib/python3.12/site-packages/airflow/example_dags/example_setup_teardown.py
[2024-11-04T04:19:59.864+0000] {processor.py:925} INFO - DAG(s) 'example_setup_teardown' retrieved from /home/airflow/.local/lib/python3.12/site-packages/airflow/example_dags/example_setup_teardown.py
[2024-11-04T04:19:59.876+0000] {logging_mixin.py:190} INFO - [2024-11-04T04:19:59.876+0000] {dag.py:3239} INFO - Sync 1 DAGs
[2024-11-04T04:19:59.883+0000] {logging_mixin.py:190} INFO - [2024-11-04T04:19:59.883+0000] {dag.py:4180} INFO - Setting next_dagrun for example_setup_teardown to None, run_after=None
[2024-11-04T04:19:59.894+0000] {processor.py:208} INFO - Processing /home/airflow/.local/lib/python3.12/site-packages/airflow/example_dags/example_setup_teardown.py took 0.041 seconds
[2024-11-04T04:20:30.311+0000] {processor.py:186} INFO - Started process (PID=553) to work on /home/airflow/.local/lib/python3.12/site-packages/airflow/example_dags/example_setup_teardown.py
[2024-11-04T04:20:30.311+0000] {processor.py:914} INFO - Processing file /home/airflow/.local/lib/python3.12/site-packages/airflow/example_dags/example_setup_teardown.py for tasks to queue
[2024-11-04T04:20:30.313+0000] {logging_mixin.py:190} INFO - [2024-11-04T04:20:30.313+0000] {dagbag.py:588} INFO - Filling up the DagBag from /home/airflow/.local/lib/python3.12/site-packages/airflow/example_dags/example_setup_teardown.py
[2024-11-04T04:20:30.318+0000] {processor.py:925} INFO - DAG(s) 'example_setup_teardown' retrieved from /home/airflow/.local/lib/python3.12/site-packages/airflow/example_dags/example_setup_teardown.py
[2024-11-04T04:20:30.329+0000] {logging_mixin.py:190} INFO - [2024-11-04T04:20:30.328+0000] {dag.py:3239} INFO - Sync 1 DAGs
[2024-11-04T04:20:30.335+0000] {logging_mixin.py:190} INFO - [2024-11-04T04:20:30.335+0000] {dag.py:4180} INFO - Setting next_dagrun for example_setup_teardown to None, run_after=None
[2024-11-04T04:20:30.347+0000] {processor.py:208} INFO - Processing /home/airflow/.local/lib/python3.12/site-packages/airflow/example_dags/example_setup_teardown.py took 0.040 seconds
[2024-11-04T04:21:00.725+0000] {processor.py:186} INFO - Started process (PID=615) to work on /home/airflow/.local/lib/python3.12/site-packages/airflow/example_dags/example_setup_teardown.py
[2024-11-04T04:21:00.725+0000] {processor.py:914} INFO - Processing file /home/airflow/.local/lib/python3.12/site-packages/airflow/example_dags/example_setup_teardown.py for tasks to queue
[2024-11-04T04:21:00.727+0000] {logging_mixin.py:190} INFO - [2024-11-04T04:21:00.726+0000] {dagbag.py:588} INFO - Filling up the DagBag from /home/airflow/.local/lib/python3.12/site-packages/airflow/example_dags/example_setup_teardown.py
[2024-11-04T04:21:00.731+0000] {processor.py:925} INFO - DAG(s) 'example_setup_teardown' retrieved from /home/airflow/.local/lib/python3.12/site-packages/airflow/example_dags/example_setup_teardown.py
[2024-11-04T04:21:00.743+0000] {logging_mixin.py:190} INFO - [2024-11-04T04:21:00.742+0000] {dag.py:3239} INFO - Sync 1 DAGs
[2024-11-04T04:21:00.750+0000] {logging_mixin.py:190} INFO - [2024-11-04T04:21:00.750+0000] {dag.py:4180} INFO - Setting next_dagrun for example_setup_teardown to None, run_after=None
[2024-11-04T04:21:00.759+0000] {processor.py:208} INFO - Processing /home/airflow/.local/lib/python3.12/site-packages/airflow/example_dags/example_setup_teardown.py took 0.038 seconds
[2024-11-04T04:21:31.228+0000] {processor.py:186} INFO - Started process (PID=677) to work on /home/airflow/.local/lib/python3.12/site-packages/airflow/example_dags/example_setup_teardown.py
[2024-11-04T04:21:31.229+0000] {processor.py:914} INFO - Processing file /home/airflow/.local/lib/python3.12/site-packages/airflow/example_dags/example_setup_teardown.py for tasks to queue
[2024-11-04T04:21:31.231+0000] {logging_mixin.py:190} INFO - [2024-11-04T04:21:31.231+0000] {dagbag.py:588} INFO - Filling up the DagBag from /home/airflow/.local/lib/python3.12/site-packages/airflow/example_dags/example_setup_teardown.py
[2024-11-04T04:21:31.236+0000] {processor.py:925} INFO - DAG(s) 'example_setup_teardown' retrieved from /home/airflow/.local/lib/python3.12/site-packages/airflow/example_dags/example_setup_teardown.py
[2024-11-04T04:21:31.251+0000] {logging_mixin.py:190} INFO - [2024-11-04T04:21:31.251+0000] {dag.py:3239} INFO - Sync 1 DAGs
[2024-11-04T04:21:31.258+0000] {logging_mixin.py:190} INFO - [2024-11-04T04:21:31.258+0000] {dag.py:4180} INFO - Setting next_dagrun for example_setup_teardown to None, run_after=None
[2024-11-04T04:21:31.266+0000] {processor.py:208} INFO - Processing /home/airflow/.local/lib/python3.12/site-packages/airflow/example_dags/example_setup_teardown.py took 0.041 seconds
[2024-11-04T04:22:01.645+0000] {processor.py:186} INFO - Started process (PID=739) to work on /home/airflow/.local/lib/python3.12/site-packages/airflow/example_dags/example_setup_teardown.py
[2024-11-04T04:22:01.646+0000] {processor.py:914} INFO - Processing file /home/airflow/.local/lib/python3.12/site-packages/airflow/example_dags/example_setup_teardown.py for tasks to queue
[2024-11-04T04:22:01.648+0000] {logging_mixin.py:190} INFO - [2024-11-04T04:22:01.648+0000] {dagbag.py:588} INFO - Filling up the DagBag from /home/airflow/.local/lib/python3.12/site-packages/airflow/example_dags/example_setup_teardown.py
[2024-11-04T04:22:01.654+0000] {processor.py:925} INFO - DAG(s) 'example_setup_teardown' retrieved from /home/airflow/.local/lib/python3.12/site-packages/airflow/example_dags/example_setup_teardown.py
[2024-11-04T04:22:01.670+0000] {logging_mixin.py:190} INFO - [2024-11-04T04:22:01.670+0000] {dag.py:3239} INFO - Sync 1 DAGs
[2024-11-04T04:22:01.679+0000] {logging_mixin.py:190} INFO - [2024-11-04T04:22:01.679+0000] {dag.py:4180} INFO - Setting next_dagrun for example_setup_teardown to None, run_after=None
[2024-11-04T04:22:01.691+0000] {processor.py:208} INFO - Processing /home/airflow/.local/lib/python3.12/site-packages/airflow/example_dags/example_setup_teardown.py took 0.049 seconds
