[2024-11-04T04:16:25.140+0000] {processor.py:186} INFO - Started process (PID=44) to work on /home/airflow/.local/lib/python3.12/site-packages/airflow/example_dags/example_bash_decorator.py
[2024-11-04T04:16:25.144+0000] {processor.py:914} INFO - Processing file /home/airflow/.local/lib/python3.12/site-packages/airflow/example_dags/example_bash_decorator.py for tasks to queue
[2024-11-04T04:16:25.149+0000] {logging_mixin.py:190} INFO - [2024-11-04T04:16:25.149+0000] {dagbag.py:588} INFO - Filling up the DagBag from /home/airflow/.local/lib/python3.12/site-packages/airflow/example_dags/example_bash_decorator.py
[2024-11-04T04:16:25.172+0000] {processor.py:925} INFO - DAG(s) 'example_bash_decorator' retrieved from /home/airflow/.local/lib/python3.12/site-packages/airflow/example_dags/example_bash_decorator.py
[2024-11-04T04:16:25.322+0000] {logging_mixin.py:190} INFO - [2024-11-04T04:16:25.321+0000] {override.py:1900} INFO - Created Permission View: can read on DAG:example_bash_decorator
[2024-11-04T04:16:25.326+0000] {logging_mixin.py:190} INFO - [2024-11-04T04:16:25.326+0000] {override.py:1900} INFO - Created Permission View: can delete on DAG:example_bash_decorator
[2024-11-04T04:16:25.329+0000] {logging_mixin.py:190} INFO - [2024-11-04T04:16:25.329+0000] {override.py:1900} INFO - Created Permission View: can edit on DAG:example_bash_decorator
[2024-11-04T04:16:25.332+0000] {logging_mixin.py:190} INFO - [2024-11-04T04:16:25.332+0000] {override.py:1900} INFO - Created Permission View: menu access on DAG Run:example_bash_decorator
[2024-11-04T04:16:25.335+0000] {logging_mixin.py:190} INFO - [2024-11-04T04:16:25.335+0000] {override.py:1900} INFO - Created Permission View: can read on DAG Run:example_bash_decorator
[2024-11-04T04:16:25.338+0000] {logging_mixin.py:190} INFO - [2024-11-04T04:16:25.337+0000] {override.py:1900} INFO - Created Permission View: can create on DAG Run:example_bash_decorator
[2024-11-04T04:16:25.340+0000] {logging_mixin.py:190} INFO - [2024-11-04T04:16:25.340+0000] {override.py:1900} INFO - Created Permission View: can delete on DAG Run:example_bash_decorator
[2024-11-04T04:16:25.340+0000] {logging_mixin.py:190} INFO - [2024-11-04T04:16:25.340+0000] {dag.py:3239} INFO - Sync 1 DAGs
[2024-11-04T04:16:25.346+0000] {logging_mixin.py:190} INFO - [2024-11-04T04:16:25.346+0000] {dag.py:3262} INFO - Creating ORM DAG for example_bash_decorator
[2024-11-04T04:16:25.347+0000] {logging_mixin.py:190} INFO - [2024-11-04T04:16:25.347+0000] {dag.py:4180} INFO - Setting next_dagrun for example_bash_decorator to None, run_after=None
[2024-11-04T04:16:25.355+0000] {processor.py:208} INFO - Processing /home/airflow/.local/lib/python3.12/site-packages/airflow/example_dags/example_bash_decorator.py took 0.219 seconds
[2024-11-04T04:16:56.102+0000] {processor.py:186} INFO - Started process (PID=106) to work on /home/airflow/.local/lib/python3.12/site-packages/airflow/example_dags/example_bash_decorator.py
[2024-11-04T04:16:56.102+0000] {processor.py:914} INFO - Processing file /home/airflow/.local/lib/python3.12/site-packages/airflow/example_dags/example_bash_decorator.py for tasks to queue
[2024-11-04T04:16:56.104+0000] {logging_mixin.py:190} INFO - [2024-11-04T04:16:56.104+0000] {dagbag.py:588} INFO - Filling up the DagBag from /home/airflow/.local/lib/python3.12/site-packages/airflow/example_dags/example_bash_decorator.py
[2024-11-04T04:16:56.117+0000] {processor.py:925} INFO - DAG(s) 'example_bash_decorator' retrieved from /home/airflow/.local/lib/python3.12/site-packages/airflow/example_dags/example_bash_decorator.py
[2024-11-04T04:16:56.136+0000] {logging_mixin.py:190} INFO - [2024-11-04T04:16:56.135+0000] {dag.py:3239} INFO - Sync 1 DAGs
[2024-11-04T04:16:56.144+0000] {logging_mixin.py:190} INFO - [2024-11-04T04:16:56.144+0000] {dag.py:4180} INFO - Setting next_dagrun for example_bash_decorator to None, run_after=None
[2024-11-04T04:16:56.155+0000] {processor.py:208} INFO - Processing /home/airflow/.local/lib/python3.12/site-packages/airflow/example_dags/example_bash_decorator.py took 0.057 seconds
[2024-11-04T04:17:26.644+0000] {processor.py:186} INFO - Started process (PID=168) to work on /home/airflow/.local/lib/python3.12/site-packages/airflow/example_dags/example_bash_decorator.py
[2024-11-04T04:17:26.646+0000] {processor.py:914} INFO - Processing file /home/airflow/.local/lib/python3.12/site-packages/airflow/example_dags/example_bash_decorator.py for tasks to queue
[2024-11-04T04:17:26.650+0000] {logging_mixin.py:190} INFO - [2024-11-04T04:17:26.649+0000] {dagbag.py:588} INFO - Filling up the DagBag from /home/airflow/.local/lib/python3.12/site-packages/airflow/example_dags/example_bash_decorator.py
[2024-11-04T04:17:26.674+0000] {processor.py:925} INFO - DAG(s) 'example_bash_decorator' retrieved from /home/airflow/.local/lib/python3.12/site-packages/airflow/example_dags/example_bash_decorator.py
[2024-11-04T04:17:26.703+0000] {logging_mixin.py:190} INFO - [2024-11-04T04:17:26.702+0000] {dag.py:3239} INFO - Sync 1 DAGs
[2024-11-04T04:17:26.716+0000] {logging_mixin.py:190} INFO - [2024-11-04T04:17:26.715+0000] {dag.py:4180} INFO - Setting next_dagrun for example_bash_decorator to None, run_after=None
[2024-11-04T04:17:26.732+0000] {processor.py:208} INFO - Processing /home/airflow/.local/lib/python3.12/site-packages/airflow/example_dags/example_bash_decorator.py took 0.101 seconds
[2024-11-04T04:17:57.436+0000] {processor.py:186} INFO - Started process (PID=236) to work on /home/airflow/.local/lib/python3.12/site-packages/airflow/example_dags/example_bash_decorator.py
[2024-11-04T04:17:57.438+0000] {processor.py:914} INFO - Processing file /home/airflow/.local/lib/python3.12/site-packages/airflow/example_dags/example_bash_decorator.py for tasks to queue
[2024-11-04T04:17:57.441+0000] {logging_mixin.py:190} INFO - [2024-11-04T04:17:57.441+0000] {dagbag.py:588} INFO - Filling up the DagBag from /home/airflow/.local/lib/python3.12/site-packages/airflow/example_dags/example_bash_decorator.py
[2024-11-04T04:17:57.454+0000] {processor.py:925} INFO - DAG(s) 'example_bash_decorator' retrieved from /home/airflow/.local/lib/python3.12/site-packages/airflow/example_dags/example_bash_decorator.py
[2024-11-04T04:17:57.472+0000] {logging_mixin.py:190} INFO - [2024-11-04T04:17:57.471+0000] {dag.py:3239} INFO - Sync 1 DAGs
[2024-11-04T04:17:57.481+0000] {logging_mixin.py:190} INFO - [2024-11-04T04:17:57.481+0000] {dag.py:4180} INFO - Setting next_dagrun for example_bash_decorator to None, run_after=None
[2024-11-04T04:17:57.490+0000] {processor.py:208} INFO - Processing /home/airflow/.local/lib/python3.12/site-packages/airflow/example_dags/example_bash_decorator.py took 0.057 seconds
[2024-11-04T04:18:27.859+0000] {processor.py:186} INFO - Started process (PID=298) to work on /home/airflow/.local/lib/python3.12/site-packages/airflow/example_dags/example_bash_decorator.py
[2024-11-04T04:18:27.862+0000] {processor.py:914} INFO - Processing file /home/airflow/.local/lib/python3.12/site-packages/airflow/example_dags/example_bash_decorator.py for tasks to queue
[2024-11-04T04:18:27.865+0000] {logging_mixin.py:190} INFO - [2024-11-04T04:18:27.865+0000] {dagbag.py:588} INFO - Filling up the DagBag from /home/airflow/.local/lib/python3.12/site-packages/airflow/example_dags/example_bash_decorator.py
[2024-11-04T04:18:27.879+0000] {processor.py:925} INFO - DAG(s) 'example_bash_decorator' retrieved from /home/airflow/.local/lib/python3.12/site-packages/airflow/example_dags/example_bash_decorator.py
[2024-11-04T04:18:27.900+0000] {logging_mixin.py:190} INFO - [2024-11-04T04:18:27.900+0000] {dag.py:3239} INFO - Sync 1 DAGs
[2024-11-04T04:18:27.911+0000] {logging_mixin.py:190} INFO - [2024-11-04T04:18:27.910+0000] {dag.py:4180} INFO - Setting next_dagrun for example_bash_decorator to None, run_after=None
[2024-11-04T04:18:27.922+0000] {processor.py:208} INFO - Processing /home/airflow/.local/lib/python3.12/site-packages/airflow/example_dags/example_bash_decorator.py took 0.072 seconds
[2024-11-04T04:18:58.601+0000] {processor.py:186} INFO - Started process (PID=360) to work on /home/airflow/.local/lib/python3.12/site-packages/airflow/example_dags/example_bash_decorator.py
[2024-11-04T04:18:58.602+0000] {processor.py:914} INFO - Processing file /home/airflow/.local/lib/python3.12/site-packages/airflow/example_dags/example_bash_decorator.py for tasks to queue
[2024-11-04T04:18:58.603+0000] {logging_mixin.py:190} INFO - [2024-11-04T04:18:58.603+0000] {dagbag.py:588} INFO - Filling up the DagBag from /home/airflow/.local/lib/python3.12/site-packages/airflow/example_dags/example_bash_decorator.py
[2024-11-04T04:18:58.615+0000] {processor.py:925} INFO - DAG(s) 'example_bash_decorator' retrieved from /home/airflow/.local/lib/python3.12/site-packages/airflow/example_dags/example_bash_decorator.py
[2024-11-04T04:18:58.631+0000] {logging_mixin.py:190} INFO - [2024-11-04T04:18:58.631+0000] {dag.py:3239} INFO - Sync 1 DAGs
[2024-11-04T04:18:58.639+0000] {logging_mixin.py:190} INFO - [2024-11-04T04:18:58.639+0000] {dag.py:4180} INFO - Setting next_dagrun for example_bash_decorator to None, run_after=None
[2024-11-04T04:18:58.648+0000] {processor.py:208} INFO - Processing /home/airflow/.local/lib/python3.12/site-packages/airflow/example_dags/example_bash_decorator.py took 0.053 seconds
[2024-11-04T04:19:29.110+0000] {processor.py:186} INFO - Started process (PID=422) to work on /home/airflow/.local/lib/python3.12/site-packages/airflow/example_dags/example_bash_decorator.py
[2024-11-04T04:19:29.110+0000] {processor.py:914} INFO - Processing file /home/airflow/.local/lib/python3.12/site-packages/airflow/example_dags/example_bash_decorator.py for tasks to queue
[2024-11-04T04:19:29.112+0000] {logging_mixin.py:190} INFO - [2024-11-04T04:19:29.112+0000] {dagbag.py:588} INFO - Filling up the DagBag from /home/airflow/.local/lib/python3.12/site-packages/airflow/example_dags/example_bash_decorator.py
[2024-11-04T04:19:29.124+0000] {processor.py:925} INFO - DAG(s) 'example_bash_decorator' retrieved from /home/airflow/.local/lib/python3.12/site-packages/airflow/example_dags/example_bash_decorator.py
[2024-11-04T04:19:29.138+0000] {logging_mixin.py:190} INFO - [2024-11-04T04:19:29.138+0000] {dag.py:3239} INFO - Sync 1 DAGs
[2024-11-04T04:19:29.147+0000] {logging_mixin.py:190} INFO - [2024-11-04T04:19:29.147+0000] {dag.py:4180} INFO - Setting next_dagrun for example_bash_decorator to None, run_after=None
[2024-11-04T04:19:29.156+0000] {processor.py:208} INFO - Processing /home/airflow/.local/lib/python3.12/site-packages/airflow/example_dags/example_bash_decorator.py took 0.053 seconds
[2024-11-04T04:19:59.540+0000] {processor.py:186} INFO - Started process (PID=484) to work on /home/airflow/.local/lib/python3.12/site-packages/airflow/example_dags/example_bash_decorator.py
[2024-11-04T04:19:59.541+0000] {processor.py:914} INFO - Processing file /home/airflow/.local/lib/python3.12/site-packages/airflow/example_dags/example_bash_decorator.py for tasks to queue
[2024-11-04T04:19:59.544+0000] {logging_mixin.py:190} INFO - [2024-11-04T04:19:59.544+0000] {dagbag.py:588} INFO - Filling up the DagBag from /home/airflow/.local/lib/python3.12/site-packages/airflow/example_dags/example_bash_decorator.py
[2024-11-04T04:19:59.557+0000] {processor.py:925} INFO - DAG(s) 'example_bash_decorator' retrieved from /home/airflow/.local/lib/python3.12/site-packages/airflow/example_dags/example_bash_decorator.py
[2024-11-04T04:19:59.577+0000] {logging_mixin.py:190} INFO - [2024-11-04T04:19:59.577+0000] {dag.py:3239} INFO - Sync 1 DAGs
[2024-11-04T04:19:59.588+0000] {logging_mixin.py:190} INFO - [2024-11-04T04:19:59.588+0000] {dag.py:4180} INFO - Setting next_dagrun for example_bash_decorator to None, run_after=None
[2024-11-04T04:19:59.608+0000] {processor.py:208} INFO - Processing /home/airflow/.local/lib/python3.12/site-packages/airflow/example_dags/example_bash_decorator.py took 0.076 seconds
[2024-11-04T04:20:30.057+0000] {processor.py:186} INFO - Started process (PID=546) to work on /home/airflow/.local/lib/python3.12/site-packages/airflow/example_dags/example_bash_decorator.py
[2024-11-04T04:20:30.058+0000] {processor.py:914} INFO - Processing file /home/airflow/.local/lib/python3.12/site-packages/airflow/example_dags/example_bash_decorator.py for tasks to queue
[2024-11-04T04:20:30.061+0000] {logging_mixin.py:190} INFO - [2024-11-04T04:20:30.060+0000] {dagbag.py:588} INFO - Filling up the DagBag from /home/airflow/.local/lib/python3.12/site-packages/airflow/example_dags/example_bash_decorator.py
[2024-11-04T04:20:30.076+0000] {processor.py:925} INFO - DAG(s) 'example_bash_decorator' retrieved from /home/airflow/.local/lib/python3.12/site-packages/airflow/example_dags/example_bash_decorator.py
[2024-11-04T04:20:30.094+0000] {logging_mixin.py:190} INFO - [2024-11-04T04:20:30.094+0000] {dag.py:3239} INFO - Sync 1 DAGs
[2024-11-04T04:20:30.104+0000] {logging_mixin.py:190} INFO - [2024-11-04T04:20:30.104+0000] {dag.py:4180} INFO - Setting next_dagrun for example_bash_decorator to None, run_after=None
[2024-11-04T04:20:30.114+0000] {processor.py:208} INFO - Processing /home/airflow/.local/lib/python3.12/site-packages/airflow/example_dags/example_bash_decorator.py took 0.062 seconds
[2024-11-04T04:21:00.423+0000] {processor.py:186} INFO - Started process (PID=608) to work on /home/airflow/.local/lib/python3.12/site-packages/airflow/example_dags/example_bash_decorator.py
[2024-11-04T04:21:00.424+0000] {processor.py:914} INFO - Processing file /home/airflow/.local/lib/python3.12/site-packages/airflow/example_dags/example_bash_decorator.py for tasks to queue
[2024-11-04T04:21:00.426+0000] {logging_mixin.py:190} INFO - [2024-11-04T04:21:00.426+0000] {dagbag.py:588} INFO - Filling up the DagBag from /home/airflow/.local/lib/python3.12/site-packages/airflow/example_dags/example_bash_decorator.py
[2024-11-04T04:21:00.440+0000] {processor.py:925} INFO - DAG(s) 'example_bash_decorator' retrieved from /home/airflow/.local/lib/python3.12/site-packages/airflow/example_dags/example_bash_decorator.py
[2024-11-04T04:21:00.464+0000] {logging_mixin.py:190} INFO - [2024-11-04T04:21:00.463+0000] {dag.py:3239} INFO - Sync 1 DAGs
[2024-11-04T04:21:00.472+0000] {logging_mixin.py:190} INFO - [2024-11-04T04:21:00.471+0000] {dag.py:4180} INFO - Setting next_dagrun for example_bash_decorator to None, run_after=None
[2024-11-04T04:21:00.480+0000] {processor.py:208} INFO - Processing /home/airflow/.local/lib/python3.12/site-packages/airflow/example_dags/example_bash_decorator.py took 0.066 seconds
[2024-11-04T04:21:30.927+0000] {processor.py:186} INFO - Started process (PID=670) to work on /home/airflow/.local/lib/python3.12/site-packages/airflow/example_dags/example_bash_decorator.py
[2024-11-04T04:21:30.930+0000] {processor.py:914} INFO - Processing file /home/airflow/.local/lib/python3.12/site-packages/airflow/example_dags/example_bash_decorator.py for tasks to queue
[2024-11-04T04:21:30.933+0000] {logging_mixin.py:190} INFO - [2024-11-04T04:21:30.932+0000] {dagbag.py:588} INFO - Filling up the DagBag from /home/airflow/.local/lib/python3.12/site-packages/airflow/example_dags/example_bash_decorator.py
[2024-11-04T04:21:30.945+0000] {processor.py:925} INFO - DAG(s) 'example_bash_decorator' retrieved from /home/airflow/.local/lib/python3.12/site-packages/airflow/example_dags/example_bash_decorator.py
[2024-11-04T04:21:30.962+0000] {logging_mixin.py:190} INFO - [2024-11-04T04:21:30.962+0000] {dag.py:3239} INFO - Sync 1 DAGs
[2024-11-04T04:21:30.971+0000] {logging_mixin.py:190} INFO - [2024-11-04T04:21:30.971+0000] {dag.py:4180} INFO - Setting next_dagrun for example_bash_decorator to None, run_after=None
[2024-11-04T04:21:30.980+0000] {processor.py:208} INFO - Processing /home/airflow/.local/lib/python3.12/site-packages/airflow/example_dags/example_bash_decorator.py took 0.059 seconds
[2024-11-04T04:22:01.205+0000] {processor.py:186} INFO - Started process (PID=732) to work on /home/airflow/.local/lib/python3.12/site-packages/airflow/example_dags/example_bash_decorator.py
[2024-11-04T04:22:01.206+0000] {processor.py:914} INFO - Processing file /home/airflow/.local/lib/python3.12/site-packages/airflow/example_dags/example_bash_decorator.py for tasks to queue
[2024-11-04T04:22:01.210+0000] {logging_mixin.py:190} INFO - [2024-11-04T04:22:01.209+0000] {dagbag.py:588} INFO - Filling up the DagBag from /home/airflow/.local/lib/python3.12/site-packages/airflow/example_dags/example_bash_decorator.py
[2024-11-04T04:22:01.230+0000] {processor.py:925} INFO - DAG(s) 'example_bash_decorator' retrieved from /home/airflow/.local/lib/python3.12/site-packages/airflow/example_dags/example_bash_decorator.py
[2024-11-04T04:22:01.263+0000] {logging_mixin.py:190} INFO - [2024-11-04T04:22:01.263+0000] {dag.py:3239} INFO - Sync 1 DAGs
[2024-11-04T04:22:01.278+0000] {logging_mixin.py:190} INFO - [2024-11-04T04:22:01.278+0000] {dag.py:4180} INFO - Setting next_dagrun for example_bash_decorator to None, run_after=None
[2024-11-04T04:22:01.296+0000] {processor.py:208} INFO - Processing /home/airflow/.local/lib/python3.12/site-packages/airflow/example_dags/example_bash_decorator.py took 0.099 seconds
