[2024-11-04T04:16:27.625+0000] {processor.py:186} INFO - Started process (PID=77) to work on /home/airflow/.local/lib/python3.12/site-packages/airflow/example_dags/example_dataset_alias_with_no_taskflow.py
[2024-11-04T04:16:27.627+0000] {processor.py:914} INFO - Processing file /home/airflow/.local/lib/python3.12/site-packages/airflow/example_dags/example_dataset_alias_with_no_taskflow.py for tasks to queue
[2024-11-04T04:16:27.629+0000] {logging_mixin.py:190} INFO - [2024-11-04T04:16:27.629+0000] {dagbag.py:588} INFO - Filling up the DagBag from /home/airflow/.local/lib/python3.12/site-packages/airflow/example_dags/example_dataset_alias_with_no_taskflow.py
[2024-11-04T04:16:27.712+0000] {processor.py:925} INFO - DAG(s) 'dataset_alias_example_alias_consumer_with_no_taskflow', 'dataset_s3_bucket_consumer_with_no_taskflow', 'dataset_s3_bucket_producer_with_no_taskflow', 'dataset_alias_example_alias_producer_with_no_taskflow' retrieved from /home/airflow/.local/lib/python3.12/site-packages/airflow/example_dags/example_dataset_alias_with_no_taskflow.py
[2024-11-04T04:16:27.760+0000] {logging_mixin.py:190} INFO - [2024-11-04T04:16:27.760+0000] {override.py:1900} INFO - Created Permission View: can read on DAG:dataset_alias_example_alias_consumer_with_no_taskflow
[2024-11-04T04:16:27.765+0000] {logging_mixin.py:190} INFO - [2024-11-04T04:16:27.765+0000] {override.py:1900} INFO - Created Permission View: can delete on DAG:dataset_alias_example_alias_consumer_with_no_taskflow
[2024-11-04T04:16:27.771+0000] {logging_mixin.py:190} INFO - [2024-11-04T04:16:27.771+0000] {override.py:1900} INFO - Created Permission View: can edit on DAG:dataset_alias_example_alias_consumer_with_no_taskflow
[2024-11-04T04:16:27.774+0000] {logging_mixin.py:190} INFO - [2024-11-04T04:16:27.773+0000] {override.py:1900} INFO - Created Permission View: menu access on DAG Run:dataset_alias_example_alias_consumer_with_no_taskflow
[2024-11-04T04:16:27.777+0000] {logging_mixin.py:190} INFO - [2024-11-04T04:16:27.777+0000] {override.py:1900} INFO - Created Permission View: can read on DAG Run:dataset_alias_example_alias_consumer_with_no_taskflow
[2024-11-04T04:16:27.785+0000] {logging_mixin.py:190} INFO - [2024-11-04T04:16:27.785+0000] {override.py:1900} INFO - Created Permission View: can create on DAG Run:dataset_alias_example_alias_consumer_with_no_taskflow
[2024-11-04T04:16:27.789+0000] {logging_mixin.py:190} INFO - [2024-11-04T04:16:27.789+0000] {override.py:1900} INFO - Created Permission View: can delete on DAG Run:dataset_alias_example_alias_consumer_with_no_taskflow
[2024-11-04T04:16:27.797+0000] {logging_mixin.py:190} INFO - [2024-11-04T04:16:27.797+0000] {override.py:1900} INFO - Created Permission View: can read on DAG:dataset_s3_bucket_consumer_with_no_taskflow
[2024-11-04T04:16:27.800+0000] {logging_mixin.py:190} INFO - [2024-11-04T04:16:27.800+0000] {override.py:1900} INFO - Created Permission View: can delete on DAG:dataset_s3_bucket_consumer_with_no_taskflow
[2024-11-04T04:16:27.812+0000] {logging_mixin.py:190} INFO - [2024-11-04T04:16:27.812+0000] {override.py:1900} INFO - Created Permission View: can edit on DAG:dataset_s3_bucket_consumer_with_no_taskflow
[2024-11-04T04:16:27.821+0000] {logging_mixin.py:190} INFO - [2024-11-04T04:16:27.821+0000] {override.py:1900} INFO - Created Permission View: menu access on DAG Run:dataset_s3_bucket_consumer_with_no_taskflow
[2024-11-04T04:16:27.828+0000] {logging_mixin.py:190} INFO - [2024-11-04T04:16:27.828+0000] {override.py:1900} INFO - Created Permission View: can read on DAG Run:dataset_s3_bucket_consumer_with_no_taskflow
[2024-11-04T04:16:27.832+0000] {logging_mixin.py:190} INFO - [2024-11-04T04:16:27.832+0000] {override.py:1900} INFO - Created Permission View: can create on DAG Run:dataset_s3_bucket_consumer_with_no_taskflow
[2024-11-04T04:16:27.839+0000] {logging_mixin.py:190} INFO - [2024-11-04T04:16:27.839+0000] {override.py:1900} INFO - Created Permission View: can delete on DAG Run:dataset_s3_bucket_consumer_with_no_taskflow
[2024-11-04T04:16:27.847+0000] {logging_mixin.py:190} INFO - [2024-11-04T04:16:27.847+0000] {override.py:1900} INFO - Created Permission View: can read on DAG:dataset_s3_bucket_producer_with_no_taskflow
[2024-11-04T04:16:27.851+0000] {logging_mixin.py:190} INFO - [2024-11-04T04:16:27.851+0000] {override.py:1900} INFO - Created Permission View: can delete on DAG:dataset_s3_bucket_producer_with_no_taskflow
[2024-11-04T04:16:27.855+0000] {logging_mixin.py:190} INFO - [2024-11-04T04:16:27.855+0000] {override.py:1900} INFO - Created Permission View: can edit on DAG:dataset_s3_bucket_producer_with_no_taskflow
[2024-11-04T04:16:27.859+0000] {logging_mixin.py:190} INFO - [2024-11-04T04:16:27.859+0000] {override.py:1900} INFO - Created Permission View: menu access on DAG Run:dataset_s3_bucket_producer_with_no_taskflow
[2024-11-04T04:16:27.862+0000] {logging_mixin.py:190} INFO - [2024-11-04T04:16:27.862+0000] {override.py:1900} INFO - Created Permission View: can read on DAG Run:dataset_s3_bucket_producer_with_no_taskflow
[2024-11-04T04:16:27.866+0000] {logging_mixin.py:190} INFO - [2024-11-04T04:16:27.866+0000] {override.py:1900} INFO - Created Permission View: can create on DAG Run:dataset_s3_bucket_producer_with_no_taskflow
[2024-11-04T04:16:27.869+0000] {logging_mixin.py:190} INFO - [2024-11-04T04:16:27.869+0000] {override.py:1900} INFO - Created Permission View: can delete on DAG Run:dataset_s3_bucket_producer_with_no_taskflow
[2024-11-04T04:16:27.879+0000] {logging_mixin.py:190} INFO - [2024-11-04T04:16:27.878+0000] {override.py:1900} INFO - Created Permission View: can read on DAG:dataset_alias_example_alias_producer_with_no_taskflow
[2024-11-04T04:16:27.883+0000] {logging_mixin.py:190} INFO - [2024-11-04T04:16:27.883+0000] {override.py:1900} INFO - Created Permission View: can delete on DAG:dataset_alias_example_alias_producer_with_no_taskflow
[2024-11-04T04:16:27.886+0000] {logging_mixin.py:190} INFO - [2024-11-04T04:16:27.886+0000] {override.py:1900} INFO - Created Permission View: can edit on DAG:dataset_alias_example_alias_producer_with_no_taskflow
[2024-11-04T04:16:27.890+0000] {logging_mixin.py:190} INFO - [2024-11-04T04:16:27.890+0000] {override.py:1900} INFO - Created Permission View: menu access on DAG Run:dataset_alias_example_alias_producer_with_no_taskflow
[2024-11-04T04:16:27.897+0000] {logging_mixin.py:190} INFO - [2024-11-04T04:16:27.896+0000] {override.py:1900} INFO - Created Permission View: can read on DAG Run:dataset_alias_example_alias_producer_with_no_taskflow
[2024-11-04T04:16:27.899+0000] {logging_mixin.py:190} INFO - [2024-11-04T04:16:27.899+0000] {override.py:1900} INFO - Created Permission View: can create on DAG Run:dataset_alias_example_alias_producer_with_no_taskflow
[2024-11-04T04:16:27.901+0000] {logging_mixin.py:190} INFO - [2024-11-04T04:16:27.901+0000] {override.py:1900} INFO - Created Permission View: can delete on DAG Run:dataset_alias_example_alias_producer_with_no_taskflow
[2024-11-04T04:16:27.902+0000] {logging_mixin.py:190} INFO - [2024-11-04T04:16:27.902+0000] {dag.py:3239} INFO - Sync 4 DAGs
[2024-11-04T04:16:27.908+0000] {logging_mixin.py:190} INFO - [2024-11-04T04:16:27.908+0000] {dag.py:3262} INFO - Creating ORM DAG for dataset_s3_bucket_consumer_with_no_taskflow
[2024-11-04T04:16:27.908+0000] {logging_mixin.py:190} INFO - [2024-11-04T04:16:27.908+0000] {dag.py:3262} INFO - Creating ORM DAG for dataset_alias_example_alias_producer_with_no_taskflow
[2024-11-04T04:16:27.908+0000] {logging_mixin.py:190} INFO - [2024-11-04T04:16:27.908+0000] {dag.py:3262} INFO - Creating ORM DAG for dataset_s3_bucket_producer_with_no_taskflow
[2024-11-04T04:16:27.909+0000] {logging_mixin.py:190} INFO - [2024-11-04T04:16:27.909+0000] {dag.py:3262} INFO - Creating ORM DAG for dataset_alias_example_alias_consumer_with_no_taskflow
[2024-11-04T04:16:27.913+0000] {logging_mixin.py:190} INFO - [2024-11-04T04:16:27.913+0000] {dag.py:4180} INFO - Setting next_dagrun for dataset_alias_example_alias_consumer_with_no_taskflow to None, run_after=None
[2024-11-04T04:16:27.918+0000] {logging_mixin.py:190} INFO - [2024-11-04T04:16:27.918+0000] {dag.py:4180} INFO - Setting next_dagrun for dataset_alias_example_alias_producer_with_no_taskflow to None, run_after=None
[2024-11-04T04:16:27.920+0000] {logging_mixin.py:190} INFO - [2024-11-04T04:16:27.920+0000] {dag.py:4180} INFO - Setting next_dagrun for dataset_s3_bucket_consumer_with_no_taskflow to None, run_after=None
[2024-11-04T04:16:27.923+0000] {logging_mixin.py:190} INFO - [2024-11-04T04:16:27.923+0000] {dag.py:4180} INFO - Setting next_dagrun for dataset_s3_bucket_producer_with_no_taskflow to None, run_after=None
[2024-11-04T04:16:27.951+0000] {processor.py:208} INFO - Processing /home/airflow/.local/lib/python3.12/site-packages/airflow/example_dags/example_dataset_alias_with_no_taskflow.py took 0.329 seconds
[2024-11-04T04:16:58.291+0000] {processor.py:186} INFO - Started process (PID=139) to work on /home/airflow/.local/lib/python3.12/site-packages/airflow/example_dags/example_dataset_alias_with_no_taskflow.py
[2024-11-04T04:16:58.292+0000] {processor.py:914} INFO - Processing file /home/airflow/.local/lib/python3.12/site-packages/airflow/example_dags/example_dataset_alias_with_no_taskflow.py for tasks to queue
[2024-11-04T04:16:58.293+0000] {logging_mixin.py:190} INFO - [2024-11-04T04:16:58.293+0000] {dagbag.py:588} INFO - Filling up the DagBag from /home/airflow/.local/lib/python3.12/site-packages/airflow/example_dags/example_dataset_alias_with_no_taskflow.py
[2024-11-04T04:16:58.375+0000] {processor.py:925} INFO - DAG(s) 'dataset_alias_example_alias_producer_with_no_taskflow', 'dataset_s3_bucket_producer_with_no_taskflow', 'dataset_alias_example_alias_consumer_with_no_taskflow', 'dataset_s3_bucket_consumer_with_no_taskflow' retrieved from /home/airflow/.local/lib/python3.12/site-packages/airflow/example_dags/example_dataset_alias_with_no_taskflow.py
[2024-11-04T04:16:58.386+0000] {logging_mixin.py:190} INFO - [2024-11-04T04:16:58.386+0000] {dag.py:3239} INFO - Sync 4 DAGs
[2024-11-04T04:16:58.396+0000] {logging_mixin.py:190} INFO - [2024-11-04T04:16:58.396+0000] {dag.py:4180} INFO - Setting next_dagrun for dataset_alias_example_alias_consumer_with_no_taskflow to None, run_after=None
[2024-11-04T04:16:58.398+0000] {logging_mixin.py:190} INFO - [2024-11-04T04:16:58.398+0000] {dag.py:4180} INFO - Setting next_dagrun for dataset_alias_example_alias_producer_with_no_taskflow to None, run_after=None
[2024-11-04T04:16:58.399+0000] {logging_mixin.py:190} INFO - [2024-11-04T04:16:58.398+0000] {dag.py:4180} INFO - Setting next_dagrun for dataset_s3_bucket_consumer_with_no_taskflow to None, run_after=None
[2024-11-04T04:16:58.399+0000] {logging_mixin.py:190} INFO - [2024-11-04T04:16:58.399+0000] {dag.py:4180} INFO - Setting next_dagrun for dataset_s3_bucket_producer_with_no_taskflow to None, run_after=None
[2024-11-04T04:16:58.408+0000] {processor.py:208} INFO - Processing /home/airflow/.local/lib/python3.12/site-packages/airflow/example_dags/example_dataset_alias_with_no_taskflow.py took 0.121 seconds
[2024-11-04T04:17:29.001+0000] {processor.py:186} INFO - Started process (PID=201) to work on /home/airflow/.local/lib/python3.12/site-packages/airflow/example_dags/example_dataset_alias_with_no_taskflow.py
[2024-11-04T04:17:29.003+0000] {processor.py:914} INFO - Processing file /home/airflow/.local/lib/python3.12/site-packages/airflow/example_dags/example_dataset_alias_with_no_taskflow.py for tasks to queue
[2024-11-04T04:17:29.005+0000] {logging_mixin.py:190} INFO - [2024-11-04T04:17:29.005+0000] {dagbag.py:588} INFO - Filling up the DagBag from /home/airflow/.local/lib/python3.12/site-packages/airflow/example_dags/example_dataset_alias_with_no_taskflow.py
[2024-11-04T04:17:29.124+0000] {processor.py:925} INFO - DAG(s) 'dataset_s3_bucket_producer_with_no_taskflow', 'dataset_s3_bucket_consumer_with_no_taskflow', 'dataset_alias_example_alias_producer_with_no_taskflow', 'dataset_alias_example_alias_consumer_with_no_taskflow' retrieved from /home/airflow/.local/lib/python3.12/site-packages/airflow/example_dags/example_dataset_alias_with_no_taskflow.py
[2024-11-04T04:17:29.142+0000] {logging_mixin.py:190} INFO - [2024-11-04T04:17:29.142+0000] {dag.py:3239} INFO - Sync 4 DAGs
[2024-11-04T04:17:29.157+0000] {logging_mixin.py:190} INFO - [2024-11-04T04:17:29.157+0000] {dag.py:4180} INFO - Setting next_dagrun for dataset_alias_example_alias_consumer_with_no_taskflow to None, run_after=None
[2024-11-04T04:17:29.160+0000] {logging_mixin.py:190} INFO - [2024-11-04T04:17:29.160+0000] {dag.py:4180} INFO - Setting next_dagrun for dataset_alias_example_alias_producer_with_no_taskflow to None, run_after=None
[2024-11-04T04:17:29.162+0000] {logging_mixin.py:190} INFO - [2024-11-04T04:17:29.162+0000] {dag.py:4180} INFO - Setting next_dagrun for dataset_s3_bucket_consumer_with_no_taskflow to None, run_after=None
[2024-11-04T04:17:29.164+0000] {logging_mixin.py:190} INFO - [2024-11-04T04:17:29.164+0000] {dag.py:4180} INFO - Setting next_dagrun for dataset_s3_bucket_producer_with_no_taskflow to None, run_after=None
[2024-11-04T04:17:29.188+0000] {processor.py:208} INFO - Processing /home/airflow/.local/lib/python3.12/site-packages/airflow/example_dags/example_dataset_alias_with_no_taskflow.py took 0.190 seconds
[2024-11-04T04:17:59.570+0000] {processor.py:186} INFO - Started process (PID=263) to work on /home/airflow/.local/lib/python3.12/site-packages/airflow/example_dags/example_dataset_alias_with_no_taskflow.py
[2024-11-04T04:17:59.571+0000] {processor.py:914} INFO - Processing file /home/airflow/.local/lib/python3.12/site-packages/airflow/example_dags/example_dataset_alias_with_no_taskflow.py for tasks to queue
[2024-11-04T04:17:59.573+0000] {logging_mixin.py:190} INFO - [2024-11-04T04:17:59.573+0000] {dagbag.py:588} INFO - Filling up the DagBag from /home/airflow/.local/lib/python3.12/site-packages/airflow/example_dags/example_dataset_alias_with_no_taskflow.py
[2024-11-04T04:17:59.655+0000] {processor.py:925} INFO - DAG(s) 'dataset_alias_example_alias_producer_with_no_taskflow', 'dataset_s3_bucket_producer_with_no_taskflow', 'dataset_alias_example_alias_consumer_with_no_taskflow', 'dataset_s3_bucket_consumer_with_no_taskflow' retrieved from /home/airflow/.local/lib/python3.12/site-packages/airflow/example_dags/example_dataset_alias_with_no_taskflow.py
[2024-11-04T04:17:59.674+0000] {logging_mixin.py:190} INFO - [2024-11-04T04:17:59.674+0000] {dag.py:3239} INFO - Sync 4 DAGs
[2024-11-04T04:17:59.685+0000] {logging_mixin.py:190} INFO - [2024-11-04T04:17:59.685+0000] {dag.py:4180} INFO - Setting next_dagrun for dataset_alias_example_alias_consumer_with_no_taskflow to None, run_after=None
[2024-11-04T04:17:59.686+0000] {logging_mixin.py:190} INFO - [2024-11-04T04:17:59.686+0000] {dag.py:4180} INFO - Setting next_dagrun for dataset_alias_example_alias_producer_with_no_taskflow to None, run_after=None
[2024-11-04T04:17:59.687+0000] {logging_mixin.py:190} INFO - [2024-11-04T04:17:59.687+0000] {dag.py:4180} INFO - Setting next_dagrun for dataset_s3_bucket_consumer_with_no_taskflow to None, run_after=None
[2024-11-04T04:17:59.687+0000] {logging_mixin.py:190} INFO - [2024-11-04T04:17:59.687+0000] {dag.py:4180} INFO - Setting next_dagrun for dataset_s3_bucket_producer_with_no_taskflow to None, run_after=None
[2024-11-04T04:17:59.697+0000] {processor.py:208} INFO - Processing /home/airflow/.local/lib/python3.12/site-packages/airflow/example_dags/example_dataset_alias_with_no_taskflow.py took 0.130 seconds
[2024-11-04T04:18:30.109+0000] {processor.py:186} INFO - Started process (PID=325) to work on /home/airflow/.local/lib/python3.12/site-packages/airflow/example_dags/example_dataset_alias_with_no_taskflow.py
[2024-11-04T04:18:30.110+0000] {processor.py:914} INFO - Processing file /home/airflow/.local/lib/python3.12/site-packages/airflow/example_dags/example_dataset_alias_with_no_taskflow.py for tasks to queue
[2024-11-04T04:18:30.112+0000] {logging_mixin.py:190} INFO - [2024-11-04T04:18:30.112+0000] {dagbag.py:588} INFO - Filling up the DagBag from /home/airflow/.local/lib/python3.12/site-packages/airflow/example_dags/example_dataset_alias_with_no_taskflow.py
[2024-11-04T04:18:30.205+0000] {processor.py:925} INFO - DAG(s) 'dataset_s3_bucket_producer_with_no_taskflow', 'dataset_alias_example_alias_consumer_with_no_taskflow', 'dataset_s3_bucket_consumer_with_no_taskflow', 'dataset_alias_example_alias_producer_with_no_taskflow' retrieved from /home/airflow/.local/lib/python3.12/site-packages/airflow/example_dags/example_dataset_alias_with_no_taskflow.py
[2024-11-04T04:18:30.221+0000] {logging_mixin.py:190} INFO - [2024-11-04T04:18:30.221+0000] {dag.py:3239} INFO - Sync 4 DAGs
[2024-11-04T04:18:30.236+0000] {logging_mixin.py:190} INFO - [2024-11-04T04:18:30.235+0000] {dag.py:4180} INFO - Setting next_dagrun for dataset_alias_example_alias_consumer_with_no_taskflow to None, run_after=None
[2024-11-04T04:18:30.239+0000] {logging_mixin.py:190} INFO - [2024-11-04T04:18:30.238+0000] {dag.py:4180} INFO - Setting next_dagrun for dataset_alias_example_alias_producer_with_no_taskflow to None, run_after=None
[2024-11-04T04:18:30.239+0000] {logging_mixin.py:190} INFO - [2024-11-04T04:18:30.239+0000] {dag.py:4180} INFO - Setting next_dagrun for dataset_s3_bucket_consumer_with_no_taskflow to None, run_after=None
[2024-11-04T04:18:30.242+0000] {logging_mixin.py:190} INFO - [2024-11-04T04:18:30.242+0000] {dag.py:4180} INFO - Setting next_dagrun for dataset_s3_bucket_producer_with_no_taskflow to None, run_after=None
[2024-11-04T04:18:30.255+0000] {processor.py:208} INFO - Processing /home/airflow/.local/lib/python3.12/site-packages/airflow/example_dags/example_dataset_alias_with_no_taskflow.py took 0.149 seconds
[2024-11-04T04:19:00.773+0000] {processor.py:186} INFO - Started process (PID=387) to work on /home/airflow/.local/lib/python3.12/site-packages/airflow/example_dags/example_dataset_alias_with_no_taskflow.py
[2024-11-04T04:19:00.775+0000] {processor.py:914} INFO - Processing file /home/airflow/.local/lib/python3.12/site-packages/airflow/example_dags/example_dataset_alias_with_no_taskflow.py for tasks to queue
[2024-11-04T04:19:00.777+0000] {logging_mixin.py:190} INFO - [2024-11-04T04:19:00.777+0000] {dagbag.py:588} INFO - Filling up the DagBag from /home/airflow/.local/lib/python3.12/site-packages/airflow/example_dags/example_dataset_alias_with_no_taskflow.py
[2024-11-04T04:19:00.870+0000] {processor.py:925} INFO - DAG(s) 'dataset_alias_example_alias_producer_with_no_taskflow', 'dataset_alias_example_alias_consumer_with_no_taskflow', 'dataset_s3_bucket_producer_with_no_taskflow', 'dataset_s3_bucket_consumer_with_no_taskflow' retrieved from /home/airflow/.local/lib/python3.12/site-packages/airflow/example_dags/example_dataset_alias_with_no_taskflow.py
[2024-11-04T04:19:00.896+0000] {logging_mixin.py:190} INFO - [2024-11-04T04:19:00.895+0000] {dag.py:3239} INFO - Sync 4 DAGs
[2024-11-04T04:19:00.905+0000] {logging_mixin.py:190} INFO - [2024-11-04T04:19:00.905+0000] {dag.py:4180} INFO - Setting next_dagrun for dataset_alias_example_alias_consumer_with_no_taskflow to None, run_after=None
[2024-11-04T04:19:00.907+0000] {logging_mixin.py:190} INFO - [2024-11-04T04:19:00.907+0000] {dag.py:4180} INFO - Setting next_dagrun for dataset_alias_example_alias_producer_with_no_taskflow to None, run_after=None
[2024-11-04T04:19:00.908+0000] {logging_mixin.py:190} INFO - [2024-11-04T04:19:00.908+0000] {dag.py:4180} INFO - Setting next_dagrun for dataset_s3_bucket_consumer_with_no_taskflow to None, run_after=None
[2024-11-04T04:19:00.908+0000] {logging_mixin.py:190} INFO - [2024-11-04T04:19:00.908+0000] {dag.py:4180} INFO - Setting next_dagrun for dataset_s3_bucket_producer_with_no_taskflow to None, run_after=None
[2024-11-04T04:19:00.918+0000] {processor.py:208} INFO - Processing /home/airflow/.local/lib/python3.12/site-packages/airflow/example_dags/example_dataset_alias_with_no_taskflow.py took 0.149 seconds
[2024-11-04T04:19:31.213+0000] {processor.py:186} INFO - Started process (PID=450) to work on /home/airflow/.local/lib/python3.12/site-packages/airflow/example_dags/example_dataset_alias_with_no_taskflow.py
[2024-11-04T04:19:31.214+0000] {processor.py:914} INFO - Processing file /home/airflow/.local/lib/python3.12/site-packages/airflow/example_dags/example_dataset_alias_with_no_taskflow.py for tasks to queue
[2024-11-04T04:19:31.217+0000] {logging_mixin.py:190} INFO - [2024-11-04T04:19:31.217+0000] {dagbag.py:588} INFO - Filling up the DagBag from /home/airflow/.local/lib/python3.12/site-packages/airflow/example_dags/example_dataset_alias_with_no_taskflow.py
[2024-11-04T04:19:31.302+0000] {processor.py:925} INFO - DAG(s) 'dataset_s3_bucket_producer_with_no_taskflow', 'dataset_alias_example_alias_consumer_with_no_taskflow', 'dataset_s3_bucket_consumer_with_no_taskflow', 'dataset_alias_example_alias_producer_with_no_taskflow' retrieved from /home/airflow/.local/lib/python3.12/site-packages/airflow/example_dags/example_dataset_alias_with_no_taskflow.py
[2024-11-04T04:19:31.312+0000] {logging_mixin.py:190} INFO - [2024-11-04T04:19:31.312+0000] {dag.py:3239} INFO - Sync 4 DAGs
[2024-11-04T04:19:31.322+0000] {logging_mixin.py:190} INFO - [2024-11-04T04:19:31.322+0000] {dag.py:4180} INFO - Setting next_dagrun for dataset_alias_example_alias_consumer_with_no_taskflow to None, run_after=None
[2024-11-04T04:19:31.326+0000] {logging_mixin.py:190} INFO - [2024-11-04T04:19:31.326+0000] {dag.py:4180} INFO - Setting next_dagrun for dataset_alias_example_alias_producer_with_no_taskflow to None, run_after=None
[2024-11-04T04:19:31.328+0000] {logging_mixin.py:190} INFO - [2024-11-04T04:19:31.328+0000] {dag.py:4180} INFO - Setting next_dagrun for dataset_s3_bucket_consumer_with_no_taskflow to None, run_after=None
[2024-11-04T04:19:31.329+0000] {logging_mixin.py:190} INFO - [2024-11-04T04:19:31.329+0000] {dag.py:4180} INFO - Setting next_dagrun for dataset_s3_bucket_producer_with_no_taskflow to None, run_after=None
[2024-11-04T04:19:31.341+0000] {processor.py:208} INFO - Processing /home/airflow/.local/lib/python3.12/site-packages/airflow/example_dags/example_dataset_alias_with_no_taskflow.py took 0.130 seconds
[2024-11-04T04:20:01.710+0000] {processor.py:186} INFO - Started process (PID=511) to work on /home/airflow/.local/lib/python3.12/site-packages/airflow/example_dags/example_dataset_alias_with_no_taskflow.py
[2024-11-04T04:20:01.711+0000] {processor.py:914} INFO - Processing file /home/airflow/.local/lib/python3.12/site-packages/airflow/example_dags/example_dataset_alias_with_no_taskflow.py for tasks to queue
[2024-11-04T04:20:01.713+0000] {logging_mixin.py:190} INFO - [2024-11-04T04:20:01.712+0000] {dagbag.py:588} INFO - Filling up the DagBag from /home/airflow/.local/lib/python3.12/site-packages/airflow/example_dags/example_dataset_alias_with_no_taskflow.py
[2024-11-04T04:20:01.795+0000] {processor.py:925} INFO - DAG(s) 'dataset_s3_bucket_producer_with_no_taskflow', 'dataset_s3_bucket_consumer_with_no_taskflow', 'dataset_alias_example_alias_producer_with_no_taskflow', 'dataset_alias_example_alias_consumer_with_no_taskflow' retrieved from /home/airflow/.local/lib/python3.12/site-packages/airflow/example_dags/example_dataset_alias_with_no_taskflow.py
[2024-11-04T04:20:01.808+0000] {logging_mixin.py:190} INFO - [2024-11-04T04:20:01.808+0000] {dag.py:3239} INFO - Sync 4 DAGs
[2024-11-04T04:20:01.819+0000] {logging_mixin.py:190} INFO - [2024-11-04T04:20:01.819+0000] {dag.py:4180} INFO - Setting next_dagrun for dataset_alias_example_alias_consumer_with_no_taskflow to None, run_after=None
[2024-11-04T04:20:01.821+0000] {logging_mixin.py:190} INFO - [2024-11-04T04:20:01.821+0000] {dag.py:4180} INFO - Setting next_dagrun for dataset_alias_example_alias_producer_with_no_taskflow to None, run_after=None
[2024-11-04T04:20:01.822+0000] {logging_mixin.py:190} INFO - [2024-11-04T04:20:01.822+0000] {dag.py:4180} INFO - Setting next_dagrun for dataset_s3_bucket_consumer_with_no_taskflow to None, run_after=None
[2024-11-04T04:20:01.822+0000] {logging_mixin.py:190} INFO - [2024-11-04T04:20:01.822+0000] {dag.py:4180} INFO - Setting next_dagrun for dataset_s3_bucket_producer_with_no_taskflow to None, run_after=None
[2024-11-04T04:20:01.832+0000] {processor.py:208} INFO - Processing /home/airflow/.local/lib/python3.12/site-packages/airflow/example_dags/example_dataset_alias_with_no_taskflow.py took 0.125 seconds
[2024-11-04T04:20:32.066+0000] {processor.py:186} INFO - Started process (PID=573) to work on /home/airflow/.local/lib/python3.12/site-packages/airflow/example_dags/example_dataset_alias_with_no_taskflow.py
[2024-11-04T04:20:32.067+0000] {processor.py:914} INFO - Processing file /home/airflow/.local/lib/python3.12/site-packages/airflow/example_dags/example_dataset_alias_with_no_taskflow.py for tasks to queue
[2024-11-04T04:20:32.068+0000] {logging_mixin.py:190} INFO - [2024-11-04T04:20:32.068+0000] {dagbag.py:588} INFO - Filling up the DagBag from /home/airflow/.local/lib/python3.12/site-packages/airflow/example_dags/example_dataset_alias_with_no_taskflow.py
[2024-11-04T04:20:32.155+0000] {processor.py:925} INFO - DAG(s) 'dataset_alias_example_alias_consumer_with_no_taskflow', 'dataset_s3_bucket_consumer_with_no_taskflow', 'dataset_s3_bucket_producer_with_no_taskflow', 'dataset_alias_example_alias_producer_with_no_taskflow' retrieved from /home/airflow/.local/lib/python3.12/site-packages/airflow/example_dags/example_dataset_alias_with_no_taskflow.py
[2024-11-04T04:20:32.165+0000] {logging_mixin.py:190} INFO - [2024-11-04T04:20:32.165+0000] {dag.py:3239} INFO - Sync 4 DAGs
[2024-11-04T04:20:32.176+0000] {logging_mixin.py:190} INFO - [2024-11-04T04:20:32.176+0000] {dag.py:4180} INFO - Setting next_dagrun for dataset_alias_example_alias_consumer_with_no_taskflow to None, run_after=None
[2024-11-04T04:20:32.178+0000] {logging_mixin.py:190} INFO - [2024-11-04T04:20:32.177+0000] {dag.py:4180} INFO - Setting next_dagrun for dataset_alias_example_alias_producer_with_no_taskflow to None, run_after=None
[2024-11-04T04:20:32.178+0000] {logging_mixin.py:190} INFO - [2024-11-04T04:20:32.178+0000] {dag.py:4180} INFO - Setting next_dagrun for dataset_s3_bucket_consumer_with_no_taskflow to None, run_after=None
[2024-11-04T04:20:32.179+0000] {logging_mixin.py:190} INFO - [2024-11-04T04:20:32.179+0000] {dag.py:4180} INFO - Setting next_dagrun for dataset_s3_bucket_producer_with_no_taskflow to None, run_after=None
[2024-11-04T04:20:32.188+0000] {processor.py:208} INFO - Processing /home/airflow/.local/lib/python3.12/site-packages/airflow/example_dags/example_dataset_alias_with_no_taskflow.py took 0.125 seconds
[2024-11-04T04:21:02.481+0000] {processor.py:186} INFO - Started process (PID=635) to work on /home/airflow/.local/lib/python3.12/site-packages/airflow/example_dags/example_dataset_alias_with_no_taskflow.py
[2024-11-04T04:21:02.484+0000] {processor.py:914} INFO - Processing file /home/airflow/.local/lib/python3.12/site-packages/airflow/example_dags/example_dataset_alias_with_no_taskflow.py for tasks to queue
[2024-11-04T04:21:02.486+0000] {logging_mixin.py:190} INFO - [2024-11-04T04:21:02.486+0000] {dagbag.py:588} INFO - Filling up the DagBag from /home/airflow/.local/lib/python3.12/site-packages/airflow/example_dags/example_dataset_alias_with_no_taskflow.py
[2024-11-04T04:21:02.581+0000] {processor.py:925} INFO - DAG(s) 'dataset_alias_example_alias_producer_with_no_taskflow', 'dataset_alias_example_alias_consumer_with_no_taskflow', 'dataset_s3_bucket_producer_with_no_taskflow', 'dataset_s3_bucket_consumer_with_no_taskflow' retrieved from /home/airflow/.local/lib/python3.12/site-packages/airflow/example_dags/example_dataset_alias_with_no_taskflow.py
[2024-11-04T04:21:02.593+0000] {logging_mixin.py:190} INFO - [2024-11-04T04:21:02.593+0000] {dag.py:3239} INFO - Sync 4 DAGs
[2024-11-04T04:21:02.606+0000] {logging_mixin.py:190} INFO - [2024-11-04T04:21:02.605+0000] {dag.py:4180} INFO - Setting next_dagrun for dataset_alias_example_alias_consumer_with_no_taskflow to None, run_after=None
[2024-11-04T04:21:02.609+0000] {logging_mixin.py:190} INFO - [2024-11-04T04:21:02.609+0000] {dag.py:4180} INFO - Setting next_dagrun for dataset_alias_example_alias_producer_with_no_taskflow to None, run_after=None
[2024-11-04T04:21:02.611+0000] {logging_mixin.py:190} INFO - [2024-11-04T04:21:02.611+0000] {dag.py:4180} INFO - Setting next_dagrun for dataset_s3_bucket_consumer_with_no_taskflow to None, run_after=None
[2024-11-04T04:21:02.614+0000] {logging_mixin.py:190} INFO - [2024-11-04T04:21:02.614+0000] {dag.py:4180} INFO - Setting next_dagrun for dataset_s3_bucket_producer_with_no_taskflow to None, run_after=None
[2024-11-04T04:21:02.626+0000] {processor.py:208} INFO - Processing /home/airflow/.local/lib/python3.12/site-packages/airflow/example_dags/example_dataset_alias_with_no_taskflow.py took 0.148 seconds
[2024-11-04T04:21:32.932+0000] {processor.py:186} INFO - Started process (PID=697) to work on /home/airflow/.local/lib/python3.12/site-packages/airflow/example_dags/example_dataset_alias_with_no_taskflow.py
[2024-11-04T04:21:32.934+0000] {processor.py:914} INFO - Processing file /home/airflow/.local/lib/python3.12/site-packages/airflow/example_dags/example_dataset_alias_with_no_taskflow.py for tasks to queue
[2024-11-04T04:21:32.936+0000] {logging_mixin.py:190} INFO - [2024-11-04T04:21:32.936+0000] {dagbag.py:588} INFO - Filling up the DagBag from /home/airflow/.local/lib/python3.12/site-packages/airflow/example_dags/example_dataset_alias_with_no_taskflow.py
[2024-11-04T04:21:33.018+0000] {processor.py:925} INFO - DAG(s) 'dataset_s3_bucket_consumer_with_no_taskflow', 'dataset_alias_example_alias_producer_with_no_taskflow', 'dataset_alias_example_alias_consumer_with_no_taskflow', 'dataset_s3_bucket_producer_with_no_taskflow' retrieved from /home/airflow/.local/lib/python3.12/site-packages/airflow/example_dags/example_dataset_alias_with_no_taskflow.py
[2024-11-04T04:21:33.028+0000] {logging_mixin.py:190} INFO - [2024-11-04T04:21:33.028+0000] {dag.py:3239} INFO - Sync 4 DAGs
[2024-11-04T04:21:33.041+0000] {logging_mixin.py:190} INFO - [2024-11-04T04:21:33.040+0000] {dag.py:4180} INFO - Setting next_dagrun for dataset_alias_example_alias_consumer_with_no_taskflow to None, run_after=None
[2024-11-04T04:21:33.046+0000] {logging_mixin.py:190} INFO - [2024-11-04T04:21:33.046+0000] {dag.py:4180} INFO - Setting next_dagrun for dataset_alias_example_alias_producer_with_no_taskflow to None, run_after=None
[2024-11-04T04:21:33.047+0000] {logging_mixin.py:190} INFO - [2024-11-04T04:21:33.046+0000] {dag.py:4180} INFO - Setting next_dagrun for dataset_s3_bucket_consumer_with_no_taskflow to None, run_after=None
[2024-11-04T04:21:33.047+0000] {logging_mixin.py:190} INFO - [2024-11-04T04:21:33.047+0000] {dag.py:4180} INFO - Setting next_dagrun for dataset_s3_bucket_producer_with_no_taskflow to None, run_after=None
[2024-11-04T04:21:33.058+0000] {processor.py:208} INFO - Processing /home/airflow/.local/lib/python3.12/site-packages/airflow/example_dags/example_dataset_alias_with_no_taskflow.py took 0.129 seconds
[2024-11-04T04:22:03.518+0000] {processor.py:186} INFO - Started process (PID=759) to work on /home/airflow/.local/lib/python3.12/site-packages/airflow/example_dags/example_dataset_alias_with_no_taskflow.py
[2024-11-04T04:22:03.519+0000] {processor.py:914} INFO - Processing file /home/airflow/.local/lib/python3.12/site-packages/airflow/example_dags/example_dataset_alias_with_no_taskflow.py for tasks to queue
[2024-11-04T04:22:03.521+0000] {logging_mixin.py:190} INFO - [2024-11-04T04:22:03.521+0000] {dagbag.py:588} INFO - Filling up the DagBag from /home/airflow/.local/lib/python3.12/site-packages/airflow/example_dags/example_dataset_alias_with_no_taskflow.py
[2024-11-04T04:22:03.611+0000] {processor.py:925} INFO - DAG(s) 'dataset_alias_example_alias_consumer_with_no_taskflow', 'dataset_alias_example_alias_producer_with_no_taskflow', 'dataset_s3_bucket_producer_with_no_taskflow', 'dataset_s3_bucket_consumer_with_no_taskflow' retrieved from /home/airflow/.local/lib/python3.12/site-packages/airflow/example_dags/example_dataset_alias_with_no_taskflow.py
[2024-11-04T04:22:03.628+0000] {logging_mixin.py:190} INFO - [2024-11-04T04:22:03.628+0000] {dag.py:3239} INFO - Sync 4 DAGs
[2024-11-04T04:22:03.642+0000] {logging_mixin.py:190} INFO - [2024-11-04T04:22:03.642+0000] {dag.py:4180} INFO - Setting next_dagrun for dataset_alias_example_alias_consumer_with_no_taskflow to None, run_after=None
[2024-11-04T04:22:03.644+0000] {logging_mixin.py:190} INFO - [2024-11-04T04:22:03.644+0000] {dag.py:4180} INFO - Setting next_dagrun for dataset_alias_example_alias_producer_with_no_taskflow to None, run_after=None
[2024-11-04T04:22:03.645+0000] {logging_mixin.py:190} INFO - [2024-11-04T04:22:03.644+0000] {dag.py:4180} INFO - Setting next_dagrun for dataset_s3_bucket_consumer_with_no_taskflow to None, run_after=None
[2024-11-04T04:22:03.645+0000] {logging_mixin.py:190} INFO - [2024-11-04T04:22:03.645+0000] {dag.py:4180} INFO - Setting next_dagrun for dataset_s3_bucket_producer_with_no_taskflow to None, run_after=None
[2024-11-04T04:22:03.656+0000] {processor.py:208} INFO - Processing /home/airflow/.local/lib/python3.12/site-packages/airflow/example_dags/example_dataset_alias_with_no_taskflow.py took 0.141 seconds
