[2024-11-04T04:16:27.175+0000] {processor.py:186} INFO - Started process (PID=71) to work on /home/airflow/.local/lib/python3.12/site-packages/airflow/example_dags/example_xcom.py
[2024-11-04T04:16:27.179+0000] {processor.py:914} INFO - Processing file /home/airflow/.local/lib/python3.12/site-packages/airflow/example_dags/example_xcom.py for tasks to queue
[2024-11-04T04:16:27.184+0000] {logging_mixin.py:190} INFO - [2024-11-04T04:16:27.184+0000] {dagbag.py:588} INFO - Filling up the DagBag from /home/airflow/.local/lib/python3.12/site-packages/airflow/example_dags/example_xcom.py
[2024-11-04T04:16:27.192+0000] {processor.py:925} INFO - DAG(s) 'example_xcom' retrieved from /home/airflow/.local/lib/python3.12/site-packages/airflow/example_dags/example_xcom.py
[2024-11-04T04:16:27.262+0000] {logging_mixin.py:190} INFO - [2024-11-04T04:16:27.262+0000] {override.py:1900} INFO - Created Permission View: can read on DAG:example_xcom
[2024-11-04T04:16:27.269+0000] {logging_mixin.py:190} INFO - [2024-11-04T04:16:27.269+0000] {override.py:1900} INFO - Created Permission View: can delete on DAG:example_xcom
[2024-11-04T04:16:27.273+0000] {logging_mixin.py:190} INFO - [2024-11-04T04:16:27.273+0000] {override.py:1900} INFO - Created Permission View: can edit on DAG:example_xcom
[2024-11-04T04:16:27.281+0000] {logging_mixin.py:190} INFO - [2024-11-04T04:16:27.281+0000] {override.py:1900} INFO - Created Permission View: menu access on DAG Run:example_xcom
[2024-11-04T04:16:27.286+0000] {logging_mixin.py:190} INFO - [2024-11-04T04:16:27.285+0000] {override.py:1900} INFO - Created Permission View: can read on DAG Run:example_xcom
[2024-11-04T04:16:27.290+0000] {logging_mixin.py:190} INFO - [2024-11-04T04:16:27.289+0000] {override.py:1900} INFO - Created Permission View: can create on DAG Run:example_xcom
[2024-11-04T04:16:27.295+0000] {logging_mixin.py:190} INFO - [2024-11-04T04:16:27.295+0000] {override.py:1900} INFO - Created Permission View: can delete on DAG Run:example_xcom
[2024-11-04T04:16:27.297+0000] {logging_mixin.py:190} INFO - [2024-11-04T04:16:27.297+0000] {dag.py:3239} INFO - Sync 1 DAGs
[2024-11-04T04:16:27.304+0000] {logging_mixin.py:190} INFO - [2024-11-04T04:16:27.304+0000] {dag.py:3262} INFO - Creating ORM DAG for example_xcom
[2024-11-04T04:16:27.310+0000] {logging_mixin.py:190} INFO - [2024-11-04T04:16:27.309+0000] {dag.py:4180} INFO - Setting next_dagrun for example_xcom to 2021-01-01 00:00:00+00:00, run_after=2021-01-01 00:00:00+00:00
[2024-11-04T04:16:27.319+0000] {processor.py:208} INFO - Processing /home/airflow/.local/lib/python3.12/site-packages/airflow/example_dags/example_xcom.py took 0.151 seconds
[2024-11-04T04:16:58.020+0000] {processor.py:186} INFO - Started process (PID=133) to work on /home/airflow/.local/lib/python3.12/site-packages/airflow/example_dags/example_xcom.py
[2024-11-04T04:16:58.021+0000] {processor.py:914} INFO - Processing file /home/airflow/.local/lib/python3.12/site-packages/airflow/example_dags/example_xcom.py for tasks to queue
[2024-11-04T04:16:58.022+0000] {logging_mixin.py:190} INFO - [2024-11-04T04:16:58.022+0000] {dagbag.py:588} INFO - Filling up the DagBag from /home/airflow/.local/lib/python3.12/site-packages/airflow/example_dags/example_xcom.py
[2024-11-04T04:16:58.028+0000] {processor.py:925} INFO - DAG(s) 'example_xcom' retrieved from /home/airflow/.local/lib/python3.12/site-packages/airflow/example_dags/example_xcom.py
[2024-11-04T04:16:58.045+0000] {logging_mixin.py:190} INFO - [2024-11-04T04:16:58.045+0000] {dag.py:3239} INFO - Sync 1 DAGs
[2024-11-04T04:16:58.055+0000] {logging_mixin.py:190} INFO - [2024-11-04T04:16:58.055+0000] {dag.py:4180} INFO - Setting next_dagrun for example_xcom to 2021-01-01 00:00:00+00:00, run_after=2021-01-01 00:00:00+00:00
[2024-11-04T04:16:58.065+0000] {processor.py:208} INFO - Processing /home/airflow/.local/lib/python3.12/site-packages/airflow/example_dags/example_xcom.py took 0.049 seconds
[2024-11-04T04:17:28.783+0000] {processor.py:186} INFO - Started process (PID=195) to work on /home/airflow/.local/lib/python3.12/site-packages/airflow/example_dags/example_xcom.py
[2024-11-04T04:17:28.784+0000] {processor.py:914} INFO - Processing file /home/airflow/.local/lib/python3.12/site-packages/airflow/example_dags/example_xcom.py for tasks to queue
[2024-11-04T04:17:28.785+0000] {logging_mixin.py:190} INFO - [2024-11-04T04:17:28.785+0000] {dagbag.py:588} INFO - Filling up the DagBag from /home/airflow/.local/lib/python3.12/site-packages/airflow/example_dags/example_xcom.py
[2024-11-04T04:17:28.791+0000] {processor.py:925} INFO - DAG(s) 'example_xcom' retrieved from /home/airflow/.local/lib/python3.12/site-packages/airflow/example_dags/example_xcom.py
[2024-11-04T04:17:28.807+0000] {logging_mixin.py:190} INFO - [2024-11-04T04:17:28.807+0000] {dag.py:3239} INFO - Sync 1 DAGs
[2024-11-04T04:17:28.821+0000] {logging_mixin.py:190} INFO - [2024-11-04T04:17:28.821+0000] {dag.py:4180} INFO - Setting next_dagrun for example_xcom to 2021-01-01 00:00:00+00:00, run_after=2021-01-01 00:00:00+00:00
[2024-11-04T04:17:28.835+0000] {processor.py:208} INFO - Processing /home/airflow/.local/lib/python3.12/site-packages/airflow/example_dags/example_xcom.py took 0.056 seconds
[2024-11-04T04:17:59.318+0000] {processor.py:186} INFO - Started process (PID=257) to work on /home/airflow/.local/lib/python3.12/site-packages/airflow/example_dags/example_xcom.py
[2024-11-04T04:17:59.318+0000] {processor.py:914} INFO - Processing file /home/airflow/.local/lib/python3.12/site-packages/airflow/example_dags/example_xcom.py for tasks to queue
[2024-11-04T04:17:59.320+0000] {logging_mixin.py:190} INFO - [2024-11-04T04:17:59.319+0000] {dagbag.py:588} INFO - Filling up the DagBag from /home/airflow/.local/lib/python3.12/site-packages/airflow/example_dags/example_xcom.py
[2024-11-04T04:17:59.325+0000] {processor.py:925} INFO - DAG(s) 'example_xcom' retrieved from /home/airflow/.local/lib/python3.12/site-packages/airflow/example_dags/example_xcom.py
[2024-11-04T04:17:59.340+0000] {logging_mixin.py:190} INFO - [2024-11-04T04:17:59.340+0000] {dag.py:3239} INFO - Sync 1 DAGs
[2024-11-04T04:17:59.352+0000] {logging_mixin.py:190} INFO - [2024-11-04T04:17:59.351+0000] {dag.py:4180} INFO - Setting next_dagrun for example_xcom to 2021-01-01 00:00:00+00:00, run_after=2021-01-01 00:00:00+00:00
[2024-11-04T04:17:59.362+0000] {processor.py:208} INFO - Processing /home/airflow/.local/lib/python3.12/site-packages/airflow/example_dags/example_xcom.py took 0.047 seconds
[2024-11-04T04:18:29.888+0000] {processor.py:186} INFO - Started process (PID=319) to work on /home/airflow/.local/lib/python3.12/site-packages/airflow/example_dags/example_xcom.py
[2024-11-04T04:18:29.888+0000] {processor.py:914} INFO - Processing file /home/airflow/.local/lib/python3.12/site-packages/airflow/example_dags/example_xcom.py for tasks to queue
[2024-11-04T04:18:29.891+0000] {logging_mixin.py:190} INFO - [2024-11-04T04:18:29.891+0000] {dagbag.py:588} INFO - Filling up the DagBag from /home/airflow/.local/lib/python3.12/site-packages/airflow/example_dags/example_xcom.py
[2024-11-04T04:18:29.900+0000] {processor.py:925} INFO - DAG(s) 'example_xcom' retrieved from /home/airflow/.local/lib/python3.12/site-packages/airflow/example_dags/example_xcom.py
[2024-11-04T04:18:29.917+0000] {logging_mixin.py:190} INFO - [2024-11-04T04:18:29.917+0000] {dag.py:3239} INFO - Sync 1 DAGs
[2024-11-04T04:18:29.932+0000] {logging_mixin.py:190} INFO - [2024-11-04T04:18:29.931+0000] {dag.py:4180} INFO - Setting next_dagrun for example_xcom to 2021-01-01 00:00:00+00:00, run_after=2021-01-01 00:00:00+00:00
[2024-11-04T04:18:29.942+0000] {processor.py:208} INFO - Processing /home/airflow/.local/lib/python3.12/site-packages/airflow/example_dags/example_xcom.py took 0.060 seconds
[2024-11-04T04:19:00.530+0000] {processor.py:186} INFO - Started process (PID=381) to work on /home/airflow/.local/lib/python3.12/site-packages/airflow/example_dags/example_xcom.py
[2024-11-04T04:19:00.535+0000] {processor.py:914} INFO - Processing file /home/airflow/.local/lib/python3.12/site-packages/airflow/example_dags/example_xcom.py for tasks to queue
[2024-11-04T04:19:00.536+0000] {logging_mixin.py:190} INFO - [2024-11-04T04:19:00.536+0000] {dagbag.py:588} INFO - Filling up the DagBag from /home/airflow/.local/lib/python3.12/site-packages/airflow/example_dags/example_xcom.py
[2024-11-04T04:19:00.545+0000] {processor.py:925} INFO - DAG(s) 'example_xcom' retrieved from /home/airflow/.local/lib/python3.12/site-packages/airflow/example_dags/example_xcom.py
[2024-11-04T04:19:00.557+0000] {logging_mixin.py:190} INFO - [2024-11-04T04:19:00.557+0000] {dag.py:3239} INFO - Sync 1 DAGs
[2024-11-04T04:19:00.569+0000] {logging_mixin.py:190} INFO - [2024-11-04T04:19:00.568+0000] {dag.py:4180} INFO - Setting next_dagrun for example_xcom to 2021-01-01 00:00:00+00:00, run_after=2021-01-01 00:00:00+00:00
[2024-11-04T04:19:00.581+0000] {processor.py:208} INFO - Processing /home/airflow/.local/lib/python3.12/site-packages/airflow/example_dags/example_xcom.py took 0.054 seconds
[2024-11-04T04:19:30.987+0000] {processor.py:186} INFO - Started process (PID=443) to work on /home/airflow/.local/lib/python3.12/site-packages/airflow/example_dags/example_xcom.py
[2024-11-04T04:19:30.987+0000] {processor.py:914} INFO - Processing file /home/airflow/.local/lib/python3.12/site-packages/airflow/example_dags/example_xcom.py for tasks to queue
[2024-11-04T04:19:30.989+0000] {logging_mixin.py:190} INFO - [2024-11-04T04:19:30.989+0000] {dagbag.py:588} INFO - Filling up the DagBag from /home/airflow/.local/lib/python3.12/site-packages/airflow/example_dags/example_xcom.py
[2024-11-04T04:19:30.994+0000] {processor.py:925} INFO - DAG(s) 'example_xcom' retrieved from /home/airflow/.local/lib/python3.12/site-packages/airflow/example_dags/example_xcom.py
[2024-11-04T04:19:31.006+0000] {logging_mixin.py:190} INFO - [2024-11-04T04:19:31.006+0000] {dag.py:3239} INFO - Sync 1 DAGs
[2024-11-04T04:19:31.018+0000] {logging_mixin.py:190} INFO - [2024-11-04T04:19:31.018+0000] {dag.py:4180} INFO - Setting next_dagrun for example_xcom to 2021-01-01 00:00:00+00:00, run_after=2021-01-01 00:00:00+00:00
[2024-11-04T04:19:31.034+0000] {processor.py:208} INFO - Processing /home/airflow/.local/lib/python3.12/site-packages/airflow/example_dags/example_xcom.py took 0.051 seconds
[2024-11-04T04:20:01.464+0000] {processor.py:186} INFO - Started process (PID=505) to work on /home/airflow/.local/lib/python3.12/site-packages/airflow/example_dags/example_xcom.py
[2024-11-04T04:20:01.465+0000] {processor.py:914} INFO - Processing file /home/airflow/.local/lib/python3.12/site-packages/airflow/example_dags/example_xcom.py for tasks to queue
[2024-11-04T04:20:01.467+0000] {logging_mixin.py:190} INFO - [2024-11-04T04:20:01.467+0000] {dagbag.py:588} INFO - Filling up the DagBag from /home/airflow/.local/lib/python3.12/site-packages/airflow/example_dags/example_xcom.py
[2024-11-04T04:20:01.473+0000] {processor.py:925} INFO - DAG(s) 'example_xcom' retrieved from /home/airflow/.local/lib/python3.12/site-packages/airflow/example_dags/example_xcom.py
[2024-11-04T04:20:01.488+0000] {logging_mixin.py:190} INFO - [2024-11-04T04:20:01.488+0000] {dag.py:3239} INFO - Sync 1 DAGs
[2024-11-04T04:20:01.501+0000] {logging_mixin.py:190} INFO - [2024-11-04T04:20:01.501+0000] {dag.py:4180} INFO - Setting next_dagrun for example_xcom to 2021-01-01 00:00:00+00:00, run_after=2021-01-01 00:00:00+00:00
[2024-11-04T04:20:01.513+0000] {processor.py:208} INFO - Processing /home/airflow/.local/lib/python3.12/site-packages/airflow/example_dags/example_xcom.py took 0.052 seconds
[2024-11-04T04:20:31.809+0000] {processor.py:186} INFO - Started process (PID=567) to work on /home/airflow/.local/lib/python3.12/site-packages/airflow/example_dags/example_xcom.py
[2024-11-04T04:20:31.813+0000] {processor.py:914} INFO - Processing file /home/airflow/.local/lib/python3.12/site-packages/airflow/example_dags/example_xcom.py for tasks to queue
[2024-11-04T04:20:31.814+0000] {logging_mixin.py:190} INFO - [2024-11-04T04:20:31.814+0000] {dagbag.py:588} INFO - Filling up the DagBag from /home/airflow/.local/lib/python3.12/site-packages/airflow/example_dags/example_xcom.py
[2024-11-04T04:20:31.819+0000] {processor.py:925} INFO - DAG(s) 'example_xcom' retrieved from /home/airflow/.local/lib/python3.12/site-packages/airflow/example_dags/example_xcom.py
[2024-11-04T04:20:31.830+0000] {logging_mixin.py:190} INFO - [2024-11-04T04:20:31.830+0000] {dag.py:3239} INFO - Sync 1 DAGs
[2024-11-04T04:20:31.844+0000] {logging_mixin.py:190} INFO - [2024-11-04T04:20:31.844+0000] {dag.py:4180} INFO - Setting next_dagrun for example_xcom to 2021-01-01 00:00:00+00:00, run_after=2021-01-01 00:00:00+00:00
[2024-11-04T04:20:31.852+0000] {processor.py:208} INFO - Processing /home/airflow/.local/lib/python3.12/site-packages/airflow/example_dags/example_xcom.py took 0.046 seconds
[2024-11-04T04:21:02.258+0000] {processor.py:186} INFO - Started process (PID=629) to work on /home/airflow/.local/lib/python3.12/site-packages/airflow/example_dags/example_xcom.py
[2024-11-04T04:21:02.259+0000] {processor.py:914} INFO - Processing file /home/airflow/.local/lib/python3.12/site-packages/airflow/example_dags/example_xcom.py for tasks to queue
[2024-11-04T04:21:02.260+0000] {logging_mixin.py:190} INFO - [2024-11-04T04:21:02.260+0000] {dagbag.py:588} INFO - Filling up the DagBag from /home/airflow/.local/lib/python3.12/site-packages/airflow/example_dags/example_xcom.py
[2024-11-04T04:21:02.264+0000] {processor.py:925} INFO - DAG(s) 'example_xcom' retrieved from /home/airflow/.local/lib/python3.12/site-packages/airflow/example_dags/example_xcom.py
[2024-11-04T04:21:02.276+0000] {logging_mixin.py:190} INFO - [2024-11-04T04:21:02.276+0000] {dag.py:3239} INFO - Sync 1 DAGs
[2024-11-04T04:21:02.287+0000] {logging_mixin.py:190} INFO - [2024-11-04T04:21:02.287+0000] {dag.py:4180} INFO - Setting next_dagrun for example_xcom to 2021-01-01 00:00:00+00:00, run_after=2021-01-01 00:00:00+00:00
[2024-11-04T04:21:02.298+0000] {processor.py:208} INFO - Processing /home/airflow/.local/lib/python3.12/site-packages/airflow/example_dags/example_xcom.py took 0.043 seconds
[2024-11-04T04:21:32.751+0000] {processor.py:186} INFO - Started process (PID=691) to work on /home/airflow/.local/lib/python3.12/site-packages/airflow/example_dags/example_xcom.py
[2024-11-04T04:21:32.752+0000] {processor.py:914} INFO - Processing file /home/airflow/.local/lib/python3.12/site-packages/airflow/example_dags/example_xcom.py for tasks to queue
[2024-11-04T04:21:32.753+0000] {logging_mixin.py:190} INFO - [2024-11-04T04:21:32.753+0000] {dagbag.py:588} INFO - Filling up the DagBag from /home/airflow/.local/lib/python3.12/site-packages/airflow/example_dags/example_xcom.py
[2024-11-04T04:21:32.758+0000] {processor.py:925} INFO - DAG(s) 'example_xcom' retrieved from /home/airflow/.local/lib/python3.12/site-packages/airflow/example_dags/example_xcom.py
[2024-11-04T04:21:32.770+0000] {logging_mixin.py:190} INFO - [2024-11-04T04:21:32.770+0000] {dag.py:3239} INFO - Sync 1 DAGs
[2024-11-04T04:21:32.782+0000] {logging_mixin.py:190} INFO - [2024-11-04T04:21:32.782+0000] {dag.py:4180} INFO - Setting next_dagrun for example_xcom to 2021-01-01 00:00:00+00:00, run_after=2021-01-01 00:00:00+00:00
[2024-11-04T04:21:32.792+0000] {processor.py:208} INFO - Processing /home/airflow/.local/lib/python3.12/site-packages/airflow/example_dags/example_xcom.py took 0.044 seconds
[2024-11-04T04:22:03.243+0000] {processor.py:186} INFO - Started process (PID=753) to work on /home/airflow/.local/lib/python3.12/site-packages/airflow/example_dags/example_xcom.py
[2024-11-04T04:22:03.243+0000] {processor.py:914} INFO - Processing file /home/airflow/.local/lib/python3.12/site-packages/airflow/example_dags/example_xcom.py for tasks to queue
[2024-11-04T04:22:03.245+0000] {logging_mixin.py:190} INFO - [2024-11-04T04:22:03.244+0000] {dagbag.py:588} INFO - Filling up the DagBag from /home/airflow/.local/lib/python3.12/site-packages/airflow/example_dags/example_xcom.py
[2024-11-04T04:22:03.249+0000] {processor.py:925} INFO - DAG(s) 'example_xcom' retrieved from /home/airflow/.local/lib/python3.12/site-packages/airflow/example_dags/example_xcom.py
[2024-11-04T04:22:03.260+0000] {logging_mixin.py:190} INFO - [2024-11-04T04:22:03.260+0000] {dag.py:3239} INFO - Sync 1 DAGs
[2024-11-04T04:22:03.271+0000] {logging_mixin.py:190} INFO - [2024-11-04T04:22:03.270+0000] {dag.py:4180} INFO - Setting next_dagrun for example_xcom to 2021-01-01 00:00:00+00:00, run_after=2021-01-01 00:00:00+00:00
[2024-11-04T04:22:03.280+0000] {processor.py:208} INFO - Processing /home/airflow/.local/lib/python3.12/site-packages/airflow/example_dags/example_xcom.py took 0.041 seconds
