[2024-11-04T04:16:25.149+0000] {processor.py:186} INFO - Started process (PID=45) to work on /home/airflow/.local/lib/python3.12/site-packages/airflow/example_dags/example_datasets.py
[2024-11-04T04:16:25.150+0000] {processor.py:914} INFO - Processing file /home/airflow/.local/lib/python3.12/site-packages/airflow/example_dags/example_datasets.py for tasks to queue
[2024-11-04T04:16:25.157+0000] {logging_mixin.py:190} INFO - [2024-11-04T04:16:25.157+0000] {dagbag.py:588} INFO - Filling up the DagBag from /home/airflow/.local/lib/python3.12/site-packages/airflow/example_dags/example_datasets.py
[2024-11-04T04:16:25.522+0000] {processor.py:925} INFO - DAG(s) 'dataset_consumes_unknown_never_scheduled', 'dataset_consumes_1_never_scheduled', 'dataset_produces_2', 'dataset_consumes_1', 'dataset_consumes_1_and_2', 'consume_1_and_2_with_dataset_expressions', 'consume_1_or_both_2_and_3_with_dataset_expressions', 'consume_1_or_2_with_dataset_expressions', 'conditional_dataset_and_time_based_timetable', 'dataset_produces_1' retrieved from /home/airflow/.local/lib/python3.12/site-packages/airflow/example_dags/example_datasets.py
[2024-11-04T04:16:25.594+0000] {logging_mixin.py:190} INFO - [2024-11-04T04:16:25.594+0000] {override.py:1900} INFO - Created Permission View: can read on DAG:dataset_consumes_unknown_never_scheduled
[2024-11-04T04:16:25.608+0000] {logging_mixin.py:190} INFO - [2024-11-04T04:16:25.608+0000] {override.py:1900} INFO - Created Permission View: can delete on DAG:dataset_consumes_unknown_never_scheduled
[2024-11-04T04:16:25.612+0000] {logging_mixin.py:190} INFO - [2024-11-04T04:16:25.612+0000] {override.py:1900} INFO - Created Permission View: can edit on DAG:dataset_consumes_unknown_never_scheduled
[2024-11-04T04:16:25.616+0000] {logging_mixin.py:190} INFO - [2024-11-04T04:16:25.616+0000] {override.py:1900} INFO - Created Permission View: menu access on DAG Run:dataset_consumes_unknown_never_scheduled
[2024-11-04T04:16:25.622+0000] {logging_mixin.py:190} INFO - [2024-11-04T04:16:25.622+0000] {override.py:1900} INFO - Created Permission View: can read on DAG Run:dataset_consumes_unknown_never_scheduled
[2024-11-04T04:16:25.629+0000] {logging_mixin.py:190} INFO - [2024-11-04T04:16:25.628+0000] {override.py:1900} INFO - Created Permission View: can create on DAG Run:dataset_consumes_unknown_never_scheduled
[2024-11-04T04:16:25.660+0000] {logging_mixin.py:190} INFO - [2024-11-04T04:16:25.660+0000] {override.py:1900} INFO - Created Permission View: can delete on DAG Run:dataset_consumes_unknown_never_scheduled
[2024-11-04T04:16:25.674+0000] {logging_mixin.py:190} INFO - [2024-11-04T04:16:25.674+0000] {override.py:1900} INFO - Created Permission View: can read on DAG:dataset_consumes_1_never_scheduled
[2024-11-04T04:16:25.678+0000] {logging_mixin.py:190} INFO - [2024-11-04T04:16:25.677+0000] {override.py:1900} INFO - Created Permission View: can delete on DAG:dataset_consumes_1_never_scheduled
[2024-11-04T04:16:25.681+0000] {logging_mixin.py:190} INFO - [2024-11-04T04:16:25.681+0000] {override.py:1900} INFO - Created Permission View: can edit on DAG:dataset_consumes_1_never_scheduled
[2024-11-04T04:16:25.686+0000] {logging_mixin.py:190} INFO - [2024-11-04T04:16:25.686+0000] {override.py:1900} INFO - Created Permission View: menu access on DAG Run:dataset_consumes_1_never_scheduled
[2024-11-04T04:16:25.689+0000] {logging_mixin.py:190} INFO - [2024-11-04T04:16:25.689+0000] {override.py:1900} INFO - Created Permission View: can read on DAG Run:dataset_consumes_1_never_scheduled
[2024-11-04T04:16:25.699+0000] {logging_mixin.py:190} INFO - [2024-11-04T04:16:25.699+0000] {override.py:1900} INFO - Created Permission View: can create on DAG Run:dataset_consumes_1_never_scheduled
[2024-11-04T04:16:25.705+0000] {logging_mixin.py:190} INFO - [2024-11-04T04:16:25.705+0000] {override.py:1900} INFO - Created Permission View: can delete on DAG Run:dataset_consumes_1_never_scheduled
[2024-11-04T04:16:25.716+0000] {logging_mixin.py:190} INFO - [2024-11-04T04:16:25.716+0000] {override.py:1900} INFO - Created Permission View: can read on DAG:dataset_produces_2
[2024-11-04T04:16:25.720+0000] {logging_mixin.py:190} INFO - [2024-11-04T04:16:25.720+0000] {override.py:1900} INFO - Created Permission View: can delete on DAG:dataset_produces_2
[2024-11-04T04:16:25.727+0000] {logging_mixin.py:190} INFO - [2024-11-04T04:16:25.727+0000] {override.py:1900} INFO - Created Permission View: can edit on DAG:dataset_produces_2
[2024-11-04T04:16:25.730+0000] {logging_mixin.py:190} INFO - [2024-11-04T04:16:25.730+0000] {override.py:1900} INFO - Created Permission View: menu access on DAG Run:dataset_produces_2
[2024-11-04T04:16:25.734+0000] {logging_mixin.py:190} INFO - [2024-11-04T04:16:25.733+0000] {override.py:1900} INFO - Created Permission View: can read on DAG Run:dataset_produces_2
[2024-11-04T04:16:25.738+0000] {logging_mixin.py:190} INFO - [2024-11-04T04:16:25.738+0000] {override.py:1900} INFO - Created Permission View: can create on DAG Run:dataset_produces_2
[2024-11-04T04:16:25.748+0000] {logging_mixin.py:190} INFO - [2024-11-04T04:16:25.748+0000] {override.py:1900} INFO - Created Permission View: can delete on DAG Run:dataset_produces_2
[2024-11-04T04:16:25.760+0000] {logging_mixin.py:190} INFO - [2024-11-04T04:16:25.760+0000] {override.py:1900} INFO - Created Permission View: can read on DAG:dataset_consumes_1
[2024-11-04T04:16:25.768+0000] {logging_mixin.py:190} INFO - [2024-11-04T04:16:25.768+0000] {override.py:1900} INFO - Created Permission View: can delete on DAG:dataset_consumes_1
[2024-11-04T04:16:25.776+0000] {logging_mixin.py:190} INFO - [2024-11-04T04:16:25.775+0000] {override.py:1900} INFO - Created Permission View: can edit on DAG:dataset_consumes_1
[2024-11-04T04:16:25.781+0000] {logging_mixin.py:190} INFO - [2024-11-04T04:16:25.781+0000] {override.py:1900} INFO - Created Permission View: menu access on DAG Run:dataset_consumes_1
[2024-11-04T04:16:25.785+0000] {logging_mixin.py:190} INFO - [2024-11-04T04:16:25.785+0000] {override.py:1900} INFO - Created Permission View: can read on DAG Run:dataset_consumes_1
[2024-11-04T04:16:25.790+0000] {logging_mixin.py:190} INFO - [2024-11-04T04:16:25.790+0000] {override.py:1900} INFO - Created Permission View: can create on DAG Run:dataset_consumes_1
[2024-11-04T04:16:25.794+0000] {logging_mixin.py:190} INFO - [2024-11-04T04:16:25.794+0000] {override.py:1900} INFO - Created Permission View: can delete on DAG Run:dataset_consumes_1
[2024-11-04T04:16:25.802+0000] {logging_mixin.py:190} INFO - [2024-11-04T04:16:25.802+0000] {override.py:1900} INFO - Created Permission View: can read on DAG:dataset_consumes_1_and_2
[2024-11-04T04:16:25.806+0000] {logging_mixin.py:190} INFO - [2024-11-04T04:16:25.806+0000] {override.py:1900} INFO - Created Permission View: can delete on DAG:dataset_consumes_1_and_2
[2024-11-04T04:16:25.809+0000] {logging_mixin.py:190} INFO - [2024-11-04T04:16:25.809+0000] {override.py:1900} INFO - Created Permission View: can edit on DAG:dataset_consumes_1_and_2
[2024-11-04T04:16:25.814+0000] {logging_mixin.py:190} INFO - [2024-11-04T04:16:25.813+0000] {override.py:1900} INFO - Created Permission View: menu access on DAG Run:dataset_consumes_1_and_2
[2024-11-04T04:16:25.818+0000] {logging_mixin.py:190} INFO - [2024-11-04T04:16:25.818+0000] {override.py:1900} INFO - Created Permission View: can read on DAG Run:dataset_consumes_1_and_2
[2024-11-04T04:16:25.824+0000] {logging_mixin.py:190} INFO - [2024-11-04T04:16:25.824+0000] {override.py:1900} INFO - Created Permission View: can create on DAG Run:dataset_consumes_1_and_2
[2024-11-04T04:16:25.831+0000] {logging_mixin.py:190} INFO - [2024-11-04T04:16:25.831+0000] {override.py:1900} INFO - Created Permission View: can delete on DAG Run:dataset_consumes_1_and_2
[2024-11-04T04:16:25.838+0000] {logging_mixin.py:190} INFO - [2024-11-04T04:16:25.838+0000] {override.py:1900} INFO - Created Permission View: can read on DAG:consume_1_and_2_with_dataset_expressions
[2024-11-04T04:16:25.845+0000] {logging_mixin.py:190} INFO - [2024-11-04T04:16:25.844+0000] {override.py:1900} INFO - Created Permission View: can delete on DAG:consume_1_and_2_with_dataset_expressions
[2024-11-04T04:16:25.848+0000] {logging_mixin.py:190} INFO - [2024-11-04T04:16:25.847+0000] {override.py:1900} INFO - Created Permission View: can edit on DAG:consume_1_and_2_with_dataset_expressions
[2024-11-04T04:16:25.850+0000] {logging_mixin.py:190} INFO - [2024-11-04T04:16:25.850+0000] {override.py:1900} INFO - Created Permission View: menu access on DAG Run:consume_1_and_2_with_dataset_expressions
[2024-11-04T04:16:25.852+0000] {logging_mixin.py:190} INFO - [2024-11-04T04:16:25.852+0000] {override.py:1900} INFO - Created Permission View: can read on DAG Run:consume_1_and_2_with_dataset_expressions
[2024-11-04T04:16:25.855+0000] {logging_mixin.py:190} INFO - [2024-11-04T04:16:25.855+0000] {override.py:1900} INFO - Created Permission View: can create on DAG Run:consume_1_and_2_with_dataset_expressions
[2024-11-04T04:16:25.858+0000] {logging_mixin.py:190} INFO - [2024-11-04T04:16:25.858+0000] {override.py:1900} INFO - Created Permission View: can delete on DAG Run:consume_1_and_2_with_dataset_expressions
[2024-11-04T04:16:25.863+0000] {logging_mixin.py:190} INFO - [2024-11-04T04:16:25.863+0000] {override.py:1900} INFO - Created Permission View: can read on DAG:consume_1_or_both_2_and_3_with_dataset_expressions
[2024-11-04T04:16:25.872+0000] {logging_mixin.py:190} INFO - [2024-11-04T04:16:25.872+0000] {override.py:1900} INFO - Created Permission View: can delete on DAG:consume_1_or_both_2_and_3_with_dataset_expressions
[2024-11-04T04:16:25.876+0000] {logging_mixin.py:190} INFO - [2024-11-04T04:16:25.876+0000] {override.py:1900} INFO - Created Permission View: can edit on DAG:consume_1_or_both_2_and_3_with_dataset_expressions
[2024-11-04T04:16:25.880+0000] {logging_mixin.py:190} INFO - [2024-11-04T04:16:25.880+0000] {override.py:1900} INFO - Created Permission View: menu access on DAG Run:consume_1_or_both_2_and_3_with_dataset_expressions
[2024-11-04T04:16:25.890+0000] {logging_mixin.py:190} INFO - [2024-11-04T04:16:25.890+0000] {override.py:1900} INFO - Created Permission View: can read on DAG Run:consume_1_or_both_2_and_3_with_dataset_expressions
[2024-11-04T04:16:25.902+0000] {logging_mixin.py:190} INFO - [2024-11-04T04:16:25.902+0000] {override.py:1900} INFO - Created Permission View: can create on DAG Run:consume_1_or_both_2_and_3_with_dataset_expressions
[2024-11-04T04:16:25.905+0000] {logging_mixin.py:190} INFO - [2024-11-04T04:16:25.905+0000] {override.py:1900} INFO - Created Permission View: can delete on DAG Run:consume_1_or_both_2_and_3_with_dataset_expressions
[2024-11-04T04:16:25.910+0000] {logging_mixin.py:190} INFO - [2024-11-04T04:16:25.910+0000] {override.py:1900} INFO - Created Permission View: can read on DAG:consume_1_or_2_with_dataset_expressions
[2024-11-04T04:16:25.914+0000] {logging_mixin.py:190} INFO - [2024-11-04T04:16:25.914+0000] {override.py:1900} INFO - Created Permission View: can delete on DAG:consume_1_or_2_with_dataset_expressions
[2024-11-04T04:16:25.920+0000] {logging_mixin.py:190} INFO - [2024-11-04T04:16:25.920+0000] {override.py:1900} INFO - Created Permission View: can edit on DAG:consume_1_or_2_with_dataset_expressions
[2024-11-04T04:16:25.927+0000] {logging_mixin.py:190} INFO - [2024-11-04T04:16:25.927+0000] {override.py:1900} INFO - Created Permission View: menu access on DAG Run:consume_1_or_2_with_dataset_expressions
[2024-11-04T04:16:25.931+0000] {logging_mixin.py:190} INFO - [2024-11-04T04:16:25.930+0000] {override.py:1900} INFO - Created Permission View: can read on DAG Run:consume_1_or_2_with_dataset_expressions
[2024-11-04T04:16:25.935+0000] {logging_mixin.py:190} INFO - [2024-11-04T04:16:25.935+0000] {override.py:1900} INFO - Created Permission View: can create on DAG Run:consume_1_or_2_with_dataset_expressions
[2024-11-04T04:16:25.940+0000] {logging_mixin.py:190} INFO - [2024-11-04T04:16:25.940+0000] {override.py:1900} INFO - Created Permission View: can delete on DAG Run:consume_1_or_2_with_dataset_expressions
[2024-11-04T04:16:25.959+0000] {logging_mixin.py:190} INFO - [2024-11-04T04:16:25.959+0000] {override.py:1900} INFO - Created Permission View: can read on DAG:conditional_dataset_and_time_based_timetable
[2024-11-04T04:16:25.963+0000] {logging_mixin.py:190} INFO - [2024-11-04T04:16:25.963+0000] {override.py:1900} INFO - Created Permission View: can delete on DAG:conditional_dataset_and_time_based_timetable
[2024-11-04T04:16:25.967+0000] {logging_mixin.py:190} INFO - [2024-11-04T04:16:25.967+0000] {override.py:1900} INFO - Created Permission View: can edit on DAG:conditional_dataset_and_time_based_timetable
[2024-11-04T04:16:25.972+0000] {logging_mixin.py:190} INFO - [2024-11-04T04:16:25.972+0000] {override.py:1900} INFO - Created Permission View: menu access on DAG Run:conditional_dataset_and_time_based_timetable
[2024-11-04T04:16:25.976+0000] {logging_mixin.py:190} INFO - [2024-11-04T04:16:25.975+0000] {override.py:1900} INFO - Created Permission View: can read on DAG Run:conditional_dataset_and_time_based_timetable
[2024-11-04T04:16:25.982+0000] {logging_mixin.py:190} INFO - [2024-11-04T04:16:25.982+0000] {override.py:1900} INFO - Created Permission View: can create on DAG Run:conditional_dataset_and_time_based_timetable
[2024-11-04T04:16:25.986+0000] {logging_mixin.py:190} INFO - [2024-11-04T04:16:25.986+0000] {override.py:1900} INFO - Created Permission View: can delete on DAG Run:conditional_dataset_and_time_based_timetable
[2024-11-04T04:16:25.994+0000] {logging_mixin.py:190} INFO - [2024-11-04T04:16:25.994+0000] {override.py:1900} INFO - Created Permission View: can read on DAG:dataset_produces_1
[2024-11-04T04:16:26.000+0000] {logging_mixin.py:190} INFO - [2024-11-04T04:16:26.000+0000] {override.py:1900} INFO - Created Permission View: can delete on DAG:dataset_produces_1
[2024-11-04T04:16:26.005+0000] {logging_mixin.py:190} INFO - [2024-11-04T04:16:26.004+0000] {override.py:1900} INFO - Created Permission View: can edit on DAG:dataset_produces_1
[2024-11-04T04:16:26.007+0000] {logging_mixin.py:190} INFO - [2024-11-04T04:16:26.007+0000] {override.py:1900} INFO - Created Permission View: menu access on DAG Run:dataset_produces_1
[2024-11-04T04:16:26.012+0000] {logging_mixin.py:190} INFO - [2024-11-04T04:16:26.012+0000] {override.py:1900} INFO - Created Permission View: can read on DAG Run:dataset_produces_1
[2024-11-04T04:16:26.021+0000] {logging_mixin.py:190} INFO - [2024-11-04T04:16:26.020+0000] {override.py:1900} INFO - Created Permission View: can create on DAG Run:dataset_produces_1
[2024-11-04T04:16:26.025+0000] {logging_mixin.py:190} INFO - [2024-11-04T04:16:26.024+0000] {override.py:1900} INFO - Created Permission View: can delete on DAG Run:dataset_produces_1
[2024-11-04T04:16:26.030+0000] {logging_mixin.py:190} INFO - [2024-11-04T04:16:26.029+0000] {dag.py:3239} INFO - Sync 10 DAGs
[2024-11-04T04:16:26.039+0000] {logging_mixin.py:190} INFO - [2024-11-04T04:16:26.039+0000] {dag.py:3262} INFO - Creating ORM DAG for dataset_consumes_1_and_2
[2024-11-04T04:16:26.040+0000] {logging_mixin.py:190} INFO - [2024-11-04T04:16:26.040+0000] {dag.py:3262} INFO - Creating ORM DAG for dataset_produces_2
[2024-11-04T04:16:26.041+0000] {logging_mixin.py:190} INFO - [2024-11-04T04:16:26.041+0000] {dag.py:3262} INFO - Creating ORM DAG for dataset_consumes_unknown_never_scheduled
[2024-11-04T04:16:26.042+0000] {logging_mixin.py:190} INFO - [2024-11-04T04:16:26.042+0000] {dag.py:3262} INFO - Creating ORM DAG for consume_1_or_2_with_dataset_expressions
[2024-11-04T04:16:26.042+0000] {logging_mixin.py:190} INFO - [2024-11-04T04:16:26.042+0000] {dag.py:3262} INFO - Creating ORM DAG for conditional_dataset_and_time_based_timetable
[2024-11-04T04:16:26.043+0000] {logging_mixin.py:190} INFO - [2024-11-04T04:16:26.042+0000] {dag.py:3262} INFO - Creating ORM DAG for dataset_produces_1
[2024-11-04T04:16:26.044+0000] {logging_mixin.py:190} INFO - [2024-11-04T04:16:26.044+0000] {dag.py:3262} INFO - Creating ORM DAG for dataset_consumes_1
[2024-11-04T04:16:26.044+0000] {logging_mixin.py:190} INFO - [2024-11-04T04:16:26.044+0000] {dag.py:3262} INFO - Creating ORM DAG for dataset_consumes_1_never_scheduled
[2024-11-04T04:16:26.051+0000] {logging_mixin.py:190} INFO - [2024-11-04T04:16:26.051+0000] {dag.py:3262} INFO - Creating ORM DAG for consume_1_and_2_with_dataset_expressions
[2024-11-04T04:16:26.052+0000] {logging_mixin.py:190} INFO - [2024-11-04T04:16:26.052+0000] {dag.py:3262} INFO - Creating ORM DAG for consume_1_or_both_2_and_3_with_dataset_expressions
[2024-11-04T04:16:26.060+0000] {logging_mixin.py:190} INFO - [2024-11-04T04:16:26.060+0000] {dag.py:4180} INFO - Setting next_dagrun for conditional_dataset_and_time_based_timetable to 2024-10-30 01:00:00+00:00, run_after=2024-10-30 01:00:00+00:00
[2024-11-04T04:16:26.061+0000] {logging_mixin.py:190} INFO - [2024-11-04T04:16:26.061+0000] {dag.py:4180} INFO - Setting next_dagrun for consume_1_and_2_with_dataset_expressions to None, run_after=None
[2024-11-04T04:16:26.061+0000] {logging_mixin.py:190} INFO - [2024-11-04T04:16:26.061+0000] {dag.py:4180} INFO - Setting next_dagrun for consume_1_or_2_with_dataset_expressions to None, run_after=None
[2024-11-04T04:16:26.061+0000] {logging_mixin.py:190} INFO - [2024-11-04T04:16:26.061+0000] {dag.py:4180} INFO - Setting next_dagrun for consume_1_or_both_2_and_3_with_dataset_expressions to None, run_after=None
[2024-11-04T04:16:26.061+0000] {logging_mixin.py:190} INFO - [2024-11-04T04:16:26.061+0000] {dag.py:4180} INFO - Setting next_dagrun for dataset_consumes_1 to None, run_after=None
[2024-11-04T04:16:26.062+0000] {logging_mixin.py:190} INFO - [2024-11-04T04:16:26.062+0000] {dag.py:4180} INFO - Setting next_dagrun for dataset_consumes_1_and_2 to None, run_after=None
[2024-11-04T04:16:26.062+0000] {logging_mixin.py:190} INFO - [2024-11-04T04:16:26.062+0000] {dag.py:4180} INFO - Setting next_dagrun for dataset_consumes_1_never_scheduled to None, run_after=None
[2024-11-04T04:16:26.062+0000] {logging_mixin.py:190} INFO - [2024-11-04T04:16:26.062+0000] {dag.py:4180} INFO - Setting next_dagrun for dataset_consumes_unknown_never_scheduled to None, run_after=None
[2024-11-04T04:16:26.063+0000] {logging_mixin.py:190} INFO - [2024-11-04T04:16:26.063+0000] {dag.py:4180} INFO - Setting next_dagrun for dataset_produces_1 to 2024-11-03 00:00:00+00:00, run_after=2024-11-04 00:00:00+00:00
[2024-11-04T04:16:26.063+0000] {logging_mixin.py:190} INFO - [2024-11-04T04:16:26.063+0000] {dag.py:4180} INFO - Setting next_dagrun for dataset_produces_2 to None, run_after=None
[2024-11-04T04:16:26.083+0000] {processor.py:208} INFO - Processing /home/airflow/.local/lib/python3.12/site-packages/airflow/example_dags/example_datasets.py took 0.940 seconds
[2024-11-04T04:16:56.104+0000] {processor.py:186} INFO - Started process (PID=107) to work on /home/airflow/.local/lib/python3.12/site-packages/airflow/example_dags/example_datasets.py
[2024-11-04T04:16:56.105+0000] {processor.py:914} INFO - Processing file /home/airflow/.local/lib/python3.12/site-packages/airflow/example_dags/example_datasets.py for tasks to queue
[2024-11-04T04:16:56.112+0000] {logging_mixin.py:190} INFO - [2024-11-04T04:16:56.112+0000] {dagbag.py:588} INFO - Filling up the DagBag from /home/airflow/.local/lib/python3.12/site-packages/airflow/example_dags/example_datasets.py
[2024-11-04T04:16:56.203+0000] {processor.py:925} INFO - DAG(s) 'dataset_consumes_1', 'consume_1_or_2_with_dataset_expressions', 'dataset_produces_1', 'conditional_dataset_and_time_based_timetable', 'dataset_consumes_unknown_never_scheduled', 'consume_1_and_2_with_dataset_expressions', 'consume_1_or_both_2_and_3_with_dataset_expressions', 'dataset_consumes_1_and_2', 'dataset_consumes_1_never_scheduled', 'dataset_produces_2' retrieved from /home/airflow/.local/lib/python3.12/site-packages/airflow/example_dags/example_datasets.py
[2024-11-04T04:16:56.226+0000] {logging_mixin.py:190} INFO - [2024-11-04T04:16:56.226+0000] {dag.py:3239} INFO - Sync 10 DAGs
[2024-11-04T04:16:56.245+0000] {logging_mixin.py:190} INFO - [2024-11-04T04:16:56.245+0000] {dag.py:4180} INFO - Setting next_dagrun for conditional_dataset_and_time_based_timetable to 2024-10-30 01:00:00+00:00, run_after=2024-10-30 01:00:00+00:00
[2024-11-04T04:16:56.251+0000] {logging_mixin.py:190} INFO - [2024-11-04T04:16:56.250+0000] {dag.py:4180} INFO - Setting next_dagrun for consume_1_and_2_with_dataset_expressions to None, run_after=None
[2024-11-04T04:16:56.252+0000] {logging_mixin.py:190} INFO - [2024-11-04T04:16:56.252+0000] {dag.py:4180} INFO - Setting next_dagrun for consume_1_or_2_with_dataset_expressions to None, run_after=None
[2024-11-04T04:16:56.252+0000] {logging_mixin.py:190} INFO - [2024-11-04T04:16:56.252+0000] {dag.py:4180} INFO - Setting next_dagrun for consume_1_or_both_2_and_3_with_dataset_expressions to None, run_after=None
[2024-11-04T04:16:56.253+0000] {logging_mixin.py:190} INFO - [2024-11-04T04:16:56.253+0000] {dag.py:4180} INFO - Setting next_dagrun for dataset_consumes_1 to None, run_after=None
[2024-11-04T04:16:56.254+0000] {logging_mixin.py:190} INFO - [2024-11-04T04:16:56.254+0000] {dag.py:4180} INFO - Setting next_dagrun for dataset_consumes_1_and_2 to None, run_after=None
[2024-11-04T04:16:56.254+0000] {logging_mixin.py:190} INFO - [2024-11-04T04:16:56.254+0000] {dag.py:4180} INFO - Setting next_dagrun for dataset_consumes_1_never_scheduled to None, run_after=None
[2024-11-04T04:16:56.256+0000] {logging_mixin.py:190} INFO - [2024-11-04T04:16:56.256+0000] {dag.py:4180} INFO - Setting next_dagrun for dataset_consumes_unknown_never_scheduled to None, run_after=None
[2024-11-04T04:16:56.257+0000] {logging_mixin.py:190} INFO - [2024-11-04T04:16:56.257+0000] {dag.py:4180} INFO - Setting next_dagrun for dataset_produces_1 to 2024-11-03 00:00:00+00:00, run_after=2024-11-04 00:00:00+00:00
[2024-11-04T04:16:56.260+0000] {logging_mixin.py:190} INFO - [2024-11-04T04:16:56.260+0000] {dag.py:4180} INFO - Setting next_dagrun for dataset_produces_2 to None, run_after=None
[2024-11-04T04:16:56.285+0000] {processor.py:208} INFO - Processing /home/airflow/.local/lib/python3.12/site-packages/airflow/example_dags/example_datasets.py took 0.184 seconds
[2024-11-04T04:17:26.644+0000] {processor.py:186} INFO - Started process (PID=169) to work on /home/airflow/.local/lib/python3.12/site-packages/airflow/example_dags/example_datasets.py
[2024-11-04T04:17:26.645+0000] {processor.py:914} INFO - Processing file /home/airflow/.local/lib/python3.12/site-packages/airflow/example_dags/example_datasets.py for tasks to queue
[2024-11-04T04:17:26.649+0000] {logging_mixin.py:190} INFO - [2024-11-04T04:17:26.648+0000] {dagbag.py:588} INFO - Filling up the DagBag from /home/airflow/.local/lib/python3.12/site-packages/airflow/example_dags/example_datasets.py
[2024-11-04T04:17:26.796+0000] {processor.py:925} INFO - DAG(s) 'consume_1_or_both_2_and_3_with_dataset_expressions', 'consume_1_or_2_with_dataset_expressions', 'conditional_dataset_and_time_based_timetable', 'dataset_consumes_1_never_scheduled', 'dataset_consumes_1_and_2', 'dataset_produces_2', 'consume_1_and_2_with_dataset_expressions', 'dataset_consumes_1', 'dataset_produces_1', 'dataset_consumes_unknown_never_scheduled' retrieved from /home/airflow/.local/lib/python3.12/site-packages/airflow/example_dags/example_datasets.py
[2024-11-04T04:17:26.828+0000] {logging_mixin.py:190} INFO - [2024-11-04T04:17:26.828+0000] {dag.py:3239} INFO - Sync 10 DAGs
[2024-11-04T04:17:26.850+0000] {logging_mixin.py:190} INFO - [2024-11-04T04:17:26.850+0000] {dag.py:4180} INFO - Setting next_dagrun for conditional_dataset_and_time_based_timetable to 2024-10-30 01:00:00+00:00, run_after=2024-10-30 01:00:00+00:00
[2024-11-04T04:17:26.854+0000] {logging_mixin.py:190} INFO - [2024-11-04T04:17:26.853+0000] {dag.py:4180} INFO - Setting next_dagrun for consume_1_and_2_with_dataset_expressions to None, run_after=None
[2024-11-04T04:17:26.855+0000] {logging_mixin.py:190} INFO - [2024-11-04T04:17:26.855+0000] {dag.py:4180} INFO - Setting next_dagrun for consume_1_or_2_with_dataset_expressions to None, run_after=None
[2024-11-04T04:17:26.856+0000] {logging_mixin.py:190} INFO - [2024-11-04T04:17:26.856+0000] {dag.py:4180} INFO - Setting next_dagrun for consume_1_or_both_2_and_3_with_dataset_expressions to None, run_after=None
[2024-11-04T04:17:26.858+0000] {logging_mixin.py:190} INFO - [2024-11-04T04:17:26.858+0000] {dag.py:4180} INFO - Setting next_dagrun for dataset_consumes_1 to None, run_after=None
[2024-11-04T04:17:26.863+0000] {logging_mixin.py:190} INFO - [2024-11-04T04:17:26.863+0000] {dag.py:4180} INFO - Setting next_dagrun for dataset_consumes_1_and_2 to None, run_after=None
[2024-11-04T04:17:26.865+0000] {logging_mixin.py:190} INFO - [2024-11-04T04:17:26.865+0000] {dag.py:4180} INFO - Setting next_dagrun for dataset_consumes_1_never_scheduled to None, run_after=None
[2024-11-04T04:17:26.865+0000] {logging_mixin.py:190} INFO - [2024-11-04T04:17:26.865+0000] {dag.py:4180} INFO - Setting next_dagrun for dataset_consumes_unknown_never_scheduled to None, run_after=None
[2024-11-04T04:17:26.867+0000] {logging_mixin.py:190} INFO - [2024-11-04T04:17:26.867+0000] {dag.py:4180} INFO - Setting next_dagrun for dataset_produces_1 to 2024-11-03 00:00:00+00:00, run_after=2024-11-04 00:00:00+00:00
[2024-11-04T04:17:26.869+0000] {logging_mixin.py:190} INFO - [2024-11-04T04:17:26.869+0000] {dag.py:4180} INFO - Setting next_dagrun for dataset_produces_2 to None, run_after=None
[2024-11-04T04:17:26.891+0000] {processor.py:208} INFO - Processing /home/airflow/.local/lib/python3.12/site-packages/airflow/example_dags/example_datasets.py took 0.259 seconds
[2024-11-04T04:17:57.436+0000] {processor.py:186} INFO - Started process (PID=237) to work on /home/airflow/.local/lib/python3.12/site-packages/airflow/example_dags/example_datasets.py
[2024-11-04T04:17:57.437+0000] {processor.py:914} INFO - Processing file /home/airflow/.local/lib/python3.12/site-packages/airflow/example_dags/example_datasets.py for tasks to queue
[2024-11-04T04:17:57.441+0000] {logging_mixin.py:190} INFO - [2024-11-04T04:17:57.440+0000] {dagbag.py:588} INFO - Filling up the DagBag from /home/airflow/.local/lib/python3.12/site-packages/airflow/example_dags/example_datasets.py
[2024-11-04T04:17:57.535+0000] {processor.py:925} INFO - DAG(s) 'dataset_consumes_1_never_scheduled', 'dataset_consumes_1_and_2', 'dataset_consumes_unknown_never_scheduled', 'consume_1_or_both_2_and_3_with_dataset_expressions', 'conditional_dataset_and_time_based_timetable', 'dataset_produces_2', 'consume_1_or_2_with_dataset_expressions', 'dataset_produces_1', 'dataset_consumes_1', 'consume_1_and_2_with_dataset_expressions' retrieved from /home/airflow/.local/lib/python3.12/site-packages/airflow/example_dags/example_datasets.py
[2024-11-04T04:17:57.562+0000] {logging_mixin.py:190} INFO - [2024-11-04T04:17:57.562+0000] {dag.py:3239} INFO - Sync 10 DAGs
[2024-11-04T04:17:57.577+0000] {logging_mixin.py:190} INFO - [2024-11-04T04:17:57.577+0000] {dag.py:4180} INFO - Setting next_dagrun for conditional_dataset_and_time_based_timetable to 2024-10-30 01:00:00+00:00, run_after=2024-10-30 01:00:00+00:00
[2024-11-04T04:17:57.580+0000] {logging_mixin.py:190} INFO - [2024-11-04T04:17:57.580+0000] {dag.py:4180} INFO - Setting next_dagrun for consume_1_and_2_with_dataset_expressions to None, run_after=None
[2024-11-04T04:17:57.583+0000] {logging_mixin.py:190} INFO - [2024-11-04T04:17:57.582+0000] {dag.py:4180} INFO - Setting next_dagrun for consume_1_or_2_with_dataset_expressions to None, run_after=None
[2024-11-04T04:17:57.583+0000] {logging_mixin.py:190} INFO - [2024-11-04T04:17:57.583+0000] {dag.py:4180} INFO - Setting next_dagrun for consume_1_or_both_2_and_3_with_dataset_expressions to None, run_after=None
[2024-11-04T04:17:57.584+0000] {logging_mixin.py:190} INFO - [2024-11-04T04:17:57.584+0000] {dag.py:4180} INFO - Setting next_dagrun for dataset_consumes_1 to None, run_after=None
[2024-11-04T04:17:57.584+0000] {logging_mixin.py:190} INFO - [2024-11-04T04:17:57.584+0000] {dag.py:4180} INFO - Setting next_dagrun for dataset_consumes_1_and_2 to None, run_after=None
[2024-11-04T04:17:57.586+0000] {logging_mixin.py:190} INFO - [2024-11-04T04:17:57.586+0000] {dag.py:4180} INFO - Setting next_dagrun for dataset_consumes_1_never_scheduled to None, run_after=None
[2024-11-04T04:17:57.587+0000] {logging_mixin.py:190} INFO - [2024-11-04T04:17:57.587+0000] {dag.py:4180} INFO - Setting next_dagrun for dataset_consumes_unknown_never_scheduled to None, run_after=None
[2024-11-04T04:17:57.588+0000] {logging_mixin.py:190} INFO - [2024-11-04T04:17:57.588+0000] {dag.py:4180} INFO - Setting next_dagrun for dataset_produces_1 to 2024-11-03 00:00:00+00:00, run_after=2024-11-04 00:00:00+00:00
[2024-11-04T04:17:57.590+0000] {logging_mixin.py:190} INFO - [2024-11-04T04:17:57.589+0000] {dag.py:4180} INFO - Setting next_dagrun for dataset_produces_2 to None, run_after=None
[2024-11-04T04:17:57.607+0000] {processor.py:208} INFO - Processing /home/airflow/.local/lib/python3.12/site-packages/airflow/example_dags/example_datasets.py took 0.175 seconds
[2024-11-04T04:18:27.863+0000] {processor.py:186} INFO - Started process (PID=299) to work on /home/airflow/.local/lib/python3.12/site-packages/airflow/example_dags/example_datasets.py
[2024-11-04T04:18:27.866+0000] {processor.py:914} INFO - Processing file /home/airflow/.local/lib/python3.12/site-packages/airflow/example_dags/example_datasets.py for tasks to queue
[2024-11-04T04:18:27.871+0000] {logging_mixin.py:190} INFO - [2024-11-04T04:18:27.871+0000] {dagbag.py:588} INFO - Filling up the DagBag from /home/airflow/.local/lib/python3.12/site-packages/airflow/example_dags/example_datasets.py
[2024-11-04T04:18:27.978+0000] {processor.py:925} INFO - DAG(s) 'dataset_consumes_1_never_scheduled', 'dataset_consumes_1_and_2', 'dataset_consumes_1', 'consume_1_or_both_2_and_3_with_dataset_expressions', 'conditional_dataset_and_time_based_timetable', 'dataset_produces_1', 'consume_1_and_2_with_dataset_expressions', 'consume_1_or_2_with_dataset_expressions', 'dataset_consumes_unknown_never_scheduled', 'dataset_produces_2' retrieved from /home/airflow/.local/lib/python3.12/site-packages/airflow/example_dags/example_datasets.py
[2024-11-04T04:18:28.005+0000] {logging_mixin.py:190} INFO - [2024-11-04T04:18:28.005+0000] {dag.py:3239} INFO - Sync 10 DAGs
[2024-11-04T04:18:28.026+0000] {logging_mixin.py:190} INFO - [2024-11-04T04:18:28.026+0000] {dag.py:4180} INFO - Setting next_dagrun for conditional_dataset_and_time_based_timetable to 2024-10-30 01:00:00+00:00, run_after=2024-10-30 01:00:00+00:00
[2024-11-04T04:18:28.028+0000] {logging_mixin.py:190} INFO - [2024-11-04T04:18:28.028+0000] {dag.py:4180} INFO - Setting next_dagrun for consume_1_and_2_with_dataset_expressions to None, run_after=None
[2024-11-04T04:18:28.029+0000] {logging_mixin.py:190} INFO - [2024-11-04T04:18:28.029+0000] {dag.py:4180} INFO - Setting next_dagrun for consume_1_or_2_with_dataset_expressions to None, run_after=None
[2024-11-04T04:18:28.031+0000] {logging_mixin.py:190} INFO - [2024-11-04T04:18:28.031+0000] {dag.py:4180} INFO - Setting next_dagrun for consume_1_or_both_2_and_3_with_dataset_expressions to None, run_after=None
[2024-11-04T04:18:28.034+0000] {logging_mixin.py:190} INFO - [2024-11-04T04:18:28.033+0000] {dag.py:4180} INFO - Setting next_dagrun for dataset_consumes_1 to None, run_after=None
[2024-11-04T04:18:28.035+0000] {logging_mixin.py:190} INFO - [2024-11-04T04:18:28.035+0000] {dag.py:4180} INFO - Setting next_dagrun for dataset_consumes_1_and_2 to None, run_after=None
[2024-11-04T04:18:28.037+0000] {logging_mixin.py:190} INFO - [2024-11-04T04:18:28.037+0000] {dag.py:4180} INFO - Setting next_dagrun for dataset_consumes_1_never_scheduled to None, run_after=None
[2024-11-04T04:18:28.038+0000] {logging_mixin.py:190} INFO - [2024-11-04T04:18:28.038+0000] {dag.py:4180} INFO - Setting next_dagrun for dataset_consumes_unknown_never_scheduled to None, run_after=None
[2024-11-04T04:18:28.039+0000] {logging_mixin.py:190} INFO - [2024-11-04T04:18:28.039+0000] {dag.py:4180} INFO - Setting next_dagrun for dataset_produces_1 to 2024-11-03 00:00:00+00:00, run_after=2024-11-04 00:00:00+00:00
[2024-11-04T04:18:28.040+0000] {logging_mixin.py:190} INFO - [2024-11-04T04:18:28.040+0000] {dag.py:4180} INFO - Setting next_dagrun for dataset_produces_2 to None, run_after=None
[2024-11-04T04:18:28.066+0000] {processor.py:208} INFO - Processing /home/airflow/.local/lib/python3.12/site-packages/airflow/example_dags/example_datasets.py took 0.211 seconds
[2024-11-04T04:18:58.604+0000] {processor.py:186} INFO - Started process (PID=361) to work on /home/airflow/.local/lib/python3.12/site-packages/airflow/example_dags/example_datasets.py
[2024-11-04T04:18:58.607+0000] {processor.py:914} INFO - Processing file /home/airflow/.local/lib/python3.12/site-packages/airflow/example_dags/example_datasets.py for tasks to queue
[2024-11-04T04:18:58.611+0000] {logging_mixin.py:190} INFO - [2024-11-04T04:18:58.610+0000] {dagbag.py:588} INFO - Filling up the DagBag from /home/airflow/.local/lib/python3.12/site-packages/airflow/example_dags/example_datasets.py
[2024-11-04T04:18:58.696+0000] {processor.py:925} INFO - DAG(s) 'dataset_produces_1', 'dataset_consumes_unknown_never_scheduled', 'dataset_consumes_1_and_2', 'dataset_consumes_1', 'consume_1_or_2_with_dataset_expressions', 'consume_1_or_both_2_and_3_with_dataset_expressions', 'consume_1_and_2_with_dataset_expressions', 'conditional_dataset_and_time_based_timetable', 'dataset_consumes_1_never_scheduled', 'dataset_produces_2' retrieved from /home/airflow/.local/lib/python3.12/site-packages/airflow/example_dags/example_datasets.py
[2024-11-04T04:18:58.718+0000] {logging_mixin.py:190} INFO - [2024-11-04T04:18:58.718+0000] {dag.py:3239} INFO - Sync 10 DAGs
[2024-11-04T04:18:58.734+0000] {logging_mixin.py:190} INFO - [2024-11-04T04:18:58.734+0000] {dag.py:4180} INFO - Setting next_dagrun for conditional_dataset_and_time_based_timetable to 2024-10-30 01:00:00+00:00, run_after=2024-10-30 01:00:00+00:00
[2024-11-04T04:18:58.737+0000] {logging_mixin.py:190} INFO - [2024-11-04T04:18:58.737+0000] {dag.py:4180} INFO - Setting next_dagrun for consume_1_and_2_with_dataset_expressions to None, run_after=None
[2024-11-04T04:18:58.741+0000] {logging_mixin.py:190} INFO - [2024-11-04T04:18:58.741+0000] {dag.py:4180} INFO - Setting next_dagrun for consume_1_or_2_with_dataset_expressions to None, run_after=None
[2024-11-04T04:18:58.741+0000] {logging_mixin.py:190} INFO - [2024-11-04T04:18:58.741+0000] {dag.py:4180} INFO - Setting next_dagrun for consume_1_or_both_2_and_3_with_dataset_expressions to None, run_after=None
[2024-11-04T04:18:58.742+0000] {logging_mixin.py:190} INFO - [2024-11-04T04:18:58.742+0000] {dag.py:4180} INFO - Setting next_dagrun for dataset_consumes_1 to None, run_after=None
[2024-11-04T04:18:58.742+0000] {logging_mixin.py:190} INFO - [2024-11-04T04:18:58.742+0000] {dag.py:4180} INFO - Setting next_dagrun for dataset_consumes_1_and_2 to None, run_after=None
[2024-11-04T04:18:58.744+0000] {logging_mixin.py:190} INFO - [2024-11-04T04:18:58.744+0000] {dag.py:4180} INFO - Setting next_dagrun for dataset_consumes_1_never_scheduled to None, run_after=None
[2024-11-04T04:18:58.745+0000] {logging_mixin.py:190} INFO - [2024-11-04T04:18:58.745+0000] {dag.py:4180} INFO - Setting next_dagrun for dataset_consumes_unknown_never_scheduled to None, run_after=None
[2024-11-04T04:18:58.747+0000] {logging_mixin.py:190} INFO - [2024-11-04T04:18:58.746+0000] {dag.py:4180} INFO - Setting next_dagrun for dataset_produces_1 to 2024-11-03 00:00:00+00:00, run_after=2024-11-04 00:00:00+00:00
[2024-11-04T04:18:58.748+0000] {logging_mixin.py:190} INFO - [2024-11-04T04:18:58.747+0000] {dag.py:4180} INFO - Setting next_dagrun for dataset_produces_2 to None, run_after=None
[2024-11-04T04:18:58.764+0000] {processor.py:208} INFO - Processing /home/airflow/.local/lib/python3.12/site-packages/airflow/example_dags/example_datasets.py took 0.164 seconds
[2024-11-04T04:19:29.115+0000] {processor.py:186} INFO - Started process (PID=423) to work on /home/airflow/.local/lib/python3.12/site-packages/airflow/example_dags/example_datasets.py
[2024-11-04T04:19:29.118+0000] {processor.py:914} INFO - Processing file /home/airflow/.local/lib/python3.12/site-packages/airflow/example_dags/example_datasets.py for tasks to queue
[2024-11-04T04:19:29.120+0000] {logging_mixin.py:190} INFO - [2024-11-04T04:19:29.119+0000] {dagbag.py:588} INFO - Filling up the DagBag from /home/airflow/.local/lib/python3.12/site-packages/airflow/example_dags/example_datasets.py
[2024-11-04T04:19:29.202+0000] {processor.py:925} INFO - DAG(s) 'consume_1_or_2_with_dataset_expressions', 'dataset_produces_2', 'consume_1_or_both_2_and_3_with_dataset_expressions', 'conditional_dataset_and_time_based_timetable', 'consume_1_and_2_with_dataset_expressions', 'dataset_consumes_1_and_2', 'dataset_consumes_1_never_scheduled', 'dataset_consumes_1', 'dataset_consumes_unknown_never_scheduled', 'dataset_produces_1' retrieved from /home/airflow/.local/lib/python3.12/site-packages/airflow/example_dags/example_datasets.py
[2024-11-04T04:19:29.225+0000] {logging_mixin.py:190} INFO - [2024-11-04T04:19:29.225+0000] {dag.py:3239} INFO - Sync 10 DAGs
[2024-11-04T04:19:29.239+0000] {logging_mixin.py:190} INFO - [2024-11-04T04:19:29.239+0000] {dag.py:4180} INFO - Setting next_dagrun for conditional_dataset_and_time_based_timetable to 2024-10-30 01:00:00+00:00, run_after=2024-10-30 01:00:00+00:00
[2024-11-04T04:19:29.242+0000] {logging_mixin.py:190} INFO - [2024-11-04T04:19:29.242+0000] {dag.py:4180} INFO - Setting next_dagrun for consume_1_and_2_with_dataset_expressions to None, run_after=None
[2024-11-04T04:19:29.244+0000] {logging_mixin.py:190} INFO - [2024-11-04T04:19:29.244+0000] {dag.py:4180} INFO - Setting next_dagrun for consume_1_or_2_with_dataset_expressions to None, run_after=None
[2024-11-04T04:19:29.247+0000] {logging_mixin.py:190} INFO - [2024-11-04T04:19:29.247+0000] {dag.py:4180} INFO - Setting next_dagrun for consume_1_or_both_2_and_3_with_dataset_expressions to None, run_after=None
[2024-11-04T04:19:29.248+0000] {logging_mixin.py:190} INFO - [2024-11-04T04:19:29.248+0000] {dag.py:4180} INFO - Setting next_dagrun for dataset_consumes_1 to None, run_after=None
[2024-11-04T04:19:29.248+0000] {logging_mixin.py:190} INFO - [2024-11-04T04:19:29.248+0000] {dag.py:4180} INFO - Setting next_dagrun for dataset_consumes_1_and_2 to None, run_after=None
[2024-11-04T04:19:29.249+0000] {logging_mixin.py:190} INFO - [2024-11-04T04:19:29.249+0000] {dag.py:4180} INFO - Setting next_dagrun for dataset_consumes_1_never_scheduled to None, run_after=None
[2024-11-04T04:19:29.253+0000] {logging_mixin.py:190} INFO - [2024-11-04T04:19:29.253+0000] {dag.py:4180} INFO - Setting next_dagrun for dataset_consumes_unknown_never_scheduled to None, run_after=None
[2024-11-04T04:19:29.254+0000] {logging_mixin.py:190} INFO - [2024-11-04T04:19:29.254+0000] {dag.py:4180} INFO - Setting next_dagrun for dataset_produces_1 to 2024-11-03 00:00:00+00:00, run_after=2024-11-04 00:00:00+00:00
[2024-11-04T04:19:29.256+0000] {logging_mixin.py:190} INFO - [2024-11-04T04:19:29.256+0000] {dag.py:4180} INFO - Setting next_dagrun for dataset_produces_2 to None, run_after=None
[2024-11-04T04:19:29.284+0000] {processor.py:208} INFO - Processing /home/airflow/.local/lib/python3.12/site-packages/airflow/example_dags/example_datasets.py took 0.175 seconds
[2024-11-04T04:19:59.545+0000] {processor.py:186} INFO - Started process (PID=485) to work on /home/airflow/.local/lib/python3.12/site-packages/airflow/example_dags/example_datasets.py
[2024-11-04T04:19:59.548+0000] {processor.py:914} INFO - Processing file /home/airflow/.local/lib/python3.12/site-packages/airflow/example_dags/example_datasets.py for tasks to queue
[2024-11-04T04:19:59.552+0000] {logging_mixin.py:190} INFO - [2024-11-04T04:19:59.552+0000] {dagbag.py:588} INFO - Filling up the DagBag from /home/airflow/.local/lib/python3.12/site-packages/airflow/example_dags/example_datasets.py
[2024-11-04T04:19:59.650+0000] {processor.py:925} INFO - DAG(s) 'dataset_consumes_unknown_never_scheduled', 'dataset_produces_2', 'consume_1_and_2_with_dataset_expressions', 'dataset_consumes_1_and_2', 'consume_1_or_2_with_dataset_expressions', 'dataset_consumes_1', 'dataset_consumes_1_never_scheduled', 'dataset_produces_1', 'consume_1_or_both_2_and_3_with_dataset_expressions', 'conditional_dataset_and_time_based_timetable' retrieved from /home/airflow/.local/lib/python3.12/site-packages/airflow/example_dags/example_datasets.py
[2024-11-04T04:19:59.673+0000] {logging_mixin.py:190} INFO - [2024-11-04T04:19:59.673+0000] {dag.py:3239} INFO - Sync 10 DAGs
[2024-11-04T04:19:59.686+0000] {logging_mixin.py:190} INFO - [2024-11-04T04:19:59.686+0000] {dag.py:4180} INFO - Setting next_dagrun for conditional_dataset_and_time_based_timetable to 2024-10-30 01:00:00+00:00, run_after=2024-10-30 01:00:00+00:00
[2024-11-04T04:19:59.691+0000] {logging_mixin.py:190} INFO - [2024-11-04T04:19:59.691+0000] {dag.py:4180} INFO - Setting next_dagrun for consume_1_and_2_with_dataset_expressions to None, run_after=None
[2024-11-04T04:19:59.693+0000] {logging_mixin.py:190} INFO - [2024-11-04T04:19:59.693+0000] {dag.py:4180} INFO - Setting next_dagrun for consume_1_or_2_with_dataset_expressions to None, run_after=None
[2024-11-04T04:19:59.694+0000] {logging_mixin.py:190} INFO - [2024-11-04T04:19:59.694+0000] {dag.py:4180} INFO - Setting next_dagrun for consume_1_or_both_2_and_3_with_dataset_expressions to None, run_after=None
[2024-11-04T04:19:59.695+0000] {logging_mixin.py:190} INFO - [2024-11-04T04:19:59.695+0000] {dag.py:4180} INFO - Setting next_dagrun for dataset_consumes_1 to None, run_after=None
[2024-11-04T04:19:59.697+0000] {logging_mixin.py:190} INFO - [2024-11-04T04:19:59.696+0000] {dag.py:4180} INFO - Setting next_dagrun for dataset_consumes_1_and_2 to None, run_after=None
[2024-11-04T04:19:59.699+0000] {logging_mixin.py:190} INFO - [2024-11-04T04:19:59.699+0000] {dag.py:4180} INFO - Setting next_dagrun for dataset_consumes_1_never_scheduled to None, run_after=None
[2024-11-04T04:19:59.704+0000] {logging_mixin.py:190} INFO - [2024-11-04T04:19:59.704+0000] {dag.py:4180} INFO - Setting next_dagrun for dataset_consumes_unknown_never_scheduled to None, run_after=None
[2024-11-04T04:19:59.708+0000] {logging_mixin.py:190} INFO - [2024-11-04T04:19:59.708+0000] {dag.py:4180} INFO - Setting next_dagrun for dataset_produces_1 to 2024-11-03 00:00:00+00:00, run_after=2024-11-04 00:00:00+00:00
[2024-11-04T04:19:59.710+0000] {logging_mixin.py:190} INFO - [2024-11-04T04:19:59.710+0000] {dag.py:4180} INFO - Setting next_dagrun for dataset_produces_2 to None, run_after=None
[2024-11-04T04:19:59.732+0000] {processor.py:208} INFO - Processing /home/airflow/.local/lib/python3.12/site-packages/airflow/example_dags/example_datasets.py took 0.192 seconds
[2024-11-04T04:20:30.058+0000] {processor.py:186} INFO - Started process (PID=547) to work on /home/airflow/.local/lib/python3.12/site-packages/airflow/example_dags/example_datasets.py
[2024-11-04T04:20:30.059+0000] {processor.py:914} INFO - Processing file /home/airflow/.local/lib/python3.12/site-packages/airflow/example_dags/example_datasets.py for tasks to queue
[2024-11-04T04:20:30.061+0000] {logging_mixin.py:190} INFO - [2024-11-04T04:20:30.061+0000] {dagbag.py:588} INFO - Filling up the DagBag from /home/airflow/.local/lib/python3.12/site-packages/airflow/example_dags/example_datasets.py
[2024-11-04T04:20:30.159+0000] {processor.py:925} INFO - DAG(s) 'dataset_consumes_1', 'dataset_consumes_1_never_scheduled', 'consume_1_or_both_2_and_3_with_dataset_expressions', 'dataset_produces_1', 'dataset_produces_2', 'dataset_consumes_unknown_never_scheduled', 'conditional_dataset_and_time_based_timetable', 'consume_1_or_2_with_dataset_expressions', 'dataset_consumes_1_and_2', 'consume_1_and_2_with_dataset_expressions' retrieved from /home/airflow/.local/lib/python3.12/site-packages/airflow/example_dags/example_datasets.py
[2024-11-04T04:20:30.185+0000] {logging_mixin.py:190} INFO - [2024-11-04T04:20:30.185+0000] {dag.py:3239} INFO - Sync 10 DAGs
[2024-11-04T04:20:30.202+0000] {logging_mixin.py:190} INFO - [2024-11-04T04:20:30.202+0000] {dag.py:4180} INFO - Setting next_dagrun for conditional_dataset_and_time_based_timetable to 2024-10-30 01:00:00+00:00, run_after=2024-10-30 01:00:00+00:00
[2024-11-04T04:20:30.205+0000] {logging_mixin.py:190} INFO - [2024-11-04T04:20:30.205+0000] {dag.py:4180} INFO - Setting next_dagrun for consume_1_and_2_with_dataset_expressions to None, run_after=None
[2024-11-04T04:20:30.207+0000] {logging_mixin.py:190} INFO - [2024-11-04T04:20:30.207+0000] {dag.py:4180} INFO - Setting next_dagrun for consume_1_or_2_with_dataset_expressions to None, run_after=None
[2024-11-04T04:20:30.209+0000] {logging_mixin.py:190} INFO - [2024-11-04T04:20:30.209+0000] {dag.py:4180} INFO - Setting next_dagrun for consume_1_or_both_2_and_3_with_dataset_expressions to None, run_after=None
[2024-11-04T04:20:30.212+0000] {logging_mixin.py:190} INFO - [2024-11-04T04:20:30.211+0000] {dag.py:4180} INFO - Setting next_dagrun for dataset_consumes_1 to None, run_after=None
[2024-11-04T04:20:30.213+0000] {logging_mixin.py:190} INFO - [2024-11-04T04:20:30.213+0000] {dag.py:4180} INFO - Setting next_dagrun for dataset_consumes_1_and_2 to None, run_after=None
[2024-11-04T04:20:30.216+0000] {logging_mixin.py:190} INFO - [2024-11-04T04:20:30.216+0000] {dag.py:4180} INFO - Setting next_dagrun for dataset_consumes_1_never_scheduled to None, run_after=None
[2024-11-04T04:20:30.217+0000] {logging_mixin.py:190} INFO - [2024-11-04T04:20:30.217+0000] {dag.py:4180} INFO - Setting next_dagrun for dataset_consumes_unknown_never_scheduled to None, run_after=None
[2024-11-04T04:20:30.219+0000] {logging_mixin.py:190} INFO - [2024-11-04T04:20:30.219+0000] {dag.py:4180} INFO - Setting next_dagrun for dataset_produces_1 to 2024-11-03 00:00:00+00:00, run_after=2024-11-04 00:00:00+00:00
[2024-11-04T04:20:30.220+0000] {logging_mixin.py:190} INFO - [2024-11-04T04:20:30.220+0000] {dag.py:4180} INFO - Setting next_dagrun for dataset_produces_2 to None, run_after=None
[2024-11-04T04:20:30.237+0000] {processor.py:208} INFO - Processing /home/airflow/.local/lib/python3.12/site-packages/airflow/example_dags/example_datasets.py took 0.183 seconds
[2024-11-04T04:21:00.429+0000] {processor.py:186} INFO - Started process (PID=609) to work on /home/airflow/.local/lib/python3.12/site-packages/airflow/example_dags/example_datasets.py
[2024-11-04T04:21:00.431+0000] {processor.py:914} INFO - Processing file /home/airflow/.local/lib/python3.12/site-packages/airflow/example_dags/example_datasets.py for tasks to queue
[2024-11-04T04:21:00.433+0000] {logging_mixin.py:190} INFO - [2024-11-04T04:21:00.433+0000] {dagbag.py:588} INFO - Filling up the DagBag from /home/airflow/.local/lib/python3.12/site-packages/airflow/example_dags/example_datasets.py
[2024-11-04T04:21:00.520+0000] {processor.py:925} INFO - DAG(s) 'dataset_produces_2', 'dataset_consumes_1_and_2', 'consume_1_or_both_2_and_3_with_dataset_expressions', 'dataset_consumes_1_never_scheduled', 'consume_1_or_2_with_dataset_expressions', 'dataset_produces_1', 'dataset_consumes_unknown_never_scheduled', 'conditional_dataset_and_time_based_timetable', 'dataset_consumes_1', 'consume_1_and_2_with_dataset_expressions' retrieved from /home/airflow/.local/lib/python3.12/site-packages/airflow/example_dags/example_datasets.py
[2024-11-04T04:21:00.547+0000] {logging_mixin.py:190} INFO - [2024-11-04T04:21:00.547+0000] {dag.py:3239} INFO - Sync 10 DAGs
[2024-11-04T04:21:00.560+0000] {logging_mixin.py:190} INFO - [2024-11-04T04:21:00.559+0000] {dag.py:4180} INFO - Setting next_dagrun for conditional_dataset_and_time_based_timetable to 2024-10-30 01:00:00+00:00, run_after=2024-10-30 01:00:00+00:00
[2024-11-04T04:21:00.563+0000] {logging_mixin.py:190} INFO - [2024-11-04T04:21:00.563+0000] {dag.py:4180} INFO - Setting next_dagrun for consume_1_and_2_with_dataset_expressions to None, run_after=None
[2024-11-04T04:21:00.564+0000] {logging_mixin.py:190} INFO - [2024-11-04T04:21:00.564+0000] {dag.py:4180} INFO - Setting next_dagrun for consume_1_or_2_with_dataset_expressions to None, run_after=None
[2024-11-04T04:21:00.565+0000] {logging_mixin.py:190} INFO - [2024-11-04T04:21:00.565+0000] {dag.py:4180} INFO - Setting next_dagrun for consume_1_or_both_2_and_3_with_dataset_expressions to None, run_after=None
[2024-11-04T04:21:00.565+0000] {logging_mixin.py:190} INFO - [2024-11-04T04:21:00.565+0000] {dag.py:4180} INFO - Setting next_dagrun for dataset_consumes_1 to None, run_after=None
[2024-11-04T04:21:00.566+0000] {logging_mixin.py:190} INFO - [2024-11-04T04:21:00.566+0000] {dag.py:4180} INFO - Setting next_dagrun for dataset_consumes_1_and_2 to None, run_after=None
[2024-11-04T04:21:00.568+0000] {logging_mixin.py:190} INFO - [2024-11-04T04:21:00.568+0000] {dag.py:4180} INFO - Setting next_dagrun for dataset_consumes_1_never_scheduled to None, run_after=None
[2024-11-04T04:21:00.573+0000] {logging_mixin.py:190} INFO - [2024-11-04T04:21:00.573+0000] {dag.py:4180} INFO - Setting next_dagrun for dataset_consumes_unknown_never_scheduled to None, run_after=None
[2024-11-04T04:21:00.574+0000] {logging_mixin.py:190} INFO - [2024-11-04T04:21:00.574+0000] {dag.py:4180} INFO - Setting next_dagrun for dataset_produces_1 to 2024-11-03 00:00:00+00:00, run_after=2024-11-04 00:00:00+00:00
[2024-11-04T04:21:00.576+0000] {logging_mixin.py:190} INFO - [2024-11-04T04:21:00.576+0000] {dag.py:4180} INFO - Setting next_dagrun for dataset_produces_2 to None, run_after=None
[2024-11-04T04:21:00.603+0000] {processor.py:208} INFO - Processing /home/airflow/.local/lib/python3.12/site-packages/airflow/example_dags/example_datasets.py took 0.179 seconds
[2024-11-04T04:21:30.930+0000] {processor.py:186} INFO - Started process (PID=671) to work on /home/airflow/.local/lib/python3.12/site-packages/airflow/example_dags/example_datasets.py
[2024-11-04T04:21:30.932+0000] {processor.py:914} INFO - Processing file /home/airflow/.local/lib/python3.12/site-packages/airflow/example_dags/example_datasets.py for tasks to queue
[2024-11-04T04:21:30.934+0000] {logging_mixin.py:190} INFO - [2024-11-04T04:21:30.934+0000] {dagbag.py:588} INFO - Filling up the DagBag from /home/airflow/.local/lib/python3.12/site-packages/airflow/example_dags/example_datasets.py
[2024-11-04T04:21:31.025+0000] {processor.py:925} INFO - DAG(s) 'consume_1_and_2_with_dataset_expressions', 'consume_1_or_2_with_dataset_expressions', 'consume_1_or_both_2_and_3_with_dataset_expressions', 'conditional_dataset_and_time_based_timetable', 'dataset_produces_1', 'dataset_consumes_1_never_scheduled', 'dataset_consumes_1_and_2', 'dataset_consumes_1', 'dataset_produces_2', 'dataset_consumes_unknown_never_scheduled' retrieved from /home/airflow/.local/lib/python3.12/site-packages/airflow/example_dags/example_datasets.py
[2024-11-04T04:21:31.049+0000] {logging_mixin.py:190} INFO - [2024-11-04T04:21:31.048+0000] {dag.py:3239} INFO - Sync 10 DAGs
[2024-11-04T04:21:31.062+0000] {logging_mixin.py:190} INFO - [2024-11-04T04:21:31.061+0000] {dag.py:4180} INFO - Setting next_dagrun for conditional_dataset_and_time_based_timetable to 2024-10-30 01:00:00+00:00, run_after=2024-10-30 01:00:00+00:00
[2024-11-04T04:21:31.064+0000] {logging_mixin.py:190} INFO - [2024-11-04T04:21:31.064+0000] {dag.py:4180} INFO - Setting next_dagrun for consume_1_and_2_with_dataset_expressions to None, run_after=None
[2024-11-04T04:21:31.065+0000] {logging_mixin.py:190} INFO - [2024-11-04T04:21:31.065+0000] {dag.py:4180} INFO - Setting next_dagrun for consume_1_or_2_with_dataset_expressions to None, run_after=None
[2024-11-04T04:21:31.065+0000] {logging_mixin.py:190} INFO - [2024-11-04T04:21:31.065+0000] {dag.py:4180} INFO - Setting next_dagrun for consume_1_or_both_2_and_3_with_dataset_expressions to None, run_after=None
[2024-11-04T04:21:31.066+0000] {logging_mixin.py:190} INFO - [2024-11-04T04:21:31.066+0000] {dag.py:4180} INFO - Setting next_dagrun for dataset_consumes_1 to None, run_after=None
[2024-11-04T04:21:31.067+0000] {logging_mixin.py:190} INFO - [2024-11-04T04:21:31.067+0000] {dag.py:4180} INFO - Setting next_dagrun for dataset_consumes_1_and_2 to None, run_after=None
[2024-11-04T04:21:31.069+0000] {logging_mixin.py:190} INFO - [2024-11-04T04:21:31.068+0000] {dag.py:4180} INFO - Setting next_dagrun for dataset_consumes_1_never_scheduled to None, run_after=None
[2024-11-04T04:21:31.072+0000] {logging_mixin.py:190} INFO - [2024-11-04T04:21:31.072+0000] {dag.py:4180} INFO - Setting next_dagrun for dataset_consumes_unknown_never_scheduled to None, run_after=None
[2024-11-04T04:21:31.073+0000] {logging_mixin.py:190} INFO - [2024-11-04T04:21:31.073+0000] {dag.py:4180} INFO - Setting next_dagrun for dataset_produces_1 to 2024-11-03 00:00:00+00:00, run_after=2024-11-04 00:00:00+00:00
[2024-11-04T04:21:31.074+0000] {logging_mixin.py:190} INFO - [2024-11-04T04:21:31.074+0000] {dag.py:4180} INFO - Setting next_dagrun for dataset_produces_2 to None, run_after=None
[2024-11-04T04:21:31.093+0000] {processor.py:208} INFO - Processing /home/airflow/.local/lib/python3.12/site-packages/airflow/example_dags/example_datasets.py took 0.168 seconds
[2024-11-04T04:22:01.205+0000] {processor.py:186} INFO - Started process (PID=733) to work on /home/airflow/.local/lib/python3.12/site-packages/airflow/example_dags/example_datasets.py
[2024-11-04T04:22:01.206+0000] {processor.py:914} INFO - Processing file /home/airflow/.local/lib/python3.12/site-packages/airflow/example_dags/example_datasets.py for tasks to queue
[2024-11-04T04:22:01.210+0000] {logging_mixin.py:190} INFO - [2024-11-04T04:22:01.210+0000] {dagbag.py:588} INFO - Filling up the DagBag from /home/airflow/.local/lib/python3.12/site-packages/airflow/example_dags/example_datasets.py
[2024-11-04T04:22:01.346+0000] {processor.py:925} INFO - DAG(s) 'dataset_consumes_1_never_scheduled', 'dataset_consumes_1', 'dataset_produces_2', 'conditional_dataset_and_time_based_timetable', 'consume_1_or_both_2_and_3_with_dataset_expressions', 'consume_1_and_2_with_dataset_expressions', 'dataset_consumes_unknown_never_scheduled', 'dataset_consumes_1_and_2', 'dataset_produces_1', 'consume_1_or_2_with_dataset_expressions' retrieved from /home/airflow/.local/lib/python3.12/site-packages/airflow/example_dags/example_datasets.py
[2024-11-04T04:22:01.375+0000] {logging_mixin.py:190} INFO - [2024-11-04T04:22:01.375+0000] {dag.py:3239} INFO - Sync 10 DAGs
[2024-11-04T04:22:01.388+0000] {logging_mixin.py:190} INFO - [2024-11-04T04:22:01.388+0000] {dag.py:4180} INFO - Setting next_dagrun for conditional_dataset_and_time_based_timetable to 2024-10-30 01:00:00+00:00, run_after=2024-10-30 01:00:00+00:00
[2024-11-04T04:22:01.392+0000] {logging_mixin.py:190} INFO - [2024-11-04T04:22:01.391+0000] {dag.py:4180} INFO - Setting next_dagrun for consume_1_and_2_with_dataset_expressions to None, run_after=None
[2024-11-04T04:22:01.392+0000] {logging_mixin.py:190} INFO - [2024-11-04T04:22:01.392+0000] {dag.py:4180} INFO - Setting next_dagrun for consume_1_or_2_with_dataset_expressions to None, run_after=None
[2024-11-04T04:22:01.393+0000] {logging_mixin.py:190} INFO - [2024-11-04T04:22:01.393+0000] {dag.py:4180} INFO - Setting next_dagrun for consume_1_or_both_2_and_3_with_dataset_expressions to None, run_after=None
[2024-11-04T04:22:01.394+0000] {logging_mixin.py:190} INFO - [2024-11-04T04:22:01.394+0000] {dag.py:4180} INFO - Setting next_dagrun for dataset_consumes_1 to None, run_after=None
[2024-11-04T04:22:01.396+0000] {logging_mixin.py:190} INFO - [2024-11-04T04:22:01.396+0000] {dag.py:4180} INFO - Setting next_dagrun for dataset_consumes_1_and_2 to None, run_after=None
[2024-11-04T04:22:01.400+0000] {logging_mixin.py:190} INFO - [2024-11-04T04:22:01.400+0000] {dag.py:4180} INFO - Setting next_dagrun for dataset_consumes_1_never_scheduled to None, run_after=None
[2024-11-04T04:22:01.401+0000] {logging_mixin.py:190} INFO - [2024-11-04T04:22:01.401+0000] {dag.py:4180} INFO - Setting next_dagrun for dataset_consumes_unknown_never_scheduled to None, run_after=None
[2024-11-04T04:22:01.404+0000] {logging_mixin.py:190} INFO - [2024-11-04T04:22:01.404+0000] {dag.py:4180} INFO - Setting next_dagrun for dataset_produces_1 to 2024-11-03 00:00:00+00:00, run_after=2024-11-04 00:00:00+00:00
[2024-11-04T04:22:01.407+0000] {logging_mixin.py:190} INFO - [2024-11-04T04:22:01.407+0000] {dag.py:4180} INFO - Setting next_dagrun for dataset_produces_2 to None, run_after=None
[2024-11-04T04:22:01.435+0000] {processor.py:208} INFO - Processing /home/airflow/.local/lib/python3.12/site-packages/airflow/example_dags/example_datasets.py took 0.237 seconds
