[2024-11-04T04:16:29.414+0000] {processor.py:186} INFO - Started process (PID=97) to work on /home/airflow/.local/lib/python3.12/site-packages/airflow/example_dags/example_display_name.py
[2024-11-04T04:16:29.416+0000] {processor.py:914} INFO - Processing file /home/airflow/.local/lib/python3.12/site-packages/airflow/example_dags/example_display_name.py for tasks to queue
[2024-11-04T04:16:29.420+0000] {logging_mixin.py:190} INFO - [2024-11-04T04:16:29.420+0000] {dagbag.py:588} INFO - Filling up the DagBag from /home/airflow/.local/lib/python3.12/site-packages/airflow/example_dags/example_display_name.py
[2024-11-04T04:16:29.426+0000] {processor.py:925} INFO - DAG(s) 'example_display_name' retrieved from /home/airflow/.local/lib/python3.12/site-packages/airflow/example_dags/example_display_name.py
[2024-11-04T04:16:29.488+0000] {logging_mixin.py:190} INFO - [2024-11-04T04:16:29.487+0000] {override.py:1900} INFO - Created Permission View: can read on DAG:example_display_name
[2024-11-04T04:16:29.492+0000] {logging_mixin.py:190} INFO - [2024-11-04T04:16:29.492+0000] {override.py:1900} INFO - Created Permission View: can delete on DAG:example_display_name
[2024-11-04T04:16:29.496+0000] {logging_mixin.py:190} INFO - [2024-11-04T04:16:29.496+0000] {override.py:1900} INFO - Created Permission View: can edit on DAG:example_display_name
[2024-11-04T04:16:29.499+0000] {logging_mixin.py:190} INFO - [2024-11-04T04:16:29.499+0000] {override.py:1900} INFO - Created Permission View: menu access on DAG Run:example_display_name
[2024-11-04T04:16:29.502+0000] {logging_mixin.py:190} INFO - [2024-11-04T04:16:29.502+0000] {override.py:1900} INFO - Created Permission View: can read on DAG Run:example_display_name
[2024-11-04T04:16:29.508+0000] {logging_mixin.py:190} INFO - [2024-11-04T04:16:29.508+0000] {override.py:1900} INFO - Created Permission View: can create on DAG Run:example_display_name
[2024-11-04T04:16:29.513+0000] {logging_mixin.py:190} INFO - [2024-11-04T04:16:29.513+0000] {override.py:1900} INFO - Created Permission View: can delete on DAG Run:example_display_name
[2024-11-04T04:16:29.514+0000] {logging_mixin.py:190} INFO - [2024-11-04T04:16:29.514+0000] {dag.py:3239} INFO - Sync 1 DAGs
[2024-11-04T04:16:29.521+0000] {logging_mixin.py:190} INFO - [2024-11-04T04:16:29.521+0000] {dag.py:3262} INFO - Creating ORM DAG for example_display_name
[2024-11-04T04:16:29.522+0000] {logging_mixin.py:190} INFO - [2024-11-04T04:16:29.522+0000] {dag.py:4180} INFO - Setting next_dagrun for example_display_name to None, run_after=None
[2024-11-04T04:16:29.530+0000] {processor.py:208} INFO - Processing /home/airflow/.local/lib/python3.12/site-packages/airflow/example_dags/example_display_name.py took 0.130 seconds
[2024-11-04T04:17:00.147+0000] {processor.py:186} INFO - Started process (PID=159) to work on /home/airflow/.local/lib/python3.12/site-packages/airflow/example_dags/example_display_name.py
[2024-11-04T04:17:00.148+0000] {processor.py:914} INFO - Processing file /home/airflow/.local/lib/python3.12/site-packages/airflow/example_dags/example_display_name.py for tasks to queue
[2024-11-04T04:17:00.150+0000] {logging_mixin.py:190} INFO - [2024-11-04T04:17:00.150+0000] {dagbag.py:588} INFO - Filling up the DagBag from /home/airflow/.local/lib/python3.12/site-packages/airflow/example_dags/example_display_name.py
[2024-11-04T04:17:00.156+0000] {processor.py:925} INFO - DAG(s) 'example_display_name' retrieved from /home/airflow/.local/lib/python3.12/site-packages/airflow/example_dags/example_display_name.py
[2024-11-04T04:17:00.177+0000] {logging_mixin.py:190} INFO - [2024-11-04T04:17:00.177+0000] {dag.py:3239} INFO - Sync 1 DAGs
[2024-11-04T04:17:00.187+0000] {logging_mixin.py:190} INFO - [2024-11-04T04:17:00.187+0000] {dag.py:4180} INFO - Setting next_dagrun for example_display_name to None, run_after=None
[2024-11-04T04:17:00.198+0000] {processor.py:208} INFO - Processing /home/airflow/.local/lib/python3.12/site-packages/airflow/example_dags/example_display_name.py took 0.054 seconds
[2024-11-04T04:17:30.949+0000] {processor.py:186} INFO - Started process (PID=221) to work on /home/airflow/.local/lib/python3.12/site-packages/airflow/example_dags/example_display_name.py
[2024-11-04T04:17:30.949+0000] {processor.py:914} INFO - Processing file /home/airflow/.local/lib/python3.12/site-packages/airflow/example_dags/example_display_name.py for tasks to queue
[2024-11-04T04:17:30.951+0000] {logging_mixin.py:190} INFO - [2024-11-04T04:17:30.951+0000] {dagbag.py:588} INFO - Filling up the DagBag from /home/airflow/.local/lib/python3.12/site-packages/airflow/example_dags/example_display_name.py
[2024-11-04T04:17:30.955+0000] {processor.py:925} INFO - DAG(s) 'example_display_name' retrieved from /home/airflow/.local/lib/python3.12/site-packages/airflow/example_dags/example_display_name.py
[2024-11-04T04:17:30.967+0000] {logging_mixin.py:190} INFO - [2024-11-04T04:17:30.967+0000] {dag.py:3239} INFO - Sync 1 DAGs
[2024-11-04T04:17:30.977+0000] {logging_mixin.py:190} INFO - [2024-11-04T04:17:30.977+0000] {dag.py:4180} INFO - Setting next_dagrun for example_display_name to None, run_after=None
[2024-11-04T04:17:30.994+0000] {processor.py:208} INFO - Processing /home/airflow/.local/lib/python3.12/site-packages/airflow/example_dags/example_display_name.py took 0.049 seconds
[2024-11-04T04:18:01.349+0000] {processor.py:186} INFO - Started process (PID=283) to work on /home/airflow/.local/lib/python3.12/site-packages/airflow/example_dags/example_display_name.py
[2024-11-04T04:18:01.351+0000] {processor.py:914} INFO - Processing file /home/airflow/.local/lib/python3.12/site-packages/airflow/example_dags/example_display_name.py for tasks to queue
[2024-11-04T04:18:01.353+0000] {logging_mixin.py:190} INFO - [2024-11-04T04:18:01.353+0000] {dagbag.py:588} INFO - Filling up the DagBag from /home/airflow/.local/lib/python3.12/site-packages/airflow/example_dags/example_display_name.py
[2024-11-04T04:18:01.360+0000] {processor.py:925} INFO - DAG(s) 'example_display_name' retrieved from /home/airflow/.local/lib/python3.12/site-packages/airflow/example_dags/example_display_name.py
[2024-11-04T04:18:01.370+0000] {logging_mixin.py:190} INFO - [2024-11-04T04:18:01.370+0000] {dag.py:3239} INFO - Sync 1 DAGs
[2024-11-04T04:18:01.379+0000] {logging_mixin.py:190} INFO - [2024-11-04T04:18:01.379+0000] {dag.py:4180} INFO - Setting next_dagrun for example_display_name to None, run_after=None
[2024-11-04T04:18:01.391+0000] {processor.py:208} INFO - Processing /home/airflow/.local/lib/python3.12/site-packages/airflow/example_dags/example_display_name.py took 0.050 seconds
[2024-11-04T04:18:32.096+0000] {processor.py:186} INFO - Started process (PID=345) to work on /home/airflow/.local/lib/python3.12/site-packages/airflow/example_dags/example_display_name.py
[2024-11-04T04:18:32.097+0000] {processor.py:914} INFO - Processing file /home/airflow/.local/lib/python3.12/site-packages/airflow/example_dags/example_display_name.py for tasks to queue
[2024-11-04T04:18:32.098+0000] {logging_mixin.py:190} INFO - [2024-11-04T04:18:32.098+0000] {dagbag.py:588} INFO - Filling up the DagBag from /home/airflow/.local/lib/python3.12/site-packages/airflow/example_dags/example_display_name.py
[2024-11-04T04:18:32.102+0000] {processor.py:925} INFO - DAG(s) 'example_display_name' retrieved from /home/airflow/.local/lib/python3.12/site-packages/airflow/example_dags/example_display_name.py
[2024-11-04T04:18:32.114+0000] {logging_mixin.py:190} INFO - [2024-11-04T04:18:32.114+0000] {dag.py:3239} INFO - Sync 1 DAGs
[2024-11-04T04:18:32.122+0000] {logging_mixin.py:190} INFO - [2024-11-04T04:18:32.122+0000] {dag.py:4180} INFO - Setting next_dagrun for example_display_name to None, run_after=None
[2024-11-04T04:18:32.133+0000] {processor.py:208} INFO - Processing /home/airflow/.local/lib/python3.12/site-packages/airflow/example_dags/example_display_name.py took 0.041 seconds
[2024-11-04T04:19:02.584+0000] {processor.py:186} INFO - Started process (PID=407) to work on /home/airflow/.local/lib/python3.12/site-packages/airflow/example_dags/example_display_name.py
[2024-11-04T04:19:02.587+0000] {processor.py:914} INFO - Processing file /home/airflow/.local/lib/python3.12/site-packages/airflow/example_dags/example_display_name.py for tasks to queue
[2024-11-04T04:19:02.589+0000] {logging_mixin.py:190} INFO - [2024-11-04T04:19:02.589+0000] {dagbag.py:588} INFO - Filling up the DagBag from /home/airflow/.local/lib/python3.12/site-packages/airflow/example_dags/example_display_name.py
[2024-11-04T04:19:02.595+0000] {processor.py:925} INFO - DAG(s) 'example_display_name' retrieved from /home/airflow/.local/lib/python3.12/site-packages/airflow/example_dags/example_display_name.py
[2024-11-04T04:19:02.607+0000] {logging_mixin.py:190} INFO - [2024-11-04T04:19:02.607+0000] {dag.py:3239} INFO - Sync 1 DAGs
[2024-11-04T04:19:02.616+0000] {logging_mixin.py:190} INFO - [2024-11-04T04:19:02.616+0000] {dag.py:4180} INFO - Setting next_dagrun for example_display_name to None, run_after=None
[2024-11-04T04:19:02.624+0000] {processor.py:208} INFO - Processing /home/airflow/.local/lib/python3.12/site-packages/airflow/example_dags/example_display_name.py took 0.043 seconds
[2024-11-04T04:19:33.006+0000] {processor.py:186} INFO - Started process (PID=469) to work on /home/airflow/.local/lib/python3.12/site-packages/airflow/example_dags/example_display_name.py
[2024-11-04T04:19:33.007+0000] {processor.py:914} INFO - Processing file /home/airflow/.local/lib/python3.12/site-packages/airflow/example_dags/example_display_name.py for tasks to queue
[2024-11-04T04:19:33.008+0000] {logging_mixin.py:190} INFO - [2024-11-04T04:19:33.008+0000] {dagbag.py:588} INFO - Filling up the DagBag from /home/airflow/.local/lib/python3.12/site-packages/airflow/example_dags/example_display_name.py
[2024-11-04T04:19:33.014+0000] {processor.py:925} INFO - DAG(s) 'example_display_name' retrieved from /home/airflow/.local/lib/python3.12/site-packages/airflow/example_dags/example_display_name.py
[2024-11-04T04:19:33.036+0000] {logging_mixin.py:190} INFO - [2024-11-04T04:19:33.036+0000] {dag.py:3239} INFO - Sync 1 DAGs
[2024-11-04T04:19:33.046+0000] {logging_mixin.py:190} INFO - [2024-11-04T04:19:33.045+0000] {dag.py:4180} INFO - Setting next_dagrun for example_display_name to None, run_after=None
[2024-11-04T04:19:33.056+0000] {processor.py:208} INFO - Processing /home/airflow/.local/lib/python3.12/site-packages/airflow/example_dags/example_display_name.py took 0.054 seconds
[2024-11-04T04:20:03.549+0000] {processor.py:186} INFO - Started process (PID=531) to work on /home/airflow/.local/lib/python3.12/site-packages/airflow/example_dags/example_display_name.py
[2024-11-04T04:20:03.551+0000] {processor.py:914} INFO - Processing file /home/airflow/.local/lib/python3.12/site-packages/airflow/example_dags/example_display_name.py for tasks to queue
[2024-11-04T04:20:03.555+0000] {logging_mixin.py:190} INFO - [2024-11-04T04:20:03.555+0000] {dagbag.py:588} INFO - Filling up the DagBag from /home/airflow/.local/lib/python3.12/site-packages/airflow/example_dags/example_display_name.py
[2024-11-04T04:20:03.559+0000] {processor.py:925} INFO - DAG(s) 'example_display_name' retrieved from /home/airflow/.local/lib/python3.12/site-packages/airflow/example_dags/example_display_name.py
[2024-11-04T04:20:03.570+0000] {logging_mixin.py:190} INFO - [2024-11-04T04:20:03.570+0000] {dag.py:3239} INFO - Sync 1 DAGs
[2024-11-04T04:20:03.578+0000] {logging_mixin.py:190} INFO - [2024-11-04T04:20:03.578+0000] {dag.py:4180} INFO - Setting next_dagrun for example_display_name to None, run_after=None
[2024-11-04T04:20:03.588+0000] {processor.py:208} INFO - Processing /home/airflow/.local/lib/python3.12/site-packages/airflow/example_dags/example_display_name.py took 0.042 seconds
[2024-11-04T04:20:33.839+0000] {processor.py:186} INFO - Started process (PID=593) to work on /home/airflow/.local/lib/python3.12/site-packages/airflow/example_dags/example_display_name.py
[2024-11-04T04:20:33.840+0000] {processor.py:914} INFO - Processing file /home/airflow/.local/lib/python3.12/site-packages/airflow/example_dags/example_display_name.py for tasks to queue
[2024-11-04T04:20:33.841+0000] {logging_mixin.py:190} INFO - [2024-11-04T04:20:33.841+0000] {dagbag.py:588} INFO - Filling up the DagBag from /home/airflow/.local/lib/python3.12/site-packages/airflow/example_dags/example_display_name.py
[2024-11-04T04:20:33.846+0000] {processor.py:925} INFO - DAG(s) 'example_display_name' retrieved from /home/airflow/.local/lib/python3.12/site-packages/airflow/example_dags/example_display_name.py
[2024-11-04T04:20:33.880+0000] {logging_mixin.py:190} INFO - [2024-11-04T04:20:33.880+0000] {dag.py:3239} INFO - Sync 1 DAGs
[2024-11-04T04:20:33.892+0000] {logging_mixin.py:190} INFO - [2024-11-04T04:20:33.892+0000] {dag.py:4180} INFO - Setting next_dagrun for example_display_name to None, run_after=None
[2024-11-04T04:20:33.906+0000] {processor.py:208} INFO - Processing /home/airflow/.local/lib/python3.12/site-packages/airflow/example_dags/example_display_name.py took 0.070 seconds
[2024-11-04T04:21:04.336+0000] {processor.py:186} INFO - Started process (PID=655) to work on /home/airflow/.local/lib/python3.12/site-packages/airflow/example_dags/example_display_name.py
[2024-11-04T04:21:04.338+0000] {processor.py:914} INFO - Processing file /home/airflow/.local/lib/python3.12/site-packages/airflow/example_dags/example_display_name.py for tasks to queue
[2024-11-04T04:21:04.342+0000] {logging_mixin.py:190} INFO - [2024-11-04T04:21:04.342+0000] {dagbag.py:588} INFO - Filling up the DagBag from /home/airflow/.local/lib/python3.12/site-packages/airflow/example_dags/example_display_name.py
[2024-11-04T04:21:04.346+0000] {processor.py:925} INFO - DAG(s) 'example_display_name' retrieved from /home/airflow/.local/lib/python3.12/site-packages/airflow/example_dags/example_display_name.py
[2024-11-04T04:21:04.364+0000] {logging_mixin.py:190} INFO - [2024-11-04T04:21:04.364+0000] {dag.py:3239} INFO - Sync 1 DAGs
[2024-11-04T04:21:04.373+0000] {logging_mixin.py:190} INFO - [2024-11-04T04:21:04.373+0000] {dag.py:4180} INFO - Setting next_dagrun for example_display_name to None, run_after=None
[2024-11-04T04:21:04.386+0000] {processor.py:208} INFO - Processing /home/airflow/.local/lib/python3.12/site-packages/airflow/example_dags/example_display_name.py took 0.054 seconds
[2024-11-04T04:21:34.704+0000] {processor.py:186} INFO - Started process (PID=717) to work on /home/airflow/.local/lib/python3.12/site-packages/airflow/example_dags/example_display_name.py
[2024-11-04T04:21:34.706+0000] {processor.py:914} INFO - Processing file /home/airflow/.local/lib/python3.12/site-packages/airflow/example_dags/example_display_name.py for tasks to queue
[2024-11-04T04:21:34.709+0000] {logging_mixin.py:190} INFO - [2024-11-04T04:21:34.708+0000] {dagbag.py:588} INFO - Filling up the DagBag from /home/airflow/.local/lib/python3.12/site-packages/airflow/example_dags/example_display_name.py
[2024-11-04T04:21:34.714+0000] {processor.py:925} INFO - DAG(s) 'example_display_name' retrieved from /home/airflow/.local/lib/python3.12/site-packages/airflow/example_dags/example_display_name.py
[2024-11-04T04:21:34.728+0000] {logging_mixin.py:190} INFO - [2024-11-04T04:21:34.728+0000] {dag.py:3239} INFO - Sync 1 DAGs
[2024-11-04T04:21:34.736+0000] {logging_mixin.py:190} INFO - [2024-11-04T04:21:34.736+0000] {dag.py:4180} INFO - Setting next_dagrun for example_display_name to None, run_after=None
[2024-11-04T04:21:34.745+0000] {processor.py:208} INFO - Processing /home/airflow/.local/lib/python3.12/site-packages/airflow/example_dags/example_display_name.py took 0.044 seconds
[2024-11-04T04:22:05.380+0000] {processor.py:186} INFO - Started process (PID=779) to work on /home/airflow/.local/lib/python3.12/site-packages/airflow/example_dags/example_display_name.py
[2024-11-04T04:22:05.384+0000] {processor.py:914} INFO - Processing file /home/airflow/.local/lib/python3.12/site-packages/airflow/example_dags/example_display_name.py for tasks to queue
[2024-11-04T04:22:05.386+0000] {logging_mixin.py:190} INFO - [2024-11-04T04:22:05.385+0000] {dagbag.py:588} INFO - Filling up the DagBag from /home/airflow/.local/lib/python3.12/site-packages/airflow/example_dags/example_display_name.py
[2024-11-04T04:22:05.390+0000] {processor.py:925} INFO - DAG(s) 'example_display_name' retrieved from /home/airflow/.local/lib/python3.12/site-packages/airflow/example_dags/example_display_name.py
[2024-11-04T04:22:05.408+0000] {logging_mixin.py:190} INFO - [2024-11-04T04:22:05.408+0000] {dag.py:3239} INFO - Sync 1 DAGs
[2024-11-04T04:22:05.416+0000] {logging_mixin.py:190} INFO - [2024-11-04T04:22:05.415+0000] {dag.py:4180} INFO - Setting next_dagrun for example_display_name to None, run_after=None
[2024-11-04T04:22:05.428+0000] {processor.py:208} INFO - Processing /home/airflow/.local/lib/python3.12/site-packages/airflow/example_dags/example_display_name.py took 0.051 seconds
