[2024-11-04T04:16:29.068+0000] {processor.py:186} INFO - Started process (PID=92) to work on /home/airflow/.local/lib/python3.12/site-packages/airflow/example_dags/example_branch_operator.py
[2024-11-04T04:16:29.070+0000] {processor.py:914} INFO - Processing file /home/airflow/.local/lib/python3.12/site-packages/airflow/example_dags/example_branch_operator.py for tasks to queue
[2024-11-04T04:16:29.071+0000] {logging_mixin.py:190} INFO - [2024-11-04T04:16:29.071+0000] {dagbag.py:588} INFO - Filling up the DagBag from /home/airflow/.local/lib/python3.12/site-packages/airflow/example_dags/example_branch_operator.py
[2024-11-04T04:16:29.081+0000] {processor.py:925} INFO - DAG(s) 'example_branch_operator' retrieved from /home/airflow/.local/lib/python3.12/site-packages/airflow/example_dags/example_branch_operator.py
[2024-11-04T04:16:29.133+0000] {logging_mixin.py:190} INFO - [2024-11-04T04:16:29.133+0000] {override.py:1900} INFO - Created Permission View: can read on DAG:example_branch_operator
[2024-11-04T04:16:29.145+0000] {logging_mixin.py:190} INFO - [2024-11-04T04:16:29.145+0000] {override.py:1900} INFO - Created Permission View: can delete on DAG:example_branch_operator
[2024-11-04T04:16:29.148+0000] {logging_mixin.py:190} INFO - [2024-11-04T04:16:29.148+0000] {override.py:1900} INFO - Created Permission View: can edit on DAG:example_branch_operator
[2024-11-04T04:16:29.151+0000] {logging_mixin.py:190} INFO - [2024-11-04T04:16:29.151+0000] {override.py:1900} INFO - Created Permission View: menu access on DAG Run:example_branch_operator
[2024-11-04T04:16:29.155+0000] {logging_mixin.py:190} INFO - [2024-11-04T04:16:29.155+0000] {override.py:1900} INFO - Created Permission View: can read on DAG Run:example_branch_operator
[2024-11-04T04:16:29.159+0000] {logging_mixin.py:190} INFO - [2024-11-04T04:16:29.159+0000] {override.py:1900} INFO - Created Permission View: can create on DAG Run:example_branch_operator
[2024-11-04T04:16:29.164+0000] {logging_mixin.py:190} INFO - [2024-11-04T04:16:29.163+0000] {override.py:1900} INFO - Created Permission View: can delete on DAG Run:example_branch_operator
[2024-11-04T04:16:29.164+0000] {logging_mixin.py:190} INFO - [2024-11-04T04:16:29.164+0000] {dag.py:3239} INFO - Sync 1 DAGs
[2024-11-04T04:16:29.172+0000] {logging_mixin.py:190} INFO - [2024-11-04T04:16:29.172+0000] {dag.py:3262} INFO - Creating ORM DAG for example_branch_operator
[2024-11-04T04:16:29.178+0000] {logging_mixin.py:190} INFO - [2024-11-04T04:16:29.178+0000] {dag.py:4180} INFO - Setting next_dagrun for example_branch_operator to 2024-11-03 00:00:00+00:00, run_after=2024-11-04 00:00:00+00:00
[2024-11-04T04:16:29.191+0000] {processor.py:208} INFO - Processing /home/airflow/.local/lib/python3.12/site-packages/airflow/example_dags/example_branch_operator.py took 0.127 seconds
[2024-11-04T04:16:59.976+0000] {processor.py:186} INFO - Started process (PID=154) to work on /home/airflow/.local/lib/python3.12/site-packages/airflow/example_dags/example_branch_operator.py
[2024-11-04T04:16:59.977+0000] {processor.py:914} INFO - Processing file /home/airflow/.local/lib/python3.12/site-packages/airflow/example_dags/example_branch_operator.py for tasks to queue
[2024-11-04T04:16:59.978+0000] {logging_mixin.py:190} INFO - [2024-11-04T04:16:59.978+0000] {dagbag.py:588} INFO - Filling up the DagBag from /home/airflow/.local/lib/python3.12/site-packages/airflow/example_dags/example_branch_operator.py
[2024-11-04T04:16:59.987+0000] {processor.py:925} INFO - DAG(s) 'example_branch_operator' retrieved from /home/airflow/.local/lib/python3.12/site-packages/airflow/example_dags/example_branch_operator.py
[2024-11-04T04:17:00.002+0000] {logging_mixin.py:190} INFO - [2024-11-04T04:17:00.001+0000] {dag.py:3239} INFO - Sync 1 DAGs
[2024-11-04T04:17:00.022+0000] {logging_mixin.py:190} INFO - [2024-11-04T04:17:00.022+0000] {dag.py:4180} INFO - Setting next_dagrun for example_branch_operator to 2024-11-03 00:00:00+00:00, run_after=2024-11-04 00:00:00+00:00
[2024-11-04T04:17:00.036+0000] {processor.py:208} INFO - Processing /home/airflow/.local/lib/python3.12/site-packages/airflow/example_dags/example_branch_operator.py took 0.064 seconds
[2024-11-04T04:17:30.744+0000] {processor.py:186} INFO - Started process (PID=216) to work on /home/airflow/.local/lib/python3.12/site-packages/airflow/example_dags/example_branch_operator.py
[2024-11-04T04:17:30.745+0000] {processor.py:914} INFO - Processing file /home/airflow/.local/lib/python3.12/site-packages/airflow/example_dags/example_branch_operator.py for tasks to queue
[2024-11-04T04:17:30.746+0000] {logging_mixin.py:190} INFO - [2024-11-04T04:17:30.746+0000] {dagbag.py:588} INFO - Filling up the DagBag from /home/airflow/.local/lib/python3.12/site-packages/airflow/example_dags/example_branch_operator.py
[2024-11-04T04:17:30.757+0000] {processor.py:925} INFO - DAG(s) 'example_branch_operator' retrieved from /home/airflow/.local/lib/python3.12/site-packages/airflow/example_dags/example_branch_operator.py
[2024-11-04T04:17:30.777+0000] {logging_mixin.py:190} INFO - [2024-11-04T04:17:30.777+0000] {dag.py:3239} INFO - Sync 1 DAGs
[2024-11-04T04:17:30.795+0000] {logging_mixin.py:190} INFO - [2024-11-04T04:17:30.795+0000] {dag.py:4180} INFO - Setting next_dagrun for example_branch_operator to 2024-11-03 00:00:00+00:00, run_after=2024-11-04 00:00:00+00:00
[2024-11-04T04:17:30.811+0000] {processor.py:208} INFO - Processing /home/airflow/.local/lib/python3.12/site-packages/airflow/example_dags/example_branch_operator.py took 0.070 seconds
[2024-11-04T04:18:01.153+0000] {processor.py:186} INFO - Started process (PID=278) to work on /home/airflow/.local/lib/python3.12/site-packages/airflow/example_dags/example_branch_operator.py
[2024-11-04T04:18:01.154+0000] {processor.py:914} INFO - Processing file /home/airflow/.local/lib/python3.12/site-packages/airflow/example_dags/example_branch_operator.py for tasks to queue
[2024-11-04T04:18:01.155+0000] {logging_mixin.py:190} INFO - [2024-11-04T04:18:01.155+0000] {dagbag.py:588} INFO - Filling up the DagBag from /home/airflow/.local/lib/python3.12/site-packages/airflow/example_dags/example_branch_operator.py
[2024-11-04T04:18:01.163+0000] {processor.py:925} INFO - DAG(s) 'example_branch_operator' retrieved from /home/airflow/.local/lib/python3.12/site-packages/airflow/example_dags/example_branch_operator.py
[2024-11-04T04:18:01.183+0000] {logging_mixin.py:190} INFO - [2024-11-04T04:18:01.183+0000] {dag.py:3239} INFO - Sync 1 DAGs
[2024-11-04T04:18:01.196+0000] {logging_mixin.py:190} INFO - [2024-11-04T04:18:01.196+0000] {dag.py:4180} INFO - Setting next_dagrun for example_branch_operator to 2024-11-03 00:00:00+00:00, run_after=2024-11-04 00:00:00+00:00
[2024-11-04T04:18:01.218+0000] {processor.py:208} INFO - Processing /home/airflow/.local/lib/python3.12/site-packages/airflow/example_dags/example_branch_operator.py took 0.068 seconds
[2024-11-04T04:18:31.935+0000] {processor.py:186} INFO - Started process (PID=340) to work on /home/airflow/.local/lib/python3.12/site-packages/airflow/example_dags/example_branch_operator.py
[2024-11-04T04:18:31.937+0000] {processor.py:914} INFO - Processing file /home/airflow/.local/lib/python3.12/site-packages/airflow/example_dags/example_branch_operator.py for tasks to queue
[2024-11-04T04:18:31.939+0000] {logging_mixin.py:190} INFO - [2024-11-04T04:18:31.938+0000] {dagbag.py:588} INFO - Filling up the DagBag from /home/airflow/.local/lib/python3.12/site-packages/airflow/example_dags/example_branch_operator.py
[2024-11-04T04:18:31.948+0000] {processor.py:925} INFO - DAG(s) 'example_branch_operator' retrieved from /home/airflow/.local/lib/python3.12/site-packages/airflow/example_dags/example_branch_operator.py
[2024-11-04T04:18:31.962+0000] {logging_mixin.py:190} INFO - [2024-11-04T04:18:31.962+0000] {dag.py:3239} INFO - Sync 1 DAGs
[2024-11-04T04:18:31.974+0000] {logging_mixin.py:190} INFO - [2024-11-04T04:18:31.974+0000] {dag.py:4180} INFO - Setting next_dagrun for example_branch_operator to 2024-11-03 00:00:00+00:00, run_after=2024-11-04 00:00:00+00:00
[2024-11-04T04:18:31.984+0000] {processor.py:208} INFO - Processing /home/airflow/.local/lib/python3.12/site-packages/airflow/example_dags/example_branch_operator.py took 0.053 seconds
[2024-11-04T04:19:02.431+0000] {processor.py:186} INFO - Started process (PID=402) to work on /home/airflow/.local/lib/python3.12/site-packages/airflow/example_dags/example_branch_operator.py
[2024-11-04T04:19:02.432+0000] {processor.py:914} INFO - Processing file /home/airflow/.local/lib/python3.12/site-packages/airflow/example_dags/example_branch_operator.py for tasks to queue
[2024-11-04T04:19:02.433+0000] {logging_mixin.py:190} INFO - [2024-11-04T04:19:02.433+0000] {dagbag.py:588} INFO - Filling up the DagBag from /home/airflow/.local/lib/python3.12/site-packages/airflow/example_dags/example_branch_operator.py
[2024-11-04T04:19:02.441+0000] {processor.py:925} INFO - DAG(s) 'example_branch_operator' retrieved from /home/airflow/.local/lib/python3.12/site-packages/airflow/example_dags/example_branch_operator.py
[2024-11-04T04:19:02.459+0000] {logging_mixin.py:190} INFO - [2024-11-04T04:19:02.458+0000] {dag.py:3239} INFO - Sync 1 DAGs
[2024-11-04T04:19:02.472+0000] {logging_mixin.py:190} INFO - [2024-11-04T04:19:02.472+0000] {dag.py:4180} INFO - Setting next_dagrun for example_branch_operator to 2024-11-03 00:00:00+00:00, run_after=2024-11-04 00:00:00+00:00
[2024-11-04T04:19:02.491+0000] {processor.py:208} INFO - Processing /home/airflow/.local/lib/python3.12/site-packages/airflow/example_dags/example_branch_operator.py took 0.064 seconds
[2024-11-04T04:19:32.824+0000] {processor.py:186} INFO - Started process (PID=464) to work on /home/airflow/.local/lib/python3.12/site-packages/airflow/example_dags/example_branch_operator.py
[2024-11-04T04:19:32.825+0000] {processor.py:914} INFO - Processing file /home/airflow/.local/lib/python3.12/site-packages/airflow/example_dags/example_branch_operator.py for tasks to queue
[2024-11-04T04:19:32.827+0000] {logging_mixin.py:190} INFO - [2024-11-04T04:19:32.826+0000] {dagbag.py:588} INFO - Filling up the DagBag from /home/airflow/.local/lib/python3.12/site-packages/airflow/example_dags/example_branch_operator.py
[2024-11-04T04:19:32.836+0000] {processor.py:925} INFO - DAG(s) 'example_branch_operator' retrieved from /home/airflow/.local/lib/python3.12/site-packages/airflow/example_dags/example_branch_operator.py
[2024-11-04T04:19:32.858+0000] {logging_mixin.py:190} INFO - [2024-11-04T04:19:32.858+0000] {dag.py:3239} INFO - Sync 1 DAGs
[2024-11-04T04:19:32.872+0000] {logging_mixin.py:190} INFO - [2024-11-04T04:19:32.872+0000] {dag.py:4180} INFO - Setting next_dagrun for example_branch_operator to 2024-11-03 00:00:00+00:00, run_after=2024-11-04 00:00:00+00:00
[2024-11-04T04:19:32.883+0000] {processor.py:208} INFO - Processing /home/airflow/.local/lib/python3.12/site-packages/airflow/example_dags/example_branch_operator.py took 0.063 seconds
[2024-11-04T04:20:03.398+0000] {processor.py:186} INFO - Started process (PID=526) to work on /home/airflow/.local/lib/python3.12/site-packages/airflow/example_dags/example_branch_operator.py
[2024-11-04T04:20:03.400+0000] {processor.py:914} INFO - Processing file /home/airflow/.local/lib/python3.12/site-packages/airflow/example_dags/example_branch_operator.py for tasks to queue
[2024-11-04T04:20:03.401+0000] {logging_mixin.py:190} INFO - [2024-11-04T04:20:03.401+0000] {dagbag.py:588} INFO - Filling up the DagBag from /home/airflow/.local/lib/python3.12/site-packages/airflow/example_dags/example_branch_operator.py
[2024-11-04T04:20:03.410+0000] {processor.py:925} INFO - DAG(s) 'example_branch_operator' retrieved from /home/airflow/.local/lib/python3.12/site-packages/airflow/example_dags/example_branch_operator.py
[2024-11-04T04:20:03.427+0000] {logging_mixin.py:190} INFO - [2024-11-04T04:20:03.427+0000] {dag.py:3239} INFO - Sync 1 DAGs
[2024-11-04T04:20:03.440+0000] {logging_mixin.py:190} INFO - [2024-11-04T04:20:03.440+0000] {dag.py:4180} INFO - Setting next_dagrun for example_branch_operator to 2024-11-03 00:00:00+00:00, run_after=2024-11-04 00:00:00+00:00
[2024-11-04T04:20:03.455+0000] {processor.py:208} INFO - Processing /home/airflow/.local/lib/python3.12/site-packages/airflow/example_dags/example_branch_operator.py took 0.060 seconds
[2024-11-04T04:20:33.673+0000] {processor.py:186} INFO - Started process (PID=588) to work on /home/airflow/.local/lib/python3.12/site-packages/airflow/example_dags/example_branch_operator.py
[2024-11-04T04:20:33.674+0000] {processor.py:914} INFO - Processing file /home/airflow/.local/lib/python3.12/site-packages/airflow/example_dags/example_branch_operator.py for tasks to queue
[2024-11-04T04:20:33.675+0000] {logging_mixin.py:190} INFO - [2024-11-04T04:20:33.675+0000] {dagbag.py:588} INFO - Filling up the DagBag from /home/airflow/.local/lib/python3.12/site-packages/airflow/example_dags/example_branch_operator.py
[2024-11-04T04:20:33.684+0000] {processor.py:925} INFO - DAG(s) 'example_branch_operator' retrieved from /home/airflow/.local/lib/python3.12/site-packages/airflow/example_dags/example_branch_operator.py
[2024-11-04T04:20:33.700+0000] {logging_mixin.py:190} INFO - [2024-11-04T04:20:33.699+0000] {dag.py:3239} INFO - Sync 1 DAGs
[2024-11-04T04:20:33.727+0000] {logging_mixin.py:190} INFO - [2024-11-04T04:20:33.727+0000] {dag.py:4180} INFO - Setting next_dagrun for example_branch_operator to 2024-11-03 00:00:00+00:00, run_after=2024-11-04 00:00:00+00:00
[2024-11-04T04:20:33.737+0000] {processor.py:208} INFO - Processing /home/airflow/.local/lib/python3.12/site-packages/airflow/example_dags/example_branch_operator.py took 0.067 seconds
[2024-11-04T04:21:04.175+0000] {processor.py:186} INFO - Started process (PID=650) to work on /home/airflow/.local/lib/python3.12/site-packages/airflow/example_dags/example_branch_operator.py
[2024-11-04T04:21:04.176+0000] {processor.py:914} INFO - Processing file /home/airflow/.local/lib/python3.12/site-packages/airflow/example_dags/example_branch_operator.py for tasks to queue
[2024-11-04T04:21:04.177+0000] {logging_mixin.py:190} INFO - [2024-11-04T04:21:04.177+0000] {dagbag.py:588} INFO - Filling up the DagBag from /home/airflow/.local/lib/python3.12/site-packages/airflow/example_dags/example_branch_operator.py
[2024-11-04T04:21:04.187+0000] {processor.py:925} INFO - DAG(s) 'example_branch_operator' retrieved from /home/airflow/.local/lib/python3.12/site-packages/airflow/example_dags/example_branch_operator.py
[2024-11-04T04:21:04.208+0000] {logging_mixin.py:190} INFO - [2024-11-04T04:21:04.207+0000] {dag.py:3239} INFO - Sync 1 DAGs
[2024-11-04T04:21:04.221+0000] {logging_mixin.py:190} INFO - [2024-11-04T04:21:04.221+0000] {dag.py:4180} INFO - Setting next_dagrun for example_branch_operator to 2024-11-03 00:00:00+00:00, run_after=2024-11-04 00:00:00+00:00
[2024-11-04T04:21:04.234+0000] {processor.py:208} INFO - Processing /home/airflow/.local/lib/python3.12/site-packages/airflow/example_dags/example_branch_operator.py took 0.062 seconds
[2024-11-04T04:21:34.538+0000] {processor.py:186} INFO - Started process (PID=712) to work on /home/airflow/.local/lib/python3.12/site-packages/airflow/example_dags/example_branch_operator.py
[2024-11-04T04:21:34.540+0000] {processor.py:914} INFO - Processing file /home/airflow/.local/lib/python3.12/site-packages/airflow/example_dags/example_branch_operator.py for tasks to queue
[2024-11-04T04:21:34.542+0000] {logging_mixin.py:190} INFO - [2024-11-04T04:21:34.542+0000] {dagbag.py:588} INFO - Filling up the DagBag from /home/airflow/.local/lib/python3.12/site-packages/airflow/example_dags/example_branch_operator.py
[2024-11-04T04:21:34.554+0000] {processor.py:925} INFO - DAG(s) 'example_branch_operator' retrieved from /home/airflow/.local/lib/python3.12/site-packages/airflow/example_dags/example_branch_operator.py
[2024-11-04T04:21:34.572+0000] {logging_mixin.py:190} INFO - [2024-11-04T04:21:34.572+0000] {dag.py:3239} INFO - Sync 1 DAGs
[2024-11-04T04:21:34.585+0000] {logging_mixin.py:190} INFO - [2024-11-04T04:21:34.585+0000] {dag.py:4180} INFO - Setting next_dagrun for example_branch_operator to 2024-11-03 00:00:00+00:00, run_after=2024-11-04 00:00:00+00:00
[2024-11-04T04:21:34.601+0000] {processor.py:208} INFO - Processing /home/airflow/.local/lib/python3.12/site-packages/airflow/example_dags/example_branch_operator.py took 0.066 seconds
[2024-11-04T04:22:05.221+0000] {processor.py:186} INFO - Started process (PID=774) to work on /home/airflow/.local/lib/python3.12/site-packages/airflow/example_dags/example_branch_operator.py
[2024-11-04T04:22:05.222+0000] {processor.py:914} INFO - Processing file /home/airflow/.local/lib/python3.12/site-packages/airflow/example_dags/example_branch_operator.py for tasks to queue
[2024-11-04T04:22:05.223+0000] {logging_mixin.py:190} INFO - [2024-11-04T04:22:05.223+0000] {dagbag.py:588} INFO - Filling up the DagBag from /home/airflow/.local/lib/python3.12/site-packages/airflow/example_dags/example_branch_operator.py
[2024-11-04T04:22:05.232+0000] {processor.py:925} INFO - DAG(s) 'example_branch_operator' retrieved from /home/airflow/.local/lib/python3.12/site-packages/airflow/example_dags/example_branch_operator.py
[2024-11-04T04:22:05.249+0000] {logging_mixin.py:190} INFO - [2024-11-04T04:22:05.249+0000] {dag.py:3239} INFO - Sync 1 DAGs
[2024-11-04T04:22:05.262+0000] {logging_mixin.py:190} INFO - [2024-11-04T04:22:05.261+0000] {dag.py:4180} INFO - Setting next_dagrun for example_branch_operator to 2024-11-03 00:00:00+00:00, run_after=2024-11-04 00:00:00+00:00
[2024-11-04T04:22:05.277+0000] {processor.py:208} INFO - Processing /home/airflow/.local/lib/python3.12/site-packages/airflow/example_dags/example_branch_operator.py took 0.060 seconds
