[2024-11-04T04:16:28.809+0000] {processor.py:186} INFO - Started process (PID=89) to work on /home/airflow/.local/lib/python3.12/site-packages/airflow/example_dags/example_latest_only_with_trigger.py
[2024-11-04T04:16:28.809+0000] {processor.py:914} INFO - Processing file /home/airflow/.local/lib/python3.12/site-packages/airflow/example_dags/example_latest_only_with_trigger.py for tasks to queue
[2024-11-04T04:16:28.811+0000] {logging_mixin.py:190} INFO - [2024-11-04T04:16:28.811+0000] {dagbag.py:588} INFO - Filling up the DagBag from /home/airflow/.local/lib/python3.12/site-packages/airflow/example_dags/example_latest_only_with_trigger.py
[2024-11-04T04:16:28.816+0000] {processor.py:925} INFO - DAG(s) 'latest_only_with_trigger' retrieved from /home/airflow/.local/lib/python3.12/site-packages/airflow/example_dags/example_latest_only_with_trigger.py
[2024-11-04T04:16:28.877+0000] {logging_mixin.py:190} INFO - [2024-11-04T04:16:28.877+0000] {override.py:1900} INFO - Created Permission View: can read on DAG:latest_only_with_trigger
[2024-11-04T04:16:28.884+0000] {logging_mixin.py:190} INFO - [2024-11-04T04:16:28.884+0000] {override.py:1900} INFO - Created Permission View: can delete on DAG:latest_only_with_trigger
[2024-11-04T04:16:28.891+0000] {logging_mixin.py:190} INFO - [2024-11-04T04:16:28.891+0000] {override.py:1900} INFO - Created Permission View: can edit on DAG:latest_only_with_trigger
[2024-11-04T04:16:28.897+0000] {logging_mixin.py:190} INFO - [2024-11-04T04:16:28.896+0000] {override.py:1900} INFO - Created Permission View: menu access on DAG Run:latest_only_with_trigger
[2024-11-04T04:16:28.901+0000] {logging_mixin.py:190} INFO - [2024-11-04T04:16:28.900+0000] {override.py:1900} INFO - Created Permission View: can read on DAG Run:latest_only_with_trigger
[2024-11-04T04:16:28.905+0000] {logging_mixin.py:190} INFO - [2024-11-04T04:16:28.905+0000] {override.py:1900} INFO - Created Permission View: can create on DAG Run:latest_only_with_trigger
[2024-11-04T04:16:28.909+0000] {logging_mixin.py:190} INFO - [2024-11-04T04:16:28.909+0000] {override.py:1900} INFO - Created Permission View: can delete on DAG Run:latest_only_with_trigger
[2024-11-04T04:16:28.909+0000] {logging_mixin.py:190} INFO - [2024-11-04T04:16:28.909+0000] {dag.py:3239} INFO - Sync 1 DAGs
[2024-11-04T04:16:28.919+0000] {logging_mixin.py:190} INFO - [2024-11-04T04:16:28.919+0000] {dag.py:3262} INFO - Creating ORM DAG for latest_only_with_trigger
[2024-11-04T04:16:28.923+0000] {logging_mixin.py:190} INFO - [2024-11-04T04:16:28.923+0000] {dag.py:4180} INFO - Setting next_dagrun for latest_only_with_trigger to 2024-11-04 00:00:00+00:00, run_after=2024-11-04 04:00:00+00:00
[2024-11-04T04:16:28.932+0000] {processor.py:208} INFO - Processing /home/airflow/.local/lib/python3.12/site-packages/airflow/example_dags/example_latest_only_with_trigger.py took 0.126 seconds
[2024-11-04T04:16:59.792+0000] {processor.py:186} INFO - Started process (PID=151) to work on /home/airflow/.local/lib/python3.12/site-packages/airflow/example_dags/example_latest_only_with_trigger.py
[2024-11-04T04:16:59.793+0000] {processor.py:914} INFO - Processing file /home/airflow/.local/lib/python3.12/site-packages/airflow/example_dags/example_latest_only_with_trigger.py for tasks to queue
[2024-11-04T04:16:59.794+0000] {logging_mixin.py:190} INFO - [2024-11-04T04:16:59.794+0000] {dagbag.py:588} INFO - Filling up the DagBag from /home/airflow/.local/lib/python3.12/site-packages/airflow/example_dags/example_latest_only_with_trigger.py
[2024-11-04T04:16:59.798+0000] {processor.py:925} INFO - DAG(s) 'latest_only_with_trigger' retrieved from /home/airflow/.local/lib/python3.12/site-packages/airflow/example_dags/example_latest_only_with_trigger.py
[2024-11-04T04:16:59.810+0000] {logging_mixin.py:190} INFO - [2024-11-04T04:16:59.809+0000] {dag.py:3239} INFO - Sync 1 DAGs
[2024-11-04T04:16:59.827+0000] {logging_mixin.py:190} INFO - [2024-11-04T04:16:59.827+0000] {dag.py:4180} INFO - Setting next_dagrun for latest_only_with_trigger to 2024-11-04 00:00:00+00:00, run_after=2024-11-04 04:00:00+00:00
[2024-11-04T04:16:59.844+0000] {processor.py:208} INFO - Processing /home/airflow/.local/lib/python3.12/site-packages/airflow/example_dags/example_latest_only_with_trigger.py took 0.056 seconds
[2024-11-04T04:17:30.610+0000] {processor.py:186} INFO - Started process (PID=213) to work on /home/airflow/.local/lib/python3.12/site-packages/airflow/example_dags/example_latest_only_with_trigger.py
[2024-11-04T04:17:30.611+0000] {processor.py:914} INFO - Processing file /home/airflow/.local/lib/python3.12/site-packages/airflow/example_dags/example_latest_only_with_trigger.py for tasks to queue
[2024-11-04T04:17:30.612+0000] {logging_mixin.py:190} INFO - [2024-11-04T04:17:30.612+0000] {dagbag.py:588} INFO - Filling up the DagBag from /home/airflow/.local/lib/python3.12/site-packages/airflow/example_dags/example_latest_only_with_trigger.py
[2024-11-04T04:17:30.617+0000] {processor.py:925} INFO - DAG(s) 'latest_only_with_trigger' retrieved from /home/airflow/.local/lib/python3.12/site-packages/airflow/example_dags/example_latest_only_with_trigger.py
[2024-11-04T04:17:30.628+0000] {logging_mixin.py:190} INFO - [2024-11-04T04:17:30.628+0000] {dag.py:3239} INFO - Sync 1 DAGs
[2024-11-04T04:17:30.643+0000] {logging_mixin.py:190} INFO - [2024-11-04T04:17:30.642+0000] {dag.py:4180} INFO - Setting next_dagrun for latest_only_with_trigger to 2024-11-04 00:00:00+00:00, run_after=2024-11-04 04:00:00+00:00
[2024-11-04T04:17:30.658+0000] {processor.py:208} INFO - Processing /home/airflow/.local/lib/python3.12/site-packages/airflow/example_dags/example_latest_only_with_trigger.py took 0.052 seconds
[2024-11-04T04:18:01.048+0000] {processor.py:186} INFO - Started process (PID=275) to work on /home/airflow/.local/lib/python3.12/site-packages/airflow/example_dags/example_latest_only_with_trigger.py
[2024-11-04T04:18:01.049+0000] {processor.py:914} INFO - Processing file /home/airflow/.local/lib/python3.12/site-packages/airflow/example_dags/example_latest_only_with_trigger.py for tasks to queue
[2024-11-04T04:18:01.050+0000] {logging_mixin.py:190} INFO - [2024-11-04T04:18:01.050+0000] {dagbag.py:588} INFO - Filling up the DagBag from /home/airflow/.local/lib/python3.12/site-packages/airflow/example_dags/example_latest_only_with_trigger.py
[2024-11-04T04:18:01.054+0000] {processor.py:925} INFO - DAG(s) 'latest_only_with_trigger' retrieved from /home/airflow/.local/lib/python3.12/site-packages/airflow/example_dags/example_latest_only_with_trigger.py
[2024-11-04T04:18:01.065+0000] {logging_mixin.py:190} INFO - [2024-11-04T04:18:01.065+0000] {dag.py:3239} INFO - Sync 1 DAGs
[2024-11-04T04:18:01.077+0000] {logging_mixin.py:190} INFO - [2024-11-04T04:18:01.077+0000] {dag.py:4180} INFO - Setting next_dagrun for latest_only_with_trigger to 2024-11-04 00:00:00+00:00, run_after=2024-11-04 04:00:00+00:00
[2024-11-04T04:18:01.089+0000] {processor.py:208} INFO - Processing /home/airflow/.local/lib/python3.12/site-packages/airflow/example_dags/example_latest_only_with_trigger.py took 0.044 seconds
[2024-11-04T04:18:31.817+0000] {processor.py:186} INFO - Started process (PID=337) to work on /home/airflow/.local/lib/python3.12/site-packages/airflow/example_dags/example_latest_only_with_trigger.py
[2024-11-04T04:18:31.817+0000] {processor.py:914} INFO - Processing file /home/airflow/.local/lib/python3.12/site-packages/airflow/example_dags/example_latest_only_with_trigger.py for tasks to queue
[2024-11-04T04:18:31.819+0000] {logging_mixin.py:190} INFO - [2024-11-04T04:18:31.818+0000] {dagbag.py:588} INFO - Filling up the DagBag from /home/airflow/.local/lib/python3.12/site-packages/airflow/example_dags/example_latest_only_with_trigger.py
[2024-11-04T04:18:31.822+0000] {processor.py:925} INFO - DAG(s) 'latest_only_with_trigger' retrieved from /home/airflow/.local/lib/python3.12/site-packages/airflow/example_dags/example_latest_only_with_trigger.py
[2024-11-04T04:18:31.833+0000] {logging_mixin.py:190} INFO - [2024-11-04T04:18:31.833+0000] {dag.py:3239} INFO - Sync 1 DAGs
[2024-11-04T04:18:31.845+0000] {logging_mixin.py:190} INFO - [2024-11-04T04:18:31.845+0000] {dag.py:4180} INFO - Setting next_dagrun for latest_only_with_trigger to 2024-11-04 00:00:00+00:00, run_after=2024-11-04 04:00:00+00:00
[2024-11-04T04:18:31.860+0000] {processor.py:208} INFO - Processing /home/airflow/.local/lib/python3.12/site-packages/airflow/example_dags/example_latest_only_with_trigger.py took 0.047 seconds
[2024-11-04T04:19:02.314+0000] {processor.py:186} INFO - Started process (PID=399) to work on /home/airflow/.local/lib/python3.12/site-packages/airflow/example_dags/example_latest_only_with_trigger.py
[2024-11-04T04:19:02.314+0000] {processor.py:914} INFO - Processing file /home/airflow/.local/lib/python3.12/site-packages/airflow/example_dags/example_latest_only_with_trigger.py for tasks to queue
[2024-11-04T04:19:02.316+0000] {logging_mixin.py:190} INFO - [2024-11-04T04:19:02.316+0000] {dagbag.py:588} INFO - Filling up the DagBag from /home/airflow/.local/lib/python3.12/site-packages/airflow/example_dags/example_latest_only_with_trigger.py
[2024-11-04T04:19:02.320+0000] {processor.py:925} INFO - DAG(s) 'latest_only_with_trigger' retrieved from /home/airflow/.local/lib/python3.12/site-packages/airflow/example_dags/example_latest_only_with_trigger.py
[2024-11-04T04:19:02.331+0000] {logging_mixin.py:190} INFO - [2024-11-04T04:19:02.331+0000] {dag.py:3239} INFO - Sync 1 DAGs
[2024-11-04T04:19:02.344+0000] {logging_mixin.py:190} INFO - [2024-11-04T04:19:02.344+0000] {dag.py:4180} INFO - Setting next_dagrun for latest_only_with_trigger to 2024-11-04 00:00:00+00:00, run_after=2024-11-04 04:00:00+00:00
[2024-11-04T04:19:02.356+0000] {processor.py:208} INFO - Processing /home/airflow/.local/lib/python3.12/site-packages/airflow/example_dags/example_latest_only_with_trigger.py took 0.045 seconds
[2024-11-04T04:19:32.693+0000] {processor.py:186} INFO - Started process (PID=461) to work on /home/airflow/.local/lib/python3.12/site-packages/airflow/example_dags/example_latest_only_with_trigger.py
[2024-11-04T04:19:32.694+0000] {processor.py:914} INFO - Processing file /home/airflow/.local/lib/python3.12/site-packages/airflow/example_dags/example_latest_only_with_trigger.py for tasks to queue
[2024-11-04T04:19:32.695+0000] {logging_mixin.py:190} INFO - [2024-11-04T04:19:32.695+0000] {dagbag.py:588} INFO - Filling up the DagBag from /home/airflow/.local/lib/python3.12/site-packages/airflow/example_dags/example_latest_only_with_trigger.py
[2024-11-04T04:19:32.700+0000] {processor.py:925} INFO - DAG(s) 'latest_only_with_trigger' retrieved from /home/airflow/.local/lib/python3.12/site-packages/airflow/example_dags/example_latest_only_with_trigger.py
[2024-11-04T04:19:32.713+0000] {logging_mixin.py:190} INFO - [2024-11-04T04:19:32.712+0000] {dag.py:3239} INFO - Sync 1 DAGs
[2024-11-04T04:19:32.725+0000] {logging_mixin.py:190} INFO - [2024-11-04T04:19:32.725+0000] {dag.py:4180} INFO - Setting next_dagrun for latest_only_with_trigger to 2024-11-04 00:00:00+00:00, run_after=2024-11-04 04:00:00+00:00
[2024-11-04T04:19:32.739+0000] {processor.py:208} INFO - Processing /home/airflow/.local/lib/python3.12/site-packages/airflow/example_dags/example_latest_only_with_trigger.py took 0.049 seconds
[2024-11-04T04:20:03.276+0000] {processor.py:186} INFO - Started process (PID=523) to work on /home/airflow/.local/lib/python3.12/site-packages/airflow/example_dags/example_latest_only_with_trigger.py
[2024-11-04T04:20:03.277+0000] {processor.py:914} INFO - Processing file /home/airflow/.local/lib/python3.12/site-packages/airflow/example_dags/example_latest_only_with_trigger.py for tasks to queue
[2024-11-04T04:20:03.279+0000] {logging_mixin.py:190} INFO - [2024-11-04T04:20:03.279+0000] {dagbag.py:588} INFO - Filling up the DagBag from /home/airflow/.local/lib/python3.12/site-packages/airflow/example_dags/example_latest_only_with_trigger.py
[2024-11-04T04:20:03.284+0000] {processor.py:925} INFO - DAG(s) 'latest_only_with_trigger' retrieved from /home/airflow/.local/lib/python3.12/site-packages/airflow/example_dags/example_latest_only_with_trigger.py
[2024-11-04T04:20:03.296+0000] {logging_mixin.py:190} INFO - [2024-11-04T04:20:03.296+0000] {dag.py:3239} INFO - Sync 1 DAGs
[2024-11-04T04:20:03.309+0000] {logging_mixin.py:190} INFO - [2024-11-04T04:20:03.309+0000] {dag.py:4180} INFO - Setting next_dagrun for latest_only_with_trigger to 2024-11-04 00:00:00+00:00, run_after=2024-11-04 04:00:00+00:00
[2024-11-04T04:20:03.322+0000] {processor.py:208} INFO - Processing /home/airflow/.local/lib/python3.12/site-packages/airflow/example_dags/example_latest_only_with_trigger.py took 0.049 seconds
[2024-11-04T04:20:33.564+0000] {processor.py:186} INFO - Started process (PID=585) to work on /home/airflow/.local/lib/python3.12/site-packages/airflow/example_dags/example_latest_only_with_trigger.py
[2024-11-04T04:20:33.565+0000] {processor.py:914} INFO - Processing file /home/airflow/.local/lib/python3.12/site-packages/airflow/example_dags/example_latest_only_with_trigger.py for tasks to queue
[2024-11-04T04:20:33.566+0000] {logging_mixin.py:190} INFO - [2024-11-04T04:20:33.566+0000] {dagbag.py:588} INFO - Filling up the DagBag from /home/airflow/.local/lib/python3.12/site-packages/airflow/example_dags/example_latest_only_with_trigger.py
[2024-11-04T04:20:33.570+0000] {processor.py:925} INFO - DAG(s) 'latest_only_with_trigger' retrieved from /home/airflow/.local/lib/python3.12/site-packages/airflow/example_dags/example_latest_only_with_trigger.py
[2024-11-04T04:20:33.581+0000] {logging_mixin.py:190} INFO - [2024-11-04T04:20:33.581+0000] {dag.py:3239} INFO - Sync 1 DAGs
[2024-11-04T04:20:33.593+0000] {logging_mixin.py:190} INFO - [2024-11-04T04:20:33.593+0000] {dag.py:4180} INFO - Setting next_dagrun for latest_only_with_trigger to 2024-11-04 00:00:00+00:00, run_after=2024-11-04 04:00:00+00:00
[2024-11-04T04:20:33.609+0000] {processor.py:208} INFO - Processing /home/airflow/.local/lib/python3.12/site-packages/airflow/example_dags/example_latest_only_with_trigger.py took 0.047 seconds
[2024-11-04T04:21:04.045+0000] {processor.py:186} INFO - Started process (PID=647) to work on /home/airflow/.local/lib/python3.12/site-packages/airflow/example_dags/example_latest_only_with_trigger.py
[2024-11-04T04:21:04.046+0000] {processor.py:914} INFO - Processing file /home/airflow/.local/lib/python3.12/site-packages/airflow/example_dags/example_latest_only_with_trigger.py for tasks to queue
[2024-11-04T04:21:04.048+0000] {logging_mixin.py:190} INFO - [2024-11-04T04:21:04.047+0000] {dagbag.py:588} INFO - Filling up the DagBag from /home/airflow/.local/lib/python3.12/site-packages/airflow/example_dags/example_latest_only_with_trigger.py
[2024-11-04T04:21:04.052+0000] {processor.py:925} INFO - DAG(s) 'latest_only_with_trigger' retrieved from /home/airflow/.local/lib/python3.12/site-packages/airflow/example_dags/example_latest_only_with_trigger.py
[2024-11-04T04:21:04.066+0000] {logging_mixin.py:190} INFO - [2024-11-04T04:21:04.066+0000] {dag.py:3239} INFO - Sync 1 DAGs
[2024-11-04T04:21:04.081+0000] {logging_mixin.py:190} INFO - [2024-11-04T04:21:04.080+0000] {dag.py:4180} INFO - Setting next_dagrun for latest_only_with_trigger to 2024-11-04 00:00:00+00:00, run_after=2024-11-04 04:00:00+00:00
[2024-11-04T04:21:04.095+0000] {processor.py:208} INFO - Processing /home/airflow/.local/lib/python3.12/site-packages/airflow/example_dags/example_latest_only_with_trigger.py took 0.052 seconds
[2024-11-04T04:21:34.424+0000] {processor.py:186} INFO - Started process (PID=709) to work on /home/airflow/.local/lib/python3.12/site-packages/airflow/example_dags/example_latest_only_with_trigger.py
[2024-11-04T04:21:34.424+0000] {processor.py:914} INFO - Processing file /home/airflow/.local/lib/python3.12/site-packages/airflow/example_dags/example_latest_only_with_trigger.py for tasks to queue
[2024-11-04T04:21:34.425+0000] {logging_mixin.py:190} INFO - [2024-11-04T04:21:34.425+0000] {dagbag.py:588} INFO - Filling up the DagBag from /home/airflow/.local/lib/python3.12/site-packages/airflow/example_dags/example_latest_only_with_trigger.py
[2024-11-04T04:21:34.429+0000] {processor.py:925} INFO - DAG(s) 'latest_only_with_trigger' retrieved from /home/airflow/.local/lib/python3.12/site-packages/airflow/example_dags/example_latest_only_with_trigger.py
[2024-11-04T04:21:34.440+0000] {logging_mixin.py:190} INFO - [2024-11-04T04:21:34.440+0000] {dag.py:3239} INFO - Sync 1 DAGs
[2024-11-04T04:21:34.452+0000] {logging_mixin.py:190} INFO - [2024-11-04T04:21:34.452+0000] {dag.py:4180} INFO - Setting next_dagrun for latest_only_with_trigger to 2024-11-04 00:00:00+00:00, run_after=2024-11-04 04:00:00+00:00
[2024-11-04T04:21:34.463+0000] {processor.py:208} INFO - Processing /home/airflow/.local/lib/python3.12/site-packages/airflow/example_dags/example_latest_only_with_trigger.py took 0.043 seconds
[2024-11-04T04:22:05.064+0000] {processor.py:186} INFO - Started process (PID=771) to work on /home/airflow/.local/lib/python3.12/site-packages/airflow/example_dags/example_latest_only_with_trigger.py
[2024-11-04T04:22:05.065+0000] {processor.py:914} INFO - Processing file /home/airflow/.local/lib/python3.12/site-packages/airflow/example_dags/example_latest_only_with_trigger.py for tasks to queue
[2024-11-04T04:22:05.067+0000] {logging_mixin.py:190} INFO - [2024-11-04T04:22:05.066+0000] {dagbag.py:588} INFO - Filling up the DagBag from /home/airflow/.local/lib/python3.12/site-packages/airflow/example_dags/example_latest_only_with_trigger.py
[2024-11-04T04:22:05.072+0000] {processor.py:925} INFO - DAG(s) 'latest_only_with_trigger' retrieved from /home/airflow/.local/lib/python3.12/site-packages/airflow/example_dags/example_latest_only_with_trigger.py
[2024-11-04T04:22:05.087+0000] {logging_mixin.py:190} INFO - [2024-11-04T04:22:05.087+0000] {dag.py:3239} INFO - Sync 1 DAGs
[2024-11-04T04:22:05.106+0000] {logging_mixin.py:190} INFO - [2024-11-04T04:22:05.106+0000] {dag.py:4180} INFO - Setting next_dagrun for latest_only_with_trigger to 2024-11-04 00:00:00+00:00, run_after=2024-11-04 04:00:00+00:00
[2024-11-04T04:22:05.128+0000] {processor.py:208} INFO - Processing /home/airflow/.local/lib/python3.12/site-packages/airflow/example_dags/example_latest_only_with_trigger.py took 0.067 seconds
