[2024-11-04T04:16:29.083+0000] {processor.py:186} INFO - Started process (PID=93) to work on /home/airflow/.local/lib/python3.12/site-packages/airflow/example_dags/example_params_ui_tutorial.py
[2024-11-04T04:16:29.084+0000] {processor.py:914} INFO - Processing file /home/airflow/.local/lib/python3.12/site-packages/airflow/example_dags/example_params_ui_tutorial.py for tasks to queue
[2024-11-04T04:16:29.085+0000] {logging_mixin.py:190} INFO - [2024-11-04T04:16:29.085+0000] {dagbag.py:588} INFO - Filling up the DagBag from /home/airflow/.local/lib/python3.12/site-packages/airflow/example_dags/example_params_ui_tutorial.py
[2024-11-04T04:16:29.091+0000] {processor.py:925} INFO - DAG(s) 'example_params_ui_tutorial' retrieved from /home/airflow/.local/lib/python3.12/site-packages/airflow/example_dags/example_params_ui_tutorial.py
[2024-11-04T04:16:29.149+0000] {logging_mixin.py:190} INFO - [2024-11-04T04:16:29.149+0000] {override.py:1900} INFO - Created Permission View: can read on DAG:example_params_ui_tutorial
[2024-11-04T04:16:29.154+0000] {logging_mixin.py:190} INFO - [2024-11-04T04:16:29.154+0000] {override.py:1900} INFO - Created Permission View: can delete on DAG:example_params_ui_tutorial
[2024-11-04T04:16:29.159+0000] {logging_mixin.py:190} INFO - [2024-11-04T04:16:29.159+0000] {override.py:1900} INFO - Created Permission View: can edit on DAG:example_params_ui_tutorial
[2024-11-04T04:16:29.164+0000] {logging_mixin.py:190} INFO - [2024-11-04T04:16:29.164+0000] {override.py:1900} INFO - Created Permission View: menu access on DAG Run:example_params_ui_tutorial
[2024-11-04T04:16:29.172+0000] {logging_mixin.py:190} INFO - [2024-11-04T04:16:29.172+0000] {override.py:1900} INFO - Created Permission View: can read on DAG Run:example_params_ui_tutorial
[2024-11-04T04:16:29.179+0000] {logging_mixin.py:190} INFO - [2024-11-04T04:16:29.179+0000] {override.py:1900} INFO - Created Permission View: can create on DAG Run:example_params_ui_tutorial
[2024-11-04T04:16:29.184+0000] {logging_mixin.py:190} INFO - [2024-11-04T04:16:29.184+0000] {override.py:1900} INFO - Created Permission View: can delete on DAG Run:example_params_ui_tutorial
[2024-11-04T04:16:29.185+0000] {logging_mixin.py:190} INFO - [2024-11-04T04:16:29.185+0000] {dag.py:3239} INFO - Sync 1 DAGs
[2024-11-04T04:16:29.192+0000] {logging_mixin.py:190} INFO - [2024-11-04T04:16:29.192+0000] {dag.py:3262} INFO - Creating ORM DAG for example_params_ui_tutorial
[2024-11-04T04:16:29.194+0000] {logging_mixin.py:190} INFO - [2024-11-04T04:16:29.194+0000] {dag.py:4180} INFO - Setting next_dagrun for example_params_ui_tutorial to None, run_after=None
[2024-11-04T04:16:29.205+0000] {processor.py:208} INFO - Processing /home/airflow/.local/lib/python3.12/site-packages/airflow/example_dags/example_params_ui_tutorial.py took 0.125 seconds
[2024-11-04T04:17:00.001+0000] {processor.py:186} INFO - Started process (PID=155) to work on /home/airflow/.local/lib/python3.12/site-packages/airflow/example_dags/example_params_ui_tutorial.py
[2024-11-04T04:17:00.002+0000] {processor.py:914} INFO - Processing file /home/airflow/.local/lib/python3.12/site-packages/airflow/example_dags/example_params_ui_tutorial.py for tasks to queue
[2024-11-04T04:17:00.005+0000] {logging_mixin.py:190} INFO - [2024-11-04T04:17:00.004+0000] {dagbag.py:588} INFO - Filling up the DagBag from /home/airflow/.local/lib/python3.12/site-packages/airflow/example_dags/example_params_ui_tutorial.py
[2024-11-04T04:17:00.014+0000] {processor.py:925} INFO - DAG(s) 'example_params_ui_tutorial' retrieved from /home/airflow/.local/lib/python3.12/site-packages/airflow/example_dags/example_params_ui_tutorial.py
[2024-11-04T04:17:00.045+0000] {logging_mixin.py:190} INFO - [2024-11-04T04:17:00.045+0000] {dag.py:3239} INFO - Sync 1 DAGs
[2024-11-04T04:17:00.055+0000] {logging_mixin.py:190} INFO - [2024-11-04T04:17:00.055+0000] {dag.py:4180} INFO - Setting next_dagrun for example_params_ui_tutorial to None, run_after=None
[2024-11-04T04:17:00.067+0000] {processor.py:208} INFO - Processing /home/airflow/.local/lib/python3.12/site-packages/airflow/example_dags/example_params_ui_tutorial.py took 0.069 seconds
[2024-11-04T04:17:30.761+0000] {processor.py:186} INFO - Started process (PID=217) to work on /home/airflow/.local/lib/python3.12/site-packages/airflow/example_dags/example_params_ui_tutorial.py
[2024-11-04T04:17:30.762+0000] {processor.py:914} INFO - Processing file /home/airflow/.local/lib/python3.12/site-packages/airflow/example_dags/example_params_ui_tutorial.py for tasks to queue
[2024-11-04T04:17:30.763+0000] {logging_mixin.py:190} INFO - [2024-11-04T04:17:30.763+0000] {dagbag.py:588} INFO - Filling up the DagBag from /home/airflow/.local/lib/python3.12/site-packages/airflow/example_dags/example_params_ui_tutorial.py
[2024-11-04T04:17:30.769+0000] {processor.py:925} INFO - DAG(s) 'example_params_ui_tutorial' retrieved from /home/airflow/.local/lib/python3.12/site-packages/airflow/example_dags/example_params_ui_tutorial.py
[2024-11-04T04:17:30.791+0000] {logging_mixin.py:190} INFO - [2024-11-04T04:17:30.791+0000] {dag.py:3239} INFO - Sync 1 DAGs
[2024-11-04T04:17:30.799+0000] {logging_mixin.py:190} INFO - [2024-11-04T04:17:30.799+0000] {dag.py:4180} INFO - Setting next_dagrun for example_params_ui_tutorial to None, run_after=None
[2024-11-04T04:17:30.815+0000] {processor.py:208} INFO - Processing /home/airflow/.local/lib/python3.12/site-packages/airflow/example_dags/example_params_ui_tutorial.py took 0.059 seconds
[2024-11-04T04:18:01.191+0000] {processor.py:186} INFO - Started process (PID=279) to work on /home/airflow/.local/lib/python3.12/site-packages/airflow/example_dags/example_params_ui_tutorial.py
[2024-11-04T04:18:01.193+0000] {processor.py:914} INFO - Processing file /home/airflow/.local/lib/python3.12/site-packages/airflow/example_dags/example_params_ui_tutorial.py for tasks to queue
[2024-11-04T04:18:01.194+0000] {logging_mixin.py:190} INFO - [2024-11-04T04:18:01.194+0000] {dagbag.py:588} INFO - Filling up the DagBag from /home/airflow/.local/lib/python3.12/site-packages/airflow/example_dags/example_params_ui_tutorial.py
[2024-11-04T04:18:01.199+0000] {processor.py:925} INFO - DAG(s) 'example_params_ui_tutorial' retrieved from /home/airflow/.local/lib/python3.12/site-packages/airflow/example_dags/example_params_ui_tutorial.py
[2024-11-04T04:18:01.226+0000] {logging_mixin.py:190} INFO - [2024-11-04T04:18:01.226+0000] {dag.py:3239} INFO - Sync 1 DAGs
[2024-11-04T04:18:01.235+0000] {logging_mixin.py:190} INFO - [2024-11-04T04:18:01.235+0000] {dag.py:4180} INFO - Setting next_dagrun for example_params_ui_tutorial to None, run_after=None
[2024-11-04T04:18:01.252+0000] {processor.py:208} INFO - Processing /home/airflow/.local/lib/python3.12/site-packages/airflow/example_dags/example_params_ui_tutorial.py took 0.064 seconds
[2024-11-04T04:18:31.966+0000] {processor.py:186} INFO - Started process (PID=341) to work on /home/airflow/.local/lib/python3.12/site-packages/airflow/example_dags/example_params_ui_tutorial.py
[2024-11-04T04:18:31.967+0000] {processor.py:914} INFO - Processing file /home/airflow/.local/lib/python3.12/site-packages/airflow/example_dags/example_params_ui_tutorial.py for tasks to queue
[2024-11-04T04:18:31.969+0000] {logging_mixin.py:190} INFO - [2024-11-04T04:18:31.969+0000] {dagbag.py:588} INFO - Filling up the DagBag from /home/airflow/.local/lib/python3.12/site-packages/airflow/example_dags/example_params_ui_tutorial.py
[2024-11-04T04:18:31.973+0000] {processor.py:925} INFO - DAG(s) 'example_params_ui_tutorial' retrieved from /home/airflow/.local/lib/python3.12/site-packages/airflow/example_dags/example_params_ui_tutorial.py
[2024-11-04T04:18:31.993+0000] {logging_mixin.py:190} INFO - [2024-11-04T04:18:31.993+0000] {dag.py:3239} INFO - Sync 1 DAGs
[2024-11-04T04:18:32.003+0000] {logging_mixin.py:190} INFO - [2024-11-04T04:18:32.003+0000] {dag.py:4180} INFO - Setting next_dagrun for example_params_ui_tutorial to None, run_after=None
[2024-11-04T04:18:32.014+0000] {processor.py:208} INFO - Processing /home/airflow/.local/lib/python3.12/site-packages/airflow/example_dags/example_params_ui_tutorial.py took 0.051 seconds
[2024-11-04T04:19:02.468+0000] {processor.py:186} INFO - Started process (PID=403) to work on /home/airflow/.local/lib/python3.12/site-packages/airflow/example_dags/example_params_ui_tutorial.py
[2024-11-04T04:19:02.469+0000] {processor.py:914} INFO - Processing file /home/airflow/.local/lib/python3.12/site-packages/airflow/example_dags/example_params_ui_tutorial.py for tasks to queue
[2024-11-04T04:19:02.470+0000] {logging_mixin.py:190} INFO - [2024-11-04T04:19:02.470+0000] {dagbag.py:588} INFO - Filling up the DagBag from /home/airflow/.local/lib/python3.12/site-packages/airflow/example_dags/example_params_ui_tutorial.py
[2024-11-04T04:19:02.475+0000] {processor.py:925} INFO - DAG(s) 'example_params_ui_tutorial' retrieved from /home/airflow/.local/lib/python3.12/site-packages/airflow/example_dags/example_params_ui_tutorial.py
[2024-11-04T04:19:02.499+0000] {logging_mixin.py:190} INFO - [2024-11-04T04:19:02.499+0000] {dag.py:3239} INFO - Sync 1 DAGs
[2024-11-04T04:19:02.507+0000] {logging_mixin.py:190} INFO - [2024-11-04T04:19:02.506+0000] {dag.py:4180} INFO - Setting next_dagrun for example_params_ui_tutorial to None, run_after=None
[2024-11-04T04:19:02.517+0000] {processor.py:208} INFO - Processing /home/airflow/.local/lib/python3.12/site-packages/airflow/example_dags/example_params_ui_tutorial.py took 0.053 seconds
[2024-11-04T04:19:32.874+0000] {processor.py:186} INFO - Started process (PID=465) to work on /home/airflow/.local/lib/python3.12/site-packages/airflow/example_dags/example_params_ui_tutorial.py
[2024-11-04T04:19:32.875+0000] {processor.py:914} INFO - Processing file /home/airflow/.local/lib/python3.12/site-packages/airflow/example_dags/example_params_ui_tutorial.py for tasks to queue
[2024-11-04T04:19:32.876+0000] {logging_mixin.py:190} INFO - [2024-11-04T04:19:32.876+0000] {dagbag.py:588} INFO - Filling up the DagBag from /home/airflow/.local/lib/python3.12/site-packages/airflow/example_dags/example_params_ui_tutorial.py
[2024-11-04T04:19:32.882+0000] {processor.py:925} INFO - DAG(s) 'example_params_ui_tutorial' retrieved from /home/airflow/.local/lib/python3.12/site-packages/airflow/example_dags/example_params_ui_tutorial.py
[2024-11-04T04:19:32.903+0000] {logging_mixin.py:190} INFO - [2024-11-04T04:19:32.903+0000] {dag.py:3239} INFO - Sync 1 DAGs
[2024-11-04T04:19:32.914+0000] {logging_mixin.py:190} INFO - [2024-11-04T04:19:32.913+0000] {dag.py:4180} INFO - Setting next_dagrun for example_params_ui_tutorial to None, run_after=None
[2024-11-04T04:19:32.927+0000] {processor.py:208} INFO - Processing /home/airflow/.local/lib/python3.12/site-packages/airflow/example_dags/example_params_ui_tutorial.py took 0.057 seconds
[2024-11-04T04:20:03.427+0000] {processor.py:186} INFO - Started process (PID=527) to work on /home/airflow/.local/lib/python3.12/site-packages/airflow/example_dags/example_params_ui_tutorial.py
[2024-11-04T04:20:03.427+0000] {processor.py:914} INFO - Processing file /home/airflow/.local/lib/python3.12/site-packages/airflow/example_dags/example_params_ui_tutorial.py for tasks to queue
[2024-11-04T04:20:03.429+0000] {logging_mixin.py:190} INFO - [2024-11-04T04:20:03.429+0000] {dagbag.py:588} INFO - Filling up the DagBag from /home/airflow/.local/lib/python3.12/site-packages/airflow/example_dags/example_params_ui_tutorial.py
[2024-11-04T04:20:03.434+0000] {processor.py:925} INFO - DAG(s) 'example_params_ui_tutorial' retrieved from /home/airflow/.local/lib/python3.12/site-packages/airflow/example_dags/example_params_ui_tutorial.py
[2024-11-04T04:20:03.454+0000] {logging_mixin.py:190} INFO - [2024-11-04T04:20:03.454+0000] {dag.py:3239} INFO - Sync 1 DAGs
[2024-11-04T04:20:03.463+0000] {logging_mixin.py:190} INFO - [2024-11-04T04:20:03.462+0000] {dag.py:4180} INFO - Setting next_dagrun for example_params_ui_tutorial to None, run_after=None
[2024-11-04T04:20:03.472+0000] {processor.py:208} INFO - Processing /home/airflow/.local/lib/python3.12/site-packages/airflow/example_dags/example_params_ui_tutorial.py took 0.048 seconds
[2024-11-04T04:20:33.718+0000] {processor.py:186} INFO - Started process (PID=589) to work on /home/airflow/.local/lib/python3.12/site-packages/airflow/example_dags/example_params_ui_tutorial.py
[2024-11-04T04:20:33.719+0000] {processor.py:914} INFO - Processing file /home/airflow/.local/lib/python3.12/site-packages/airflow/example_dags/example_params_ui_tutorial.py for tasks to queue
[2024-11-04T04:20:33.721+0000] {logging_mixin.py:190} INFO - [2024-11-04T04:20:33.721+0000] {dagbag.py:588} INFO - Filling up the DagBag from /home/airflow/.local/lib/python3.12/site-packages/airflow/example_dags/example_params_ui_tutorial.py
[2024-11-04T04:20:33.726+0000] {processor.py:925} INFO - DAG(s) 'example_params_ui_tutorial' retrieved from /home/airflow/.local/lib/python3.12/site-packages/airflow/example_dags/example_params_ui_tutorial.py
[2024-11-04T04:20:33.746+0000] {logging_mixin.py:190} INFO - [2024-11-04T04:20:33.746+0000] {dag.py:3239} INFO - Sync 1 DAGs
[2024-11-04T04:20:33.756+0000] {logging_mixin.py:190} INFO - [2024-11-04T04:20:33.756+0000] {dag.py:4180} INFO - Setting next_dagrun for example_params_ui_tutorial to None, run_after=None
[2024-11-04T04:20:33.768+0000] {processor.py:208} INFO - Processing /home/airflow/.local/lib/python3.12/site-packages/airflow/example_dags/example_params_ui_tutorial.py took 0.055 seconds
[2024-11-04T04:21:04.188+0000] {processor.py:186} INFO - Started process (PID=651) to work on /home/airflow/.local/lib/python3.12/site-packages/airflow/example_dags/example_params_ui_tutorial.py
[2024-11-04T04:21:04.190+0000] {processor.py:914} INFO - Processing file /home/airflow/.local/lib/python3.12/site-packages/airflow/example_dags/example_params_ui_tutorial.py for tasks to queue
[2024-11-04T04:21:04.191+0000] {logging_mixin.py:190} INFO - [2024-11-04T04:21:04.191+0000] {dagbag.py:588} INFO - Filling up the DagBag from /home/airflow/.local/lib/python3.12/site-packages/airflow/example_dags/example_params_ui_tutorial.py
[2024-11-04T04:21:04.199+0000] {processor.py:925} INFO - DAG(s) 'example_params_ui_tutorial' retrieved from /home/airflow/.local/lib/python3.12/site-packages/airflow/example_dags/example_params_ui_tutorial.py
[2024-11-04T04:21:04.226+0000] {logging_mixin.py:190} INFO - [2024-11-04T04:21:04.226+0000] {dag.py:3239} INFO - Sync 1 DAGs
[2024-11-04T04:21:04.237+0000] {logging_mixin.py:190} INFO - [2024-11-04T04:21:04.237+0000] {dag.py:4180} INFO - Setting next_dagrun for example_params_ui_tutorial to None, run_after=None
[2024-11-04T04:21:04.248+0000] {processor.py:208} INFO - Processing /home/airflow/.local/lib/python3.12/site-packages/airflow/example_dags/example_params_ui_tutorial.py took 0.063 seconds
[2024-11-04T04:21:34.573+0000] {processor.py:186} INFO - Started process (PID=713) to work on /home/airflow/.local/lib/python3.12/site-packages/airflow/example_dags/example_params_ui_tutorial.py
[2024-11-04T04:21:34.577+0000] {processor.py:914} INFO - Processing file /home/airflow/.local/lib/python3.12/site-packages/airflow/example_dags/example_params_ui_tutorial.py for tasks to queue
[2024-11-04T04:21:34.578+0000] {logging_mixin.py:190} INFO - [2024-11-04T04:21:34.578+0000] {dagbag.py:588} INFO - Filling up the DagBag from /home/airflow/.local/lib/python3.12/site-packages/airflow/example_dags/example_params_ui_tutorial.py
[2024-11-04T04:21:34.583+0000] {processor.py:925} INFO - DAG(s) 'example_params_ui_tutorial' retrieved from /home/airflow/.local/lib/python3.12/site-packages/airflow/example_dags/example_params_ui_tutorial.py
[2024-11-04T04:21:34.608+0000] {logging_mixin.py:190} INFO - [2024-11-04T04:21:34.608+0000] {dag.py:3239} INFO - Sync 1 DAGs
[2024-11-04T04:21:34.615+0000] {logging_mixin.py:190} INFO - [2024-11-04T04:21:34.615+0000] {dag.py:4180} INFO - Setting next_dagrun for example_params_ui_tutorial to None, run_after=None
[2024-11-04T04:21:34.624+0000] {processor.py:208} INFO - Processing /home/airflow/.local/lib/python3.12/site-packages/airflow/example_dags/example_params_ui_tutorial.py took 0.054 seconds
[2024-11-04T04:22:05.247+0000] {processor.py:186} INFO - Started process (PID=775) to work on /home/airflow/.local/lib/python3.12/site-packages/airflow/example_dags/example_params_ui_tutorial.py
[2024-11-04T04:22:05.249+0000] {processor.py:914} INFO - Processing file /home/airflow/.local/lib/python3.12/site-packages/airflow/example_dags/example_params_ui_tutorial.py for tasks to queue
[2024-11-04T04:22:05.251+0000] {logging_mixin.py:190} INFO - [2024-11-04T04:22:05.251+0000] {dagbag.py:588} INFO - Filling up the DagBag from /home/airflow/.local/lib/python3.12/site-packages/airflow/example_dags/example_params_ui_tutorial.py
[2024-11-04T04:22:05.259+0000] {processor.py:925} INFO - DAG(s) 'example_params_ui_tutorial' retrieved from /home/airflow/.local/lib/python3.12/site-packages/airflow/example_dags/example_params_ui_tutorial.py
[2024-11-04T04:22:05.287+0000] {logging_mixin.py:190} INFO - [2024-11-04T04:22:05.287+0000] {dag.py:3239} INFO - Sync 1 DAGs
[2024-11-04T04:22:05.295+0000] {logging_mixin.py:190} INFO - [2024-11-04T04:22:05.295+0000] {dag.py:4180} INFO - Setting next_dagrun for example_params_ui_tutorial to None, run_after=None
[2024-11-04T04:22:05.306+0000] {processor.py:208} INFO - Processing /home/airflow/.local/lib/python3.12/site-packages/airflow/example_dags/example_params_ui_tutorial.py took 0.062 seconds
