[2024-11-04T04:16:26.175+0000] {processor.py:186} INFO - Started process (PID=52) to work on /home/airflow/.local/lib/python3.12/site-packages/airflow/example_dags/example_external_task_marker_dag.py
[2024-11-04T04:16:26.176+0000] {processor.py:914} INFO - Processing file /home/airflow/.local/lib/python3.12/site-packages/airflow/example_dags/example_external_task_marker_dag.py for tasks to queue
[2024-11-04T04:16:26.177+0000] {logging_mixin.py:190} INFO - [2024-11-04T04:16:26.177+0000] {dagbag.py:588} INFO - Filling up the DagBag from /home/airflow/.local/lib/python3.12/site-packages/airflow/example_dags/example_external_task_marker_dag.py
[2024-11-04T04:16:26.184+0000] {processor.py:925} INFO - DAG(s) 'example_external_task_marker_parent', 'example_external_task_marker_child' retrieved from /home/airflow/.local/lib/python3.12/site-packages/airflow/example_dags/example_external_task_marker_dag.py
[2024-11-04T04:16:26.241+0000] {logging_mixin.py:190} INFO - [2024-11-04T04:16:26.241+0000] {override.py:1900} INFO - Created Permission View: can read on DAG:example_external_task_marker_parent
[2024-11-04T04:16:26.247+0000] {logging_mixin.py:190} INFO - [2024-11-04T04:16:26.247+0000] {override.py:1900} INFO - Created Permission View: can delete on DAG:example_external_task_marker_parent
[2024-11-04T04:16:26.253+0000] {logging_mixin.py:190} INFO - [2024-11-04T04:16:26.253+0000] {override.py:1900} INFO - Created Permission View: can edit on DAG:example_external_task_marker_parent
[2024-11-04T04:16:26.257+0000] {logging_mixin.py:190} INFO - [2024-11-04T04:16:26.257+0000] {override.py:1900} INFO - Created Permission View: menu access on DAG Run:example_external_task_marker_parent
[2024-11-04T04:16:26.259+0000] {logging_mixin.py:190} INFO - [2024-11-04T04:16:26.259+0000] {override.py:1900} INFO - Created Permission View: can read on DAG Run:example_external_task_marker_parent
[2024-11-04T04:16:26.262+0000] {logging_mixin.py:190} INFO - [2024-11-04T04:16:26.262+0000] {override.py:1900} INFO - Created Permission View: can create on DAG Run:example_external_task_marker_parent
[2024-11-04T04:16:26.265+0000] {logging_mixin.py:190} INFO - [2024-11-04T04:16:26.265+0000] {override.py:1900} INFO - Created Permission View: can delete on DAG Run:example_external_task_marker_parent
[2024-11-04T04:16:26.278+0000] {logging_mixin.py:190} INFO - [2024-11-04T04:16:26.278+0000] {override.py:1900} INFO - Created Permission View: can read on DAG:example_external_task_marker_child
[2024-11-04T04:16:26.283+0000] {logging_mixin.py:190} INFO - [2024-11-04T04:16:26.283+0000] {override.py:1900} INFO - Created Permission View: can delete on DAG:example_external_task_marker_child
[2024-11-04T04:16:26.291+0000] {logging_mixin.py:190} INFO - [2024-11-04T04:16:26.291+0000] {override.py:1900} INFO - Created Permission View: can edit on DAG:example_external_task_marker_child
[2024-11-04T04:16:26.294+0000] {logging_mixin.py:190} INFO - [2024-11-04T04:16:26.294+0000] {override.py:1900} INFO - Created Permission View: menu access on DAG Run:example_external_task_marker_child
[2024-11-04T04:16:26.301+0000] {logging_mixin.py:190} INFO - [2024-11-04T04:16:26.301+0000] {override.py:1900} INFO - Created Permission View: can read on DAG Run:example_external_task_marker_child
[2024-11-04T04:16:26.309+0000] {logging_mixin.py:190} INFO - [2024-11-04T04:16:26.308+0000] {override.py:1900} INFO - Created Permission View: can create on DAG Run:example_external_task_marker_child
[2024-11-04T04:16:26.321+0000] {logging_mixin.py:190} INFO - [2024-11-04T04:16:26.321+0000] {override.py:1900} INFO - Created Permission View: can delete on DAG Run:example_external_task_marker_child
[2024-11-04T04:16:26.323+0000] {logging_mixin.py:190} INFO - [2024-11-04T04:16:26.323+0000] {dag.py:3239} INFO - Sync 2 DAGs
[2024-11-04T04:16:26.331+0000] {logging_mixin.py:190} INFO - [2024-11-04T04:16:26.330+0000] {dag.py:3262} INFO - Creating ORM DAG for example_external_task_marker_child
[2024-11-04T04:16:26.333+0000] {logging_mixin.py:190} INFO - [2024-11-04T04:16:26.333+0000] {dag.py:3262} INFO - Creating ORM DAG for example_external_task_marker_parent
[2024-11-04T04:16:26.336+0000] {logging_mixin.py:190} INFO - [2024-11-04T04:16:26.336+0000] {dag.py:4180} INFO - Setting next_dagrun for example_external_task_marker_child to None, run_after=None
[2024-11-04T04:16:26.337+0000] {logging_mixin.py:190} INFO - [2024-11-04T04:16:26.337+0000] {dag.py:4180} INFO - Setting next_dagrun for example_external_task_marker_parent to None, run_after=None
[2024-11-04T04:16:26.348+0000] {processor.py:208} INFO - Processing /home/airflow/.local/lib/python3.12/site-packages/airflow/example_dags/example_external_task_marker_dag.py took 0.176 seconds
[2024-11-04T04:16:56.429+0000] {processor.py:186} INFO - Started process (PID=114) to work on /home/airflow/.local/lib/python3.12/site-packages/airflow/example_dags/example_external_task_marker_dag.py
[2024-11-04T04:16:56.431+0000] {processor.py:914} INFO - Processing file /home/airflow/.local/lib/python3.12/site-packages/airflow/example_dags/example_external_task_marker_dag.py for tasks to queue
[2024-11-04T04:16:56.432+0000] {logging_mixin.py:190} INFO - [2024-11-04T04:16:56.432+0000] {dagbag.py:588} INFO - Filling up the DagBag from /home/airflow/.local/lib/python3.12/site-packages/airflow/example_dags/example_external_task_marker_dag.py
[2024-11-04T04:16:56.438+0000] {processor.py:925} INFO - DAG(s) 'example_external_task_marker_parent', 'example_external_task_marker_child' retrieved from /home/airflow/.local/lib/python3.12/site-packages/airflow/example_dags/example_external_task_marker_dag.py
[2024-11-04T04:16:56.450+0000] {logging_mixin.py:190} INFO - [2024-11-04T04:16:56.449+0000] {dag.py:3239} INFO - Sync 2 DAGs
[2024-11-04T04:16:56.458+0000] {logging_mixin.py:190} INFO - [2024-11-04T04:16:56.458+0000] {dag.py:4180} INFO - Setting next_dagrun for example_external_task_marker_child to None, run_after=None
[2024-11-04T04:16:56.460+0000] {logging_mixin.py:190} INFO - [2024-11-04T04:16:56.460+0000] {dag.py:4180} INFO - Setting next_dagrun for example_external_task_marker_parent to None, run_after=None
[2024-11-04T04:16:56.468+0000] {processor.py:208} INFO - Processing /home/airflow/.local/lib/python3.12/site-packages/airflow/example_dags/example_external_task_marker_dag.py took 0.044 seconds
[2024-11-04T04:17:27.039+0000] {processor.py:186} INFO - Started process (PID=176) to work on /home/airflow/.local/lib/python3.12/site-packages/airflow/example_dags/example_external_task_marker_dag.py
[2024-11-04T04:17:27.042+0000] {processor.py:914} INFO - Processing file /home/airflow/.local/lib/python3.12/site-packages/airflow/example_dags/example_external_task_marker_dag.py for tasks to queue
[2024-11-04T04:17:27.045+0000] {logging_mixin.py:190} INFO - [2024-11-04T04:17:27.045+0000] {dagbag.py:588} INFO - Filling up the DagBag from /home/airflow/.local/lib/python3.12/site-packages/airflow/example_dags/example_external_task_marker_dag.py
[2024-11-04T04:17:27.050+0000] {processor.py:925} INFO - DAG(s) 'example_external_task_marker_child', 'example_external_task_marker_parent' retrieved from /home/airflow/.local/lib/python3.12/site-packages/airflow/example_dags/example_external_task_marker_dag.py
[2024-11-04T04:17:27.062+0000] {logging_mixin.py:190} INFO - [2024-11-04T04:17:27.062+0000] {dag.py:3239} INFO - Sync 2 DAGs
[2024-11-04T04:17:27.069+0000] {logging_mixin.py:190} INFO - [2024-11-04T04:17:27.069+0000] {dag.py:4180} INFO - Setting next_dagrun for example_external_task_marker_child to None, run_after=None
[2024-11-04T04:17:27.071+0000] {logging_mixin.py:190} INFO - [2024-11-04T04:17:27.071+0000] {dag.py:4180} INFO - Setting next_dagrun for example_external_task_marker_parent to None, run_after=None
[2024-11-04T04:17:27.079+0000] {processor.py:208} INFO - Processing /home/airflow/.local/lib/python3.12/site-packages/airflow/example_dags/example_external_task_marker_dag.py took 0.043 seconds
[2024-11-04T04:17:57.740+0000] {processor.py:186} INFO - Started process (PID=244) to work on /home/airflow/.local/lib/python3.12/site-packages/airflow/example_dags/example_external_task_marker_dag.py
[2024-11-04T04:17:57.741+0000] {processor.py:914} INFO - Processing file /home/airflow/.local/lib/python3.12/site-packages/airflow/example_dags/example_external_task_marker_dag.py for tasks to queue
[2024-11-04T04:17:57.747+0000] {logging_mixin.py:190} INFO - [2024-11-04T04:17:57.747+0000] {dagbag.py:588} INFO - Filling up the DagBag from /home/airflow/.local/lib/python3.12/site-packages/airflow/example_dags/example_external_task_marker_dag.py
[2024-11-04T04:17:57.752+0000] {processor.py:925} INFO - DAG(s) 'example_external_task_marker_child', 'example_external_task_marker_parent' retrieved from /home/airflow/.local/lib/python3.12/site-packages/airflow/example_dags/example_external_task_marker_dag.py
[2024-11-04T04:17:57.770+0000] {logging_mixin.py:190} INFO - [2024-11-04T04:17:57.770+0000] {dag.py:3239} INFO - Sync 2 DAGs
[2024-11-04T04:17:57.777+0000] {logging_mixin.py:190} INFO - [2024-11-04T04:17:57.777+0000] {dag.py:4180} INFO - Setting next_dagrun for example_external_task_marker_child to None, run_after=None
[2024-11-04T04:17:57.780+0000] {logging_mixin.py:190} INFO - [2024-11-04T04:17:57.779+0000] {dag.py:4180} INFO - Setting next_dagrun for example_external_task_marker_parent to None, run_after=None
[2024-11-04T04:17:57.789+0000] {processor.py:208} INFO - Processing /home/airflow/.local/lib/python3.12/site-packages/airflow/example_dags/example_external_task_marker_dag.py took 0.052 seconds
[2024-11-04T04:18:28.251+0000] {processor.py:186} INFO - Started process (PID=306) to work on /home/airflow/.local/lib/python3.12/site-packages/airflow/example_dags/example_external_task_marker_dag.py
[2024-11-04T04:18:28.253+0000] {processor.py:914} INFO - Processing file /home/airflow/.local/lib/python3.12/site-packages/airflow/example_dags/example_external_task_marker_dag.py for tasks to queue
[2024-11-04T04:18:28.256+0000] {logging_mixin.py:190} INFO - [2024-11-04T04:18:28.256+0000] {dagbag.py:588} INFO - Filling up the DagBag from /home/airflow/.local/lib/python3.12/site-packages/airflow/example_dags/example_external_task_marker_dag.py
[2024-11-04T04:18:28.262+0000] {processor.py:925} INFO - DAG(s) 'example_external_task_marker_child', 'example_external_task_marker_parent' retrieved from /home/airflow/.local/lib/python3.12/site-packages/airflow/example_dags/example_external_task_marker_dag.py
[2024-11-04T04:18:28.284+0000] {logging_mixin.py:190} INFO - [2024-11-04T04:18:28.284+0000] {dag.py:3239} INFO - Sync 2 DAGs
[2024-11-04T04:18:28.293+0000] {logging_mixin.py:190} INFO - [2024-11-04T04:18:28.293+0000] {dag.py:4180} INFO - Setting next_dagrun for example_external_task_marker_child to None, run_after=None
[2024-11-04T04:18:28.298+0000] {logging_mixin.py:190} INFO - [2024-11-04T04:18:28.298+0000] {dag.py:4180} INFO - Setting next_dagrun for example_external_task_marker_parent to None, run_after=None
[2024-11-04T04:18:28.314+0000] {processor.py:208} INFO - Processing /home/airflow/.local/lib/python3.12/site-packages/airflow/example_dags/example_external_task_marker_dag.py took 0.066 seconds
[2024-11-04T04:18:58.897+0000] {processor.py:186} INFO - Started process (PID=368) to work on /home/airflow/.local/lib/python3.12/site-packages/airflow/example_dags/example_external_task_marker_dag.py
[2024-11-04T04:18:58.899+0000] {processor.py:914} INFO - Processing file /home/airflow/.local/lib/python3.12/site-packages/airflow/example_dags/example_external_task_marker_dag.py for tasks to queue
[2024-11-04T04:18:58.901+0000] {logging_mixin.py:190} INFO - [2024-11-04T04:18:58.900+0000] {dagbag.py:588} INFO - Filling up the DagBag from /home/airflow/.local/lib/python3.12/site-packages/airflow/example_dags/example_external_task_marker_dag.py
[2024-11-04T04:18:58.904+0000] {processor.py:925} INFO - DAG(s) 'example_external_task_marker_parent', 'example_external_task_marker_child' retrieved from /home/airflow/.local/lib/python3.12/site-packages/airflow/example_dags/example_external_task_marker_dag.py
[2024-11-04T04:18:58.918+0000] {logging_mixin.py:190} INFO - [2024-11-04T04:18:58.918+0000] {dag.py:3239} INFO - Sync 2 DAGs
[2024-11-04T04:18:58.926+0000] {logging_mixin.py:190} INFO - [2024-11-04T04:18:58.926+0000] {dag.py:4180} INFO - Setting next_dagrun for example_external_task_marker_child to None, run_after=None
[2024-11-04T04:18:58.930+0000] {logging_mixin.py:190} INFO - [2024-11-04T04:18:58.929+0000] {dag.py:4180} INFO - Setting next_dagrun for example_external_task_marker_parent to None, run_after=None
[2024-11-04T04:18:58.938+0000] {processor.py:208} INFO - Processing /home/airflow/.local/lib/python3.12/site-packages/airflow/example_dags/example_external_task_marker_dag.py took 0.044 seconds
[2024-11-04T04:19:29.426+0000] {processor.py:186} INFO - Started process (PID=430) to work on /home/airflow/.local/lib/python3.12/site-packages/airflow/example_dags/example_external_task_marker_dag.py
[2024-11-04T04:19:29.427+0000] {processor.py:914} INFO - Processing file /home/airflow/.local/lib/python3.12/site-packages/airflow/example_dags/example_external_task_marker_dag.py for tasks to queue
[2024-11-04T04:19:29.428+0000] {logging_mixin.py:190} INFO - [2024-11-04T04:19:29.428+0000] {dagbag.py:588} INFO - Filling up the DagBag from /home/airflow/.local/lib/python3.12/site-packages/airflow/example_dags/example_external_task_marker_dag.py
[2024-11-04T04:19:29.432+0000] {processor.py:925} INFO - DAG(s) 'example_external_task_marker_child', 'example_external_task_marker_parent' retrieved from /home/airflow/.local/lib/python3.12/site-packages/airflow/example_dags/example_external_task_marker_dag.py
[2024-11-04T04:19:29.448+0000] {logging_mixin.py:190} INFO - [2024-11-04T04:19:29.448+0000] {dag.py:3239} INFO - Sync 2 DAGs
[2024-11-04T04:19:29.457+0000] {logging_mixin.py:190} INFO - [2024-11-04T04:19:29.457+0000] {dag.py:4180} INFO - Setting next_dagrun for example_external_task_marker_child to None, run_after=None
[2024-11-04T04:19:29.460+0000] {logging_mixin.py:190} INFO - [2024-11-04T04:19:29.460+0000] {dag.py:4180} INFO - Setting next_dagrun for example_external_task_marker_parent to None, run_after=None
[2024-11-04T04:19:29.471+0000] {processor.py:208} INFO - Processing /home/airflow/.local/lib/python3.12/site-packages/airflow/example_dags/example_external_task_marker_dag.py took 0.049 seconds
[2024-11-04T04:19:59.856+0000] {processor.py:186} INFO - Started process (PID=492) to work on /home/airflow/.local/lib/python3.12/site-packages/airflow/example_dags/example_external_task_marker_dag.py
[2024-11-04T04:19:59.858+0000] {processor.py:914} INFO - Processing file /home/airflow/.local/lib/python3.12/site-packages/airflow/example_dags/example_external_task_marker_dag.py for tasks to queue
[2024-11-04T04:19:59.859+0000] {logging_mixin.py:190} INFO - [2024-11-04T04:19:59.859+0000] {dagbag.py:588} INFO - Filling up the DagBag from /home/airflow/.local/lib/python3.12/site-packages/airflow/example_dags/example_external_task_marker_dag.py
[2024-11-04T04:19:59.865+0000] {processor.py:925} INFO - DAG(s) 'example_external_task_marker_child', 'example_external_task_marker_parent' retrieved from /home/airflow/.local/lib/python3.12/site-packages/airflow/example_dags/example_external_task_marker_dag.py
[2024-11-04T04:19:59.881+0000] {logging_mixin.py:190} INFO - [2024-11-04T04:19:59.881+0000] {dag.py:3239} INFO - Sync 2 DAGs
[2024-11-04T04:19:59.888+0000] {logging_mixin.py:190} INFO - [2024-11-04T04:19:59.888+0000] {dag.py:4180} INFO - Setting next_dagrun for example_external_task_marker_child to None, run_after=None
[2024-11-04T04:19:59.891+0000] {logging_mixin.py:190} INFO - [2024-11-04T04:19:59.891+0000] {dag.py:4180} INFO - Setting next_dagrun for example_external_task_marker_parent to None, run_after=None
[2024-11-04T04:19:59.901+0000] {processor.py:208} INFO - Processing /home/airflow/.local/lib/python3.12/site-packages/airflow/example_dags/example_external_task_marker_dag.py took 0.048 seconds
[2024-11-04T04:20:30.361+0000] {processor.py:186} INFO - Started process (PID=554) to work on /home/airflow/.local/lib/python3.12/site-packages/airflow/example_dags/example_external_task_marker_dag.py
[2024-11-04T04:20:30.362+0000] {processor.py:914} INFO - Processing file /home/airflow/.local/lib/python3.12/site-packages/airflow/example_dags/example_external_task_marker_dag.py for tasks to queue
[2024-11-04T04:20:30.363+0000] {logging_mixin.py:190} INFO - [2024-11-04T04:20:30.363+0000] {dagbag.py:588} INFO - Filling up the DagBag from /home/airflow/.local/lib/python3.12/site-packages/airflow/example_dags/example_external_task_marker_dag.py
[2024-11-04T04:20:30.367+0000] {processor.py:925} INFO - DAG(s) 'example_external_task_marker_parent', 'example_external_task_marker_child' retrieved from /home/airflow/.local/lib/python3.12/site-packages/airflow/example_dags/example_external_task_marker_dag.py
[2024-11-04T04:20:30.379+0000] {logging_mixin.py:190} INFO - [2024-11-04T04:20:30.379+0000] {dag.py:3239} INFO - Sync 2 DAGs
[2024-11-04T04:20:30.386+0000] {logging_mixin.py:190} INFO - [2024-11-04T04:20:30.386+0000] {dag.py:4180} INFO - Setting next_dagrun for example_external_task_marker_child to None, run_after=None
[2024-11-04T04:20:30.388+0000] {logging_mixin.py:190} INFO - [2024-11-04T04:20:30.388+0000] {dag.py:4180} INFO - Setting next_dagrun for example_external_task_marker_parent to None, run_after=None
[2024-11-04T04:20:30.395+0000] {processor.py:208} INFO - Processing /home/airflow/.local/lib/python3.12/site-packages/airflow/example_dags/example_external_task_marker_dag.py took 0.037 seconds
[2024-11-04T04:21:00.774+0000] {processor.py:186} INFO - Started process (PID=616) to work on /home/airflow/.local/lib/python3.12/site-packages/airflow/example_dags/example_external_task_marker_dag.py
[2024-11-04T04:21:00.774+0000] {processor.py:914} INFO - Processing file /home/airflow/.local/lib/python3.12/site-packages/airflow/example_dags/example_external_task_marker_dag.py for tasks to queue
[2024-11-04T04:21:00.776+0000] {logging_mixin.py:190} INFO - [2024-11-04T04:21:00.776+0000] {dagbag.py:588} INFO - Filling up the DagBag from /home/airflow/.local/lib/python3.12/site-packages/airflow/example_dags/example_external_task_marker_dag.py
[2024-11-04T04:21:00.781+0000] {processor.py:925} INFO - DAG(s) 'example_external_task_marker_child', 'example_external_task_marker_parent' retrieved from /home/airflow/.local/lib/python3.12/site-packages/airflow/example_dags/example_external_task_marker_dag.py
[2024-11-04T04:21:00.794+0000] {logging_mixin.py:190} INFO - [2024-11-04T04:21:00.794+0000] {dag.py:3239} INFO - Sync 2 DAGs
[2024-11-04T04:21:00.802+0000] {logging_mixin.py:190} INFO - [2024-11-04T04:21:00.802+0000] {dag.py:4180} INFO - Setting next_dagrun for example_external_task_marker_child to None, run_after=None
[2024-11-04T04:21:00.804+0000] {logging_mixin.py:190} INFO - [2024-11-04T04:21:00.804+0000] {dag.py:4180} INFO - Setting next_dagrun for example_external_task_marker_parent to None, run_after=None
[2024-11-04T04:21:00.812+0000] {processor.py:208} INFO - Processing /home/airflow/.local/lib/python3.12/site-packages/airflow/example_dags/example_external_task_marker_dag.py took 0.042 seconds
[2024-11-04T04:21:31.235+0000] {processor.py:186} INFO - Started process (PID=678) to work on /home/airflow/.local/lib/python3.12/site-packages/airflow/example_dags/example_external_task_marker_dag.py
[2024-11-04T04:21:31.236+0000] {processor.py:914} INFO - Processing file /home/airflow/.local/lib/python3.12/site-packages/airflow/example_dags/example_external_task_marker_dag.py for tasks to queue
[2024-11-04T04:21:31.238+0000] {logging_mixin.py:190} INFO - [2024-11-04T04:21:31.238+0000] {dagbag.py:588} INFO - Filling up the DagBag from /home/airflow/.local/lib/python3.12/site-packages/airflow/example_dags/example_external_task_marker_dag.py
[2024-11-04T04:21:31.243+0000] {processor.py:925} INFO - DAG(s) 'example_external_task_marker_child', 'example_external_task_marker_parent' retrieved from /home/airflow/.local/lib/python3.12/site-packages/airflow/example_dags/example_external_task_marker_dag.py
[2024-11-04T04:21:31.259+0000] {logging_mixin.py:190} INFO - [2024-11-04T04:21:31.259+0000] {dag.py:3239} INFO - Sync 2 DAGs
[2024-11-04T04:21:31.266+0000] {logging_mixin.py:190} INFO - [2024-11-04T04:21:31.266+0000] {dag.py:4180} INFO - Setting next_dagrun for example_external_task_marker_child to None, run_after=None
[2024-11-04T04:21:31.271+0000] {logging_mixin.py:190} INFO - [2024-11-04T04:21:31.271+0000] {dag.py:4180} INFO - Setting next_dagrun for example_external_task_marker_parent to None, run_after=None
[2024-11-04T04:21:31.280+0000] {processor.py:208} INFO - Processing /home/airflow/.local/lib/python3.12/site-packages/airflow/example_dags/example_external_task_marker_dag.py took 0.048 seconds
[2024-11-04T04:22:01.707+0000] {processor.py:186} INFO - Started process (PID=740) to work on /home/airflow/.local/lib/python3.12/site-packages/airflow/example_dags/example_external_task_marker_dag.py
[2024-11-04T04:22:01.708+0000] {processor.py:914} INFO - Processing file /home/airflow/.local/lib/python3.12/site-packages/airflow/example_dags/example_external_task_marker_dag.py for tasks to queue
[2024-11-04T04:22:01.710+0000] {logging_mixin.py:190} INFO - [2024-11-04T04:22:01.710+0000] {dagbag.py:588} INFO - Filling up the DagBag from /home/airflow/.local/lib/python3.12/site-packages/airflow/example_dags/example_external_task_marker_dag.py
[2024-11-04T04:22:01.715+0000] {processor.py:925} INFO - DAG(s) 'example_external_task_marker_parent', 'example_external_task_marker_child' retrieved from /home/airflow/.local/lib/python3.12/site-packages/airflow/example_dags/example_external_task_marker_dag.py
[2024-11-04T04:22:01.730+0000] {logging_mixin.py:190} INFO - [2024-11-04T04:22:01.730+0000] {dag.py:3239} INFO - Sync 2 DAGs
[2024-11-04T04:22:01.740+0000] {logging_mixin.py:190} INFO - [2024-11-04T04:22:01.740+0000] {dag.py:4180} INFO - Setting next_dagrun for example_external_task_marker_child to None, run_after=None
[2024-11-04T04:22:01.742+0000] {logging_mixin.py:190} INFO - [2024-11-04T04:22:01.742+0000] {dag.py:4180} INFO - Setting next_dagrun for example_external_task_marker_parent to None, run_after=None
[2024-11-04T04:22:01.751+0000] {processor.py:208} INFO - Processing /home/airflow/.local/lib/python3.12/site-packages/airflow/example_dags/example_external_task_marker_dag.py took 0.048 seconds
