[2024-11-04T04:16:25.688+0000] {processor.py:186} INFO - Started process (PID=48) to work on /home/airflow/.local/lib/python3.12/site-packages/airflow/example_dags/example_local_kubernetes_executor.py
[2024-11-04T04:16:25.688+0000] {processor.py:914} INFO - Processing file /home/airflow/.local/lib/python3.12/site-packages/airflow/example_dags/example_local_kubernetes_executor.py for tasks to queue
[2024-11-04T04:16:25.690+0000] {logging_mixin.py:190} INFO - [2024-11-04T04:16:25.690+0000] {dagbag.py:588} INFO - Filling up the DagBag from /home/airflow/.local/lib/python3.12/site-packages/airflow/example_dags/example_local_kubernetes_executor.py
[2024-11-04T04:16:25.702+0000] {processor.py:925} INFO - DAG(s) 'example_local_kubernetes_executor' retrieved from /home/airflow/.local/lib/python3.12/site-packages/airflow/example_dags/example_local_kubernetes_executor.py
[2024-11-04T04:16:25.793+0000] {logging_mixin.py:190} INFO - [2024-11-04T04:16:25.793+0000] {override.py:1900} INFO - Created Permission View: can read on DAG:example_local_kubernetes_executor
[2024-11-04T04:16:25.799+0000] {logging_mixin.py:190} INFO - [2024-11-04T04:16:25.799+0000] {override.py:1900} INFO - Created Permission View: can delete on DAG:example_local_kubernetes_executor
[2024-11-04T04:16:25.803+0000] {logging_mixin.py:190} INFO - [2024-11-04T04:16:25.803+0000] {override.py:1900} INFO - Created Permission View: can edit on DAG:example_local_kubernetes_executor
[2024-11-04T04:16:25.808+0000] {logging_mixin.py:190} INFO - [2024-11-04T04:16:25.807+0000] {override.py:1900} INFO - Created Permission View: menu access on DAG Run:example_local_kubernetes_executor
[2024-11-04T04:16:25.811+0000] {logging_mixin.py:190} INFO - [2024-11-04T04:16:25.811+0000] {override.py:1900} INFO - Created Permission View: can read on DAG Run:example_local_kubernetes_executor
[2024-11-04T04:16:25.815+0000] {logging_mixin.py:190} INFO - [2024-11-04T04:16:25.815+0000] {override.py:1900} INFO - Created Permission View: can create on DAG Run:example_local_kubernetes_executor
[2024-11-04T04:16:25.819+0000] {logging_mixin.py:190} INFO - [2024-11-04T04:16:25.819+0000] {override.py:1900} INFO - Created Permission View: can delete on DAG Run:example_local_kubernetes_executor
[2024-11-04T04:16:25.820+0000] {logging_mixin.py:190} INFO - [2024-11-04T04:16:25.820+0000] {dag.py:3239} INFO - Sync 1 DAGs
[2024-11-04T04:16:25.828+0000] {logging_mixin.py:190} INFO - [2024-11-04T04:16:25.828+0000] {dag.py:3262} INFO - Creating ORM DAG for example_local_kubernetes_executor
[2024-11-04T04:16:25.828+0000] {logging_mixin.py:190} INFO - [2024-11-04T04:16:25.828+0000] {dag.py:4180} INFO - Setting next_dagrun for example_local_kubernetes_executor to None, run_after=None
[2024-11-04T04:16:25.839+0000] {processor.py:208} INFO - Processing /home/airflow/.local/lib/python3.12/site-packages/airflow/example_dags/example_local_kubernetes_executor.py took 0.154 seconds
[2024-11-04T04:16:56.293+0000] {processor.py:186} INFO - Started process (PID=110) to work on /home/airflow/.local/lib/python3.12/site-packages/airflow/example_dags/example_local_kubernetes_executor.py
[2024-11-04T04:16:56.294+0000] {processor.py:914} INFO - Processing file /home/airflow/.local/lib/python3.12/site-packages/airflow/example_dags/example_local_kubernetes_executor.py for tasks to queue
[2024-11-04T04:16:56.295+0000] {logging_mixin.py:190} INFO - [2024-11-04T04:16:56.295+0000] {dagbag.py:588} INFO - Filling up the DagBag from /home/airflow/.local/lib/python3.12/site-packages/airflow/example_dags/example_local_kubernetes_executor.py
[2024-11-04T04:16:56.301+0000] {processor.py:925} INFO - DAG(s) 'example_local_kubernetes_executor' retrieved from /home/airflow/.local/lib/python3.12/site-packages/airflow/example_dags/example_local_kubernetes_executor.py
[2024-11-04T04:16:56.322+0000] {logging_mixin.py:190} INFO - [2024-11-04T04:16:56.322+0000] {dag.py:3239} INFO - Sync 1 DAGs
[2024-11-04T04:16:56.329+0000] {logging_mixin.py:190} INFO - [2024-11-04T04:16:56.329+0000] {dag.py:4180} INFO - Setting next_dagrun for example_local_kubernetes_executor to None, run_after=None
[2024-11-04T04:16:56.344+0000] {processor.py:208} INFO - Processing /home/airflow/.local/lib/python3.12/site-packages/airflow/example_dags/example_local_kubernetes_executor.py took 0.054 seconds
[2024-11-04T04:17:26.889+0000] {processor.py:186} INFO - Started process (PID=172) to work on /home/airflow/.local/lib/python3.12/site-packages/airflow/example_dags/example_local_kubernetes_executor.py
[2024-11-04T04:17:26.890+0000] {processor.py:914} INFO - Processing file /home/airflow/.local/lib/python3.12/site-packages/airflow/example_dags/example_local_kubernetes_executor.py for tasks to queue
[2024-11-04T04:17:26.891+0000] {logging_mixin.py:190} INFO - [2024-11-04T04:17:26.891+0000] {dagbag.py:588} INFO - Filling up the DagBag from /home/airflow/.local/lib/python3.12/site-packages/airflow/example_dags/example_local_kubernetes_executor.py
[2024-11-04T04:17:26.898+0000] {processor.py:925} INFO - DAG(s) 'example_local_kubernetes_executor' retrieved from /home/airflow/.local/lib/python3.12/site-packages/airflow/example_dags/example_local_kubernetes_executor.py
[2024-11-04T04:17:26.917+0000] {logging_mixin.py:190} INFO - [2024-11-04T04:17:26.917+0000] {dag.py:3239} INFO - Sync 1 DAGs
[2024-11-04T04:17:26.925+0000] {logging_mixin.py:190} INFO - [2024-11-04T04:17:26.925+0000] {dag.py:4180} INFO - Setting next_dagrun for example_local_kubernetes_executor to None, run_after=None
[2024-11-04T04:17:26.940+0000] {processor.py:208} INFO - Processing /home/airflow/.local/lib/python3.12/site-packages/airflow/example_dags/example_local_kubernetes_executor.py took 0.054 seconds
[2024-11-04T04:17:57.615+0000] {processor.py:186} INFO - Started process (PID=240) to work on /home/airflow/.local/lib/python3.12/site-packages/airflow/example_dags/example_local_kubernetes_executor.py
[2024-11-04T04:17:57.616+0000] {processor.py:914} INFO - Processing file /home/airflow/.local/lib/python3.12/site-packages/airflow/example_dags/example_local_kubernetes_executor.py for tasks to queue
[2024-11-04T04:17:57.617+0000] {logging_mixin.py:190} INFO - [2024-11-04T04:17:57.617+0000] {dagbag.py:588} INFO - Filling up the DagBag from /home/airflow/.local/lib/python3.12/site-packages/airflow/example_dags/example_local_kubernetes_executor.py
[2024-11-04T04:17:57.623+0000] {processor.py:925} INFO - DAG(s) 'example_local_kubernetes_executor' retrieved from /home/airflow/.local/lib/python3.12/site-packages/airflow/example_dags/example_local_kubernetes_executor.py
[2024-11-04T04:17:57.648+0000] {logging_mixin.py:190} INFO - [2024-11-04T04:17:57.648+0000] {dag.py:3239} INFO - Sync 1 DAGs
[2024-11-04T04:17:57.656+0000] {logging_mixin.py:190} INFO - [2024-11-04T04:17:57.656+0000] {dag.py:4180} INFO - Setting next_dagrun for example_local_kubernetes_executor to None, run_after=None
[2024-11-04T04:17:57.673+0000] {processor.py:208} INFO - Processing /home/airflow/.local/lib/python3.12/site-packages/airflow/example_dags/example_local_kubernetes_executor.py took 0.061 seconds
[2024-11-04T04:18:28.087+0000] {processor.py:186} INFO - Started process (PID=302) to work on /home/airflow/.local/lib/python3.12/site-packages/airflow/example_dags/example_local_kubernetes_executor.py
[2024-11-04T04:18:28.087+0000] {processor.py:914} INFO - Processing file /home/airflow/.local/lib/python3.12/site-packages/airflow/example_dags/example_local_kubernetes_executor.py for tasks to queue
[2024-11-04T04:18:28.089+0000] {logging_mixin.py:190} INFO - [2024-11-04T04:18:28.089+0000] {dagbag.py:588} INFO - Filling up the DagBag from /home/airflow/.local/lib/python3.12/site-packages/airflow/example_dags/example_local_kubernetes_executor.py
[2024-11-04T04:18:28.098+0000] {processor.py:925} INFO - DAG(s) 'example_local_kubernetes_executor' retrieved from /home/airflow/.local/lib/python3.12/site-packages/airflow/example_dags/example_local_kubernetes_executor.py
[2024-11-04T04:18:28.127+0000] {logging_mixin.py:190} INFO - [2024-11-04T04:18:28.126+0000] {dag.py:3239} INFO - Sync 1 DAGs
[2024-11-04T04:18:28.138+0000] {logging_mixin.py:190} INFO - [2024-11-04T04:18:28.138+0000] {dag.py:4180} INFO - Setting next_dagrun for example_local_kubernetes_executor to None, run_after=None
[2024-11-04T04:18:28.150+0000] {processor.py:208} INFO - Processing /home/airflow/.local/lib/python3.12/site-packages/airflow/example_dags/example_local_kubernetes_executor.py took 0.068 seconds
[2024-11-04T04:18:58.772+0000] {processor.py:186} INFO - Started process (PID=364) to work on /home/airflow/.local/lib/python3.12/site-packages/airflow/example_dags/example_local_kubernetes_executor.py
[2024-11-04T04:18:58.772+0000] {processor.py:914} INFO - Processing file /home/airflow/.local/lib/python3.12/site-packages/airflow/example_dags/example_local_kubernetes_executor.py for tasks to queue
[2024-11-04T04:18:58.774+0000] {logging_mixin.py:190} INFO - [2024-11-04T04:18:58.774+0000] {dagbag.py:588} INFO - Filling up the DagBag from /home/airflow/.local/lib/python3.12/site-packages/airflow/example_dags/example_local_kubernetes_executor.py
[2024-11-04T04:18:58.779+0000] {processor.py:925} INFO - DAG(s) 'example_local_kubernetes_executor' retrieved from /home/airflow/.local/lib/python3.12/site-packages/airflow/example_dags/example_local_kubernetes_executor.py
[2024-11-04T04:18:58.800+0000] {logging_mixin.py:190} INFO - [2024-11-04T04:18:58.800+0000] {dag.py:3239} INFO - Sync 1 DAGs
[2024-11-04T04:18:58.808+0000] {logging_mixin.py:190} INFO - [2024-11-04T04:18:58.807+0000] {dag.py:4180} INFO - Setting next_dagrun for example_local_kubernetes_executor to None, run_after=None
[2024-11-04T04:18:58.821+0000] {processor.py:208} INFO - Processing /home/airflow/.local/lib/python3.12/site-packages/airflow/example_dags/example_local_kubernetes_executor.py took 0.053 seconds
[2024-11-04T04:19:29.296+0000] {processor.py:186} INFO - Started process (PID=426) to work on /home/airflow/.local/lib/python3.12/site-packages/airflow/example_dags/example_local_kubernetes_executor.py
[2024-11-04T04:19:29.298+0000] {processor.py:914} INFO - Processing file /home/airflow/.local/lib/python3.12/site-packages/airflow/example_dags/example_local_kubernetes_executor.py for tasks to queue
[2024-11-04T04:19:29.299+0000] {logging_mixin.py:190} INFO - [2024-11-04T04:19:29.299+0000] {dagbag.py:588} INFO - Filling up the DagBag from /home/airflow/.local/lib/python3.12/site-packages/airflow/example_dags/example_local_kubernetes_executor.py
[2024-11-04T04:19:29.305+0000] {processor.py:925} INFO - DAG(s) 'example_local_kubernetes_executor' retrieved from /home/airflow/.local/lib/python3.12/site-packages/airflow/example_dags/example_local_kubernetes_executor.py
[2024-11-04T04:19:29.329+0000] {logging_mixin.py:190} INFO - [2024-11-04T04:19:29.329+0000] {dag.py:3239} INFO - Sync 1 DAGs
[2024-11-04T04:19:29.338+0000] {logging_mixin.py:190} INFO - [2024-11-04T04:19:29.338+0000] {dag.py:4180} INFO - Setting next_dagrun for example_local_kubernetes_executor to None, run_after=None
[2024-11-04T04:19:29.351+0000] {processor.py:208} INFO - Processing /home/airflow/.local/lib/python3.12/site-packages/airflow/example_dags/example_local_kubernetes_executor.py took 0.058 seconds
[2024-11-04T04:19:59.742+0000] {processor.py:186} INFO - Started process (PID=488) to work on /home/airflow/.local/lib/python3.12/site-packages/airflow/example_dags/example_local_kubernetes_executor.py
[2024-11-04T04:19:59.744+0000] {processor.py:914} INFO - Processing file /home/airflow/.local/lib/python3.12/site-packages/airflow/example_dags/example_local_kubernetes_executor.py for tasks to queue
[2024-11-04T04:19:59.746+0000] {logging_mixin.py:190} INFO - [2024-11-04T04:19:59.745+0000] {dagbag.py:588} INFO - Filling up the DagBag from /home/airflow/.local/lib/python3.12/site-packages/airflow/example_dags/example_local_kubernetes_executor.py
[2024-11-04T04:19:59.751+0000] {processor.py:925} INFO - DAG(s) 'example_local_kubernetes_executor' retrieved from /home/airflow/.local/lib/python3.12/site-packages/airflow/example_dags/example_local_kubernetes_executor.py
[2024-11-04T04:19:59.773+0000] {logging_mixin.py:190} INFO - [2024-11-04T04:19:59.773+0000] {dag.py:3239} INFO - Sync 1 DAGs
[2024-11-04T04:19:59.781+0000] {logging_mixin.py:190} INFO - [2024-11-04T04:19:59.781+0000] {dag.py:4180} INFO - Setting next_dagrun for example_local_kubernetes_executor to None, run_after=None
[2024-11-04T04:19:59.791+0000] {processor.py:208} INFO - Processing /home/airflow/.local/lib/python3.12/site-packages/airflow/example_dags/example_local_kubernetes_executor.py took 0.053 seconds
[2024-11-04T04:20:30.239+0000] {processor.py:186} INFO - Started process (PID=550) to work on /home/airflow/.local/lib/python3.12/site-packages/airflow/example_dags/example_local_kubernetes_executor.py
[2024-11-04T04:20:30.241+0000] {processor.py:914} INFO - Processing file /home/airflow/.local/lib/python3.12/site-packages/airflow/example_dags/example_local_kubernetes_executor.py for tasks to queue
[2024-11-04T04:20:30.242+0000] {logging_mixin.py:190} INFO - [2024-11-04T04:20:30.242+0000] {dagbag.py:588} INFO - Filling up the DagBag from /home/airflow/.local/lib/python3.12/site-packages/airflow/example_dags/example_local_kubernetes_executor.py
[2024-11-04T04:20:30.248+0000] {processor.py:925} INFO - DAG(s) 'example_local_kubernetes_executor' retrieved from /home/airflow/.local/lib/python3.12/site-packages/airflow/example_dags/example_local_kubernetes_executor.py
[2024-11-04T04:20:30.266+0000] {logging_mixin.py:190} INFO - [2024-11-04T04:20:30.266+0000] {dag.py:3239} INFO - Sync 1 DAGs
[2024-11-04T04:20:30.273+0000] {logging_mixin.py:190} INFO - [2024-11-04T04:20:30.273+0000] {dag.py:4180} INFO - Setting next_dagrun for example_local_kubernetes_executor to None, run_after=None
[2024-11-04T04:20:30.285+0000] {processor.py:208} INFO - Processing /home/airflow/.local/lib/python3.12/site-packages/airflow/example_dags/example_local_kubernetes_executor.py took 0.049 seconds
[2024-11-04T04:21:00.613+0000] {processor.py:186} INFO - Started process (PID=612) to work on /home/airflow/.local/lib/python3.12/site-packages/airflow/example_dags/example_local_kubernetes_executor.py
[2024-11-04T04:21:00.613+0000] {processor.py:914} INFO - Processing file /home/airflow/.local/lib/python3.12/site-packages/airflow/example_dags/example_local_kubernetes_executor.py for tasks to queue
[2024-11-04T04:21:00.615+0000] {logging_mixin.py:190} INFO - [2024-11-04T04:21:00.615+0000] {dagbag.py:588} INFO - Filling up the DagBag from /home/airflow/.local/lib/python3.12/site-packages/airflow/example_dags/example_local_kubernetes_executor.py
[2024-11-04T04:21:00.620+0000] {processor.py:925} INFO - DAG(s) 'example_local_kubernetes_executor' retrieved from /home/airflow/.local/lib/python3.12/site-packages/airflow/example_dags/example_local_kubernetes_executor.py
[2024-11-04T04:21:00.643+0000] {logging_mixin.py:190} INFO - [2024-11-04T04:21:00.643+0000] {dag.py:3239} INFO - Sync 1 DAGs
[2024-11-04T04:21:00.653+0000] {logging_mixin.py:190} INFO - [2024-11-04T04:21:00.653+0000] {dag.py:4180} INFO - Setting next_dagrun for example_local_kubernetes_executor to None, run_after=None
[2024-11-04T04:21:00.666+0000] {processor.py:208} INFO - Processing /home/airflow/.local/lib/python3.12/site-packages/airflow/example_dags/example_local_kubernetes_executor.py took 0.056 seconds
[2024-11-04T04:21:31.105+0000] {processor.py:186} INFO - Started process (PID=674) to work on /home/airflow/.local/lib/python3.12/site-packages/airflow/example_dags/example_local_kubernetes_executor.py
[2024-11-04T04:21:31.105+0000] {processor.py:914} INFO - Processing file /home/airflow/.local/lib/python3.12/site-packages/airflow/example_dags/example_local_kubernetes_executor.py for tasks to queue
[2024-11-04T04:21:31.107+0000] {logging_mixin.py:190} INFO - [2024-11-04T04:21:31.107+0000] {dagbag.py:588} INFO - Filling up the DagBag from /home/airflow/.local/lib/python3.12/site-packages/airflow/example_dags/example_local_kubernetes_executor.py
[2024-11-04T04:21:31.112+0000] {processor.py:925} INFO - DAG(s) 'example_local_kubernetes_executor' retrieved from /home/airflow/.local/lib/python3.12/site-packages/airflow/example_dags/example_local_kubernetes_executor.py
[2024-11-04T04:21:31.128+0000] {logging_mixin.py:190} INFO - [2024-11-04T04:21:31.128+0000] {dag.py:3239} INFO - Sync 1 DAGs
[2024-11-04T04:21:31.136+0000] {logging_mixin.py:190} INFO - [2024-11-04T04:21:31.135+0000] {dag.py:4180} INFO - Setting next_dagrun for example_local_kubernetes_executor to None, run_after=None
[2024-11-04T04:21:31.148+0000] {processor.py:208} INFO - Processing /home/airflow/.local/lib/python3.12/site-packages/airflow/example_dags/example_local_kubernetes_executor.py took 0.046 seconds
[2024-11-04T04:22:01.453+0000] {processor.py:186} INFO - Started process (PID=736) to work on /home/airflow/.local/lib/python3.12/site-packages/airflow/example_dags/example_local_kubernetes_executor.py
[2024-11-04T04:22:01.454+0000] {processor.py:914} INFO - Processing file /home/airflow/.local/lib/python3.12/site-packages/airflow/example_dags/example_local_kubernetes_executor.py for tasks to queue
[2024-11-04T04:22:01.455+0000] {logging_mixin.py:190} INFO - [2024-11-04T04:22:01.455+0000] {dagbag.py:588} INFO - Filling up the DagBag from /home/airflow/.local/lib/python3.12/site-packages/airflow/example_dags/example_local_kubernetes_executor.py
[2024-11-04T04:22:01.461+0000] {processor.py:925} INFO - DAG(s) 'example_local_kubernetes_executor' retrieved from /home/airflow/.local/lib/python3.12/site-packages/airflow/example_dags/example_local_kubernetes_executor.py
[2024-11-04T04:22:01.478+0000] {logging_mixin.py:190} INFO - [2024-11-04T04:22:01.478+0000] {dag.py:3239} INFO - Sync 1 DAGs
[2024-11-04T04:22:01.495+0000] {logging_mixin.py:190} INFO - [2024-11-04T04:22:01.495+0000] {dag.py:4180} INFO - Setting next_dagrun for example_local_kubernetes_executor to None, run_after=None
[2024-11-04T04:22:01.524+0000] {processor.py:208} INFO - Processing /home/airflow/.local/lib/python3.12/site-packages/airflow/example_dags/example_local_kubernetes_executor.py took 0.074 seconds
