[2024-11-04T04:16:28.646+0000] {processor.py:186} INFO - Started process (PID=87) to work on /home/airflow/.local/lib/python3.12/site-packages/airflow/example_dags/example_outlet_event_extra.py
[2024-11-04T04:16:28.646+0000] {processor.py:914} INFO - Processing file /home/airflow/.local/lib/python3.12/site-packages/airflow/example_dags/example_outlet_event_extra.py for tasks to queue
[2024-11-04T04:16:28.647+0000] {logging_mixin.py:190} INFO - [2024-11-04T04:16:28.647+0000] {dagbag.py:588} INFO - Filling up the DagBag from /home/airflow/.local/lib/python3.12/site-packages/airflow/example_dags/example_outlet_event_extra.py
[2024-11-04T04:16:28.726+0000] {processor.py:925} INFO - DAG(s) 'dataset_with_extra_from_classic_operator', 'dataset_with_extra_by_context', 'dataset_with_extra_by_yield' retrieved from /home/airflow/.local/lib/python3.12/site-packages/airflow/example_dags/example_outlet_event_extra.py
[2024-11-04T04:16:28.785+0000] {logging_mixin.py:190} INFO - [2024-11-04T04:16:28.784+0000] {override.py:1900} INFO - Created Permission View: can read on DAG:dataset_with_extra_from_classic_operator
[2024-11-04T04:16:28.792+0000] {logging_mixin.py:190} INFO - [2024-11-04T04:16:28.792+0000] {override.py:1900} INFO - Created Permission View: can delete on DAG:dataset_with_extra_from_classic_operator
[2024-11-04T04:16:28.797+0000] {logging_mixin.py:190} INFO - [2024-11-04T04:16:28.797+0000] {override.py:1900} INFO - Created Permission View: can edit on DAG:dataset_with_extra_from_classic_operator
[2024-11-04T04:16:28.800+0000] {logging_mixin.py:190} INFO - [2024-11-04T04:16:28.800+0000] {override.py:1900} INFO - Created Permission View: menu access on DAG Run:dataset_with_extra_from_classic_operator
[2024-11-04T04:16:28.803+0000] {logging_mixin.py:190} INFO - [2024-11-04T04:16:28.803+0000] {override.py:1900} INFO - Created Permission View: can read on DAG Run:dataset_with_extra_from_classic_operator
[2024-11-04T04:16:28.806+0000] {logging_mixin.py:190} INFO - [2024-11-04T04:16:28.806+0000] {override.py:1900} INFO - Created Permission View: can create on DAG Run:dataset_with_extra_from_classic_operator
[2024-11-04T04:16:28.810+0000] {logging_mixin.py:190} INFO - [2024-11-04T04:16:28.810+0000] {override.py:1900} INFO - Created Permission View: can delete on DAG Run:dataset_with_extra_from_classic_operator
[2024-11-04T04:16:28.816+0000] {logging_mixin.py:190} INFO - [2024-11-04T04:16:28.816+0000] {override.py:1900} INFO - Created Permission View: can read on DAG:dataset_with_extra_by_context
[2024-11-04T04:16:28.819+0000] {logging_mixin.py:190} INFO - [2024-11-04T04:16:28.819+0000] {override.py:1900} INFO - Created Permission View: can delete on DAG:dataset_with_extra_by_context
[2024-11-04T04:16:28.823+0000] {logging_mixin.py:190} INFO - [2024-11-04T04:16:28.823+0000] {override.py:1900} INFO - Created Permission View: can edit on DAG:dataset_with_extra_by_context
[2024-11-04T04:16:28.829+0000] {logging_mixin.py:190} INFO - [2024-11-04T04:16:28.828+0000] {override.py:1900} INFO - Created Permission View: menu access on DAG Run:dataset_with_extra_by_context
[2024-11-04T04:16:28.831+0000] {logging_mixin.py:190} INFO - [2024-11-04T04:16:28.831+0000] {override.py:1900} INFO - Created Permission View: can read on DAG Run:dataset_with_extra_by_context
[2024-11-04T04:16:28.840+0000] {logging_mixin.py:190} INFO - [2024-11-04T04:16:28.840+0000] {override.py:1900} INFO - Created Permission View: can create on DAG Run:dataset_with_extra_by_context
[2024-11-04T04:16:28.846+0000] {logging_mixin.py:190} INFO - [2024-11-04T04:16:28.846+0000] {override.py:1900} INFO - Created Permission View: can delete on DAG Run:dataset_with_extra_by_context
[2024-11-04T04:16:28.855+0000] {logging_mixin.py:190} INFO - [2024-11-04T04:16:28.855+0000] {override.py:1900} INFO - Created Permission View: can read on DAG:dataset_with_extra_by_yield
[2024-11-04T04:16:28.861+0000] {logging_mixin.py:190} INFO - [2024-11-04T04:16:28.861+0000] {override.py:1900} INFO - Created Permission View: can delete on DAG:dataset_with_extra_by_yield
[2024-11-04T04:16:28.864+0000] {logging_mixin.py:190} INFO - [2024-11-04T04:16:28.864+0000] {override.py:1900} INFO - Created Permission View: can edit on DAG:dataset_with_extra_by_yield
[2024-11-04T04:16:28.867+0000] {logging_mixin.py:190} INFO - [2024-11-04T04:16:28.867+0000] {override.py:1900} INFO - Created Permission View: menu access on DAG Run:dataset_with_extra_by_yield
[2024-11-04T04:16:28.869+0000] {logging_mixin.py:190} INFO - [2024-11-04T04:16:28.869+0000] {override.py:1900} INFO - Created Permission View: can read on DAG Run:dataset_with_extra_by_yield
[2024-11-04T04:16:28.873+0000] {logging_mixin.py:190} INFO - [2024-11-04T04:16:28.873+0000] {override.py:1900} INFO - Created Permission View: can create on DAG Run:dataset_with_extra_by_yield
[2024-11-04T04:16:28.877+0000] {logging_mixin.py:190} INFO - [2024-11-04T04:16:28.877+0000] {override.py:1900} INFO - Created Permission View: can delete on DAG Run:dataset_with_extra_by_yield
[2024-11-04T04:16:28.878+0000] {logging_mixin.py:190} INFO - [2024-11-04T04:16:28.878+0000] {dag.py:3239} INFO - Sync 3 DAGs
[2024-11-04T04:16:28.884+0000] {logging_mixin.py:190} INFO - [2024-11-04T04:16:28.884+0000] {dag.py:3262} INFO - Creating ORM DAG for dataset_with_extra_by_yield
[2024-11-04T04:16:28.885+0000] {logging_mixin.py:190} INFO - [2024-11-04T04:16:28.885+0000] {dag.py:3262} INFO - Creating ORM DAG for dataset_with_extra_by_context
[2024-11-04T04:16:28.885+0000] {logging_mixin.py:190} INFO - [2024-11-04T04:16:28.885+0000] {dag.py:3262} INFO - Creating ORM DAG for dataset_with_extra_from_classic_operator
[2024-11-04T04:16:28.892+0000] {logging_mixin.py:190} INFO - [2024-11-04T04:16:28.892+0000] {dag.py:4180} INFO - Setting next_dagrun for dataset_with_extra_by_context to 2024-11-03 00:00:00+00:00, run_after=2024-11-04 00:00:00+00:00
[2024-11-04T04:16:28.894+0000] {logging_mixin.py:190} INFO - [2024-11-04T04:16:28.894+0000] {dag.py:4180} INFO - Setting next_dagrun for dataset_with_extra_by_yield to 2024-11-03 00:00:00+00:00, run_after=2024-11-04 00:00:00+00:00
[2024-11-04T04:16:28.895+0000] {logging_mixin.py:190} INFO - [2024-11-04T04:16:28.894+0000] {dag.py:4180} INFO - Setting next_dagrun for dataset_with_extra_from_classic_operator to 2024-11-03 00:00:00+00:00, run_after=2024-11-04 00:00:00+00:00
[2024-11-04T04:16:28.909+0000] {processor.py:208} INFO - Processing /home/airflow/.local/lib/python3.12/site-packages/airflow/example_dags/example_outlet_event_extra.py took 0.266 seconds
[2024-11-04T04:16:59.727+0000] {processor.py:186} INFO - Started process (PID=149) to work on /home/airflow/.local/lib/python3.12/site-packages/airflow/example_dags/example_outlet_event_extra.py
[2024-11-04T04:16:59.728+0000] {processor.py:914} INFO - Processing file /home/airflow/.local/lib/python3.12/site-packages/airflow/example_dags/example_outlet_event_extra.py for tasks to queue
[2024-11-04T04:16:59.732+0000] {logging_mixin.py:190} INFO - [2024-11-04T04:16:59.731+0000] {dagbag.py:588} INFO - Filling up the DagBag from /home/airflow/.local/lib/python3.12/site-packages/airflow/example_dags/example_outlet_event_extra.py
[2024-11-04T04:16:59.822+0000] {processor.py:925} INFO - DAG(s) 'dataset_with_extra_by_context', 'dataset_with_extra_by_yield', 'dataset_with_extra_from_classic_operator' retrieved from /home/airflow/.local/lib/python3.12/site-packages/airflow/example_dags/example_outlet_event_extra.py
[2024-11-04T04:16:59.845+0000] {logging_mixin.py:190} INFO - [2024-11-04T04:16:59.845+0000] {dag.py:3239} INFO - Sync 3 DAGs
[2024-11-04T04:16:59.860+0000] {logging_mixin.py:190} INFO - [2024-11-04T04:16:59.859+0000] {dag.py:4180} INFO - Setting next_dagrun for dataset_with_extra_by_context to 2024-11-03 00:00:00+00:00, run_after=2024-11-04 00:00:00+00:00
[2024-11-04T04:16:59.862+0000] {logging_mixin.py:190} INFO - [2024-11-04T04:16:59.862+0000] {dag.py:4180} INFO - Setting next_dagrun for dataset_with_extra_by_yield to 2024-11-03 00:00:00+00:00, run_after=2024-11-04 00:00:00+00:00
[2024-11-04T04:16:59.863+0000] {logging_mixin.py:190} INFO - [2024-11-04T04:16:59.863+0000] {dag.py:4180} INFO - Setting next_dagrun for dataset_with_extra_from_classic_operator to 2024-11-03 00:00:00+00:00, run_after=2024-11-04 00:00:00+00:00
[2024-11-04T04:16:59.878+0000] {processor.py:208} INFO - Processing /home/airflow/.local/lib/python3.12/site-packages/airflow/example_dags/example_outlet_event_extra.py took 0.154 seconds
[2024-11-04T04:17:30.544+0000] {processor.py:186} INFO - Started process (PID=211) to work on /home/airflow/.local/lib/python3.12/site-packages/airflow/example_dags/example_outlet_event_extra.py
[2024-11-04T04:17:30.545+0000] {processor.py:914} INFO - Processing file /home/airflow/.local/lib/python3.12/site-packages/airflow/example_dags/example_outlet_event_extra.py for tasks to queue
[2024-11-04T04:17:30.547+0000] {logging_mixin.py:190} INFO - [2024-11-04T04:17:30.546+0000] {dagbag.py:588} INFO - Filling up the DagBag from /home/airflow/.local/lib/python3.12/site-packages/airflow/example_dags/example_outlet_event_extra.py
[2024-11-04T04:17:30.635+0000] {processor.py:925} INFO - DAG(s) 'dataset_with_extra_from_classic_operator', 'dataset_with_extra_by_context', 'dataset_with_extra_by_yield' retrieved from /home/airflow/.local/lib/python3.12/site-packages/airflow/example_dags/example_outlet_event_extra.py
[2024-11-04T04:17:30.649+0000] {logging_mixin.py:190} INFO - [2024-11-04T04:17:30.649+0000] {dag.py:3239} INFO - Sync 3 DAGs
[2024-11-04T04:17:30.661+0000] {logging_mixin.py:190} INFO - [2024-11-04T04:17:30.661+0000] {dag.py:4180} INFO - Setting next_dagrun for dataset_with_extra_by_context to 2024-11-03 00:00:00+00:00, run_after=2024-11-04 00:00:00+00:00
[2024-11-04T04:17:30.665+0000] {logging_mixin.py:190} INFO - [2024-11-04T04:17:30.665+0000] {dag.py:4180} INFO - Setting next_dagrun for dataset_with_extra_by_yield to 2024-11-03 00:00:00+00:00, run_after=2024-11-04 00:00:00+00:00
[2024-11-04T04:17:30.666+0000] {logging_mixin.py:190} INFO - [2024-11-04T04:17:30.666+0000] {dag.py:4180} INFO - Setting next_dagrun for dataset_with_extra_from_classic_operator to 2024-11-03 00:00:00+00:00, run_after=2024-11-04 00:00:00+00:00
[2024-11-04T04:17:30.678+0000] {processor.py:208} INFO - Processing /home/airflow/.local/lib/python3.12/site-packages/airflow/example_dags/example_outlet_event_extra.py took 0.138 seconds
[2024-11-04T04:18:00.981+0000] {processor.py:186} INFO - Started process (PID=273) to work on /home/airflow/.local/lib/python3.12/site-packages/airflow/example_dags/example_outlet_event_extra.py
[2024-11-04T04:18:00.982+0000] {processor.py:914} INFO - Processing file /home/airflow/.local/lib/python3.12/site-packages/airflow/example_dags/example_outlet_event_extra.py for tasks to queue
[2024-11-04T04:18:00.986+0000] {logging_mixin.py:190} INFO - [2024-11-04T04:18:00.986+0000] {dagbag.py:588} INFO - Filling up the DagBag from /home/airflow/.local/lib/python3.12/site-packages/airflow/example_dags/example_outlet_event_extra.py
[2024-11-04T04:18:01.070+0000] {processor.py:925} INFO - DAG(s) 'dataset_with_extra_from_classic_operator', 'dataset_with_extra_by_yield', 'dataset_with_extra_by_context' retrieved from /home/airflow/.local/lib/python3.12/site-packages/airflow/example_dags/example_outlet_event_extra.py
[2024-11-04T04:18:01.084+0000] {logging_mixin.py:190} INFO - [2024-11-04T04:18:01.084+0000] {dag.py:3239} INFO - Sync 3 DAGs
[2024-11-04T04:18:01.096+0000] {logging_mixin.py:190} INFO - [2024-11-04T04:18:01.096+0000] {dag.py:4180} INFO - Setting next_dagrun for dataset_with_extra_by_context to 2024-11-03 00:00:00+00:00, run_after=2024-11-04 00:00:00+00:00
[2024-11-04T04:18:01.098+0000] {logging_mixin.py:190} INFO - [2024-11-04T04:18:01.098+0000] {dag.py:4180} INFO - Setting next_dagrun for dataset_with_extra_by_yield to 2024-11-03 00:00:00+00:00, run_after=2024-11-04 00:00:00+00:00
[2024-11-04T04:18:01.100+0000] {logging_mixin.py:190} INFO - [2024-11-04T04:18:01.099+0000] {dag.py:4180} INFO - Setting next_dagrun for dataset_with_extra_from_classic_operator to 2024-11-03 00:00:00+00:00, run_after=2024-11-04 00:00:00+00:00
[2024-11-04T04:18:01.111+0000] {processor.py:208} INFO - Processing /home/airflow/.local/lib/python3.12/site-packages/airflow/example_dags/example_outlet_event_extra.py took 0.133 seconds
[2024-11-04T04:18:31.762+0000] {processor.py:186} INFO - Started process (PID=335) to work on /home/airflow/.local/lib/python3.12/site-packages/airflow/example_dags/example_outlet_event_extra.py
[2024-11-04T04:18:31.764+0000] {processor.py:914} INFO - Processing file /home/airflow/.local/lib/python3.12/site-packages/airflow/example_dags/example_outlet_event_extra.py for tasks to queue
[2024-11-04T04:18:31.766+0000] {logging_mixin.py:190} INFO - [2024-11-04T04:18:31.766+0000] {dagbag.py:588} INFO - Filling up the DagBag from /home/airflow/.local/lib/python3.12/site-packages/airflow/example_dags/example_outlet_event_extra.py
[2024-11-04T04:18:31.842+0000] {processor.py:925} INFO - DAG(s) 'dataset_with_extra_by_yield', 'dataset_with_extra_from_classic_operator', 'dataset_with_extra_by_context' retrieved from /home/airflow/.local/lib/python3.12/site-packages/airflow/example_dags/example_outlet_event_extra.py
[2024-11-04T04:18:31.863+0000] {logging_mixin.py:190} INFO - [2024-11-04T04:18:31.862+0000] {dag.py:3239} INFO - Sync 3 DAGs
[2024-11-04T04:18:31.876+0000] {logging_mixin.py:190} INFO - [2024-11-04T04:18:31.875+0000] {dag.py:4180} INFO - Setting next_dagrun for dataset_with_extra_by_context to 2024-11-03 00:00:00+00:00, run_after=2024-11-04 00:00:00+00:00
[2024-11-04T04:18:31.878+0000] {logging_mixin.py:190} INFO - [2024-11-04T04:18:31.878+0000] {dag.py:4180} INFO - Setting next_dagrun for dataset_with_extra_by_yield to 2024-11-03 00:00:00+00:00, run_after=2024-11-04 00:00:00+00:00
[2024-11-04T04:18:31.879+0000] {logging_mixin.py:190} INFO - [2024-11-04T04:18:31.879+0000] {dag.py:4180} INFO - Setting next_dagrun for dataset_with_extra_from_classic_operator to 2024-11-03 00:00:00+00:00, run_after=2024-11-04 00:00:00+00:00
[2024-11-04T04:18:31.893+0000] {processor.py:208} INFO - Processing /home/airflow/.local/lib/python3.12/site-packages/airflow/example_dags/example_outlet_event_extra.py took 0.135 seconds
[2024-11-04T04:19:02.243+0000] {processor.py:186} INFO - Started process (PID=397) to work on /home/airflow/.local/lib/python3.12/site-packages/airflow/example_dags/example_outlet_event_extra.py
[2024-11-04T04:19:02.243+0000] {processor.py:914} INFO - Processing file /home/airflow/.local/lib/python3.12/site-packages/airflow/example_dags/example_outlet_event_extra.py for tasks to queue
[2024-11-04T04:19:02.246+0000] {logging_mixin.py:190} INFO - [2024-11-04T04:19:02.245+0000] {dagbag.py:588} INFO - Filling up the DagBag from /home/airflow/.local/lib/python3.12/site-packages/airflow/example_dags/example_outlet_event_extra.py
[2024-11-04T04:19:02.334+0000] {processor.py:925} INFO - DAG(s) 'dataset_with_extra_by_context', 'dataset_with_extra_from_classic_operator', 'dataset_with_extra_by_yield' retrieved from /home/airflow/.local/lib/python3.12/site-packages/airflow/example_dags/example_outlet_event_extra.py
[2024-11-04T04:19:02.355+0000] {logging_mixin.py:190} INFO - [2024-11-04T04:19:02.354+0000] {dag.py:3239} INFO - Sync 3 DAGs
[2024-11-04T04:19:02.369+0000] {logging_mixin.py:190} INFO - [2024-11-04T04:19:02.369+0000] {dag.py:4180} INFO - Setting next_dagrun for dataset_with_extra_by_context to 2024-11-03 00:00:00+00:00, run_after=2024-11-04 00:00:00+00:00
[2024-11-04T04:19:02.371+0000] {logging_mixin.py:190} INFO - [2024-11-04T04:19:02.371+0000] {dag.py:4180} INFO - Setting next_dagrun for dataset_with_extra_by_yield to 2024-11-03 00:00:00+00:00, run_after=2024-11-04 00:00:00+00:00
[2024-11-04T04:19:02.372+0000] {logging_mixin.py:190} INFO - [2024-11-04T04:19:02.372+0000] {dag.py:4180} INFO - Setting next_dagrun for dataset_with_extra_from_classic_operator to 2024-11-03 00:00:00+00:00, run_after=2024-11-04 00:00:00+00:00
[2024-11-04T04:19:02.387+0000] {processor.py:208} INFO - Processing /home/airflow/.local/lib/python3.12/site-packages/airflow/example_dags/example_outlet_event_extra.py took 0.150 seconds
[2024-11-04T04:19:32.628+0000] {processor.py:186} INFO - Started process (PID=459) to work on /home/airflow/.local/lib/python3.12/site-packages/airflow/example_dags/example_outlet_event_extra.py
[2024-11-04T04:19:32.631+0000] {processor.py:914} INFO - Processing file /home/airflow/.local/lib/python3.12/site-packages/airflow/example_dags/example_outlet_event_extra.py for tasks to queue
[2024-11-04T04:19:32.633+0000] {logging_mixin.py:190} INFO - [2024-11-04T04:19:32.633+0000] {dagbag.py:588} INFO - Filling up the DagBag from /home/airflow/.local/lib/python3.12/site-packages/airflow/example_dags/example_outlet_event_extra.py
[2024-11-04T04:19:32.724+0000] {processor.py:925} INFO - DAG(s) 'dataset_with_extra_from_classic_operator', 'dataset_with_extra_by_context', 'dataset_with_extra_by_yield' retrieved from /home/airflow/.local/lib/python3.12/site-packages/airflow/example_dags/example_outlet_event_extra.py
[2024-11-04T04:19:32.742+0000] {logging_mixin.py:190} INFO - [2024-11-04T04:19:32.742+0000] {dag.py:3239} INFO - Sync 3 DAGs
[2024-11-04T04:19:32.756+0000] {logging_mixin.py:190} INFO - [2024-11-04T04:19:32.756+0000] {dag.py:4180} INFO - Setting next_dagrun for dataset_with_extra_by_context to 2024-11-03 00:00:00+00:00, run_after=2024-11-04 00:00:00+00:00
[2024-11-04T04:19:32.760+0000] {logging_mixin.py:190} INFO - [2024-11-04T04:19:32.760+0000] {dag.py:4180} INFO - Setting next_dagrun for dataset_with_extra_by_yield to 2024-11-03 00:00:00+00:00, run_after=2024-11-04 00:00:00+00:00
[2024-11-04T04:19:32.764+0000] {logging_mixin.py:190} INFO - [2024-11-04T04:19:32.764+0000] {dag.py:4180} INFO - Setting next_dagrun for dataset_with_extra_from_classic_operator to 2024-11-03 00:00:00+00:00, run_after=2024-11-04 00:00:00+00:00
[2024-11-04T04:19:32.777+0000] {processor.py:208} INFO - Processing /home/airflow/.local/lib/python3.12/site-packages/airflow/example_dags/example_outlet_event_extra.py took 0.155 seconds
[2024-11-04T04:20:03.204+0000] {processor.py:186} INFO - Started process (PID=521) to work on /home/airflow/.local/lib/python3.12/site-packages/airflow/example_dags/example_outlet_event_extra.py
[2024-11-04T04:20:03.206+0000] {processor.py:914} INFO - Processing file /home/airflow/.local/lib/python3.12/site-packages/airflow/example_dags/example_outlet_event_extra.py for tasks to queue
[2024-11-04T04:20:03.208+0000] {logging_mixin.py:190} INFO - [2024-11-04T04:20:03.207+0000] {dagbag.py:588} INFO - Filling up the DagBag from /home/airflow/.local/lib/python3.12/site-packages/airflow/example_dags/example_outlet_event_extra.py
[2024-11-04T04:20:03.296+0000] {processor.py:925} INFO - DAG(s) 'dataset_with_extra_by_context', 'dataset_with_extra_by_yield', 'dataset_with_extra_from_classic_operator' retrieved from /home/airflow/.local/lib/python3.12/site-packages/airflow/example_dags/example_outlet_event_extra.py
[2024-11-04T04:20:03.313+0000] {logging_mixin.py:190} INFO - [2024-11-04T04:20:03.313+0000] {dag.py:3239} INFO - Sync 3 DAGs
[2024-11-04T04:20:03.326+0000] {logging_mixin.py:190} INFO - [2024-11-04T04:20:03.325+0000] {dag.py:4180} INFO - Setting next_dagrun for dataset_with_extra_by_context to 2024-11-03 00:00:00+00:00, run_after=2024-11-04 00:00:00+00:00
[2024-11-04T04:20:03.328+0000] {logging_mixin.py:190} INFO - [2024-11-04T04:20:03.328+0000] {dag.py:4180} INFO - Setting next_dagrun for dataset_with_extra_by_yield to 2024-11-03 00:00:00+00:00, run_after=2024-11-04 00:00:00+00:00
[2024-11-04T04:20:03.329+0000] {logging_mixin.py:190} INFO - [2024-11-04T04:20:03.329+0000] {dag.py:4180} INFO - Setting next_dagrun for dataset_with_extra_from_classic_operator to 2024-11-03 00:00:00+00:00, run_after=2024-11-04 00:00:00+00:00
[2024-11-04T04:20:03.341+0000] {processor.py:208} INFO - Processing /home/airflow/.local/lib/python3.12/site-packages/airflow/example_dags/example_outlet_event_extra.py took 0.141 seconds
[2024-11-04T04:20:33.498+0000] {processor.py:186} INFO - Started process (PID=583) to work on /home/airflow/.local/lib/python3.12/site-packages/airflow/example_dags/example_outlet_event_extra.py
[2024-11-04T04:20:33.499+0000] {processor.py:914} INFO - Processing file /home/airflow/.local/lib/python3.12/site-packages/airflow/example_dags/example_outlet_event_extra.py for tasks to queue
[2024-11-04T04:20:33.502+0000] {logging_mixin.py:190} INFO - [2024-11-04T04:20:33.502+0000] {dagbag.py:588} INFO - Filling up the DagBag from /home/airflow/.local/lib/python3.12/site-packages/airflow/example_dags/example_outlet_event_extra.py
[2024-11-04T04:20:33.586+0000] {processor.py:925} INFO - DAG(s) 'dataset_with_extra_by_yield', 'dataset_with_extra_from_classic_operator', 'dataset_with_extra_by_context' retrieved from /home/airflow/.local/lib/python3.12/site-packages/airflow/example_dags/example_outlet_event_extra.py
[2024-11-04T04:20:33.604+0000] {logging_mixin.py:190} INFO - [2024-11-04T04:20:33.604+0000] {dag.py:3239} INFO - Sync 3 DAGs
[2024-11-04T04:20:33.616+0000] {logging_mixin.py:190} INFO - [2024-11-04T04:20:33.616+0000] {dag.py:4180} INFO - Setting next_dagrun for dataset_with_extra_by_context to 2024-11-03 00:00:00+00:00, run_after=2024-11-04 00:00:00+00:00
[2024-11-04T04:20:33.619+0000] {logging_mixin.py:190} INFO - [2024-11-04T04:20:33.619+0000] {dag.py:4180} INFO - Setting next_dagrun for dataset_with_extra_by_yield to 2024-11-03 00:00:00+00:00, run_after=2024-11-04 00:00:00+00:00
[2024-11-04T04:20:33.620+0000] {logging_mixin.py:190} INFO - [2024-11-04T04:20:33.620+0000] {dag.py:4180} INFO - Setting next_dagrun for dataset_with_extra_from_classic_operator to 2024-11-03 00:00:00+00:00, run_after=2024-11-04 00:00:00+00:00
[2024-11-04T04:20:33.631+0000] {processor.py:208} INFO - Processing /home/airflow/.local/lib/python3.12/site-packages/airflow/example_dags/example_outlet_event_extra.py took 0.140 seconds
[2024-11-04T04:21:03.970+0000] {processor.py:186} INFO - Started process (PID=645) to work on /home/airflow/.local/lib/python3.12/site-packages/airflow/example_dags/example_outlet_event_extra.py
[2024-11-04T04:21:03.971+0000] {processor.py:914} INFO - Processing file /home/airflow/.local/lib/python3.12/site-packages/airflow/example_dags/example_outlet_event_extra.py for tasks to queue
[2024-11-04T04:21:03.972+0000] {logging_mixin.py:190} INFO - [2024-11-04T04:21:03.972+0000] {dagbag.py:588} INFO - Filling up the DagBag from /home/airflow/.local/lib/python3.12/site-packages/airflow/example_dags/example_outlet_event_extra.py
[2024-11-04T04:21:04.052+0000] {processor.py:925} INFO - DAG(s) 'dataset_with_extra_by_context', 'dataset_with_extra_from_classic_operator', 'dataset_with_extra_by_yield' retrieved from /home/airflow/.local/lib/python3.12/site-packages/airflow/example_dags/example_outlet_event_extra.py
[2024-11-04T04:21:04.070+0000] {logging_mixin.py:190} INFO - [2024-11-04T04:21:04.070+0000] {dag.py:3239} INFO - Sync 3 DAGs
[2024-11-04T04:21:04.086+0000] {logging_mixin.py:190} INFO - [2024-11-04T04:21:04.085+0000] {dag.py:4180} INFO - Setting next_dagrun for dataset_with_extra_by_context to 2024-11-03 00:00:00+00:00, run_after=2024-11-04 00:00:00+00:00
[2024-11-04T04:21:04.089+0000] {logging_mixin.py:190} INFO - [2024-11-04T04:21:04.089+0000] {dag.py:4180} INFO - Setting next_dagrun for dataset_with_extra_by_yield to 2024-11-03 00:00:00+00:00, run_after=2024-11-04 00:00:00+00:00
[2024-11-04T04:21:04.091+0000] {logging_mixin.py:190} INFO - [2024-11-04T04:21:04.091+0000] {dag.py:4180} INFO - Setting next_dagrun for dataset_with_extra_from_classic_operator to 2024-11-03 00:00:00+00:00, run_after=2024-11-04 00:00:00+00:00
[2024-11-04T04:21:04.107+0000] {processor.py:208} INFO - Processing /home/airflow/.local/lib/python3.12/site-packages/airflow/example_dags/example_outlet_event_extra.py took 0.140 seconds
[2024-11-04T04:21:34.358+0000] {processor.py:186} INFO - Started process (PID=707) to work on /home/airflow/.local/lib/python3.12/site-packages/airflow/example_dags/example_outlet_event_extra.py
[2024-11-04T04:21:34.359+0000] {processor.py:914} INFO - Processing file /home/airflow/.local/lib/python3.12/site-packages/airflow/example_dags/example_outlet_event_extra.py for tasks to queue
[2024-11-04T04:21:34.360+0000] {logging_mixin.py:190} INFO - [2024-11-04T04:21:34.360+0000] {dagbag.py:588} INFO - Filling up the DagBag from /home/airflow/.local/lib/python3.12/site-packages/airflow/example_dags/example_outlet_event_extra.py
[2024-11-04T04:21:34.445+0000] {processor.py:925} INFO - DAG(s) 'dataset_with_extra_by_yield', 'dataset_with_extra_by_context', 'dataset_with_extra_from_classic_operator' retrieved from /home/airflow/.local/lib/python3.12/site-packages/airflow/example_dags/example_outlet_event_extra.py
[2024-11-04T04:21:34.464+0000] {logging_mixin.py:190} INFO - [2024-11-04T04:21:34.464+0000] {dag.py:3239} INFO - Sync 3 DAGs
[2024-11-04T04:21:34.478+0000] {logging_mixin.py:190} INFO - [2024-11-04T04:21:34.478+0000] {dag.py:4180} INFO - Setting next_dagrun for dataset_with_extra_by_context to 2024-11-03 00:00:00+00:00, run_after=2024-11-04 00:00:00+00:00
[2024-11-04T04:21:34.480+0000] {logging_mixin.py:190} INFO - [2024-11-04T04:21:34.480+0000] {dag.py:4180} INFO - Setting next_dagrun for dataset_with_extra_by_yield to 2024-11-03 00:00:00+00:00, run_after=2024-11-04 00:00:00+00:00
[2024-11-04T04:21:34.482+0000] {logging_mixin.py:190} INFO - [2024-11-04T04:21:34.482+0000] {dag.py:4180} INFO - Setting next_dagrun for dataset_with_extra_from_classic_operator to 2024-11-03 00:00:00+00:00, run_after=2024-11-04 00:00:00+00:00
[2024-11-04T04:21:34.497+0000] {processor.py:208} INFO - Processing /home/airflow/.local/lib/python3.12/site-packages/airflow/example_dags/example_outlet_event_extra.py took 0.144 seconds
[2024-11-04T04:22:04.978+0000] {processor.py:186} INFO - Started process (PID=769) to work on /home/airflow/.local/lib/python3.12/site-packages/airflow/example_dags/example_outlet_event_extra.py
[2024-11-04T04:22:04.979+0000] {processor.py:914} INFO - Processing file /home/airflow/.local/lib/python3.12/site-packages/airflow/example_dags/example_outlet_event_extra.py for tasks to queue
[2024-11-04T04:22:04.981+0000] {logging_mixin.py:190} INFO - [2024-11-04T04:22:04.981+0000] {dagbag.py:588} INFO - Filling up the DagBag from /home/airflow/.local/lib/python3.12/site-packages/airflow/example_dags/example_outlet_event_extra.py
[2024-11-04T04:22:05.085+0000] {processor.py:925} INFO - DAG(s) 'dataset_with_extra_by_yield', 'dataset_with_extra_from_classic_operator', 'dataset_with_extra_by_context' retrieved from /home/airflow/.local/lib/python3.12/site-packages/airflow/example_dags/example_outlet_event_extra.py
[2024-11-04T04:22:05.116+0000] {logging_mixin.py:190} INFO - [2024-11-04T04:22:05.116+0000] {dag.py:3239} INFO - Sync 3 DAGs
[2024-11-04T04:22:05.134+0000] {logging_mixin.py:190} INFO - [2024-11-04T04:22:05.134+0000] {dag.py:4180} INFO - Setting next_dagrun for dataset_with_extra_by_context to 2024-11-03 00:00:00+00:00, run_after=2024-11-04 00:00:00+00:00
[2024-11-04T04:22:05.137+0000] {logging_mixin.py:190} INFO - [2024-11-04T04:22:05.137+0000] {dag.py:4180} INFO - Setting next_dagrun for dataset_with_extra_by_yield to 2024-11-03 00:00:00+00:00, run_after=2024-11-04 00:00:00+00:00
[2024-11-04T04:22:05.139+0000] {logging_mixin.py:190} INFO - [2024-11-04T04:22:05.138+0000] {dag.py:4180} INFO - Setting next_dagrun for dataset_with_extra_from_classic_operator to 2024-11-03 00:00:00+00:00, run_after=2024-11-04 00:00:00+00:00
[2024-11-04T04:22:05.157+0000] {processor.py:208} INFO - Processing /home/airflow/.local/lib/python3.12/site-packages/airflow/example_dags/example_outlet_event_extra.py took 0.184 seconds
