[2024-11-04T04:16:28.279+0000] {processor.py:186} INFO - Started process (PID=83) to work on /home/airflow/.local/lib/python3.12/site-packages/airflow/example_dags/example_branch_python_dop_operator_3.py
[2024-11-04T04:16:28.283+0000] {processor.py:914} INFO - Processing file /home/airflow/.local/lib/python3.12/site-packages/airflow/example_dags/example_branch_python_dop_operator_3.py for tasks to queue
[2024-11-04T04:16:28.284+0000] {logging_mixin.py:190} INFO - [2024-11-04T04:16:28.284+0000] {dagbag.py:588} INFO - Filling up the DagBag from /home/airflow/.local/lib/python3.12/site-packages/airflow/example_dags/example_branch_python_dop_operator_3.py
[2024-11-04T04:16:28.290+0000] {processor.py:925} INFO - DAG(s) 'example_branch_dop_operator_v3' retrieved from /home/airflow/.local/lib/python3.12/site-packages/airflow/example_dags/example_branch_python_dop_operator_3.py
[2024-11-04T04:16:28.346+0000] {logging_mixin.py:190} INFO - [2024-11-04T04:16:28.346+0000] {override.py:1900} INFO - Created Permission View: can read on DAG:example_branch_dop_operator_v3
[2024-11-04T04:16:28.353+0000] {logging_mixin.py:190} INFO - [2024-11-04T04:16:28.353+0000] {override.py:1900} INFO - Created Permission View: can delete on DAG:example_branch_dop_operator_v3
[2024-11-04T04:16:28.357+0000] {logging_mixin.py:190} INFO - [2024-11-04T04:16:28.357+0000] {override.py:1900} INFO - Created Permission View: can edit on DAG:example_branch_dop_operator_v3
[2024-11-04T04:16:28.361+0000] {logging_mixin.py:190} INFO - [2024-11-04T04:16:28.361+0000] {override.py:1900} INFO - Created Permission View: menu access on DAG Run:example_branch_dop_operator_v3
[2024-11-04T04:16:28.365+0000] {logging_mixin.py:190} INFO - [2024-11-04T04:16:28.365+0000] {override.py:1900} INFO - Created Permission View: can read on DAG Run:example_branch_dop_operator_v3
[2024-11-04T04:16:28.369+0000] {logging_mixin.py:190} INFO - [2024-11-04T04:16:28.368+0000] {override.py:1900} INFO - Created Permission View: can create on DAG Run:example_branch_dop_operator_v3
[2024-11-04T04:16:28.372+0000] {logging_mixin.py:190} INFO - [2024-11-04T04:16:28.371+0000] {override.py:1900} INFO - Created Permission View: can delete on DAG Run:example_branch_dop_operator_v3
[2024-11-04T04:16:28.372+0000] {logging_mixin.py:190} INFO - [2024-11-04T04:16:28.372+0000] {dag.py:3239} INFO - Sync 1 DAGs
[2024-11-04T04:16:28.379+0000] {logging_mixin.py:190} INFO - [2024-11-04T04:16:28.379+0000] {dag.py:3262} INFO - Creating ORM DAG for example_branch_dop_operator_v3
[2024-11-04T04:16:28.385+0000] {logging_mixin.py:190} INFO - [2024-11-04T04:16:28.385+0000] {dag.py:4180} INFO - Setting next_dagrun for example_branch_dop_operator_v3 to 2024-11-04 04:15:00+00:00, run_after=2024-11-04 04:16:00+00:00
[2024-11-04T04:16:28.395+0000] {processor.py:208} INFO - Processing /home/airflow/.local/lib/python3.12/site-packages/airflow/example_dags/example_branch_python_dop_operator_3.py took 0.119 seconds
[2024-11-04T04:16:58.537+0000] {processor.py:186} INFO - Started process (PID=145) to work on /home/airflow/.local/lib/python3.12/site-packages/airflow/example_dags/example_branch_python_dop_operator_3.py
[2024-11-04T04:16:58.540+0000] {processor.py:914} INFO - Processing file /home/airflow/.local/lib/python3.12/site-packages/airflow/example_dags/example_branch_python_dop_operator_3.py for tasks to queue
[2024-11-04T04:16:58.543+0000] {logging_mixin.py:190} INFO - [2024-11-04T04:16:58.543+0000] {dagbag.py:588} INFO - Filling up the DagBag from /home/airflow/.local/lib/python3.12/site-packages/airflow/example_dags/example_branch_python_dop_operator_3.py
[2024-11-04T04:16:58.550+0000] {processor.py:925} INFO - DAG(s) 'example_branch_dop_operator_v3' retrieved from /home/airflow/.local/lib/python3.12/site-packages/airflow/example_dags/example_branch_python_dop_operator_3.py
[2024-11-04T04:16:58.564+0000] {logging_mixin.py:190} INFO - [2024-11-04T04:16:58.564+0000] {dag.py:3239} INFO - Sync 1 DAGs
[2024-11-04T04:16:58.576+0000] {logging_mixin.py:190} INFO - [2024-11-04T04:16:58.575+0000] {dag.py:4180} INFO - Setting next_dagrun for example_branch_dop_operator_v3 to 2024-11-04 04:15:00+00:00, run_after=2024-11-04 04:16:00+00:00
[2024-11-04T04:16:58.589+0000] {processor.py:208} INFO - Processing /home/airflow/.local/lib/python3.12/site-packages/airflow/example_dags/example_branch_python_dop_operator_3.py took 0.054 seconds
[2024-11-04T04:17:29.396+0000] {processor.py:186} INFO - Started process (PID=207) to work on /home/airflow/.local/lib/python3.12/site-packages/airflow/example_dags/example_branch_python_dop_operator_3.py
[2024-11-04T04:17:29.397+0000] {processor.py:914} INFO - Processing file /home/airflow/.local/lib/python3.12/site-packages/airflow/example_dags/example_branch_python_dop_operator_3.py for tasks to queue
[2024-11-04T04:17:29.400+0000] {logging_mixin.py:190} INFO - [2024-11-04T04:17:29.399+0000] {dagbag.py:588} INFO - Filling up the DagBag from /home/airflow/.local/lib/python3.12/site-packages/airflow/example_dags/example_branch_python_dop_operator_3.py
[2024-11-04T04:17:29.405+0000] {processor.py:925} INFO - DAG(s) 'example_branch_dop_operator_v3' retrieved from /home/airflow/.local/lib/python3.12/site-packages/airflow/example_dags/example_branch_python_dop_operator_3.py
[2024-11-04T04:17:29.419+0000] {logging_mixin.py:190} INFO - [2024-11-04T04:17:29.419+0000] {dag.py:3239} INFO - Sync 1 DAGs
[2024-11-04T04:17:29.435+0000] {logging_mixin.py:190} INFO - [2024-11-04T04:17:29.435+0000] {dag.py:4180} INFO - Setting next_dagrun for example_branch_dop_operator_v3 to 2024-11-04 04:16:00+00:00, run_after=2024-11-04 04:17:00+00:00
[2024-11-04T04:17:29.451+0000] {processor.py:208} INFO - Processing /home/airflow/.local/lib/python3.12/site-packages/airflow/example_dags/example_branch_python_dop_operator_3.py took 0.058 seconds
[2024-11-04T04:17:59.857+0000] {processor.py:186} INFO - Started process (PID=269) to work on /home/airflow/.local/lib/python3.12/site-packages/airflow/example_dags/example_branch_python_dop_operator_3.py
[2024-11-04T04:17:59.861+0000] {processor.py:914} INFO - Processing file /home/airflow/.local/lib/python3.12/site-packages/airflow/example_dags/example_branch_python_dop_operator_3.py for tasks to queue
[2024-11-04T04:17:59.864+0000] {logging_mixin.py:190} INFO - [2024-11-04T04:17:59.863+0000] {dagbag.py:588} INFO - Filling up the DagBag from /home/airflow/.local/lib/python3.12/site-packages/airflow/example_dags/example_branch_python_dop_operator_3.py
[2024-11-04T04:17:59.869+0000] {processor.py:925} INFO - DAG(s) 'example_branch_dop_operator_v3' retrieved from /home/airflow/.local/lib/python3.12/site-packages/airflow/example_dags/example_branch_python_dop_operator_3.py
[2024-11-04T04:17:59.879+0000] {logging_mixin.py:190} INFO - [2024-11-04T04:17:59.879+0000] {dag.py:3239} INFO - Sync 1 DAGs
[2024-11-04T04:17:59.892+0000] {logging_mixin.py:190} INFO - [2024-11-04T04:17:59.892+0000] {dag.py:4180} INFO - Setting next_dagrun for example_branch_dop_operator_v3 to 2024-11-04 04:16:00+00:00, run_after=2024-11-04 04:17:00+00:00
[2024-11-04T04:17:59.901+0000] {processor.py:208} INFO - Processing /home/airflow/.local/lib/python3.12/site-packages/airflow/example_dags/example_branch_python_dop_operator_3.py took 0.047 seconds
[2024-11-04T04:18:30.558+0000] {processor.py:186} INFO - Started process (PID=331) to work on /home/airflow/.local/lib/python3.12/site-packages/airflow/example_dags/example_branch_python_dop_operator_3.py
[2024-11-04T04:18:30.563+0000] {processor.py:914} INFO - Processing file /home/airflow/.local/lib/python3.12/site-packages/airflow/example_dags/example_branch_python_dop_operator_3.py for tasks to queue
[2024-11-04T04:18:30.565+0000] {logging_mixin.py:190} INFO - [2024-11-04T04:18:30.565+0000] {dagbag.py:588} INFO - Filling up the DagBag from /home/airflow/.local/lib/python3.12/site-packages/airflow/example_dags/example_branch_python_dop_operator_3.py
[2024-11-04T04:18:30.572+0000] {processor.py:925} INFO - DAG(s) 'example_branch_dop_operator_v3' retrieved from /home/airflow/.local/lib/python3.12/site-packages/airflow/example_dags/example_branch_python_dop_operator_3.py
[2024-11-04T04:18:30.585+0000] {logging_mixin.py:190} INFO - [2024-11-04T04:18:30.585+0000] {dag.py:3239} INFO - Sync 1 DAGs
[2024-11-04T04:18:30.602+0000] {logging_mixin.py:190} INFO - [2024-11-04T04:18:30.602+0000] {dag.py:4180} INFO - Setting next_dagrun for example_branch_dop_operator_v3 to 2024-11-04 04:17:00+00:00, run_after=2024-11-04 04:18:00+00:00
[2024-11-04T04:18:30.614+0000] {processor.py:208} INFO - Processing /home/airflow/.local/lib/python3.12/site-packages/airflow/example_dags/example_branch_python_dop_operator_3.py took 0.059 seconds
[2024-11-04T04:19:01.113+0000] {processor.py:186} INFO - Started process (PID=393) to work on /home/airflow/.local/lib/python3.12/site-packages/airflow/example_dags/example_branch_python_dop_operator_3.py
[2024-11-04T04:19:01.115+0000] {processor.py:914} INFO - Processing file /home/airflow/.local/lib/python3.12/site-packages/airflow/example_dags/example_branch_python_dop_operator_3.py for tasks to queue
[2024-11-04T04:19:01.117+0000] {logging_mixin.py:190} INFO - [2024-11-04T04:19:01.117+0000] {dagbag.py:588} INFO - Filling up the DagBag from /home/airflow/.local/lib/python3.12/site-packages/airflow/example_dags/example_branch_python_dop_operator_3.py
[2024-11-04T04:19:01.125+0000] {processor.py:925} INFO - DAG(s) 'example_branch_dop_operator_v3' retrieved from /home/airflow/.local/lib/python3.12/site-packages/airflow/example_dags/example_branch_python_dop_operator_3.py
[2024-11-04T04:19:01.141+0000] {logging_mixin.py:190} INFO - [2024-11-04T04:19:01.141+0000] {dag.py:3239} INFO - Sync 1 DAGs
[2024-11-04T04:19:01.153+0000] {logging_mixin.py:190} INFO - [2024-11-04T04:19:01.153+0000] {dag.py:4180} INFO - Setting next_dagrun for example_branch_dop_operator_v3 to 2024-11-04 04:18:00+00:00, run_after=2024-11-04 04:19:00+00:00
[2024-11-04T04:19:01.164+0000] {processor.py:208} INFO - Processing /home/airflow/.local/lib/python3.12/site-packages/airflow/example_dags/example_branch_python_dop_operator_3.py took 0.054 seconds
[2024-11-04T04:19:31.424+0000] {processor.py:186} INFO - Started process (PID=455) to work on /home/airflow/.local/lib/python3.12/site-packages/airflow/example_dags/example_branch_python_dop_operator_3.py
[2024-11-04T04:19:31.426+0000] {processor.py:914} INFO - Processing file /home/airflow/.local/lib/python3.12/site-packages/airflow/example_dags/example_branch_python_dop_operator_3.py for tasks to queue
[2024-11-04T04:19:31.427+0000] {logging_mixin.py:190} INFO - [2024-11-04T04:19:31.427+0000] {dagbag.py:588} INFO - Filling up the DagBag from /home/airflow/.local/lib/python3.12/site-packages/airflow/example_dags/example_branch_python_dop_operator_3.py
[2024-11-04T04:19:31.434+0000] {processor.py:925} INFO - DAG(s) 'example_branch_dop_operator_v3' retrieved from /home/airflow/.local/lib/python3.12/site-packages/airflow/example_dags/example_branch_python_dop_operator_3.py
[2024-11-04T04:19:31.446+0000] {logging_mixin.py:190} INFO - [2024-11-04T04:19:31.446+0000] {dag.py:3239} INFO - Sync 1 DAGs
[2024-11-04T04:19:31.459+0000] {logging_mixin.py:190} INFO - [2024-11-04T04:19:31.459+0000] {dag.py:4180} INFO - Setting next_dagrun for example_branch_dop_operator_v3 to 2024-11-04 04:18:00+00:00, run_after=2024-11-04 04:19:00+00:00
[2024-11-04T04:19:31.471+0000] {processor.py:208} INFO - Processing /home/airflow/.local/lib/python3.12/site-packages/airflow/example_dags/example_branch_python_dop_operator_3.py took 0.050 seconds
[2024-11-04T04:20:01.994+0000] {processor.py:186} INFO - Started process (PID=517) to work on /home/airflow/.local/lib/python3.12/site-packages/airflow/example_dags/example_branch_python_dop_operator_3.py
[2024-11-04T04:20:01.995+0000] {processor.py:914} INFO - Processing file /home/airflow/.local/lib/python3.12/site-packages/airflow/example_dags/example_branch_python_dop_operator_3.py for tasks to queue
[2024-11-04T04:20:01.997+0000] {logging_mixin.py:190} INFO - [2024-11-04T04:20:01.997+0000] {dagbag.py:588} INFO - Filling up the DagBag from /home/airflow/.local/lib/python3.12/site-packages/airflow/example_dags/example_branch_python_dop_operator_3.py
[2024-11-04T04:20:02.003+0000] {processor.py:925} INFO - DAG(s) 'example_branch_dop_operator_v3' retrieved from /home/airflow/.local/lib/python3.12/site-packages/airflow/example_dags/example_branch_python_dop_operator_3.py
[2024-11-04T04:20:02.016+0000] {logging_mixin.py:190} INFO - [2024-11-04T04:20:02.016+0000] {dag.py:3239} INFO - Sync 1 DAGs
[2024-11-04T04:20:02.034+0000] {logging_mixin.py:190} INFO - [2024-11-04T04:20:02.034+0000] {dag.py:4180} INFO - Setting next_dagrun for example_branch_dop_operator_v3 to 2024-11-04 04:19:00+00:00, run_after=2024-11-04 04:20:00+00:00
[2024-11-04T04:20:02.049+0000] {processor.py:208} INFO - Processing /home/airflow/.local/lib/python3.12/site-packages/airflow/example_dags/example_branch_python_dop_operator_3.py took 0.058 seconds
[2024-11-04T04:20:32.363+0000] {processor.py:186} INFO - Started process (PID=579) to work on /home/airflow/.local/lib/python3.12/site-packages/airflow/example_dags/example_branch_python_dop_operator_3.py
[2024-11-04T04:20:32.363+0000] {processor.py:914} INFO - Processing file /home/airflow/.local/lib/python3.12/site-packages/airflow/example_dags/example_branch_python_dop_operator_3.py for tasks to queue
[2024-11-04T04:20:32.365+0000] {logging_mixin.py:190} INFO - [2024-11-04T04:20:32.364+0000] {dagbag.py:588} INFO - Filling up the DagBag from /home/airflow/.local/lib/python3.12/site-packages/airflow/example_dags/example_branch_python_dop_operator_3.py
[2024-11-04T04:20:32.370+0000] {processor.py:925} INFO - DAG(s) 'example_branch_dop_operator_v3' retrieved from /home/airflow/.local/lib/python3.12/site-packages/airflow/example_dags/example_branch_python_dop_operator_3.py
[2024-11-04T04:20:32.382+0000] {logging_mixin.py:190} INFO - [2024-11-04T04:20:32.382+0000] {dag.py:3239} INFO - Sync 1 DAGs
[2024-11-04T04:20:32.394+0000] {logging_mixin.py:190} INFO - [2024-11-04T04:20:32.394+0000] {dag.py:4180} INFO - Setting next_dagrun for example_branch_dop_operator_v3 to 2024-11-04 04:19:00+00:00, run_after=2024-11-04 04:20:00+00:00
[2024-11-04T04:20:32.406+0000] {processor.py:208} INFO - Processing /home/airflow/.local/lib/python3.12/site-packages/airflow/example_dags/example_branch_python_dop_operator_3.py took 0.046 seconds
[2024-11-04T04:21:02.787+0000] {processor.py:186} INFO - Started process (PID=641) to work on /home/airflow/.local/lib/python3.12/site-packages/airflow/example_dags/example_branch_python_dop_operator_3.py
[2024-11-04T04:21:02.791+0000] {processor.py:914} INFO - Processing file /home/airflow/.local/lib/python3.12/site-packages/airflow/example_dags/example_branch_python_dop_operator_3.py for tasks to queue
[2024-11-04T04:21:02.792+0000] {logging_mixin.py:190} INFO - [2024-11-04T04:21:02.792+0000] {dagbag.py:588} INFO - Filling up the DagBag from /home/airflow/.local/lib/python3.12/site-packages/airflow/example_dags/example_branch_python_dop_operator_3.py
[2024-11-04T04:21:02.797+0000] {processor.py:925} INFO - DAG(s) 'example_branch_dop_operator_v3' retrieved from /home/airflow/.local/lib/python3.12/site-packages/airflow/example_dags/example_branch_python_dop_operator_3.py
[2024-11-04T04:21:02.809+0000] {logging_mixin.py:190} INFO - [2024-11-04T04:21:02.808+0000] {dag.py:3239} INFO - Sync 1 DAGs
[2024-11-04T04:21:02.823+0000] {logging_mixin.py:190} INFO - [2024-11-04T04:21:02.823+0000] {dag.py:4180} INFO - Setting next_dagrun for example_branch_dop_operator_v3 to 2024-11-04 04:20:00+00:00, run_after=2024-11-04 04:21:00+00:00
[2024-11-04T04:21:02.833+0000] {processor.py:208} INFO - Processing /home/airflow/.local/lib/python3.12/site-packages/airflow/example_dags/example_branch_python_dop_operator_3.py took 0.049 seconds
[2024-11-04T04:21:33.230+0000] {processor.py:186} INFO - Started process (PID=703) to work on /home/airflow/.local/lib/python3.12/site-packages/airflow/example_dags/example_branch_python_dop_operator_3.py
[2024-11-04T04:21:33.231+0000] {processor.py:914} INFO - Processing file /home/airflow/.local/lib/python3.12/site-packages/airflow/example_dags/example_branch_python_dop_operator_3.py for tasks to queue
[2024-11-04T04:21:33.232+0000] {logging_mixin.py:190} INFO - [2024-11-04T04:21:33.232+0000] {dagbag.py:588} INFO - Filling up the DagBag from /home/airflow/.local/lib/python3.12/site-packages/airflow/example_dags/example_branch_python_dop_operator_3.py
[2024-11-04T04:21:33.238+0000] {processor.py:925} INFO - DAG(s) 'example_branch_dop_operator_v3' retrieved from /home/airflow/.local/lib/python3.12/site-packages/airflow/example_dags/example_branch_python_dop_operator_3.py
[2024-11-04T04:21:33.251+0000] {logging_mixin.py:190} INFO - [2024-11-04T04:21:33.251+0000] {dag.py:3239} INFO - Sync 1 DAGs
[2024-11-04T04:21:33.263+0000] {logging_mixin.py:190} INFO - [2024-11-04T04:21:33.263+0000] {dag.py:4180} INFO - Setting next_dagrun for example_branch_dop_operator_v3 to 2024-11-04 04:20:00+00:00, run_after=2024-11-04 04:21:00+00:00
[2024-11-04T04:21:33.276+0000] {processor.py:208} INFO - Processing /home/airflow/.local/lib/python3.12/site-packages/airflow/example_dags/example_branch_python_dop_operator_3.py took 0.049 seconds
[2024-11-04T04:22:03.816+0000] {processor.py:186} INFO - Started process (PID=765) to work on /home/airflow/.local/lib/python3.12/site-packages/airflow/example_dags/example_branch_python_dop_operator_3.py
[2024-11-04T04:22:03.818+0000] {processor.py:914} INFO - Processing file /home/airflow/.local/lib/python3.12/site-packages/airflow/example_dags/example_branch_python_dop_operator_3.py for tasks to queue
[2024-11-04T04:22:03.819+0000] {logging_mixin.py:190} INFO - [2024-11-04T04:22:03.819+0000] {dagbag.py:588} INFO - Filling up the DagBag from /home/airflow/.local/lib/python3.12/site-packages/airflow/example_dags/example_branch_python_dop_operator_3.py
[2024-11-04T04:22:03.825+0000] {processor.py:925} INFO - DAG(s) 'example_branch_dop_operator_v3' retrieved from /home/airflow/.local/lib/python3.12/site-packages/airflow/example_dags/example_branch_python_dop_operator_3.py
[2024-11-04T04:22:03.839+0000] {logging_mixin.py:190} INFO - [2024-11-04T04:22:03.839+0000] {dag.py:3239} INFO - Sync 1 DAGs
[2024-11-04T04:22:03.855+0000] {logging_mixin.py:190} INFO - [2024-11-04T04:22:03.855+0000] {dag.py:4180} INFO - Setting next_dagrun for example_branch_dop_operator_v3 to 2024-11-04 04:21:00+00:00, run_after=2024-11-04 04:22:00+00:00
[2024-11-04T04:22:03.865+0000] {processor.py:208} INFO - Processing /home/airflow/.local/lib/python3.12/site-packages/airflow/example_dags/example_branch_python_dop_operator_3.py took 0.053 seconds
