[2024-11-04T04:16:26.752+0000] {processor.py:186} INFO - Started process (PID=59) to work on /home/airflow/.local/lib/python3.12/site-packages/airflow/example_dags/example_latest_only.py
[2024-11-04T04:16:26.753+0000] {processor.py:914} INFO - Processing file /home/airflow/.local/lib/python3.12/site-packages/airflow/example_dags/example_latest_only.py for tasks to queue
[2024-11-04T04:16:26.754+0000] {logging_mixin.py:190} INFO - [2024-11-04T04:16:26.754+0000] {dagbag.py:588} INFO - Filling up the DagBag from /home/airflow/.local/lib/python3.12/site-packages/airflow/example_dags/example_latest_only.py
[2024-11-04T04:16:26.758+0000] {processor.py:925} INFO - DAG(s) 'latest_only' retrieved from /home/airflow/.local/lib/python3.12/site-packages/airflow/example_dags/example_latest_only.py
[2024-11-04T04:16:26.815+0000] {logging_mixin.py:190} INFO - [2024-11-04T04:16:26.815+0000] {override.py:1900} INFO - Created Permission View: can read on DAG:latest_only
[2024-11-04T04:16:26.822+0000] {logging_mixin.py:190} INFO - [2024-11-04T04:16:26.822+0000] {override.py:1900} INFO - Created Permission View: can delete on DAG:latest_only
[2024-11-04T04:16:26.825+0000] {logging_mixin.py:190} INFO - [2024-11-04T04:16:26.825+0000] {override.py:1900} INFO - Created Permission View: can edit on DAG:latest_only
[2024-11-04T04:16:26.832+0000] {logging_mixin.py:190} INFO - [2024-11-04T04:16:26.832+0000] {override.py:1900} INFO - Created Permission View: menu access on DAG Run:latest_only
[2024-11-04T04:16:26.835+0000] {logging_mixin.py:190} INFO - [2024-11-04T04:16:26.835+0000] {override.py:1900} INFO - Created Permission View: can read on DAG Run:latest_only
[2024-11-04T04:16:26.837+0000] {logging_mixin.py:190} INFO - [2024-11-04T04:16:26.837+0000] {override.py:1900} INFO - Created Permission View: can create on DAG Run:latest_only
[2024-11-04T04:16:26.840+0000] {logging_mixin.py:190} INFO - [2024-11-04T04:16:26.840+0000] {override.py:1900} INFO - Created Permission View: can delete on DAG Run:latest_only
[2024-11-04T04:16:26.840+0000] {logging_mixin.py:190} INFO - [2024-11-04T04:16:26.840+0000] {dag.py:3239} INFO - Sync 1 DAGs
[2024-11-04T04:16:26.846+0000] {logging_mixin.py:190} INFO - [2024-11-04T04:16:26.846+0000] {dag.py:3262} INFO - Creating ORM DAG for latest_only
[2024-11-04T04:16:26.851+0000] {logging_mixin.py:190} INFO - [2024-11-04T04:16:26.851+0000] {dag.py:4180} INFO - Setting next_dagrun for latest_only to 2024-11-04 00:00:00+00:00, run_after=2024-11-04 04:00:00+00:00
[2024-11-04T04:16:26.861+0000] {processor.py:208} INFO - Processing /home/airflow/.local/lib/python3.12/site-packages/airflow/example_dags/example_latest_only.py took 0.113 seconds
[2024-11-04T04:16:57.808+0000] {processor.py:186} INFO - Started process (PID=127) to work on /home/airflow/.local/lib/python3.12/site-packages/airflow/example_dags/example_latest_only.py
[2024-11-04T04:16:57.809+0000] {processor.py:914} INFO - Processing file /home/airflow/.local/lib/python3.12/site-packages/airflow/example_dags/example_latest_only.py for tasks to queue
[2024-11-04T04:16:57.811+0000] {logging_mixin.py:190} INFO - [2024-11-04T04:16:57.811+0000] {dagbag.py:588} INFO - Filling up the DagBag from /home/airflow/.local/lib/python3.12/site-packages/airflow/example_dags/example_latest_only.py
[2024-11-04T04:16:57.815+0000] {processor.py:925} INFO - DAG(s) 'latest_only' retrieved from /home/airflow/.local/lib/python3.12/site-packages/airflow/example_dags/example_latest_only.py
[2024-11-04T04:16:57.831+0000] {logging_mixin.py:190} INFO - [2024-11-04T04:16:57.831+0000] {dag.py:3239} INFO - Sync 1 DAGs
[2024-11-04T04:16:57.842+0000] {logging_mixin.py:190} INFO - [2024-11-04T04:16:57.842+0000] {dag.py:4180} INFO - Setting next_dagrun for latest_only to 2024-11-04 00:00:00+00:00, run_after=2024-11-04 04:00:00+00:00
[2024-11-04T04:16:57.852+0000] {processor.py:208} INFO - Processing /home/airflow/.local/lib/python3.12/site-packages/airflow/example_dags/example_latest_only.py took 0.047 seconds
[2024-11-04T04:17:28.443+0000] {processor.py:186} INFO - Started process (PID=189) to work on /home/airflow/.local/lib/python3.12/site-packages/airflow/example_dags/example_latest_only.py
[2024-11-04T04:17:28.444+0000] {processor.py:914} INFO - Processing file /home/airflow/.local/lib/python3.12/site-packages/airflow/example_dags/example_latest_only.py for tasks to queue
[2024-11-04T04:17:28.447+0000] {logging_mixin.py:190} INFO - [2024-11-04T04:17:28.446+0000] {dagbag.py:588} INFO - Filling up the DagBag from /home/airflow/.local/lib/python3.12/site-packages/airflow/example_dags/example_latest_only.py
[2024-11-04T04:17:28.451+0000] {processor.py:925} INFO - DAG(s) 'latest_only' retrieved from /home/airflow/.local/lib/python3.12/site-packages/airflow/example_dags/example_latest_only.py
[2024-11-04T04:17:28.467+0000] {logging_mixin.py:190} INFO - [2024-11-04T04:17:28.467+0000] {dag.py:3239} INFO - Sync 1 DAGs
[2024-11-04T04:17:28.479+0000] {logging_mixin.py:190} INFO - [2024-11-04T04:17:28.479+0000] {dag.py:4180} INFO - Setting next_dagrun for latest_only to 2024-11-04 00:00:00+00:00, run_after=2024-11-04 04:00:00+00:00
[2024-11-04T04:17:28.538+0000] {processor.py:208} INFO - Processing /home/airflow/.local/lib/python3.12/site-packages/airflow/example_dags/example_latest_only.py took 0.098 seconds
[2024-11-04T04:17:59.131+0000] {processor.py:186} INFO - Started process (PID=251) to work on /home/airflow/.local/lib/python3.12/site-packages/airflow/example_dags/example_latest_only.py
[2024-11-04T04:17:59.134+0000] {processor.py:914} INFO - Processing file /home/airflow/.local/lib/python3.12/site-packages/airflow/example_dags/example_latest_only.py for tasks to queue
[2024-11-04T04:17:59.137+0000] {logging_mixin.py:190} INFO - [2024-11-04T04:17:59.137+0000] {dagbag.py:588} INFO - Filling up the DagBag from /home/airflow/.local/lib/python3.12/site-packages/airflow/example_dags/example_latest_only.py
[2024-11-04T04:17:59.141+0000] {processor.py:925} INFO - DAG(s) 'latest_only' retrieved from /home/airflow/.local/lib/python3.12/site-packages/airflow/example_dags/example_latest_only.py
[2024-11-04T04:17:59.155+0000] {logging_mixin.py:190} INFO - [2024-11-04T04:17:59.155+0000] {dag.py:3239} INFO - Sync 1 DAGs
[2024-11-04T04:17:59.169+0000] {logging_mixin.py:190} INFO - [2024-11-04T04:17:59.169+0000] {dag.py:4180} INFO - Setting next_dagrun for latest_only to 2024-11-04 00:00:00+00:00, run_after=2024-11-04 04:00:00+00:00
[2024-11-04T04:17:59.180+0000] {processor.py:208} INFO - Processing /home/airflow/.local/lib/python3.12/site-packages/airflow/example_dags/example_latest_only.py took 0.052 seconds
[2024-11-04T04:18:29.684+0000] {processor.py:186} INFO - Started process (PID=313) to work on /home/airflow/.local/lib/python3.12/site-packages/airflow/example_dags/example_latest_only.py
[2024-11-04T04:18:29.685+0000] {processor.py:914} INFO - Processing file /home/airflow/.local/lib/python3.12/site-packages/airflow/example_dags/example_latest_only.py for tasks to queue
[2024-11-04T04:18:29.688+0000] {logging_mixin.py:190} INFO - [2024-11-04T04:18:29.687+0000] {dagbag.py:588} INFO - Filling up the DagBag from /home/airflow/.local/lib/python3.12/site-packages/airflow/example_dags/example_latest_only.py
[2024-11-04T04:18:29.692+0000] {processor.py:925} INFO - DAG(s) 'latest_only' retrieved from /home/airflow/.local/lib/python3.12/site-packages/airflow/example_dags/example_latest_only.py
[2024-11-04T04:18:29.705+0000] {logging_mixin.py:190} INFO - [2024-11-04T04:18:29.705+0000] {dag.py:3239} INFO - Sync 1 DAGs
[2024-11-04T04:18:29.721+0000] {logging_mixin.py:190} INFO - [2024-11-04T04:18:29.721+0000] {dag.py:4180} INFO - Setting next_dagrun for latest_only to 2024-11-04 00:00:00+00:00, run_after=2024-11-04 04:00:00+00:00
[2024-11-04T04:18:29.734+0000] {processor.py:208} INFO - Processing /home/airflow/.local/lib/python3.12/site-packages/airflow/example_dags/example_latest_only.py took 0.054 seconds
[2024-11-04T04:19:00.238+0000] {processor.py:186} INFO - Started process (PID=375) to work on /home/airflow/.local/lib/python3.12/site-packages/airflow/example_dags/example_latest_only.py
[2024-11-04T04:19:00.238+0000] {processor.py:914} INFO - Processing file /home/airflow/.local/lib/python3.12/site-packages/airflow/example_dags/example_latest_only.py for tasks to queue
[2024-11-04T04:19:00.241+0000] {logging_mixin.py:190} INFO - [2024-11-04T04:19:00.241+0000] {dagbag.py:588} INFO - Filling up the DagBag from /home/airflow/.local/lib/python3.12/site-packages/airflow/example_dags/example_latest_only.py
[2024-11-04T04:19:00.248+0000] {processor.py:925} INFO - DAG(s) 'latest_only' retrieved from /home/airflow/.local/lib/python3.12/site-packages/airflow/example_dags/example_latest_only.py
[2024-11-04T04:19:00.265+0000] {logging_mixin.py:190} INFO - [2024-11-04T04:19:00.264+0000] {dag.py:3239} INFO - Sync 1 DAGs
[2024-11-04T04:19:00.277+0000] {logging_mixin.py:190} INFO - [2024-11-04T04:19:00.277+0000] {dag.py:4180} INFO - Setting next_dagrun for latest_only to 2024-11-04 00:00:00+00:00, run_after=2024-11-04 04:00:00+00:00
[2024-11-04T04:19:00.290+0000] {processor.py:208} INFO - Processing /home/airflow/.local/lib/python3.12/site-packages/airflow/example_dags/example_latest_only.py took 0.055 seconds
[2024-11-04T04:19:30.745+0000] {processor.py:186} INFO - Started process (PID=437) to work on /home/airflow/.local/lib/python3.12/site-packages/airflow/example_dags/example_latest_only.py
[2024-11-04T04:19:30.747+0000] {processor.py:914} INFO - Processing file /home/airflow/.local/lib/python3.12/site-packages/airflow/example_dags/example_latest_only.py for tasks to queue
[2024-11-04T04:19:30.749+0000] {logging_mixin.py:190} INFO - [2024-11-04T04:19:30.749+0000] {dagbag.py:588} INFO - Filling up the DagBag from /home/airflow/.local/lib/python3.12/site-packages/airflow/example_dags/example_latest_only.py
[2024-11-04T04:19:30.756+0000] {processor.py:925} INFO - DAG(s) 'latest_only' retrieved from /home/airflow/.local/lib/python3.12/site-packages/airflow/example_dags/example_latest_only.py
[2024-11-04T04:19:30.768+0000] {logging_mixin.py:190} INFO - [2024-11-04T04:19:30.768+0000] {dag.py:3239} INFO - Sync 1 DAGs
[2024-11-04T04:19:30.788+0000] {logging_mixin.py:190} INFO - [2024-11-04T04:19:30.788+0000] {dag.py:4180} INFO - Setting next_dagrun for latest_only to 2024-11-04 00:00:00+00:00, run_after=2024-11-04 04:00:00+00:00
[2024-11-04T04:19:30.799+0000] {processor.py:208} INFO - Processing /home/airflow/.local/lib/python3.12/site-packages/airflow/example_dags/example_latest_only.py took 0.058 seconds
[2024-11-04T04:20:01.218+0000] {processor.py:186} INFO - Started process (PID=499) to work on /home/airflow/.local/lib/python3.12/site-packages/airflow/example_dags/example_latest_only.py
[2024-11-04T04:20:01.220+0000] {processor.py:914} INFO - Processing file /home/airflow/.local/lib/python3.12/site-packages/airflow/example_dags/example_latest_only.py for tasks to queue
[2024-11-04T04:20:01.222+0000] {logging_mixin.py:190} INFO - [2024-11-04T04:20:01.221+0000] {dagbag.py:588} INFO - Filling up the DagBag from /home/airflow/.local/lib/python3.12/site-packages/airflow/example_dags/example_latest_only.py
[2024-11-04T04:20:01.225+0000] {processor.py:925} INFO - DAG(s) 'latest_only' retrieved from /home/airflow/.local/lib/python3.12/site-packages/airflow/example_dags/example_latest_only.py
[2024-11-04T04:20:01.237+0000] {logging_mixin.py:190} INFO - [2024-11-04T04:20:01.237+0000] {dag.py:3239} INFO - Sync 1 DAGs
[2024-11-04T04:20:01.251+0000] {logging_mixin.py:190} INFO - [2024-11-04T04:20:01.250+0000] {dag.py:4180} INFO - Setting next_dagrun for latest_only to 2024-11-04 00:00:00+00:00, run_after=2024-11-04 04:00:00+00:00
[2024-11-04T04:20:01.263+0000] {processor.py:208} INFO - Processing /home/airflow/.local/lib/python3.12/site-packages/airflow/example_dags/example_latest_only.py took 0.048 seconds
[2024-11-04T04:20:31.634+0000] {processor.py:186} INFO - Started process (PID=561) to work on /home/airflow/.local/lib/python3.12/site-packages/airflow/example_dags/example_latest_only.py
[2024-11-04T04:20:31.637+0000] {processor.py:914} INFO - Processing file /home/airflow/.local/lib/python3.12/site-packages/airflow/example_dags/example_latest_only.py for tasks to queue
[2024-11-04T04:20:31.640+0000] {logging_mixin.py:190} INFO - [2024-11-04T04:20:31.640+0000] {dagbag.py:588} INFO - Filling up the DagBag from /home/airflow/.local/lib/python3.12/site-packages/airflow/example_dags/example_latest_only.py
[2024-11-04T04:20:31.645+0000] {processor.py:925} INFO - DAG(s) 'latest_only' retrieved from /home/airflow/.local/lib/python3.12/site-packages/airflow/example_dags/example_latest_only.py
[2024-11-04T04:20:31.656+0000] {logging_mixin.py:190} INFO - [2024-11-04T04:20:31.656+0000] {dag.py:3239} INFO - Sync 1 DAGs
[2024-11-04T04:20:31.667+0000] {logging_mixin.py:190} INFO - [2024-11-04T04:20:31.667+0000] {dag.py:4180} INFO - Setting next_dagrun for latest_only to 2024-11-04 00:00:00+00:00, run_after=2024-11-04 04:00:00+00:00
[2024-11-04T04:20:31.678+0000] {processor.py:208} INFO - Processing /home/airflow/.local/lib/python3.12/site-packages/airflow/example_dags/example_latest_only.py took 0.047 seconds
[2024-11-04T04:21:02.076+0000] {processor.py:186} INFO - Started process (PID=623) to work on /home/airflow/.local/lib/python3.12/site-packages/airflow/example_dags/example_latest_only.py
[2024-11-04T04:21:02.077+0000] {processor.py:914} INFO - Processing file /home/airflow/.local/lib/python3.12/site-packages/airflow/example_dags/example_latest_only.py for tasks to queue
[2024-11-04T04:21:02.078+0000] {logging_mixin.py:190} INFO - [2024-11-04T04:21:02.078+0000] {dagbag.py:588} INFO - Filling up the DagBag from /home/airflow/.local/lib/python3.12/site-packages/airflow/example_dags/example_latest_only.py
[2024-11-04T04:21:02.082+0000] {processor.py:925} INFO - DAG(s) 'latest_only' retrieved from /home/airflow/.local/lib/python3.12/site-packages/airflow/example_dags/example_latest_only.py
[2024-11-04T04:21:02.095+0000] {logging_mixin.py:190} INFO - [2024-11-04T04:21:02.094+0000] {dag.py:3239} INFO - Sync 1 DAGs
[2024-11-04T04:21:02.105+0000] {logging_mixin.py:190} INFO - [2024-11-04T04:21:02.105+0000] {dag.py:4180} INFO - Setting next_dagrun for latest_only to 2024-11-04 00:00:00+00:00, run_after=2024-11-04 04:00:00+00:00
[2024-11-04T04:21:02.120+0000] {processor.py:208} INFO - Processing /home/airflow/.local/lib/python3.12/site-packages/airflow/example_dags/example_latest_only.py took 0.048 seconds
[2024-11-04T04:21:32.589+0000] {processor.py:186} INFO - Started process (PID=685) to work on /home/airflow/.local/lib/python3.12/site-packages/airflow/example_dags/example_latest_only.py
[2024-11-04T04:21:32.590+0000] {processor.py:914} INFO - Processing file /home/airflow/.local/lib/python3.12/site-packages/airflow/example_dags/example_latest_only.py for tasks to queue
[2024-11-04T04:21:32.592+0000] {logging_mixin.py:190} INFO - [2024-11-04T04:21:32.591+0000] {dagbag.py:588} INFO - Filling up the DagBag from /home/airflow/.local/lib/python3.12/site-packages/airflow/example_dags/example_latest_only.py
[2024-11-04T04:21:32.596+0000] {processor.py:925} INFO - DAG(s) 'latest_only' retrieved from /home/airflow/.local/lib/python3.12/site-packages/airflow/example_dags/example_latest_only.py
[2024-11-04T04:21:32.607+0000] {logging_mixin.py:190} INFO - [2024-11-04T04:21:32.607+0000] {dag.py:3239} INFO - Sync 1 DAGs
[2024-11-04T04:21:32.617+0000] {logging_mixin.py:190} INFO - [2024-11-04T04:21:32.617+0000] {dag.py:4180} INFO - Setting next_dagrun for latest_only to 2024-11-04 00:00:00+00:00, run_after=2024-11-04 04:00:00+00:00
[2024-11-04T04:21:32.626+0000] {processor.py:208} INFO - Processing /home/airflow/.local/lib/python3.12/site-packages/airflow/example_dags/example_latest_only.py took 0.040 seconds
[2024-11-04T04:22:03.013+0000] {processor.py:186} INFO - Started process (PID=747) to work on /home/airflow/.local/lib/python3.12/site-packages/airflow/example_dags/example_latest_only.py
[2024-11-04T04:22:03.014+0000] {processor.py:914} INFO - Processing file /home/airflow/.local/lib/python3.12/site-packages/airflow/example_dags/example_latest_only.py for tasks to queue
[2024-11-04T04:22:03.015+0000] {logging_mixin.py:190} INFO - [2024-11-04T04:22:03.015+0000] {dagbag.py:588} INFO - Filling up the DagBag from /home/airflow/.local/lib/python3.12/site-packages/airflow/example_dags/example_latest_only.py
[2024-11-04T04:22:03.020+0000] {processor.py:925} INFO - DAG(s) 'latest_only' retrieved from /home/airflow/.local/lib/python3.12/site-packages/airflow/example_dags/example_latest_only.py
[2024-11-04T04:22:03.041+0000] {logging_mixin.py:190} INFO - [2024-11-04T04:22:03.041+0000] {dag.py:3239} INFO - Sync 1 DAGs
[2024-11-04T04:22:03.058+0000] {logging_mixin.py:190} INFO - [2024-11-04T04:22:03.058+0000] {dag.py:4180} INFO - Setting next_dagrun for latest_only to 2024-11-04 00:00:00+00:00, run_after=2024-11-04 04:00:00+00:00
[2024-11-04T04:22:03.072+0000] {processor.py:208} INFO - Processing /home/airflow/.local/lib/python3.12/site-packages/airflow/example_dags/example_latest_only.py took 0.062 seconds
