[2024-11-04T04:16:27.092+0000] {processor.py:186} INFO - Started process (PID=70) to work on /home/airflow/.local/lib/python3.12/site-packages/airflow/example_dags/example_short_circuit_decorator.py
[2024-11-04T04:16:27.093+0000] {processor.py:914} INFO - Processing file /home/airflow/.local/lib/python3.12/site-packages/airflow/example_dags/example_short_circuit_decorator.py for tasks to queue
[2024-11-04T04:16:27.096+0000] {logging_mixin.py:190} INFO - [2024-11-04T04:16:27.095+0000] {dagbag.py:588} INFO - Filling up the DagBag from /home/airflow/.local/lib/python3.12/site-packages/airflow/example_dags/example_short_circuit_decorator.py
[2024-11-04T04:16:27.103+0000] {processor.py:925} INFO - DAG(s) 'example_short_circuit_decorator' retrieved from /home/airflow/.local/lib/python3.12/site-packages/airflow/example_dags/example_short_circuit_decorator.py
[2024-11-04T04:16:27.260+0000] {logging_mixin.py:190} INFO - [2024-11-04T04:16:27.260+0000] {override.py:1900} INFO - Created Permission View: can read on DAG:example_short_circuit_decorator
[2024-11-04T04:16:27.267+0000] {logging_mixin.py:190} INFO - [2024-11-04T04:16:27.267+0000] {override.py:1900} INFO - Created Permission View: can delete on DAG:example_short_circuit_decorator
[2024-11-04T04:16:27.270+0000] {logging_mixin.py:190} INFO - [2024-11-04T04:16:27.270+0000] {override.py:1900} INFO - Created Permission View: can edit on DAG:example_short_circuit_decorator
[2024-11-04T04:16:27.279+0000] {logging_mixin.py:190} INFO - [2024-11-04T04:16:27.279+0000] {override.py:1900} INFO - Created Permission View: menu access on DAG Run:example_short_circuit_decorator
[2024-11-04T04:16:27.284+0000] {logging_mixin.py:190} INFO - [2024-11-04T04:16:27.284+0000] {override.py:1900} INFO - Created Permission View: can read on DAG Run:example_short_circuit_decorator
[2024-11-04T04:16:27.288+0000] {logging_mixin.py:190} INFO - [2024-11-04T04:16:27.288+0000] {override.py:1900} INFO - Created Permission View: can create on DAG Run:example_short_circuit_decorator
[2024-11-04T04:16:27.292+0000] {logging_mixin.py:190} INFO - [2024-11-04T04:16:27.292+0000] {override.py:1900} INFO - Created Permission View: can delete on DAG Run:example_short_circuit_decorator
[2024-11-04T04:16:27.292+0000] {logging_mixin.py:190} INFO - [2024-11-04T04:16:27.292+0000] {dag.py:3239} INFO - Sync 1 DAGs
[2024-11-04T04:16:27.299+0000] {logging_mixin.py:190} INFO - [2024-11-04T04:16:27.299+0000] {dag.py:3262} INFO - Creating ORM DAG for example_short_circuit_decorator
[2024-11-04T04:16:27.299+0000] {logging_mixin.py:190} INFO - [2024-11-04T04:16:27.299+0000] {dag.py:4180} INFO - Setting next_dagrun for example_short_circuit_decorator to None, run_after=None
[2024-11-04T04:16:27.309+0000] {processor.py:208} INFO - Processing /home/airflow/.local/lib/python3.12/site-packages/airflow/example_dags/example_short_circuit_decorator.py took 0.221 seconds
[2024-11-04T04:16:58.009+0000] {processor.py:186} INFO - Started process (PID=132) to work on /home/airflow/.local/lib/python3.12/site-packages/airflow/example_dags/example_short_circuit_decorator.py
[2024-11-04T04:16:58.010+0000] {processor.py:914} INFO - Processing file /home/airflow/.local/lib/python3.12/site-packages/airflow/example_dags/example_short_circuit_decorator.py for tasks to queue
[2024-11-04T04:16:58.011+0000] {logging_mixin.py:190} INFO - [2024-11-04T04:16:58.011+0000] {dagbag.py:588} INFO - Filling up the DagBag from /home/airflow/.local/lib/python3.12/site-packages/airflow/example_dags/example_short_circuit_decorator.py
[2024-11-04T04:16:58.016+0000] {processor.py:925} INFO - DAG(s) 'example_short_circuit_decorator' retrieved from /home/airflow/.local/lib/python3.12/site-packages/airflow/example_dags/example_short_circuit_decorator.py
[2024-11-04T04:16:58.033+0000] {logging_mixin.py:190} INFO - [2024-11-04T04:16:58.033+0000] {dag.py:3239} INFO - Sync 1 DAGs
[2024-11-04T04:16:58.042+0000] {logging_mixin.py:190} INFO - [2024-11-04T04:16:58.041+0000] {dag.py:4180} INFO - Setting next_dagrun for example_short_circuit_decorator to None, run_after=None
[2024-11-04T04:16:58.056+0000] {processor.py:208} INFO - Processing /home/airflow/.local/lib/python3.12/site-packages/airflow/example_dags/example_short_circuit_decorator.py took 0.051 seconds
[2024-11-04T04:17:28.724+0000] {processor.py:186} INFO - Started process (PID=194) to work on /home/airflow/.local/lib/python3.12/site-packages/airflow/example_dags/example_short_circuit_decorator.py
[2024-11-04T04:17:28.728+0000] {processor.py:914} INFO - Processing file /home/airflow/.local/lib/python3.12/site-packages/airflow/example_dags/example_short_circuit_decorator.py for tasks to queue
[2024-11-04T04:17:28.732+0000] {logging_mixin.py:190} INFO - [2024-11-04T04:17:28.732+0000] {dagbag.py:588} INFO - Filling up the DagBag from /home/airflow/.local/lib/python3.12/site-packages/airflow/example_dags/example_short_circuit_decorator.py
[2024-11-04T04:17:28.739+0000] {processor.py:925} INFO - DAG(s) 'example_short_circuit_decorator' retrieved from /home/airflow/.local/lib/python3.12/site-packages/airflow/example_dags/example_short_circuit_decorator.py
[2024-11-04T04:17:28.761+0000] {logging_mixin.py:190} INFO - [2024-11-04T04:17:28.760+0000] {dag.py:3239} INFO - Sync 1 DAGs
[2024-11-04T04:17:28.777+0000] {logging_mixin.py:190} INFO - [2024-11-04T04:17:28.776+0000] {dag.py:4180} INFO - Setting next_dagrun for example_short_circuit_decorator to None, run_after=None
[2024-11-04T04:17:28.792+0000] {processor.py:208} INFO - Processing /home/airflow/.local/lib/python3.12/site-packages/airflow/example_dags/example_short_circuit_decorator.py took 0.071 seconds
[2024-11-04T04:17:59.307+0000] {processor.py:186} INFO - Started process (PID=256) to work on /home/airflow/.local/lib/python3.12/site-packages/airflow/example_dags/example_short_circuit_decorator.py
[2024-11-04T04:17:59.308+0000] {processor.py:914} INFO - Processing file /home/airflow/.local/lib/python3.12/site-packages/airflow/example_dags/example_short_circuit_decorator.py for tasks to queue
[2024-11-04T04:17:59.309+0000] {logging_mixin.py:190} INFO - [2024-11-04T04:17:59.309+0000] {dagbag.py:588} INFO - Filling up the DagBag from /home/airflow/.local/lib/python3.12/site-packages/airflow/example_dags/example_short_circuit_decorator.py
[2024-11-04T04:17:59.314+0000] {processor.py:925} INFO - DAG(s) 'example_short_circuit_decorator' retrieved from /home/airflow/.local/lib/python3.12/site-packages/airflow/example_dags/example_short_circuit_decorator.py
[2024-11-04T04:17:59.328+0000] {logging_mixin.py:190} INFO - [2024-11-04T04:17:59.328+0000] {dag.py:3239} INFO - Sync 1 DAGs
[2024-11-04T04:17:59.335+0000] {logging_mixin.py:190} INFO - [2024-11-04T04:17:59.335+0000] {dag.py:4180} INFO - Setting next_dagrun for example_short_circuit_decorator to None, run_after=None
[2024-11-04T04:17:59.352+0000] {processor.py:208} INFO - Processing /home/airflow/.local/lib/python3.12/site-packages/airflow/example_dags/example_short_circuit_decorator.py took 0.048 seconds
[2024-11-04T04:18:29.874+0000] {processor.py:186} INFO - Started process (PID=318) to work on /home/airflow/.local/lib/python3.12/site-packages/airflow/example_dags/example_short_circuit_decorator.py
[2024-11-04T04:18:29.874+0000] {processor.py:914} INFO - Processing file /home/airflow/.local/lib/python3.12/site-packages/airflow/example_dags/example_short_circuit_decorator.py for tasks to queue
[2024-11-04T04:18:29.876+0000] {logging_mixin.py:190} INFO - [2024-11-04T04:18:29.876+0000] {dagbag.py:588} INFO - Filling up the DagBag from /home/airflow/.local/lib/python3.12/site-packages/airflow/example_dags/example_short_circuit_decorator.py
[2024-11-04T04:18:29.882+0000] {processor.py:925} INFO - DAG(s) 'example_short_circuit_decorator' retrieved from /home/airflow/.local/lib/python3.12/site-packages/airflow/example_dags/example_short_circuit_decorator.py
[2024-11-04T04:18:29.897+0000] {logging_mixin.py:190} INFO - [2024-11-04T04:18:29.897+0000] {dag.py:3239} INFO - Sync 1 DAGs
[2024-11-04T04:18:29.905+0000] {logging_mixin.py:190} INFO - [2024-11-04T04:18:29.905+0000] {dag.py:4180} INFO - Setting next_dagrun for example_short_circuit_decorator to None, run_after=None
[2024-11-04T04:18:29.917+0000] {processor.py:208} INFO - Processing /home/airflow/.local/lib/python3.12/site-packages/airflow/example_dags/example_short_circuit_decorator.py took 0.047 seconds
[2024-11-04T04:19:00.477+0000] {processor.py:186} INFO - Started process (PID=380) to work on /home/airflow/.local/lib/python3.12/site-packages/airflow/example_dags/example_short_circuit_decorator.py
[2024-11-04T04:19:00.478+0000] {processor.py:914} INFO - Processing file /home/airflow/.local/lib/python3.12/site-packages/airflow/example_dags/example_short_circuit_decorator.py for tasks to queue
[2024-11-04T04:19:00.480+0000] {logging_mixin.py:190} INFO - [2024-11-04T04:19:00.479+0000] {dagbag.py:588} INFO - Filling up the DagBag from /home/airflow/.local/lib/python3.12/site-packages/airflow/example_dags/example_short_circuit_decorator.py
[2024-11-04T04:19:00.485+0000] {processor.py:925} INFO - DAG(s) 'example_short_circuit_decorator' retrieved from /home/airflow/.local/lib/python3.12/site-packages/airflow/example_dags/example_short_circuit_decorator.py
[2024-11-04T04:19:00.499+0000] {logging_mixin.py:190} INFO - [2024-11-04T04:19:00.499+0000] {dag.py:3239} INFO - Sync 1 DAGs
[2024-11-04T04:19:00.507+0000] {logging_mixin.py:190} INFO - [2024-11-04T04:19:00.507+0000] {dag.py:4180} INFO - Setting next_dagrun for example_short_circuit_decorator to None, run_after=None
[2024-11-04T04:19:00.516+0000] {processor.py:208} INFO - Processing /home/airflow/.local/lib/python3.12/site-packages/airflow/example_dags/example_short_circuit_decorator.py took 0.042 seconds
[2024-11-04T04:19:30.932+0000] {processor.py:186} INFO - Started process (PID=442) to work on /home/airflow/.local/lib/python3.12/site-packages/airflow/example_dags/example_short_circuit_decorator.py
[2024-11-04T04:19:30.933+0000] {processor.py:914} INFO - Processing file /home/airflow/.local/lib/python3.12/site-packages/airflow/example_dags/example_short_circuit_decorator.py for tasks to queue
[2024-11-04T04:19:30.934+0000] {logging_mixin.py:190} INFO - [2024-11-04T04:19:30.934+0000] {dagbag.py:588} INFO - Filling up the DagBag from /home/airflow/.local/lib/python3.12/site-packages/airflow/example_dags/example_short_circuit_decorator.py
[2024-11-04T04:19:30.939+0000] {processor.py:925} INFO - DAG(s) 'example_short_circuit_decorator' retrieved from /home/airflow/.local/lib/python3.12/site-packages/airflow/example_dags/example_short_circuit_decorator.py
[2024-11-04T04:19:30.955+0000] {logging_mixin.py:190} INFO - [2024-11-04T04:19:30.955+0000] {dag.py:3239} INFO - Sync 1 DAGs
[2024-11-04T04:19:30.963+0000] {logging_mixin.py:190} INFO - [2024-11-04T04:19:30.963+0000] {dag.py:4180} INFO - Setting next_dagrun for example_short_circuit_decorator to None, run_after=None
[2024-11-04T04:19:30.972+0000] {processor.py:208} INFO - Processing /home/airflow/.local/lib/python3.12/site-packages/airflow/example_dags/example_short_circuit_decorator.py took 0.043 seconds
[2024-11-04T04:20:01.454+0000] {processor.py:186} INFO - Started process (PID=504) to work on /home/airflow/.local/lib/python3.12/site-packages/airflow/example_dags/example_short_circuit_decorator.py
[2024-11-04T04:20:01.455+0000] {processor.py:914} INFO - Processing file /home/airflow/.local/lib/python3.12/site-packages/airflow/example_dags/example_short_circuit_decorator.py for tasks to queue
[2024-11-04T04:20:01.458+0000] {logging_mixin.py:190} INFO - [2024-11-04T04:20:01.458+0000] {dagbag.py:588} INFO - Filling up the DagBag from /home/airflow/.local/lib/python3.12/site-packages/airflow/example_dags/example_short_circuit_decorator.py
[2024-11-04T04:20:01.464+0000] {processor.py:925} INFO - DAG(s) 'example_short_circuit_decorator' retrieved from /home/airflow/.local/lib/python3.12/site-packages/airflow/example_dags/example_short_circuit_decorator.py
[2024-11-04T04:20:01.478+0000] {logging_mixin.py:190} INFO - [2024-11-04T04:20:01.478+0000] {dag.py:3239} INFO - Sync 1 DAGs
[2024-11-04T04:20:01.486+0000] {logging_mixin.py:190} INFO - [2024-11-04T04:20:01.486+0000] {dag.py:4180} INFO - Setting next_dagrun for example_short_circuit_decorator to None, run_after=None
[2024-11-04T04:20:01.497+0000] {processor.py:208} INFO - Processing /home/airflow/.local/lib/python3.12/site-packages/airflow/example_dags/example_short_circuit_decorator.py took 0.046 seconds
[2024-11-04T04:20:31.795+0000] {processor.py:186} INFO - Started process (PID=566) to work on /home/airflow/.local/lib/python3.12/site-packages/airflow/example_dags/example_short_circuit_decorator.py
[2024-11-04T04:20:31.796+0000] {processor.py:914} INFO - Processing file /home/airflow/.local/lib/python3.12/site-packages/airflow/example_dags/example_short_circuit_decorator.py for tasks to queue
[2024-11-04T04:20:31.798+0000] {logging_mixin.py:190} INFO - [2024-11-04T04:20:31.798+0000] {dagbag.py:588} INFO - Filling up the DagBag from /home/airflow/.local/lib/python3.12/site-packages/airflow/example_dags/example_short_circuit_decorator.py
[2024-11-04T04:20:31.803+0000] {processor.py:925} INFO - DAG(s) 'example_short_circuit_decorator' retrieved from /home/airflow/.local/lib/python3.12/site-packages/airflow/example_dags/example_short_circuit_decorator.py
[2024-11-04T04:20:31.815+0000] {logging_mixin.py:190} INFO - [2024-11-04T04:20:31.815+0000] {dag.py:3239} INFO - Sync 1 DAGs
[2024-11-04T04:20:31.825+0000] {logging_mixin.py:190} INFO - [2024-11-04T04:20:31.825+0000] {dag.py:4180} INFO - Setting next_dagrun for example_short_circuit_decorator to None, run_after=None
[2024-11-04T04:20:31.840+0000] {processor.py:208} INFO - Processing /home/airflow/.local/lib/python3.12/site-packages/airflow/example_dags/example_short_circuit_decorator.py took 0.048 seconds
[2024-11-04T04:21:02.208+0000] {processor.py:186} INFO - Started process (PID=628) to work on /home/airflow/.local/lib/python3.12/site-packages/airflow/example_dags/example_short_circuit_decorator.py
[2024-11-04T04:21:02.209+0000] {processor.py:914} INFO - Processing file /home/airflow/.local/lib/python3.12/site-packages/airflow/example_dags/example_short_circuit_decorator.py for tasks to queue
[2024-11-04T04:21:02.211+0000] {logging_mixin.py:190} INFO - [2024-11-04T04:21:02.211+0000] {dagbag.py:588} INFO - Filling up the DagBag from /home/airflow/.local/lib/python3.12/site-packages/airflow/example_dags/example_short_circuit_decorator.py
[2024-11-04T04:21:02.216+0000] {processor.py:925} INFO - DAG(s) 'example_short_circuit_decorator' retrieved from /home/airflow/.local/lib/python3.12/site-packages/airflow/example_dags/example_short_circuit_decorator.py
[2024-11-04T04:21:02.229+0000] {logging_mixin.py:190} INFO - [2024-11-04T04:21:02.229+0000] {dag.py:3239} INFO - Sync 1 DAGs
[2024-11-04T04:21:02.237+0000] {logging_mixin.py:190} INFO - [2024-11-04T04:21:02.237+0000] {dag.py:4180} INFO - Setting next_dagrun for example_short_circuit_decorator to None, run_after=None
[2024-11-04T04:21:02.248+0000] {processor.py:208} INFO - Processing /home/airflow/.local/lib/python3.12/site-packages/airflow/example_dags/example_short_circuit_decorator.py took 0.044 seconds
[2024-11-04T04:21:32.740+0000] {processor.py:186} INFO - Started process (PID=690) to work on /home/airflow/.local/lib/python3.12/site-packages/airflow/example_dags/example_short_circuit_decorator.py
[2024-11-04T04:21:32.743+0000] {processor.py:914} INFO - Processing file /home/airflow/.local/lib/python3.12/site-packages/airflow/example_dags/example_short_circuit_decorator.py for tasks to queue
[2024-11-04T04:21:32.744+0000] {logging_mixin.py:190} INFO - [2024-11-04T04:21:32.744+0000] {dagbag.py:588} INFO - Filling up the DagBag from /home/airflow/.local/lib/python3.12/site-packages/airflow/example_dags/example_short_circuit_decorator.py
[2024-11-04T04:21:32.749+0000] {processor.py:925} INFO - DAG(s) 'example_short_circuit_decorator' retrieved from /home/airflow/.local/lib/python3.12/site-packages/airflow/example_dags/example_short_circuit_decorator.py
[2024-11-04T04:21:32.761+0000] {logging_mixin.py:190} INFO - [2024-11-04T04:21:32.761+0000] {dag.py:3239} INFO - Sync 1 DAGs
[2024-11-04T04:21:32.768+0000] {logging_mixin.py:190} INFO - [2024-11-04T04:21:32.768+0000] {dag.py:4180} INFO - Setting next_dagrun for example_short_circuit_decorator to None, run_after=None
[2024-11-04T04:21:32.776+0000] {processor.py:208} INFO - Processing /home/airflow/.local/lib/python3.12/site-packages/airflow/example_dags/example_short_circuit_decorator.py took 0.039 seconds
[2024-11-04T04:22:03.175+0000] {processor.py:186} INFO - Started process (PID=752) to work on /home/airflow/.local/lib/python3.12/site-packages/airflow/example_dags/example_short_circuit_decorator.py
[2024-11-04T04:22:03.180+0000] {processor.py:914} INFO - Processing file /home/airflow/.local/lib/python3.12/site-packages/airflow/example_dags/example_short_circuit_decorator.py for tasks to queue
[2024-11-04T04:22:03.184+0000] {logging_mixin.py:190} INFO - [2024-11-04T04:22:03.184+0000] {dagbag.py:588} INFO - Filling up the DagBag from /home/airflow/.local/lib/python3.12/site-packages/airflow/example_dags/example_short_circuit_decorator.py
[2024-11-04T04:22:03.191+0000] {processor.py:925} INFO - DAG(s) 'example_short_circuit_decorator' retrieved from /home/airflow/.local/lib/python3.12/site-packages/airflow/example_dags/example_short_circuit_decorator.py
[2024-11-04T04:22:03.203+0000] {logging_mixin.py:190} INFO - [2024-11-04T04:22:03.203+0000] {dag.py:3239} INFO - Sync 1 DAGs
[2024-11-04T04:22:03.213+0000] {logging_mixin.py:190} INFO - [2024-11-04T04:22:03.213+0000] {dag.py:4180} INFO - Setting next_dagrun for example_short_circuit_decorator to None, run_after=None
[2024-11-04T04:22:03.226+0000] {processor.py:208} INFO - Processing /home/airflow/.local/lib/python3.12/site-packages/airflow/example_dags/example_short_circuit_decorator.py took 0.053 seconds
