[2024-11-04T04:16:28.524+0000] {processor.py:186} INFO - Started process (PID=86) to work on /home/airflow/.local/lib/python3.12/site-packages/airflow/example_dags/example_python_decorator.py
[2024-11-04T04:16:28.526+0000] {processor.py:914} INFO - Processing file /home/airflow/.local/lib/python3.12/site-packages/airflow/example_dags/example_python_decorator.py for tasks to queue
[2024-11-04T04:16:28.528+0000] {logging_mixin.py:190} INFO - [2024-11-04T04:16:28.528+0000] {dagbag.py:588} INFO - Filling up the DagBag from /home/airflow/.local/lib/python3.12/site-packages/airflow/example_dags/example_python_decorator.py
[2024-11-04T04:16:28.536+0000] {processor.py:925} INFO - DAG(s) 'example_python_decorator' retrieved from /home/airflow/.local/lib/python3.12/site-packages/airflow/example_dags/example_python_decorator.py
[2024-11-04T04:16:28.591+0000] {logging_mixin.py:190} INFO - [2024-11-04T04:16:28.591+0000] {override.py:1900} INFO - Created Permission View: can read on DAG:example_python_decorator
[2024-11-04T04:16:28.596+0000] {logging_mixin.py:190} INFO - [2024-11-04T04:16:28.596+0000] {override.py:1900} INFO - Created Permission View: can delete on DAG:example_python_decorator
[2024-11-04T04:16:28.599+0000] {logging_mixin.py:190} INFO - [2024-11-04T04:16:28.599+0000] {override.py:1900} INFO - Created Permission View: can edit on DAG:example_python_decorator
[2024-11-04T04:16:28.604+0000] {logging_mixin.py:190} INFO - [2024-11-04T04:16:28.604+0000] {override.py:1900} INFO - Created Permission View: menu access on DAG Run:example_python_decorator
[2024-11-04T04:16:28.607+0000] {logging_mixin.py:190} INFO - [2024-11-04T04:16:28.607+0000] {override.py:1900} INFO - Created Permission View: can read on DAG Run:example_python_decorator
[2024-11-04T04:16:28.610+0000] {logging_mixin.py:190} INFO - [2024-11-04T04:16:28.610+0000] {override.py:1900} INFO - Created Permission View: can create on DAG Run:example_python_decorator
[2024-11-04T04:16:28.617+0000] {logging_mixin.py:190} INFO - [2024-11-04T04:16:28.616+0000] {override.py:1900} INFO - Created Permission View: can delete on DAG Run:example_python_decorator
[2024-11-04T04:16:28.617+0000] {logging_mixin.py:190} INFO - [2024-11-04T04:16:28.617+0000] {dag.py:3239} INFO - Sync 1 DAGs
[2024-11-04T04:16:28.625+0000] {logging_mixin.py:190} INFO - [2024-11-04T04:16:28.625+0000] {dag.py:3262} INFO - Creating ORM DAG for example_python_decorator
[2024-11-04T04:16:28.626+0000] {logging_mixin.py:190} INFO - [2024-11-04T04:16:28.626+0000] {dag.py:4180} INFO - Setting next_dagrun for example_python_decorator to None, run_after=None
[2024-11-04T04:16:28.636+0000] {processor.py:208} INFO - Processing /home/airflow/.local/lib/python3.12/site-packages/airflow/example_dags/example_python_decorator.py took 0.115 seconds
[2024-11-04T04:16:58.662+0000] {processor.py:186} INFO - Started process (PID=148) to work on /home/airflow/.local/lib/python3.12/site-packages/airflow/example_dags/example_python_decorator.py
[2024-11-04T04:16:58.662+0000] {processor.py:914} INFO - Processing file /home/airflow/.local/lib/python3.12/site-packages/airflow/example_dags/example_python_decorator.py for tasks to queue
[2024-11-04T04:16:58.664+0000] {logging_mixin.py:190} INFO - [2024-11-04T04:16:58.664+0000] {dagbag.py:588} INFO - Filling up the DagBag from /home/airflow/.local/lib/python3.12/site-packages/airflow/example_dags/example_python_decorator.py
[2024-11-04T04:16:58.675+0000] {processor.py:925} INFO - DAG(s) 'example_python_decorator' retrieved from /home/airflow/.local/lib/python3.12/site-packages/airflow/example_dags/example_python_decorator.py
[2024-11-04T04:16:58.695+0000] {logging_mixin.py:190} INFO - [2024-11-04T04:16:58.695+0000] {dag.py:3239} INFO - Sync 1 DAGs
[2024-11-04T04:16:58.703+0000] {logging_mixin.py:190} INFO - [2024-11-04T04:16:58.703+0000] {dag.py:4180} INFO - Setting next_dagrun for example_python_decorator to None, run_after=None
[2024-11-04T04:16:58.716+0000] {processor.py:208} INFO - Processing /home/airflow/.local/lib/python3.12/site-packages/airflow/example_dags/example_python_decorator.py took 0.057 seconds
[2024-11-04T04:17:29.500+0000] {processor.py:186} INFO - Started process (PID=210) to work on /home/airflow/.local/lib/python3.12/site-packages/airflow/example_dags/example_python_decorator.py
[2024-11-04T04:17:29.502+0000] {processor.py:914} INFO - Processing file /home/airflow/.local/lib/python3.12/site-packages/airflow/example_dags/example_python_decorator.py for tasks to queue
[2024-11-04T04:17:29.503+0000] {logging_mixin.py:190} INFO - [2024-11-04T04:17:29.503+0000] {dagbag.py:588} INFO - Filling up the DagBag from /home/airflow/.local/lib/python3.12/site-packages/airflow/example_dags/example_python_decorator.py
[2024-11-04T04:17:29.512+0000] {processor.py:925} INFO - DAG(s) 'example_python_decorator' retrieved from /home/airflow/.local/lib/python3.12/site-packages/airflow/example_dags/example_python_decorator.py
[2024-11-04T04:17:29.525+0000] {logging_mixin.py:190} INFO - [2024-11-04T04:17:29.524+0000] {dag.py:3239} INFO - Sync 1 DAGs
[2024-11-04T04:17:29.532+0000] {logging_mixin.py:190} INFO - [2024-11-04T04:17:29.532+0000] {dag.py:4180} INFO - Setting next_dagrun for example_python_decorator to None, run_after=None
[2024-11-04T04:17:29.542+0000] {processor.py:208} INFO - Processing /home/airflow/.local/lib/python3.12/site-packages/airflow/example_dags/example_python_decorator.py took 0.045 seconds
[2024-11-04T04:17:59.963+0000] {processor.py:186} INFO - Started process (PID=272) to work on /home/airflow/.local/lib/python3.12/site-packages/airflow/example_dags/example_python_decorator.py
[2024-11-04T04:17:59.964+0000] {processor.py:914} INFO - Processing file /home/airflow/.local/lib/python3.12/site-packages/airflow/example_dags/example_python_decorator.py for tasks to queue
[2024-11-04T04:17:59.966+0000] {logging_mixin.py:190} INFO - [2024-11-04T04:17:59.965+0000] {dagbag.py:588} INFO - Filling up the DagBag from /home/airflow/.local/lib/python3.12/site-packages/airflow/example_dags/example_python_decorator.py
[2024-11-04T04:17:59.972+0000] {processor.py:925} INFO - DAG(s) 'example_python_decorator' retrieved from /home/airflow/.local/lib/python3.12/site-packages/airflow/example_dags/example_python_decorator.py
[2024-11-04T04:17:59.983+0000] {logging_mixin.py:190} INFO - [2024-11-04T04:17:59.983+0000] {dag.py:3239} INFO - Sync 1 DAGs
[2024-11-04T04:17:59.990+0000] {logging_mixin.py:190} INFO - [2024-11-04T04:17:59.990+0000] {dag.py:4180} INFO - Setting next_dagrun for example_python_decorator to None, run_after=None
[2024-11-04T04:17:59.999+0000] {processor.py:208} INFO - Processing /home/airflow/.local/lib/python3.12/site-packages/airflow/example_dags/example_python_decorator.py took 0.039 seconds
[2024-11-04T04:18:30.746+0000] {processor.py:186} INFO - Started process (PID=334) to work on /home/airflow/.local/lib/python3.12/site-packages/airflow/example_dags/example_python_decorator.py
[2024-11-04T04:18:30.747+0000] {processor.py:914} INFO - Processing file /home/airflow/.local/lib/python3.12/site-packages/airflow/example_dags/example_python_decorator.py for tasks to queue
[2024-11-04T04:18:30.754+0000] {logging_mixin.py:190} INFO - [2024-11-04T04:18:30.753+0000] {dagbag.py:588} INFO - Filling up the DagBag from /home/airflow/.local/lib/python3.12/site-packages/airflow/example_dags/example_python_decorator.py
[2024-11-04T04:18:30.762+0000] {processor.py:925} INFO - DAG(s) 'example_python_decorator' retrieved from /home/airflow/.local/lib/python3.12/site-packages/airflow/example_dags/example_python_decorator.py
[2024-11-04T04:18:30.779+0000] {logging_mixin.py:190} INFO - [2024-11-04T04:18:30.779+0000] {dag.py:3239} INFO - Sync 1 DAGs
[2024-11-04T04:18:30.788+0000] {logging_mixin.py:190} INFO - [2024-11-04T04:18:30.788+0000] {dag.py:4180} INFO - Setting next_dagrun for example_python_decorator to None, run_after=None
[2024-11-04T04:18:30.798+0000] {processor.py:208} INFO - Processing /home/airflow/.local/lib/python3.12/site-packages/airflow/example_dags/example_python_decorator.py took 0.103 seconds
[2024-11-04T04:19:01.231+0000] {processor.py:186} INFO - Started process (PID=396) to work on /home/airflow/.local/lib/python3.12/site-packages/airflow/example_dags/example_python_decorator.py
[2024-11-04T04:19:01.232+0000] {processor.py:914} INFO - Processing file /home/airflow/.local/lib/python3.12/site-packages/airflow/example_dags/example_python_decorator.py for tasks to queue
[2024-11-04T04:19:01.234+0000] {logging_mixin.py:190} INFO - [2024-11-04T04:19:01.233+0000] {dagbag.py:588} INFO - Filling up the DagBag from /home/airflow/.local/lib/python3.12/site-packages/airflow/example_dags/example_python_decorator.py
[2024-11-04T04:19:01.241+0000] {processor.py:925} INFO - DAG(s) 'example_python_decorator' retrieved from /home/airflow/.local/lib/python3.12/site-packages/airflow/example_dags/example_python_decorator.py
[2024-11-04T04:19:01.252+0000] {logging_mixin.py:190} INFO - [2024-11-04T04:19:01.252+0000] {dag.py:3239} INFO - Sync 1 DAGs
[2024-11-04T04:19:01.259+0000] {logging_mixin.py:190} INFO - [2024-11-04T04:19:01.259+0000] {dag.py:4180} INFO - Setting next_dagrun for example_python_decorator to None, run_after=None
[2024-11-04T04:19:01.268+0000] {processor.py:208} INFO - Processing /home/airflow/.local/lib/python3.12/site-packages/airflow/example_dags/example_python_decorator.py took 0.040 seconds
[2024-11-04T04:19:31.550+0000] {processor.py:186} INFO - Started process (PID=458) to work on /home/airflow/.local/lib/python3.12/site-packages/airflow/example_dags/example_python_decorator.py
[2024-11-04T04:19:31.552+0000] {processor.py:914} INFO - Processing file /home/airflow/.local/lib/python3.12/site-packages/airflow/example_dags/example_python_decorator.py for tasks to queue
[2024-11-04T04:19:31.554+0000] {logging_mixin.py:190} INFO - [2024-11-04T04:19:31.553+0000] {dagbag.py:588} INFO - Filling up the DagBag from /home/airflow/.local/lib/python3.12/site-packages/airflow/example_dags/example_python_decorator.py
[2024-11-04T04:19:31.563+0000] {processor.py:925} INFO - DAG(s) 'example_python_decorator' retrieved from /home/airflow/.local/lib/python3.12/site-packages/airflow/example_dags/example_python_decorator.py
[2024-11-04T04:19:31.574+0000] {logging_mixin.py:190} INFO - [2024-11-04T04:19:31.574+0000] {dag.py:3239} INFO - Sync 1 DAGs
[2024-11-04T04:19:31.582+0000] {logging_mixin.py:190} INFO - [2024-11-04T04:19:31.582+0000] {dag.py:4180} INFO - Setting next_dagrun for example_python_decorator to None, run_after=None
[2024-11-04T04:19:31.592+0000] {processor.py:208} INFO - Processing /home/airflow/.local/lib/python3.12/site-packages/airflow/example_dags/example_python_decorator.py took 0.045 seconds
[2024-11-04T04:20:02.134+0000] {processor.py:186} INFO - Started process (PID=520) to work on /home/airflow/.local/lib/python3.12/site-packages/airflow/example_dags/example_python_decorator.py
[2024-11-04T04:20:02.136+0000] {processor.py:914} INFO - Processing file /home/airflow/.local/lib/python3.12/site-packages/airflow/example_dags/example_python_decorator.py for tasks to queue
[2024-11-04T04:20:02.138+0000] {logging_mixin.py:190} INFO - [2024-11-04T04:20:02.138+0000] {dagbag.py:588} INFO - Filling up the DagBag from /home/airflow/.local/lib/python3.12/site-packages/airflow/example_dags/example_python_decorator.py
[2024-11-04T04:20:02.147+0000] {processor.py:925} INFO - DAG(s) 'example_python_decorator' retrieved from /home/airflow/.local/lib/python3.12/site-packages/airflow/example_dags/example_python_decorator.py
[2024-11-04T04:20:02.165+0000] {logging_mixin.py:190} INFO - [2024-11-04T04:20:02.165+0000] {dag.py:3239} INFO - Sync 1 DAGs
[2024-11-04T04:20:02.174+0000] {logging_mixin.py:190} INFO - [2024-11-04T04:20:02.173+0000] {dag.py:4180} INFO - Setting next_dagrun for example_python_decorator to None, run_after=None
[2024-11-04T04:20:02.184+0000] {processor.py:208} INFO - Processing /home/airflow/.local/lib/python3.12/site-packages/airflow/example_dags/example_python_decorator.py took 0.054 seconds
[2024-11-04T04:20:32.450+0000] {processor.py:186} INFO - Started process (PID=582) to work on /home/airflow/.local/lib/python3.12/site-packages/airflow/example_dags/example_python_decorator.py
[2024-11-04T04:20:32.451+0000] {processor.py:914} INFO - Processing file /home/airflow/.local/lib/python3.12/site-packages/airflow/example_dags/example_python_decorator.py for tasks to queue
[2024-11-04T04:20:32.453+0000] {logging_mixin.py:190} INFO - [2024-11-04T04:20:32.453+0000] {dagbag.py:588} INFO - Filling up the DagBag from /home/airflow/.local/lib/python3.12/site-packages/airflow/example_dags/example_python_decorator.py
[2024-11-04T04:20:32.462+0000] {processor.py:925} INFO - DAG(s) 'example_python_decorator' retrieved from /home/airflow/.local/lib/python3.12/site-packages/airflow/example_dags/example_python_decorator.py
[2024-11-04T04:20:32.474+0000] {logging_mixin.py:190} INFO - [2024-11-04T04:20:32.474+0000] {dag.py:3239} INFO - Sync 1 DAGs
[2024-11-04T04:20:32.481+0000] {logging_mixin.py:190} INFO - [2024-11-04T04:20:32.481+0000] {dag.py:4180} INFO - Setting next_dagrun for example_python_decorator to None, run_after=None
[2024-11-04T04:20:32.491+0000] {processor.py:208} INFO - Processing /home/airflow/.local/lib/python3.12/site-packages/airflow/example_dags/example_python_decorator.py took 0.045 seconds
[2024-11-04T04:21:02.901+0000] {processor.py:186} INFO - Started process (PID=644) to work on /home/airflow/.local/lib/python3.12/site-packages/airflow/example_dags/example_python_decorator.py
[2024-11-04T04:21:02.902+0000] {processor.py:914} INFO - Processing file /home/airflow/.local/lib/python3.12/site-packages/airflow/example_dags/example_python_decorator.py for tasks to queue
[2024-11-04T04:21:02.903+0000] {logging_mixin.py:190} INFO - [2024-11-04T04:21:02.903+0000] {dagbag.py:588} INFO - Filling up the DagBag from /home/airflow/.local/lib/python3.12/site-packages/airflow/example_dags/example_python_decorator.py
[2024-11-04T04:21:02.914+0000] {processor.py:925} INFO - DAG(s) 'example_python_decorator' retrieved from /home/airflow/.local/lib/python3.12/site-packages/airflow/example_dags/example_python_decorator.py
[2024-11-04T04:21:02.933+0000] {logging_mixin.py:190} INFO - [2024-11-04T04:21:02.933+0000] {dag.py:3239} INFO - Sync 1 DAGs
[2024-11-04T04:21:02.940+0000] {logging_mixin.py:190} INFO - [2024-11-04T04:21:02.940+0000] {dag.py:4180} INFO - Setting next_dagrun for example_python_decorator to None, run_after=None
[2024-11-04T04:21:02.953+0000] {processor.py:208} INFO - Processing /home/airflow/.local/lib/python3.12/site-packages/airflow/example_dags/example_python_decorator.py took 0.055 seconds
[2024-11-04T04:21:33.319+0000] {processor.py:186} INFO - Started process (PID=706) to work on /home/airflow/.local/lib/python3.12/site-packages/airflow/example_dags/example_python_decorator.py
[2024-11-04T04:21:33.320+0000] {processor.py:914} INFO - Processing file /home/airflow/.local/lib/python3.12/site-packages/airflow/example_dags/example_python_decorator.py for tasks to queue
[2024-11-04T04:21:33.321+0000] {logging_mixin.py:190} INFO - [2024-11-04T04:21:33.321+0000] {dagbag.py:588} INFO - Filling up the DagBag from /home/airflow/.local/lib/python3.12/site-packages/airflow/example_dags/example_python_decorator.py
[2024-11-04T04:21:33.328+0000] {processor.py:925} INFO - DAG(s) 'example_python_decorator' retrieved from /home/airflow/.local/lib/python3.12/site-packages/airflow/example_dags/example_python_decorator.py
[2024-11-04T04:21:33.341+0000] {logging_mixin.py:190} INFO - [2024-11-04T04:21:33.341+0000] {dag.py:3239} INFO - Sync 1 DAGs
[2024-11-04T04:21:33.348+0000] {logging_mixin.py:190} INFO - [2024-11-04T04:21:33.348+0000] {dag.py:4180} INFO - Setting next_dagrun for example_python_decorator to None, run_after=None
[2024-11-04T04:21:33.356+0000] {processor.py:208} INFO - Processing /home/airflow/.local/lib/python3.12/site-packages/airflow/example_dags/example_python_decorator.py took 0.040 seconds
[2024-11-04T04:22:03.960+0000] {processor.py:186} INFO - Started process (PID=768) to work on /home/airflow/.local/lib/python3.12/site-packages/airflow/example_dags/example_python_decorator.py
[2024-11-04T04:22:03.961+0000] {processor.py:914} INFO - Processing file /home/airflow/.local/lib/python3.12/site-packages/airflow/example_dags/example_python_decorator.py for tasks to queue
[2024-11-04T04:22:03.963+0000] {logging_mixin.py:190} INFO - [2024-11-04T04:22:03.963+0000] {dagbag.py:588} INFO - Filling up the DagBag from /home/airflow/.local/lib/python3.12/site-packages/airflow/example_dags/example_python_decorator.py
[2024-11-04T04:22:03.970+0000] {processor.py:925} INFO - DAG(s) 'example_python_decorator' retrieved from /home/airflow/.local/lib/python3.12/site-packages/airflow/example_dags/example_python_decorator.py
[2024-11-04T04:22:03.981+0000] {logging_mixin.py:190} INFO - [2024-11-04T04:22:03.981+0000] {dag.py:3239} INFO - Sync 1 DAGs
[2024-11-04T04:22:03.988+0000] {logging_mixin.py:190} INFO - [2024-11-04T04:22:03.988+0000] {dag.py:4180} INFO - Setting next_dagrun for example_python_decorator to None, run_after=None
[2024-11-04T04:22:03.996+0000] {processor.py:208} INFO - Processing /home/airflow/.local/lib/python3.12/site-packages/airflow/example_dags/example_python_decorator.py took 0.040 seconds
