[2024-11-04T04:16:27.331+0000] {processor.py:186} INFO - Started process (PID=72) to work on /home/airflow/.local/lib/python3.12/site-packages/airflow/example_dags/example_kubernetes_executor.py
[2024-11-04T04:16:27.332+0000] {processor.py:914} INFO - Processing file /home/airflow/.local/lib/python3.12/site-packages/airflow/example_dags/example_kubernetes_executor.py for tasks to queue
[2024-11-04T04:16:27.333+0000] {logging_mixin.py:190} INFO - [2024-11-04T04:16:27.333+0000] {dagbag.py:588} INFO - Filling up the DagBag from /home/airflow/.local/lib/python3.12/site-packages/airflow/example_dags/example_kubernetes_executor.py
[2024-11-04T04:16:27.344+0000] {processor.py:925} INFO - DAG(s) 'example_kubernetes_executor' retrieved from /home/airflow/.local/lib/python3.12/site-packages/airflow/example_dags/example_kubernetes_executor.py
[2024-11-04T04:16:27.412+0000] {logging_mixin.py:190} INFO - [2024-11-04T04:16:27.412+0000] {override.py:1900} INFO - Created Permission View: can read on DAG:example_kubernetes_executor
[2024-11-04T04:16:27.419+0000] {logging_mixin.py:190} INFO - [2024-11-04T04:16:27.418+0000] {override.py:1900} INFO - Created Permission View: can delete on DAG:example_kubernetes_executor
[2024-11-04T04:16:27.422+0000] {logging_mixin.py:190} INFO - [2024-11-04T04:16:27.422+0000] {override.py:1900} INFO - Created Permission View: can edit on DAG:example_kubernetes_executor
[2024-11-04T04:16:27.427+0000] {logging_mixin.py:190} INFO - [2024-11-04T04:16:27.426+0000] {override.py:1900} INFO - Created Permission View: menu access on DAG Run:example_kubernetes_executor
[2024-11-04T04:16:27.430+0000] {logging_mixin.py:190} INFO - [2024-11-04T04:16:27.430+0000] {override.py:1900} INFO - Created Permission View: can read on DAG Run:example_kubernetes_executor
[2024-11-04T04:16:27.434+0000] {logging_mixin.py:190} INFO - [2024-11-04T04:16:27.434+0000] {override.py:1900} INFO - Created Permission View: can create on DAG Run:example_kubernetes_executor
[2024-11-04T04:16:27.438+0000] {logging_mixin.py:190} INFO - [2024-11-04T04:16:27.438+0000] {override.py:1900} INFO - Created Permission View: can delete on DAG Run:example_kubernetes_executor
[2024-11-04T04:16:27.439+0000] {logging_mixin.py:190} INFO - [2024-11-04T04:16:27.439+0000] {dag.py:3239} INFO - Sync 1 DAGs
[2024-11-04T04:16:27.448+0000] {logging_mixin.py:190} INFO - [2024-11-04T04:16:27.448+0000] {dag.py:3262} INFO - Creating ORM DAG for example_kubernetes_executor
[2024-11-04T04:16:27.450+0000] {logging_mixin.py:190} INFO - [2024-11-04T04:16:27.450+0000] {dag.py:4180} INFO - Setting next_dagrun for example_kubernetes_executor to None, run_after=None
[2024-11-04T04:16:27.464+0000] {processor.py:208} INFO - Processing /home/airflow/.local/lib/python3.12/site-packages/airflow/example_dags/example_kubernetes_executor.py took 0.136 seconds
[2024-11-04T04:16:58.075+0000] {processor.py:186} INFO - Started process (PID=134) to work on /home/airflow/.local/lib/python3.12/site-packages/airflow/example_dags/example_kubernetes_executor.py
[2024-11-04T04:16:58.076+0000] {processor.py:914} INFO - Processing file /home/airflow/.local/lib/python3.12/site-packages/airflow/example_dags/example_kubernetes_executor.py for tasks to queue
[2024-11-04T04:16:58.078+0000] {logging_mixin.py:190} INFO - [2024-11-04T04:16:58.078+0000] {dagbag.py:588} INFO - Filling up the DagBag from /home/airflow/.local/lib/python3.12/site-packages/airflow/example_dags/example_kubernetes_executor.py
[2024-11-04T04:16:58.085+0000] {processor.py:925} INFO - DAG(s) 'example_kubernetes_executor' retrieved from /home/airflow/.local/lib/python3.12/site-packages/airflow/example_dags/example_kubernetes_executor.py
[2024-11-04T04:16:58.109+0000] {logging_mixin.py:190} INFO - [2024-11-04T04:16:58.109+0000] {dag.py:3239} INFO - Sync 1 DAGs
[2024-11-04T04:16:58.116+0000] {logging_mixin.py:190} INFO - [2024-11-04T04:16:58.116+0000] {dag.py:4180} INFO - Setting next_dagrun for example_kubernetes_executor to None, run_after=None
[2024-11-04T04:16:58.130+0000] {processor.py:208} INFO - Processing /home/airflow/.local/lib/python3.12/site-packages/airflow/example_dags/example_kubernetes_executor.py took 0.060 seconds
[2024-11-04T04:17:28.812+0000] {processor.py:186} INFO - Started process (PID=196) to work on /home/airflow/.local/lib/python3.12/site-packages/airflow/example_dags/example_kubernetes_executor.py
[2024-11-04T04:17:28.813+0000] {processor.py:914} INFO - Processing file /home/airflow/.local/lib/python3.12/site-packages/airflow/example_dags/example_kubernetes_executor.py for tasks to queue
[2024-11-04T04:17:28.814+0000] {logging_mixin.py:190} INFO - [2024-11-04T04:17:28.814+0000] {dagbag.py:588} INFO - Filling up the DagBag from /home/airflow/.local/lib/python3.12/site-packages/airflow/example_dags/example_kubernetes_executor.py
[2024-11-04T04:17:28.822+0000] {processor.py:925} INFO - DAG(s) 'example_kubernetes_executor' retrieved from /home/airflow/.local/lib/python3.12/site-packages/airflow/example_dags/example_kubernetes_executor.py
[2024-11-04T04:17:28.851+0000] {logging_mixin.py:190} INFO - [2024-11-04T04:17:28.851+0000] {dag.py:3239} INFO - Sync 1 DAGs
[2024-11-04T04:17:28.864+0000] {logging_mixin.py:190} INFO - [2024-11-04T04:17:28.863+0000] {dag.py:4180} INFO - Setting next_dagrun for example_kubernetes_executor to None, run_after=None
[2024-11-04T04:17:28.885+0000] {processor.py:208} INFO - Processing /home/airflow/.local/lib/python3.12/site-packages/airflow/example_dags/example_kubernetes_executor.py took 0.077 seconds
[2024-11-04T04:17:59.370+0000] {processor.py:186} INFO - Started process (PID=258) to work on /home/airflow/.local/lib/python3.12/site-packages/airflow/example_dags/example_kubernetes_executor.py
[2024-11-04T04:17:59.371+0000] {processor.py:914} INFO - Processing file /home/airflow/.local/lib/python3.12/site-packages/airflow/example_dags/example_kubernetes_executor.py for tasks to queue
[2024-11-04T04:17:59.372+0000] {logging_mixin.py:190} INFO - [2024-11-04T04:17:59.372+0000] {dagbag.py:588} INFO - Filling up the DagBag from /home/airflow/.local/lib/python3.12/site-packages/airflow/example_dags/example_kubernetes_executor.py
[2024-11-04T04:17:59.380+0000] {processor.py:925} INFO - DAG(s) 'example_kubernetes_executor' retrieved from /home/airflow/.local/lib/python3.12/site-packages/airflow/example_dags/example_kubernetes_executor.py
[2024-11-04T04:17:59.400+0000] {logging_mixin.py:190} INFO - [2024-11-04T04:17:59.400+0000] {dag.py:3239} INFO - Sync 1 DAGs
[2024-11-04T04:17:59.408+0000] {logging_mixin.py:190} INFO - [2024-11-04T04:17:59.408+0000] {dag.py:4180} INFO - Setting next_dagrun for example_kubernetes_executor to None, run_after=None
[2024-11-04T04:17:59.425+0000] {processor.py:208} INFO - Processing /home/airflow/.local/lib/python3.12/site-packages/airflow/example_dags/example_kubernetes_executor.py took 0.058 seconds
[2024-11-04T04:18:29.938+0000] {processor.py:186} INFO - Started process (PID=320) to work on /home/airflow/.local/lib/python3.12/site-packages/airflow/example_dags/example_kubernetes_executor.py
[2024-11-04T04:18:29.939+0000] {processor.py:914} INFO - Processing file /home/airflow/.local/lib/python3.12/site-packages/airflow/example_dags/example_kubernetes_executor.py for tasks to queue
[2024-11-04T04:18:29.941+0000] {logging_mixin.py:190} INFO - [2024-11-04T04:18:29.940+0000] {dagbag.py:588} INFO - Filling up the DagBag from /home/airflow/.local/lib/python3.12/site-packages/airflow/example_dags/example_kubernetes_executor.py
[2024-11-04T04:18:29.948+0000] {processor.py:925} INFO - DAG(s) 'example_kubernetes_executor' retrieved from /home/airflow/.local/lib/python3.12/site-packages/airflow/example_dags/example_kubernetes_executor.py
[2024-11-04T04:18:29.969+0000] {logging_mixin.py:190} INFO - [2024-11-04T04:18:29.969+0000] {dag.py:3239} INFO - Sync 1 DAGs
[2024-11-04T04:18:29.981+0000] {logging_mixin.py:190} INFO - [2024-11-04T04:18:29.981+0000] {dag.py:4180} INFO - Setting next_dagrun for example_kubernetes_executor to None, run_after=None
[2024-11-04T04:18:29.999+0000] {processor.py:208} INFO - Processing /home/airflow/.local/lib/python3.12/site-packages/airflow/example_dags/example_kubernetes_executor.py took 0.065 seconds
[2024-11-04T04:19:00.533+0000] {processor.py:186} INFO - Started process (PID=382) to work on /home/airflow/.local/lib/python3.12/site-packages/airflow/example_dags/example_kubernetes_executor.py
[2024-11-04T04:19:00.534+0000] {processor.py:914} INFO - Processing file /home/airflow/.local/lib/python3.12/site-packages/airflow/example_dags/example_kubernetes_executor.py for tasks to queue
[2024-11-04T04:19:00.536+0000] {logging_mixin.py:190} INFO - [2024-11-04T04:19:00.536+0000] {dagbag.py:588} INFO - Filling up the DagBag from /home/airflow/.local/lib/python3.12/site-packages/airflow/example_dags/example_kubernetes_executor.py
[2024-11-04T04:19:00.544+0000] {processor.py:925} INFO - DAG(s) 'example_kubernetes_executor' retrieved from /home/airflow/.local/lib/python3.12/site-packages/airflow/example_dags/example_kubernetes_executor.py
[2024-11-04T04:19:00.565+0000] {logging_mixin.py:190} INFO - [2024-11-04T04:19:00.565+0000] {dag.py:3239} INFO - Sync 1 DAGs
[2024-11-04T04:19:00.572+0000] {logging_mixin.py:190} INFO - [2024-11-04T04:19:00.572+0000] {dag.py:4180} INFO - Setting next_dagrun for example_kubernetes_executor to None, run_after=None
[2024-11-04T04:19:00.582+0000] {processor.py:208} INFO - Processing /home/airflow/.local/lib/python3.12/site-packages/airflow/example_dags/example_kubernetes_executor.py took 0.051 seconds
[2024-11-04T04:19:30.990+0000] {processor.py:186} INFO - Started process (PID=444) to work on /home/airflow/.local/lib/python3.12/site-packages/airflow/example_dags/example_kubernetes_executor.py
[2024-11-04T04:19:30.994+0000] {processor.py:914} INFO - Processing file /home/airflow/.local/lib/python3.12/site-packages/airflow/example_dags/example_kubernetes_executor.py for tasks to queue
[2024-11-04T04:19:30.996+0000] {logging_mixin.py:190} INFO - [2024-11-04T04:19:30.996+0000] {dagbag.py:588} INFO - Filling up the DagBag from /home/airflow/.local/lib/python3.12/site-packages/airflow/example_dags/example_kubernetes_executor.py
[2024-11-04T04:19:31.003+0000] {processor.py:925} INFO - DAG(s) 'example_kubernetes_executor' retrieved from /home/airflow/.local/lib/python3.12/site-packages/airflow/example_dags/example_kubernetes_executor.py
[2024-11-04T04:19:31.030+0000] {logging_mixin.py:190} INFO - [2024-11-04T04:19:31.029+0000] {dag.py:3239} INFO - Sync 1 DAGs
[2024-11-04T04:19:31.037+0000] {logging_mixin.py:190} INFO - [2024-11-04T04:19:31.036+0000] {dag.py:4180} INFO - Setting next_dagrun for example_kubernetes_executor to None, run_after=None
[2024-11-04T04:19:31.048+0000] {processor.py:208} INFO - Processing /home/airflow/.local/lib/python3.12/site-packages/airflow/example_dags/example_kubernetes_executor.py took 0.062 seconds
[2024-11-04T04:20:01.517+0000] {processor.py:186} INFO - Started process (PID=506) to work on /home/airflow/.local/lib/python3.12/site-packages/airflow/example_dags/example_kubernetes_executor.py
[2024-11-04T04:20:01.519+0000] {processor.py:914} INFO - Processing file /home/airflow/.local/lib/python3.12/site-packages/airflow/example_dags/example_kubernetes_executor.py for tasks to queue
[2024-11-04T04:20:01.522+0000] {logging_mixin.py:190} INFO - [2024-11-04T04:20:01.522+0000] {dagbag.py:588} INFO - Filling up the DagBag from /home/airflow/.local/lib/python3.12/site-packages/airflow/example_dags/example_kubernetes_executor.py
[2024-11-04T04:20:01.531+0000] {processor.py:925} INFO - DAG(s) 'example_kubernetes_executor' retrieved from /home/airflow/.local/lib/python3.12/site-packages/airflow/example_dags/example_kubernetes_executor.py
[2024-11-04T04:20:01.556+0000] {logging_mixin.py:190} INFO - [2024-11-04T04:20:01.555+0000] {dag.py:3239} INFO - Sync 1 DAGs
[2024-11-04T04:20:01.564+0000] {logging_mixin.py:190} INFO - [2024-11-04T04:20:01.564+0000] {dag.py:4180} INFO - Setting next_dagrun for example_kubernetes_executor to None, run_after=None
[2024-11-04T04:20:01.576+0000] {processor.py:208} INFO - Processing /home/airflow/.local/lib/python3.12/site-packages/airflow/example_dags/example_kubernetes_executor.py took 0.065 seconds
[2024-11-04T04:20:31.855+0000] {processor.py:186} INFO - Started process (PID=568) to work on /home/airflow/.local/lib/python3.12/site-packages/airflow/example_dags/example_kubernetes_executor.py
[2024-11-04T04:20:31.856+0000] {processor.py:914} INFO - Processing file /home/airflow/.local/lib/python3.12/site-packages/airflow/example_dags/example_kubernetes_executor.py for tasks to queue
[2024-11-04T04:20:31.857+0000] {logging_mixin.py:190} INFO - [2024-11-04T04:20:31.857+0000] {dagbag.py:588} INFO - Filling up the DagBag from /home/airflow/.local/lib/python3.12/site-packages/airflow/example_dags/example_kubernetes_executor.py
[2024-11-04T04:20:31.865+0000] {processor.py:925} INFO - DAG(s) 'example_kubernetes_executor' retrieved from /home/airflow/.local/lib/python3.12/site-packages/airflow/example_dags/example_kubernetes_executor.py
[2024-11-04T04:20:31.885+0000] {logging_mixin.py:190} INFO - [2024-11-04T04:20:31.885+0000] {dag.py:3239} INFO - Sync 1 DAGs
[2024-11-04T04:20:31.893+0000] {logging_mixin.py:190} INFO - [2024-11-04T04:20:31.893+0000] {dag.py:4180} INFO - Setting next_dagrun for example_kubernetes_executor to None, run_after=None
[2024-11-04T04:20:31.906+0000] {processor.py:208} INFO - Processing /home/airflow/.local/lib/python3.12/site-packages/airflow/example_dags/example_kubernetes_executor.py took 0.054 seconds
[2024-11-04T04:21:02.313+0000] {processor.py:186} INFO - Started process (PID=630) to work on /home/airflow/.local/lib/python3.12/site-packages/airflow/example_dags/example_kubernetes_executor.py
[2024-11-04T04:21:02.315+0000] {processor.py:914} INFO - Processing file /home/airflow/.local/lib/python3.12/site-packages/airflow/example_dags/example_kubernetes_executor.py for tasks to queue
[2024-11-04T04:21:02.318+0000] {logging_mixin.py:190} INFO - [2024-11-04T04:21:02.318+0000] {dagbag.py:588} INFO - Filling up the DagBag from /home/airflow/.local/lib/python3.12/site-packages/airflow/example_dags/example_kubernetes_executor.py
[2024-11-04T04:21:02.325+0000] {processor.py:925} INFO - DAG(s) 'example_kubernetes_executor' retrieved from /home/airflow/.local/lib/python3.12/site-packages/airflow/example_dags/example_kubernetes_executor.py
[2024-11-04T04:21:02.350+0000] {logging_mixin.py:190} INFO - [2024-11-04T04:21:02.350+0000] {dag.py:3239} INFO - Sync 1 DAGs
[2024-11-04T04:21:02.362+0000] {logging_mixin.py:190} INFO - [2024-11-04T04:21:02.362+0000] {dag.py:4180} INFO - Setting next_dagrun for example_kubernetes_executor to None, run_after=None
[2024-11-04T04:21:02.377+0000] {processor.py:208} INFO - Processing /home/airflow/.local/lib/python3.12/site-packages/airflow/example_dags/example_kubernetes_executor.py took 0.067 seconds
[2024-11-04T04:21:32.794+0000] {processor.py:186} INFO - Started process (PID=692) to work on /home/airflow/.local/lib/python3.12/site-packages/airflow/example_dags/example_kubernetes_executor.py
[2024-11-04T04:21:32.796+0000] {processor.py:914} INFO - Processing file /home/airflow/.local/lib/python3.12/site-packages/airflow/example_dags/example_kubernetes_executor.py for tasks to queue
[2024-11-04T04:21:32.797+0000] {logging_mixin.py:190} INFO - [2024-11-04T04:21:32.797+0000] {dagbag.py:588} INFO - Filling up the DagBag from /home/airflow/.local/lib/python3.12/site-packages/airflow/example_dags/example_kubernetes_executor.py
[2024-11-04T04:21:32.807+0000] {processor.py:925} INFO - DAG(s) 'example_kubernetes_executor' retrieved from /home/airflow/.local/lib/python3.12/site-packages/airflow/example_dags/example_kubernetes_executor.py
[2024-11-04T04:21:32.826+0000] {logging_mixin.py:190} INFO - [2024-11-04T04:21:32.826+0000] {dag.py:3239} INFO - Sync 1 DAGs
[2024-11-04T04:21:32.834+0000] {logging_mixin.py:190} INFO - [2024-11-04T04:21:32.834+0000] {dag.py:4180} INFO - Setting next_dagrun for example_kubernetes_executor to None, run_after=None
[2024-11-04T04:21:32.842+0000] {processor.py:208} INFO - Processing /home/airflow/.local/lib/python3.12/site-packages/airflow/example_dags/example_kubernetes_executor.py took 0.052 seconds
[2024-11-04T04:22:03.296+0000] {processor.py:186} INFO - Started process (PID=754) to work on /home/airflow/.local/lib/python3.12/site-packages/airflow/example_dags/example_kubernetes_executor.py
[2024-11-04T04:22:03.296+0000] {processor.py:914} INFO - Processing file /home/airflow/.local/lib/python3.12/site-packages/airflow/example_dags/example_kubernetes_executor.py for tasks to queue
[2024-11-04T04:22:03.298+0000] {logging_mixin.py:190} INFO - [2024-11-04T04:22:03.298+0000] {dagbag.py:588} INFO - Filling up the DagBag from /home/airflow/.local/lib/python3.12/site-packages/airflow/example_dags/example_kubernetes_executor.py
[2024-11-04T04:22:03.306+0000] {processor.py:925} INFO - DAG(s) 'example_kubernetes_executor' retrieved from /home/airflow/.local/lib/python3.12/site-packages/airflow/example_dags/example_kubernetes_executor.py
[2024-11-04T04:22:03.332+0000] {logging_mixin.py:190} INFO - [2024-11-04T04:22:03.332+0000] {dag.py:3239} INFO - Sync 1 DAGs
[2024-11-04T04:22:03.339+0000] {logging_mixin.py:190} INFO - [2024-11-04T04:22:03.339+0000] {dag.py:4180} INFO - Setting next_dagrun for example_kubernetes_executor to None, run_after=None
[2024-11-04T04:22:03.352+0000] {processor.py:208} INFO - Processing /home/airflow/.local/lib/python3.12/site-packages/airflow/example_dags/example_kubernetes_executor.py took 0.059 seconds
