[2024-11-04T04:16:26.489+0000] {processor.py:186} INFO - Started process (PID=55) to work on /home/airflow/.local/lib/python3.12/site-packages/airflow/example_dags/example_inlet_event_extra.py
[2024-11-04T04:16:26.492+0000] {processor.py:914} INFO - Processing file /home/airflow/.local/lib/python3.12/site-packages/airflow/example_dags/example_inlet_event_extra.py for tasks to queue
[2024-11-04T04:16:26.494+0000] {logging_mixin.py:190} INFO - [2024-11-04T04:16:26.493+0000] {dagbag.py:588} INFO - Filling up the DagBag from /home/airflow/.local/lib/python3.12/site-packages/airflow/example_dags/example_inlet_event_extra.py
[2024-11-04T04:16:26.567+0000] {processor.py:925} INFO - DAG(s) 'read_dataset_event', 'read_dataset_event_from_classic' retrieved from /home/airflow/.local/lib/python3.12/site-packages/airflow/example_dags/example_inlet_event_extra.py
[2024-11-04T04:16:26.615+0000] {logging_mixin.py:190} INFO - [2024-11-04T04:16:26.615+0000] {override.py:1900} INFO - Created Permission View: can read on DAG:read_dataset_event
[2024-11-04T04:16:26.619+0000] {logging_mixin.py:190} INFO - [2024-11-04T04:16:26.619+0000] {override.py:1900} INFO - Created Permission View: can delete on DAG:read_dataset_event
[2024-11-04T04:16:26.622+0000] {logging_mixin.py:190} INFO - [2024-11-04T04:16:26.622+0000] {override.py:1900} INFO - Created Permission View: can edit on DAG:read_dataset_event
[2024-11-04T04:16:26.630+0000] {logging_mixin.py:190} INFO - [2024-11-04T04:16:26.630+0000] {override.py:1900} INFO - Created Permission View: menu access on DAG Run:read_dataset_event
[2024-11-04T04:16:26.637+0000] {logging_mixin.py:190} INFO - [2024-11-04T04:16:26.637+0000] {override.py:1900} INFO - Created Permission View: can read on DAG Run:read_dataset_event
[2024-11-04T04:16:26.645+0000] {logging_mixin.py:190} INFO - [2024-11-04T04:16:26.644+0000] {override.py:1900} INFO - Created Permission View: can create on DAG Run:read_dataset_event
[2024-11-04T04:16:26.647+0000] {logging_mixin.py:190} INFO - [2024-11-04T04:16:26.647+0000] {override.py:1900} INFO - Created Permission View: can delete on DAG Run:read_dataset_event
[2024-11-04T04:16:26.652+0000] {logging_mixin.py:190} INFO - [2024-11-04T04:16:26.652+0000] {override.py:1900} INFO - Created Permission View: can read on DAG:read_dataset_event_from_classic
[2024-11-04T04:16:26.654+0000] {logging_mixin.py:190} INFO - [2024-11-04T04:16:26.654+0000] {override.py:1900} INFO - Created Permission View: can delete on DAG:read_dataset_event_from_classic
[2024-11-04T04:16:26.656+0000] {logging_mixin.py:190} INFO - [2024-11-04T04:16:26.656+0000] {override.py:1900} INFO - Created Permission View: can edit on DAG:read_dataset_event_from_classic
[2024-11-04T04:16:26.658+0000] {logging_mixin.py:190} INFO - [2024-11-04T04:16:26.658+0000] {override.py:1900} INFO - Created Permission View: menu access on DAG Run:read_dataset_event_from_classic
[2024-11-04T04:16:26.660+0000] {logging_mixin.py:190} INFO - [2024-11-04T04:16:26.660+0000] {override.py:1900} INFO - Created Permission View: can read on DAG Run:read_dataset_event_from_classic
[2024-11-04T04:16:26.662+0000] {logging_mixin.py:190} INFO - [2024-11-04T04:16:26.662+0000] {override.py:1900} INFO - Created Permission View: can create on DAG Run:read_dataset_event_from_classic
[2024-11-04T04:16:26.664+0000] {logging_mixin.py:190} INFO - [2024-11-04T04:16:26.664+0000] {override.py:1900} INFO - Created Permission View: can delete on DAG Run:read_dataset_event_from_classic
[2024-11-04T04:16:26.664+0000] {logging_mixin.py:190} INFO - [2024-11-04T04:16:26.664+0000] {dag.py:3239} INFO - Sync 2 DAGs
[2024-11-04T04:16:26.669+0000] {logging_mixin.py:190} INFO - [2024-11-04T04:16:26.669+0000] {dag.py:3262} INFO - Creating ORM DAG for read_dataset_event_from_classic
[2024-11-04T04:16:26.670+0000] {logging_mixin.py:190} INFO - [2024-11-04T04:16:26.670+0000] {dag.py:3262} INFO - Creating ORM DAG for read_dataset_event
[2024-11-04T04:16:26.675+0000] {logging_mixin.py:190} INFO - [2024-11-04T04:16:26.674+0000] {dag.py:4180} INFO - Setting next_dagrun for read_dataset_event to 2024-11-03 00:00:00+00:00, run_after=2024-11-04 00:00:00+00:00
[2024-11-04T04:16:26.675+0000] {logging_mixin.py:190} INFO - [2024-11-04T04:16:26.675+0000] {dag.py:4180} INFO - Setting next_dagrun for read_dataset_event_from_classic to 2024-11-03 00:00:00+00:00, run_after=2024-11-04 00:00:00+00:00
[2024-11-04T04:16:26.684+0000] {processor.py:208} INFO - Processing /home/airflow/.local/lib/python3.12/site-packages/airflow/example_dags/example_inlet_event_extra.py took 0.198 seconds
[2024-11-04T04:16:57.557+0000] {processor.py:186} INFO - Started process (PID=123) to work on /home/airflow/.local/lib/python3.12/site-packages/airflow/example_dags/example_inlet_event_extra.py
[2024-11-04T04:16:57.558+0000] {processor.py:914} INFO - Processing file /home/airflow/.local/lib/python3.12/site-packages/airflow/example_dags/example_inlet_event_extra.py for tasks to queue
[2024-11-04T04:16:57.560+0000] {logging_mixin.py:190} INFO - [2024-11-04T04:16:57.560+0000] {dagbag.py:588} INFO - Filling up the DagBag from /home/airflow/.local/lib/python3.12/site-packages/airflow/example_dags/example_inlet_event_extra.py
[2024-11-04T04:16:57.643+0000] {processor.py:925} INFO - DAG(s) 'read_dataset_event_from_classic', 'read_dataset_event' retrieved from /home/airflow/.local/lib/python3.12/site-packages/airflow/example_dags/example_inlet_event_extra.py
[2024-11-04T04:16:57.656+0000] {logging_mixin.py:190} INFO - [2024-11-04T04:16:57.655+0000] {dag.py:3239} INFO - Sync 2 DAGs
[2024-11-04T04:16:57.668+0000] {logging_mixin.py:190} INFO - [2024-11-04T04:16:57.668+0000] {dag.py:4180} INFO - Setting next_dagrun for read_dataset_event to 2024-11-03 00:00:00+00:00, run_after=2024-11-04 00:00:00+00:00
[2024-11-04T04:16:57.671+0000] {logging_mixin.py:190} INFO - [2024-11-04T04:16:57.671+0000] {dag.py:4180} INFO - Setting next_dagrun for read_dataset_event_from_classic to 2024-11-03 00:00:00+00:00, run_after=2024-11-04 00:00:00+00:00
[2024-11-04T04:16:57.679+0000] {processor.py:208} INFO - Processing /home/airflow/.local/lib/python3.12/site-packages/airflow/example_dags/example_inlet_event_extra.py took 0.126 seconds
[2024-11-04T04:17:28.141+0000] {processor.py:186} INFO - Started process (PID=185) to work on /home/airflow/.local/lib/python3.12/site-packages/airflow/example_dags/example_inlet_event_extra.py
[2024-11-04T04:17:28.142+0000] {processor.py:914} INFO - Processing file /home/airflow/.local/lib/python3.12/site-packages/airflow/example_dags/example_inlet_event_extra.py for tasks to queue
[2024-11-04T04:17:28.144+0000] {logging_mixin.py:190} INFO - [2024-11-04T04:17:28.144+0000] {dagbag.py:588} INFO - Filling up the DagBag from /home/airflow/.local/lib/python3.12/site-packages/airflow/example_dags/example_inlet_event_extra.py
[2024-11-04T04:17:28.228+0000] {processor.py:925} INFO - DAG(s) 'read_dataset_event_from_classic', 'read_dataset_event' retrieved from /home/airflow/.local/lib/python3.12/site-packages/airflow/example_dags/example_inlet_event_extra.py
[2024-11-04T04:17:28.244+0000] {logging_mixin.py:190} INFO - [2024-11-04T04:17:28.244+0000] {dag.py:3239} INFO - Sync 2 DAGs
[2024-11-04T04:17:28.265+0000] {logging_mixin.py:190} INFO - [2024-11-04T04:17:28.265+0000] {dag.py:4180} INFO - Setting next_dagrun for read_dataset_event to 2024-11-03 00:00:00+00:00, run_after=2024-11-04 00:00:00+00:00
[2024-11-04T04:17:28.269+0000] {logging_mixin.py:190} INFO - [2024-11-04T04:17:28.269+0000] {dag.py:4180} INFO - Setting next_dagrun for read_dataset_event_from_classic to 2024-11-03 00:00:00+00:00, run_after=2024-11-04 00:00:00+00:00
[2024-11-04T04:17:28.312+0000] {processor.py:208} INFO - Processing /home/airflow/.local/lib/python3.12/site-packages/airflow/example_dags/example_inlet_event_extra.py took 0.174 seconds
[2024-11-04T04:17:58.888+0000] {processor.py:186} INFO - Started process (PID=247) to work on /home/airflow/.local/lib/python3.12/site-packages/airflow/example_dags/example_inlet_event_extra.py
[2024-11-04T04:17:58.889+0000] {processor.py:914} INFO - Processing file /home/airflow/.local/lib/python3.12/site-packages/airflow/example_dags/example_inlet_event_extra.py for tasks to queue
[2024-11-04T04:17:58.890+0000] {logging_mixin.py:190} INFO - [2024-11-04T04:17:58.890+0000] {dagbag.py:588} INFO - Filling up the DagBag from /home/airflow/.local/lib/python3.12/site-packages/airflow/example_dags/example_inlet_event_extra.py
[2024-11-04T04:17:58.963+0000] {processor.py:925} INFO - DAG(s) 'read_dataset_event_from_classic', 'read_dataset_event' retrieved from /home/airflow/.local/lib/python3.12/site-packages/airflow/example_dags/example_inlet_event_extra.py
[2024-11-04T04:17:58.974+0000] {logging_mixin.py:190} INFO - [2024-11-04T04:17:58.974+0000] {dag.py:3239} INFO - Sync 2 DAGs
[2024-11-04T04:17:58.986+0000] {logging_mixin.py:190} INFO - [2024-11-04T04:17:58.986+0000] {dag.py:4180} INFO - Setting next_dagrun for read_dataset_event to 2024-11-03 00:00:00+00:00, run_after=2024-11-04 00:00:00+00:00
[2024-11-04T04:17:58.988+0000] {logging_mixin.py:190} INFO - [2024-11-04T04:17:58.988+0000] {dag.py:4180} INFO - Setting next_dagrun for read_dataset_event_from_classic to 2024-11-03 00:00:00+00:00, run_after=2024-11-04 00:00:00+00:00
[2024-11-04T04:17:58.995+0000] {processor.py:208} INFO - Processing /home/airflow/.local/lib/python3.12/site-packages/airflow/example_dags/example_inlet_event_extra.py took 0.110 seconds
[2024-11-04T04:18:29.410+0000] {processor.py:186} INFO - Started process (PID=309) to work on /home/airflow/.local/lib/python3.12/site-packages/airflow/example_dags/example_inlet_event_extra.py
[2024-11-04T04:18:29.411+0000] {processor.py:914} INFO - Processing file /home/airflow/.local/lib/python3.12/site-packages/airflow/example_dags/example_inlet_event_extra.py for tasks to queue
[2024-11-04T04:18:29.413+0000] {logging_mixin.py:190} INFO - [2024-11-04T04:18:29.412+0000] {dagbag.py:588} INFO - Filling up the DagBag from /home/airflow/.local/lib/python3.12/site-packages/airflow/example_dags/example_inlet_event_extra.py
[2024-11-04T04:18:29.493+0000] {processor.py:925} INFO - DAG(s) 'read_dataset_event', 'read_dataset_event_from_classic' retrieved from /home/airflow/.local/lib/python3.12/site-packages/airflow/example_dags/example_inlet_event_extra.py
[2024-11-04T04:18:29.505+0000] {logging_mixin.py:190} INFO - [2024-11-04T04:18:29.505+0000] {dag.py:3239} INFO - Sync 2 DAGs
[2024-11-04T04:18:29.519+0000] {logging_mixin.py:190} INFO - [2024-11-04T04:18:29.519+0000] {dag.py:4180} INFO - Setting next_dagrun for read_dataset_event to 2024-11-03 00:00:00+00:00, run_after=2024-11-04 00:00:00+00:00
[2024-11-04T04:18:29.523+0000] {logging_mixin.py:190} INFO - [2024-11-04T04:18:29.523+0000] {dag.py:4180} INFO - Setting next_dagrun for read_dataset_event_from_classic to 2024-11-03 00:00:00+00:00, run_after=2024-11-04 00:00:00+00:00
[2024-11-04T04:18:29.531+0000] {processor.py:208} INFO - Processing /home/airflow/.local/lib/python3.12/site-packages/airflow/example_dags/example_inlet_event_extra.py took 0.125 seconds
[2024-11-04T04:19:00.054+0000] {processor.py:186} INFO - Started process (PID=371) to work on /home/airflow/.local/lib/python3.12/site-packages/airflow/example_dags/example_inlet_event_extra.py
[2024-11-04T04:19:00.055+0000] {processor.py:914} INFO - Processing file /home/airflow/.local/lib/python3.12/site-packages/airflow/example_dags/example_inlet_event_extra.py for tasks to queue
[2024-11-04T04:19:00.058+0000] {logging_mixin.py:190} INFO - [2024-11-04T04:19:00.057+0000] {dagbag.py:588} INFO - Filling up the DagBag from /home/airflow/.local/lib/python3.12/site-packages/airflow/example_dags/example_inlet_event_extra.py
[2024-11-04T04:19:00.132+0000] {processor.py:925} INFO - DAG(s) 'read_dataset_event', 'read_dataset_event_from_classic' retrieved from /home/airflow/.local/lib/python3.12/site-packages/airflow/example_dags/example_inlet_event_extra.py
[2024-11-04T04:19:00.144+0000] {logging_mixin.py:190} INFO - [2024-11-04T04:19:00.143+0000] {dag.py:3239} INFO - Sync 2 DAGs
[2024-11-04T04:19:00.157+0000] {logging_mixin.py:190} INFO - [2024-11-04T04:19:00.157+0000] {dag.py:4180} INFO - Setting next_dagrun for read_dataset_event to 2024-11-03 00:00:00+00:00, run_after=2024-11-04 00:00:00+00:00
[2024-11-04T04:19:00.160+0000] {logging_mixin.py:190} INFO - [2024-11-04T04:19:00.160+0000] {dag.py:4180} INFO - Setting next_dagrun for read_dataset_event_from_classic to 2024-11-03 00:00:00+00:00, run_after=2024-11-04 00:00:00+00:00
[2024-11-04T04:19:00.172+0000] {processor.py:208} INFO - Processing /home/airflow/.local/lib/python3.12/site-packages/airflow/example_dags/example_inlet_event_extra.py took 0.123 seconds
[2024-11-04T04:19:30.532+0000] {processor.py:186} INFO - Started process (PID=433) to work on /home/airflow/.local/lib/python3.12/site-packages/airflow/example_dags/example_inlet_event_extra.py
[2024-11-04T04:19:30.533+0000] {processor.py:914} INFO - Processing file /home/airflow/.local/lib/python3.12/site-packages/airflow/example_dags/example_inlet_event_extra.py for tasks to queue
[2024-11-04T04:19:30.535+0000] {logging_mixin.py:190} INFO - [2024-11-04T04:19:30.534+0000] {dagbag.py:588} INFO - Filling up the DagBag from /home/airflow/.local/lib/python3.12/site-packages/airflow/example_dags/example_inlet_event_extra.py
[2024-11-04T04:19:30.614+0000] {processor.py:925} INFO - DAG(s) 'read_dataset_event', 'read_dataset_event_from_classic' retrieved from /home/airflow/.local/lib/python3.12/site-packages/airflow/example_dags/example_inlet_event_extra.py
[2024-11-04T04:19:30.629+0000] {logging_mixin.py:190} INFO - [2024-11-04T04:19:30.629+0000] {dag.py:3239} INFO - Sync 2 DAGs
[2024-11-04T04:19:30.641+0000] {logging_mixin.py:190} INFO - [2024-11-04T04:19:30.641+0000] {dag.py:4180} INFO - Setting next_dagrun for read_dataset_event to 2024-11-03 00:00:00+00:00, run_after=2024-11-04 00:00:00+00:00
[2024-11-04T04:19:30.644+0000] {logging_mixin.py:190} INFO - [2024-11-04T04:19:30.644+0000] {dag.py:4180} INFO - Setting next_dagrun for read_dataset_event_from_classic to 2024-11-03 00:00:00+00:00, run_after=2024-11-04 00:00:00+00:00
[2024-11-04T04:19:30.657+0000] {processor.py:208} INFO - Processing /home/airflow/.local/lib/python3.12/site-packages/airflow/example_dags/example_inlet_event_extra.py took 0.128 seconds
[2024-11-04T04:20:01.009+0000] {processor.py:186} INFO - Started process (PID=495) to work on /home/airflow/.local/lib/python3.12/site-packages/airflow/example_dags/example_inlet_event_extra.py
[2024-11-04T04:20:01.010+0000] {processor.py:914} INFO - Processing file /home/airflow/.local/lib/python3.12/site-packages/airflow/example_dags/example_inlet_event_extra.py for tasks to queue
[2024-11-04T04:20:01.012+0000] {logging_mixin.py:190} INFO - [2024-11-04T04:20:01.011+0000] {dagbag.py:588} INFO - Filling up the DagBag from /home/airflow/.local/lib/python3.12/site-packages/airflow/example_dags/example_inlet_event_extra.py
[2024-11-04T04:20:01.087+0000] {processor.py:925} INFO - DAG(s) 'read_dataset_event', 'read_dataset_event_from_classic' retrieved from /home/airflow/.local/lib/python3.12/site-packages/airflow/example_dags/example_inlet_event_extra.py
[2024-11-04T04:20:01.101+0000] {logging_mixin.py:190} INFO - [2024-11-04T04:20:01.101+0000] {dag.py:3239} INFO - Sync 2 DAGs
[2024-11-04T04:20:01.112+0000] {logging_mixin.py:190} INFO - [2024-11-04T04:20:01.112+0000] {dag.py:4180} INFO - Setting next_dagrun for read_dataset_event to 2024-11-03 00:00:00+00:00, run_after=2024-11-04 00:00:00+00:00
[2024-11-04T04:20:01.114+0000] {logging_mixin.py:190} INFO - [2024-11-04T04:20:01.114+0000] {dag.py:4180} INFO - Setting next_dagrun for read_dataset_event_from_classic to 2024-11-03 00:00:00+00:00, run_after=2024-11-04 00:00:00+00:00
[2024-11-04T04:20:01.123+0000] {processor.py:208} INFO - Processing /home/airflow/.local/lib/python3.12/site-packages/airflow/example_dags/example_inlet_event_extra.py took 0.117 seconds
[2024-11-04T04:20:31.444+0000] {processor.py:186} INFO - Started process (PID=557) to work on /home/airflow/.local/lib/python3.12/site-packages/airflow/example_dags/example_inlet_event_extra.py
[2024-11-04T04:20:31.445+0000] {processor.py:914} INFO - Processing file /home/airflow/.local/lib/python3.12/site-packages/airflow/example_dags/example_inlet_event_extra.py for tasks to queue
[2024-11-04T04:20:31.447+0000] {logging_mixin.py:190} INFO - [2024-11-04T04:20:31.446+0000] {dagbag.py:588} INFO - Filling up the DagBag from /home/airflow/.local/lib/python3.12/site-packages/airflow/example_dags/example_inlet_event_extra.py
[2024-11-04T04:20:31.522+0000] {processor.py:925} INFO - DAG(s) 'read_dataset_event', 'read_dataset_event_from_classic' retrieved from /home/airflow/.local/lib/python3.12/site-packages/airflow/example_dags/example_inlet_event_extra.py
[2024-11-04T04:20:31.538+0000] {logging_mixin.py:190} INFO - [2024-11-04T04:20:31.538+0000] {dag.py:3239} INFO - Sync 2 DAGs
[2024-11-04T04:20:31.554+0000] {logging_mixin.py:190} INFO - [2024-11-04T04:20:31.554+0000] {dag.py:4180} INFO - Setting next_dagrun for read_dataset_event to 2024-11-03 00:00:00+00:00, run_after=2024-11-04 00:00:00+00:00
[2024-11-04T04:20:31.558+0000] {logging_mixin.py:190} INFO - [2024-11-04T04:20:31.558+0000] {dag.py:4180} INFO - Setting next_dagrun for read_dataset_event_from_classic to 2024-11-03 00:00:00+00:00, run_after=2024-11-04 00:00:00+00:00
[2024-11-04T04:20:31.570+0000] {processor.py:208} INFO - Processing /home/airflow/.local/lib/python3.12/site-packages/airflow/example_dags/example_inlet_event_extra.py took 0.128 seconds
[2024-11-04T04:21:01.875+0000] {processor.py:186} INFO - Started process (PID=619) to work on /home/airflow/.local/lib/python3.12/site-packages/airflow/example_dags/example_inlet_event_extra.py
[2024-11-04T04:21:01.877+0000] {processor.py:914} INFO - Processing file /home/airflow/.local/lib/python3.12/site-packages/airflow/example_dags/example_inlet_event_extra.py for tasks to queue
[2024-11-04T04:21:01.879+0000] {logging_mixin.py:190} INFO - [2024-11-04T04:21:01.879+0000] {dagbag.py:588} INFO - Filling up the DagBag from /home/airflow/.local/lib/python3.12/site-packages/airflow/example_dags/example_inlet_event_extra.py
[2024-11-04T04:21:01.951+0000] {processor.py:925} INFO - DAG(s) 'read_dataset_event_from_classic', 'read_dataset_event' retrieved from /home/airflow/.local/lib/python3.12/site-packages/airflow/example_dags/example_inlet_event_extra.py
[2024-11-04T04:21:01.962+0000] {logging_mixin.py:190} INFO - [2024-11-04T04:21:01.962+0000] {dag.py:3239} INFO - Sync 2 DAGs
[2024-11-04T04:21:01.975+0000] {logging_mixin.py:190} INFO - [2024-11-04T04:21:01.975+0000] {dag.py:4180} INFO - Setting next_dagrun for read_dataset_event to 2024-11-03 00:00:00+00:00, run_after=2024-11-04 00:00:00+00:00
[2024-11-04T04:21:01.978+0000] {logging_mixin.py:190} INFO - [2024-11-04T04:21:01.978+0000] {dag.py:4180} INFO - Setting next_dagrun for read_dataset_event_from_classic to 2024-11-03 00:00:00+00:00, run_after=2024-11-04 00:00:00+00:00
[2024-11-04T04:21:01.989+0000] {processor.py:208} INFO - Processing /home/airflow/.local/lib/python3.12/site-packages/airflow/example_dags/example_inlet_event_extra.py took 0.117 seconds
[2024-11-04T04:21:32.361+0000] {processor.py:186} INFO - Started process (PID=681) to work on /home/airflow/.local/lib/python3.12/site-packages/airflow/example_dags/example_inlet_event_extra.py
[2024-11-04T04:21:32.362+0000] {processor.py:914} INFO - Processing file /home/airflow/.local/lib/python3.12/site-packages/airflow/example_dags/example_inlet_event_extra.py for tasks to queue
[2024-11-04T04:21:32.363+0000] {logging_mixin.py:190} INFO - [2024-11-04T04:21:32.363+0000] {dagbag.py:588} INFO - Filling up the DagBag from /home/airflow/.local/lib/python3.12/site-packages/airflow/example_dags/example_inlet_event_extra.py
[2024-11-04T04:21:32.436+0000] {processor.py:925} INFO - DAG(s) 'read_dataset_event_from_classic', 'read_dataset_event' retrieved from /home/airflow/.local/lib/python3.12/site-packages/airflow/example_dags/example_inlet_event_extra.py
[2024-11-04T04:21:32.447+0000] {logging_mixin.py:190} INFO - [2024-11-04T04:21:32.447+0000] {dag.py:3239} INFO - Sync 2 DAGs
[2024-11-04T04:21:32.459+0000] {logging_mixin.py:190} INFO - [2024-11-04T04:21:32.459+0000] {dag.py:4180} INFO - Setting next_dagrun for read_dataset_event to 2024-11-03 00:00:00+00:00, run_after=2024-11-04 00:00:00+00:00
[2024-11-04T04:21:32.461+0000] {logging_mixin.py:190} INFO - [2024-11-04T04:21:32.461+0000] {dag.py:4180} INFO - Setting next_dagrun for read_dataset_event_from_classic to 2024-11-03 00:00:00+00:00, run_after=2024-11-04 00:00:00+00:00
[2024-11-04T04:21:32.468+0000] {processor.py:208} INFO - Processing /home/airflow/.local/lib/python3.12/site-packages/airflow/example_dags/example_inlet_event_extra.py took 0.110 seconds
[2024-11-04T04:22:02.792+0000] {processor.py:186} INFO - Started process (PID=743) to work on /home/airflow/.local/lib/python3.12/site-packages/airflow/example_dags/example_inlet_event_extra.py
[2024-11-04T04:22:02.794+0000] {processor.py:914} INFO - Processing file /home/airflow/.local/lib/python3.12/site-packages/airflow/example_dags/example_inlet_event_extra.py for tasks to queue
[2024-11-04T04:22:02.796+0000] {logging_mixin.py:190} INFO - [2024-11-04T04:22:02.796+0000] {dagbag.py:588} INFO - Filling up the DagBag from /home/airflow/.local/lib/python3.12/site-packages/airflow/example_dags/example_inlet_event_extra.py
[2024-11-04T04:22:02.879+0000] {processor.py:925} INFO - DAG(s) 'read_dataset_event', 'read_dataset_event_from_classic' retrieved from /home/airflow/.local/lib/python3.12/site-packages/airflow/example_dags/example_inlet_event_extra.py
[2024-11-04T04:22:02.898+0000] {logging_mixin.py:190} INFO - [2024-11-04T04:22:02.898+0000] {dag.py:3239} INFO - Sync 2 DAGs
[2024-11-04T04:22:02.918+0000] {logging_mixin.py:190} INFO - [2024-11-04T04:22:02.918+0000] {dag.py:4180} INFO - Setting next_dagrun for read_dataset_event to 2024-11-03 00:00:00+00:00, run_after=2024-11-04 00:00:00+00:00
[2024-11-04T04:22:02.921+0000] {logging_mixin.py:190} INFO - [2024-11-04T04:22:02.921+0000] {dag.py:4180} INFO - Setting next_dagrun for read_dataset_event_from_classic to 2024-11-03 00:00:00+00:00, run_after=2024-11-04 00:00:00+00:00
[2024-11-04T04:22:02.932+0000] {processor.py:208} INFO - Processing /home/airflow/.local/lib/python3.12/site-packages/airflow/example_dags/example_inlet_event_extra.py took 0.144 seconds
