[2024-11-04T04:16:25.494+0000] {processor.py:186} INFO - Started process (PID=47) to work on /home/airflow/.local/lib/python3.12/site-packages/airflow/example_dags/example_python_operator.py
[2024-11-04T04:16:25.496+0000] {processor.py:914} INFO - Processing file /home/airflow/.local/lib/python3.12/site-packages/airflow/example_dags/example_python_operator.py for tasks to queue
[2024-11-04T04:16:25.499+0000] {logging_mixin.py:190} INFO - [2024-11-04T04:16:25.498+0000] {dagbag.py:588} INFO - Filling up the DagBag from /home/airflow/.local/lib/python3.12/site-packages/airflow/example_dags/example_python_operator.py
[2024-11-04T04:16:25.511+0000] {processor.py:925} INFO - DAG(s) 'example_python_operator' retrieved from /home/airflow/.local/lib/python3.12/site-packages/airflow/example_dags/example_python_operator.py
[2024-11-04T04:16:25.582+0000] {logging_mixin.py:190} INFO - [2024-11-04T04:16:25.581+0000] {override.py:1900} INFO - Created Permission View: can read on DAG:example_python_operator
[2024-11-04T04:16:25.589+0000] {logging_mixin.py:190} INFO - [2024-11-04T04:16:25.589+0000] {override.py:1900} INFO - Created Permission View: can delete on DAG:example_python_operator
[2024-11-04T04:16:25.595+0000] {logging_mixin.py:190} INFO - [2024-11-04T04:16:25.595+0000] {override.py:1900} INFO - Created Permission View: can edit on DAG:example_python_operator
[2024-11-04T04:16:25.604+0000] {logging_mixin.py:190} INFO - [2024-11-04T04:16:25.603+0000] {override.py:1900} INFO - Created Permission View: menu access on DAG Run:example_python_operator
[2024-11-04T04:16:25.608+0000] {logging_mixin.py:190} INFO - [2024-11-04T04:16:25.607+0000] {override.py:1900} INFO - Created Permission View: can read on DAG Run:example_python_operator
[2024-11-04T04:16:25.612+0000] {logging_mixin.py:190} INFO - [2024-11-04T04:16:25.612+0000] {override.py:1900} INFO - Created Permission View: can create on DAG Run:example_python_operator
[2024-11-04T04:16:25.615+0000] {logging_mixin.py:190} INFO - [2024-11-04T04:16:25.615+0000] {override.py:1900} INFO - Created Permission View: can delete on DAG Run:example_python_operator
[2024-11-04T04:16:25.616+0000] {logging_mixin.py:190} INFO - [2024-11-04T04:16:25.616+0000] {dag.py:3239} INFO - Sync 1 DAGs
[2024-11-04T04:16:25.623+0000] {logging_mixin.py:190} INFO - [2024-11-04T04:16:25.623+0000] {dag.py:3262} INFO - Creating ORM DAG for example_python_operator
[2024-11-04T04:16:25.623+0000] {logging_mixin.py:190} INFO - [2024-11-04T04:16:25.623+0000] {dag.py:4180} INFO - Setting next_dagrun for example_python_operator to None, run_after=None
[2024-11-04T04:16:25.667+0000] {processor.py:208} INFO - Processing /home/airflow/.local/lib/python3.12/site-packages/airflow/example_dags/example_python_operator.py took 0.177 seconds
[2024-11-04T04:16:56.217+0000] {processor.py:186} INFO - Started process (PID=109) to work on /home/airflow/.local/lib/python3.12/site-packages/airflow/example_dags/example_python_operator.py
[2024-11-04T04:16:56.218+0000] {processor.py:914} INFO - Processing file /home/airflow/.local/lib/python3.12/site-packages/airflow/example_dags/example_python_operator.py for tasks to queue
[2024-11-04T04:16:56.220+0000] {logging_mixin.py:190} INFO - [2024-11-04T04:16:56.219+0000] {dagbag.py:588} INFO - Filling up the DagBag from /home/airflow/.local/lib/python3.12/site-packages/airflow/example_dags/example_python_operator.py
[2024-11-04T04:16:56.227+0000] {processor.py:925} INFO - DAG(s) 'example_python_operator' retrieved from /home/airflow/.local/lib/python3.12/site-packages/airflow/example_dags/example_python_operator.py
[2024-11-04T04:16:56.246+0000] {logging_mixin.py:190} INFO - [2024-11-04T04:16:56.245+0000] {dag.py:3239} INFO - Sync 1 DAGs
[2024-11-04T04:16:56.258+0000] {logging_mixin.py:190} INFO - [2024-11-04T04:16:56.258+0000] {dag.py:4180} INFO - Setting next_dagrun for example_python_operator to None, run_after=None
[2024-11-04T04:16:56.274+0000] {processor.py:208} INFO - Processing /home/airflow/.local/lib/python3.12/site-packages/airflow/example_dags/example_python_operator.py took 0.060 seconds
[2024-11-04T04:17:26.814+0000] {processor.py:186} INFO - Started process (PID=171) to work on /home/airflow/.local/lib/python3.12/site-packages/airflow/example_dags/example_python_operator.py
[2024-11-04T04:17:26.815+0000] {processor.py:914} INFO - Processing file /home/airflow/.local/lib/python3.12/site-packages/airflow/example_dags/example_python_operator.py for tasks to queue
[2024-11-04T04:17:26.817+0000] {logging_mixin.py:190} INFO - [2024-11-04T04:17:26.817+0000] {dagbag.py:588} INFO - Filling up the DagBag from /home/airflow/.local/lib/python3.12/site-packages/airflow/example_dags/example_python_operator.py
[2024-11-04T04:17:26.824+0000] {processor.py:925} INFO - DAG(s) 'example_python_operator' retrieved from /home/airflow/.local/lib/python3.12/site-packages/airflow/example_dags/example_python_operator.py
[2024-11-04T04:17:26.842+0000] {logging_mixin.py:190} INFO - [2024-11-04T04:17:26.842+0000] {dag.py:3239} INFO - Sync 1 DAGs
[2024-11-04T04:17:26.854+0000] {logging_mixin.py:190} INFO - [2024-11-04T04:17:26.853+0000] {dag.py:4180} INFO - Setting next_dagrun for example_python_operator to None, run_after=None
[2024-11-04T04:17:26.869+0000] {processor.py:208} INFO - Processing /home/airflow/.local/lib/python3.12/site-packages/airflow/example_dags/example_python_operator.py took 0.059 seconds
[2024-11-04T04:17:57.557+0000] {processor.py:186} INFO - Started process (PID=239) to work on /home/airflow/.local/lib/python3.12/site-packages/airflow/example_dags/example_python_operator.py
[2024-11-04T04:17:57.558+0000] {processor.py:914} INFO - Processing file /home/airflow/.local/lib/python3.12/site-packages/airflow/example_dags/example_python_operator.py for tasks to queue
[2024-11-04T04:17:57.560+0000] {logging_mixin.py:190} INFO - [2024-11-04T04:17:57.560+0000] {dagbag.py:588} INFO - Filling up the DagBag from /home/airflow/.local/lib/python3.12/site-packages/airflow/example_dags/example_python_operator.py
[2024-11-04T04:17:57.567+0000] {processor.py:925} INFO - DAG(s) 'example_python_operator' retrieved from /home/airflow/.local/lib/python3.12/site-packages/airflow/example_dags/example_python_operator.py
[2024-11-04T04:17:57.577+0000] {logging_mixin.py:190} INFO - [2024-11-04T04:17:57.577+0000] {dag.py:3239} INFO - Sync 1 DAGs
[2024-11-04T04:17:57.587+0000] {logging_mixin.py:190} INFO - [2024-11-04T04:17:57.587+0000] {dag.py:4180} INFO - Setting next_dagrun for example_python_operator to None, run_after=None
[2024-11-04T04:17:57.601+0000] {processor.py:208} INFO - Processing /home/airflow/.local/lib/python3.12/site-packages/airflow/example_dags/example_python_operator.py took 0.047 seconds
[2024-11-04T04:18:28.005+0000] {processor.py:186} INFO - Started process (PID=301) to work on /home/airflow/.local/lib/python3.12/site-packages/airflow/example_dags/example_python_operator.py
[2024-11-04T04:18:28.008+0000] {processor.py:914} INFO - Processing file /home/airflow/.local/lib/python3.12/site-packages/airflow/example_dags/example_python_operator.py for tasks to queue
[2024-11-04T04:18:28.012+0000] {logging_mixin.py:190} INFO - [2024-11-04T04:18:28.012+0000] {dagbag.py:588} INFO - Filling up the DagBag from /home/airflow/.local/lib/python3.12/site-packages/airflow/example_dags/example_python_operator.py
[2024-11-04T04:18:28.022+0000] {processor.py:925} INFO - DAG(s) 'example_python_operator' retrieved from /home/airflow/.local/lib/python3.12/site-packages/airflow/example_dags/example_python_operator.py
[2024-11-04T04:18:28.041+0000] {logging_mixin.py:190} INFO - [2024-11-04T04:18:28.041+0000] {dag.py:3239} INFO - Sync 1 DAGs
[2024-11-04T04:18:28.051+0000] {logging_mixin.py:190} INFO - [2024-11-04T04:18:28.051+0000] {dag.py:4180} INFO - Setting next_dagrun for example_python_operator to None, run_after=None
[2024-11-04T04:18:28.066+0000] {processor.py:208} INFO - Processing /home/airflow/.local/lib/python3.12/site-packages/airflow/example_dags/example_python_operator.py took 0.064 seconds
[2024-11-04T04:18:58.714+0000] {processor.py:186} INFO - Started process (PID=363) to work on /home/airflow/.local/lib/python3.12/site-packages/airflow/example_dags/example_python_operator.py
[2024-11-04T04:18:58.715+0000] {processor.py:914} INFO - Processing file /home/airflow/.local/lib/python3.12/site-packages/airflow/example_dags/example_python_operator.py for tasks to queue
[2024-11-04T04:18:58.716+0000] {logging_mixin.py:190} INFO - [2024-11-04T04:18:58.716+0000] {dagbag.py:588} INFO - Filling up the DagBag from /home/airflow/.local/lib/python3.12/site-packages/airflow/example_dags/example_python_operator.py
[2024-11-04T04:18:58.723+0000] {processor.py:925} INFO - DAG(s) 'example_python_operator' retrieved from /home/airflow/.local/lib/python3.12/site-packages/airflow/example_dags/example_python_operator.py
[2024-11-04T04:18:58.735+0000] {logging_mixin.py:190} INFO - [2024-11-04T04:18:58.735+0000] {dag.py:3239} INFO - Sync 1 DAGs
[2024-11-04T04:18:58.742+0000] {logging_mixin.py:190} INFO - [2024-11-04T04:18:58.742+0000] {dag.py:4180} INFO - Setting next_dagrun for example_python_operator to None, run_after=None
[2024-11-04T04:18:58.754+0000] {processor.py:208} INFO - Processing /home/airflow/.local/lib/python3.12/site-packages/airflow/example_dags/example_python_operator.py took 0.043 seconds
[2024-11-04T04:19:29.223+0000] {processor.py:186} INFO - Started process (PID=425) to work on /home/airflow/.local/lib/python3.12/site-packages/airflow/example_dags/example_python_operator.py
[2024-11-04T04:19:29.224+0000] {processor.py:914} INFO - Processing file /home/airflow/.local/lib/python3.12/site-packages/airflow/example_dags/example_python_operator.py for tasks to queue
[2024-11-04T04:19:29.226+0000] {logging_mixin.py:190} INFO - [2024-11-04T04:19:29.225+0000] {dagbag.py:588} INFO - Filling up the DagBag from /home/airflow/.local/lib/python3.12/site-packages/airflow/example_dags/example_python_operator.py
[2024-11-04T04:19:29.234+0000] {processor.py:925} INFO - DAG(s) 'example_python_operator' retrieved from /home/airflow/.local/lib/python3.12/site-packages/airflow/example_dags/example_python_operator.py
[2024-11-04T04:19:29.249+0000] {logging_mixin.py:190} INFO - [2024-11-04T04:19:29.248+0000] {dag.py:3239} INFO - Sync 1 DAGs
[2024-11-04T04:19:29.258+0000] {logging_mixin.py:190} INFO - [2024-11-04T04:19:29.258+0000] {dag.py:4180} INFO - Setting next_dagrun for example_python_operator to None, run_after=None
[2024-11-04T04:19:29.276+0000] {processor.py:208} INFO - Processing /home/airflow/.local/lib/python3.12/site-packages/airflow/example_dags/example_python_operator.py took 0.056 seconds
[2024-11-04T04:19:59.680+0000] {processor.py:186} INFO - Started process (PID=487) to work on /home/airflow/.local/lib/python3.12/site-packages/airflow/example_dags/example_python_operator.py
[2024-11-04T04:19:59.682+0000] {processor.py:914} INFO - Processing file /home/airflow/.local/lib/python3.12/site-packages/airflow/example_dags/example_python_operator.py for tasks to queue
[2024-11-04T04:19:59.684+0000] {logging_mixin.py:190} INFO - [2024-11-04T04:19:59.684+0000] {dagbag.py:588} INFO - Filling up the DagBag from /home/airflow/.local/lib/python3.12/site-packages/airflow/example_dags/example_python_operator.py
[2024-11-04T04:19:59.690+0000] {processor.py:925} INFO - DAG(s) 'example_python_operator' retrieved from /home/airflow/.local/lib/python3.12/site-packages/airflow/example_dags/example_python_operator.py
[2024-11-04T04:19:59.704+0000] {logging_mixin.py:190} INFO - [2024-11-04T04:19:59.704+0000] {dag.py:3239} INFO - Sync 1 DAGs
[2024-11-04T04:19:59.712+0000] {logging_mixin.py:190} INFO - [2024-11-04T04:19:59.712+0000] {dag.py:4180} INFO - Setting next_dagrun for example_python_operator to None, run_after=None
[2024-11-04T04:19:59.726+0000] {processor.py:208} INFO - Processing /home/airflow/.local/lib/python3.12/site-packages/airflow/example_dags/example_python_operator.py took 0.049 seconds
[2024-11-04T04:20:30.182+0000] {processor.py:186} INFO - Started process (PID=549) to work on /home/airflow/.local/lib/python3.12/site-packages/airflow/example_dags/example_python_operator.py
[2024-11-04T04:20:30.183+0000] {processor.py:914} INFO - Processing file /home/airflow/.local/lib/python3.12/site-packages/airflow/example_dags/example_python_operator.py for tasks to queue
[2024-11-04T04:20:30.184+0000] {logging_mixin.py:190} INFO - [2024-11-04T04:20:30.184+0000] {dagbag.py:588} INFO - Filling up the DagBag from /home/airflow/.local/lib/python3.12/site-packages/airflow/example_dags/example_python_operator.py
[2024-11-04T04:20:30.191+0000] {processor.py:925} INFO - DAG(s) 'example_python_operator' retrieved from /home/airflow/.local/lib/python3.12/site-packages/airflow/example_dags/example_python_operator.py
[2024-11-04T04:20:30.203+0000] {logging_mixin.py:190} INFO - [2024-11-04T04:20:30.203+0000] {dag.py:3239} INFO - Sync 1 DAGs
[2024-11-04T04:20:30.210+0000] {logging_mixin.py:190} INFO - [2024-11-04T04:20:30.210+0000] {dag.py:4180} INFO - Setting next_dagrun for example_python_operator to None, run_after=None
[2024-11-04T04:20:30.222+0000] {processor.py:208} INFO - Processing /home/airflow/.local/lib/python3.12/site-packages/airflow/example_dags/example_python_operator.py took 0.043 seconds
[2024-11-04T04:21:00.551+0000] {processor.py:186} INFO - Started process (PID=611) to work on /home/airflow/.local/lib/python3.12/site-packages/airflow/example_dags/example_python_operator.py
[2024-11-04T04:21:00.552+0000] {processor.py:914} INFO - Processing file /home/airflow/.local/lib/python3.12/site-packages/airflow/example_dags/example_python_operator.py for tasks to queue
[2024-11-04T04:21:00.554+0000] {logging_mixin.py:190} INFO - [2024-11-04T04:21:00.553+0000] {dagbag.py:588} INFO - Filling up the DagBag from /home/airflow/.local/lib/python3.12/site-packages/airflow/example_dags/example_python_operator.py
[2024-11-04T04:21:00.560+0000] {processor.py:925} INFO - DAG(s) 'example_python_operator' retrieved from /home/airflow/.local/lib/python3.12/site-packages/airflow/example_dags/example_python_operator.py
[2024-11-04T04:21:00.574+0000] {logging_mixin.py:190} INFO - [2024-11-04T04:21:00.574+0000] {dag.py:3239} INFO - Sync 1 DAGs
[2024-11-04T04:21:00.582+0000] {logging_mixin.py:190} INFO - [2024-11-04T04:21:00.582+0000] {dag.py:4180} INFO - Setting next_dagrun for example_python_operator to None, run_after=None
[2024-11-04T04:21:00.598+0000] {processor.py:208} INFO - Processing /home/airflow/.local/lib/python3.12/site-packages/airflow/example_dags/example_python_operator.py took 0.051 seconds
[2024-11-04T04:21:31.050+0000] {processor.py:186} INFO - Started process (PID=673) to work on /home/airflow/.local/lib/python3.12/site-packages/airflow/example_dags/example_python_operator.py
[2024-11-04T04:21:31.053+0000] {processor.py:914} INFO - Processing file /home/airflow/.local/lib/python3.12/site-packages/airflow/example_dags/example_python_operator.py for tasks to queue
[2024-11-04T04:21:31.055+0000] {logging_mixin.py:190} INFO - [2024-11-04T04:21:31.055+0000] {dagbag.py:588} INFO - Filling up the DagBag from /home/airflow/.local/lib/python3.12/site-packages/airflow/example_dags/example_python_operator.py
[2024-11-04T04:21:31.062+0000] {processor.py:925} INFO - DAG(s) 'example_python_operator' retrieved from /home/airflow/.local/lib/python3.12/site-packages/airflow/example_dags/example_python_operator.py
[2024-11-04T04:21:31.073+0000] {logging_mixin.py:190} INFO - [2024-11-04T04:21:31.073+0000] {dag.py:3239} INFO - Sync 1 DAGs
[2024-11-04T04:21:31.080+0000] {logging_mixin.py:190} INFO - [2024-11-04T04:21:31.080+0000] {dag.py:4180} INFO - Setting next_dagrun for example_python_operator to None, run_after=None
[2024-11-04T04:21:31.089+0000] {processor.py:208} INFO - Processing /home/airflow/.local/lib/python3.12/site-packages/airflow/example_dags/example_python_operator.py took 0.042 seconds
[2024-11-04T04:22:01.377+0000] {processor.py:186} INFO - Started process (PID=735) to work on /home/airflow/.local/lib/python3.12/site-packages/airflow/example_dags/example_python_operator.py
[2024-11-04T04:22:01.379+0000] {processor.py:914} INFO - Processing file /home/airflow/.local/lib/python3.12/site-packages/airflow/example_dags/example_python_operator.py for tasks to queue
[2024-11-04T04:22:01.381+0000] {logging_mixin.py:190} INFO - [2024-11-04T04:22:01.380+0000] {dagbag.py:588} INFO - Filling up the DagBag from /home/airflow/.local/lib/python3.12/site-packages/airflow/example_dags/example_python_operator.py
[2024-11-04T04:22:01.387+0000] {processor.py:925} INFO - DAG(s) 'example_python_operator' retrieved from /home/airflow/.local/lib/python3.12/site-packages/airflow/example_dags/example_python_operator.py
[2024-11-04T04:22:01.404+0000] {logging_mixin.py:190} INFO - [2024-11-04T04:22:01.404+0000] {dag.py:3239} INFO - Sync 1 DAGs
[2024-11-04T04:22:01.420+0000] {logging_mixin.py:190} INFO - [2024-11-04T04:22:01.420+0000] {dag.py:4180} INFO - Setting next_dagrun for example_python_operator to None, run_after=None
[2024-11-04T04:22:01.436+0000] {processor.py:208} INFO - Processing /home/airflow/.local/lib/python3.12/site-packages/airflow/example_dags/example_python_operator.py took 0.062 seconds
