[2024-11-04T04:16:28.956+0000] {processor.py:186} INFO - Started process (PID=91) to work on /home/airflow/.local/lib/python3.12/site-packages/airflow/example_dags/example_sensor_decorator.py
[2024-11-04T04:16:28.958+0000] {processor.py:914} INFO - Processing file /home/airflow/.local/lib/python3.12/site-packages/airflow/example_dags/example_sensor_decorator.py for tasks to queue
[2024-11-04T04:16:28.959+0000] {logging_mixin.py:190} INFO - [2024-11-04T04:16:28.959+0000] {dagbag.py:588} INFO - Filling up the DagBag from /home/airflow/.local/lib/python3.12/site-packages/airflow/example_dags/example_sensor_decorator.py
[2024-11-04T04:16:28.964+0000] {processor.py:925} INFO - DAG(s) 'example_sensor_decorator' retrieved from /home/airflow/.local/lib/python3.12/site-packages/airflow/example_dags/example_sensor_decorator.py
[2024-11-04T04:16:29.014+0000] {logging_mixin.py:190} INFO - [2024-11-04T04:16:29.014+0000] {override.py:1900} INFO - Created Permission View: can read on DAG:example_sensor_decorator
[2024-11-04T04:16:29.021+0000] {logging_mixin.py:190} INFO - [2024-11-04T04:16:29.021+0000] {override.py:1900} INFO - Created Permission View: can delete on DAG:example_sensor_decorator
[2024-11-04T04:16:29.026+0000] {logging_mixin.py:190} INFO - [2024-11-04T04:16:29.026+0000] {override.py:1900} INFO - Created Permission View: can edit on DAG:example_sensor_decorator
[2024-11-04T04:16:29.030+0000] {logging_mixin.py:190} INFO - [2024-11-04T04:16:29.030+0000] {override.py:1900} INFO - Created Permission View: menu access on DAG Run:example_sensor_decorator
[2024-11-04T04:16:29.038+0000] {logging_mixin.py:190} INFO - [2024-11-04T04:16:29.038+0000] {override.py:1900} INFO - Created Permission View: can read on DAG Run:example_sensor_decorator
[2024-11-04T04:16:29.043+0000] {logging_mixin.py:190} INFO - [2024-11-04T04:16:29.043+0000] {override.py:1900} INFO - Created Permission View: can create on DAG Run:example_sensor_decorator
[2024-11-04T04:16:29.048+0000] {logging_mixin.py:190} INFO - [2024-11-04T04:16:29.048+0000] {override.py:1900} INFO - Created Permission View: can delete on DAG Run:example_sensor_decorator
[2024-11-04T04:16:29.048+0000] {logging_mixin.py:190} INFO - [2024-11-04T04:16:29.048+0000] {dag.py:3239} INFO - Sync 1 DAGs
[2024-11-04T04:16:29.057+0000] {logging_mixin.py:190} INFO - [2024-11-04T04:16:29.057+0000] {dag.py:3262} INFO - Creating ORM DAG for example_sensor_decorator
[2024-11-04T04:16:29.058+0000] {logging_mixin.py:190} INFO - [2024-11-04T04:16:29.058+0000] {dag.py:4180} INFO - Setting next_dagrun for example_sensor_decorator to None, run_after=None
[2024-11-04T04:16:29.066+0000] {processor.py:208} INFO - Processing /home/airflow/.local/lib/python3.12/site-packages/airflow/example_dags/example_sensor_decorator.py took 0.114 seconds
[2024-11-04T04:16:59.906+0000] {processor.py:186} INFO - Started process (PID=153) to work on /home/airflow/.local/lib/python3.12/site-packages/airflow/example_dags/example_sensor_decorator.py
[2024-11-04T04:16:59.911+0000] {processor.py:914} INFO - Processing file /home/airflow/.local/lib/python3.12/site-packages/airflow/example_dags/example_sensor_decorator.py for tasks to queue
[2024-11-04T04:16:59.918+0000] {logging_mixin.py:190} INFO - [2024-11-04T04:16:59.917+0000] {dagbag.py:588} INFO - Filling up the DagBag from /home/airflow/.local/lib/python3.12/site-packages/airflow/example_dags/example_sensor_decorator.py
[2024-11-04T04:16:59.926+0000] {processor.py:925} INFO - DAG(s) 'example_sensor_decorator' retrieved from /home/airflow/.local/lib/python3.12/site-packages/airflow/example_dags/example_sensor_decorator.py
[2024-11-04T04:16:59.950+0000] {logging_mixin.py:190} INFO - [2024-11-04T04:16:59.949+0000] {dag.py:3239} INFO - Sync 1 DAGs
[2024-11-04T04:16:59.962+0000] {logging_mixin.py:190} INFO - [2024-11-04T04:16:59.962+0000] {dag.py:4180} INFO - Setting next_dagrun for example_sensor_decorator to None, run_after=None
[2024-11-04T04:16:59.979+0000] {processor.py:208} INFO - Processing /home/airflow/.local/lib/python3.12/site-packages/airflow/example_dags/example_sensor_decorator.py took 0.076 seconds
[2024-11-04T04:17:30.697+0000] {processor.py:186} INFO - Started process (PID=215) to work on /home/airflow/.local/lib/python3.12/site-packages/airflow/example_dags/example_sensor_decorator.py
[2024-11-04T04:17:30.698+0000] {processor.py:914} INFO - Processing file /home/airflow/.local/lib/python3.12/site-packages/airflow/example_dags/example_sensor_decorator.py for tasks to queue
[2024-11-04T04:17:30.700+0000] {logging_mixin.py:190} INFO - [2024-11-04T04:17:30.700+0000] {dagbag.py:588} INFO - Filling up the DagBag from /home/airflow/.local/lib/python3.12/site-packages/airflow/example_dags/example_sensor_decorator.py
[2024-11-04T04:17:30.707+0000] {processor.py:925} INFO - DAG(s) 'example_sensor_decorator' retrieved from /home/airflow/.local/lib/python3.12/site-packages/airflow/example_dags/example_sensor_decorator.py
[2024-11-04T04:17:30.722+0000] {logging_mixin.py:190} INFO - [2024-11-04T04:17:30.721+0000] {dag.py:3239} INFO - Sync 1 DAGs
[2024-11-04T04:17:30.729+0000] {logging_mixin.py:190} INFO - [2024-11-04T04:17:30.729+0000] {dag.py:4180} INFO - Setting next_dagrun for example_sensor_decorator to None, run_after=None
[2024-11-04T04:17:30.740+0000] {processor.py:208} INFO - Processing /home/airflow/.local/lib/python3.12/site-packages/airflow/example_dags/example_sensor_decorator.py took 0.047 seconds
[2024-11-04T04:18:01.130+0000] {processor.py:186} INFO - Started process (PID=277) to work on /home/airflow/.local/lib/python3.12/site-packages/airflow/example_dags/example_sensor_decorator.py
[2024-11-04T04:18:01.132+0000] {processor.py:914} INFO - Processing file /home/airflow/.local/lib/python3.12/site-packages/airflow/example_dags/example_sensor_decorator.py for tasks to queue
[2024-11-04T04:18:01.133+0000] {logging_mixin.py:190} INFO - [2024-11-04T04:18:01.133+0000] {dagbag.py:588} INFO - Filling up the DagBag from /home/airflow/.local/lib/python3.12/site-packages/airflow/example_dags/example_sensor_decorator.py
[2024-11-04T04:18:01.137+0000] {processor.py:925} INFO - DAG(s) 'example_sensor_decorator' retrieved from /home/airflow/.local/lib/python3.12/site-packages/airflow/example_dags/example_sensor_decorator.py
[2024-11-04T04:18:01.148+0000] {logging_mixin.py:190} INFO - [2024-11-04T04:18:01.147+0000] {dag.py:3239} INFO - Sync 1 DAGs
[2024-11-04T04:18:01.156+0000] {logging_mixin.py:190} INFO - [2024-11-04T04:18:01.155+0000] {dag.py:4180} INFO - Setting next_dagrun for example_sensor_decorator to None, run_after=None
[2024-11-04T04:18:01.173+0000] {processor.py:208} INFO - Processing /home/airflow/.local/lib/python3.12/site-packages/airflow/example_dags/example_sensor_decorator.py took 0.045 seconds
[2024-11-04T04:18:31.911+0000] {processor.py:186} INFO - Started process (PID=339) to work on /home/airflow/.local/lib/python3.12/site-packages/airflow/example_dags/example_sensor_decorator.py
[2024-11-04T04:18:31.911+0000] {processor.py:914} INFO - Processing file /home/airflow/.local/lib/python3.12/site-packages/airflow/example_dags/example_sensor_decorator.py for tasks to queue
[2024-11-04T04:18:31.913+0000] {logging_mixin.py:190} INFO - [2024-11-04T04:18:31.912+0000] {dagbag.py:588} INFO - Filling up the DagBag from /home/airflow/.local/lib/python3.12/site-packages/airflow/example_dags/example_sensor_decorator.py
[2024-11-04T04:18:31.917+0000] {processor.py:925} INFO - DAG(s) 'example_sensor_decorator' retrieved from /home/airflow/.local/lib/python3.12/site-packages/airflow/example_dags/example_sensor_decorator.py
[2024-11-04T04:18:31.928+0000] {logging_mixin.py:190} INFO - [2024-11-04T04:18:31.928+0000] {dag.py:3239} INFO - Sync 1 DAGs
[2024-11-04T04:18:31.935+0000] {logging_mixin.py:190} INFO - [2024-11-04T04:18:31.935+0000] {dag.py:4180} INFO - Setting next_dagrun for example_sensor_decorator to None, run_after=None
[2024-11-04T04:18:31.945+0000] {processor.py:208} INFO - Processing /home/airflow/.local/lib/python3.12/site-packages/airflow/example_dags/example_sensor_decorator.py took 0.038 seconds
[2024-11-04T04:19:02.406+0000] {processor.py:186} INFO - Started process (PID=401) to work on /home/airflow/.local/lib/python3.12/site-packages/airflow/example_dags/example_sensor_decorator.py
[2024-11-04T04:19:02.407+0000] {processor.py:914} INFO - Processing file /home/airflow/.local/lib/python3.12/site-packages/airflow/example_dags/example_sensor_decorator.py for tasks to queue
[2024-11-04T04:19:02.409+0000] {logging_mixin.py:190} INFO - [2024-11-04T04:19:02.408+0000] {dagbag.py:588} INFO - Filling up the DagBag from /home/airflow/.local/lib/python3.12/site-packages/airflow/example_dags/example_sensor_decorator.py
[2024-11-04T04:19:02.413+0000] {processor.py:925} INFO - DAG(s) 'example_sensor_decorator' retrieved from /home/airflow/.local/lib/python3.12/site-packages/airflow/example_dags/example_sensor_decorator.py
[2024-11-04T04:19:02.425+0000] {logging_mixin.py:190} INFO - [2024-11-04T04:19:02.425+0000] {dag.py:3239} INFO - Sync 1 DAGs
[2024-11-04T04:19:02.434+0000] {logging_mixin.py:190} INFO - [2024-11-04T04:19:02.433+0000] {dag.py:4180} INFO - Setting next_dagrun for example_sensor_decorator to None, run_after=None
[2024-11-04T04:19:02.448+0000] {processor.py:208} INFO - Processing /home/airflow/.local/lib/python3.12/site-packages/airflow/example_dags/example_sensor_decorator.py took 0.046 seconds
[2024-11-04T04:19:32.813+0000] {processor.py:186} INFO - Started process (PID=463) to work on /home/airflow/.local/lib/python3.12/site-packages/airflow/example_dags/example_sensor_decorator.py
[2024-11-04T04:19:32.814+0000] {processor.py:914} INFO - Processing file /home/airflow/.local/lib/python3.12/site-packages/airflow/example_dags/example_sensor_decorator.py for tasks to queue
[2024-11-04T04:19:32.816+0000] {logging_mixin.py:190} INFO - [2024-11-04T04:19:32.815+0000] {dagbag.py:588} INFO - Filling up the DagBag from /home/airflow/.local/lib/python3.12/site-packages/airflow/example_dags/example_sensor_decorator.py
[2024-11-04T04:19:32.820+0000] {processor.py:925} INFO - DAG(s) 'example_sensor_decorator' retrieved from /home/airflow/.local/lib/python3.12/site-packages/airflow/example_dags/example_sensor_decorator.py
[2024-11-04T04:19:32.835+0000] {logging_mixin.py:190} INFO - [2024-11-04T04:19:32.835+0000] {dag.py:3239} INFO - Sync 1 DAGs
[2024-11-04T04:19:32.844+0000] {logging_mixin.py:190} INFO - [2024-11-04T04:19:32.844+0000] {dag.py:4180} INFO - Setting next_dagrun for example_sensor_decorator to None, run_after=None
[2024-11-04T04:19:32.856+0000] {processor.py:208} INFO - Processing /home/airflow/.local/lib/python3.12/site-packages/airflow/example_dags/example_sensor_decorator.py took 0.046 seconds
[2024-11-04T04:20:03.363+0000] {processor.py:186} INFO - Started process (PID=525) to work on /home/airflow/.local/lib/python3.12/site-packages/airflow/example_dags/example_sensor_decorator.py
[2024-11-04T04:20:03.365+0000] {processor.py:914} INFO - Processing file /home/airflow/.local/lib/python3.12/site-packages/airflow/example_dags/example_sensor_decorator.py for tasks to queue
[2024-11-04T04:20:03.367+0000] {logging_mixin.py:190} INFO - [2024-11-04T04:20:03.366+0000] {dagbag.py:588} INFO - Filling up the DagBag from /home/airflow/.local/lib/python3.12/site-packages/airflow/example_dags/example_sensor_decorator.py
[2024-11-04T04:20:03.372+0000] {processor.py:925} INFO - DAG(s) 'example_sensor_decorator' retrieved from /home/airflow/.local/lib/python3.12/site-packages/airflow/example_dags/example_sensor_decorator.py
[2024-11-04T04:20:03.387+0000] {logging_mixin.py:190} INFO - [2024-11-04T04:20:03.387+0000] {dag.py:3239} INFO - Sync 1 DAGs
[2024-11-04T04:20:03.396+0000] {logging_mixin.py:190} INFO - [2024-11-04T04:20:03.396+0000] {dag.py:4180} INFO - Setting next_dagrun for example_sensor_decorator to None, run_after=None
[2024-11-04T04:20:03.408+0000] {processor.py:208} INFO - Processing /home/airflow/.local/lib/python3.12/site-packages/airflow/example_dags/example_sensor_decorator.py took 0.049 seconds
[2024-11-04T04:20:33.650+0000] {processor.py:186} INFO - Started process (PID=587) to work on /home/airflow/.local/lib/python3.12/site-packages/airflow/example_dags/example_sensor_decorator.py
[2024-11-04T04:20:33.651+0000] {processor.py:914} INFO - Processing file /home/airflow/.local/lib/python3.12/site-packages/airflow/example_dags/example_sensor_decorator.py for tasks to queue
[2024-11-04T04:20:33.653+0000] {logging_mixin.py:190} INFO - [2024-11-04T04:20:33.653+0000] {dagbag.py:588} INFO - Filling up the DagBag from /home/airflow/.local/lib/python3.12/site-packages/airflow/example_dags/example_sensor_decorator.py
[2024-11-04T04:20:33.657+0000] {processor.py:925} INFO - DAG(s) 'example_sensor_decorator' retrieved from /home/airflow/.local/lib/python3.12/site-packages/airflow/example_dags/example_sensor_decorator.py
[2024-11-04T04:20:33.668+0000] {logging_mixin.py:190} INFO - [2024-11-04T04:20:33.667+0000] {dag.py:3239} INFO - Sync 1 DAGs
[2024-11-04T04:20:33.675+0000] {logging_mixin.py:190} INFO - [2024-11-04T04:20:33.675+0000] {dag.py:4180} INFO - Setting next_dagrun for example_sensor_decorator to None, run_after=None
[2024-11-04T04:20:33.689+0000] {processor.py:208} INFO - Processing /home/airflow/.local/lib/python3.12/site-packages/airflow/example_dags/example_sensor_decorator.py took 0.042 seconds
[2024-11-04T04:21:04.128+0000] {processor.py:186} INFO - Started process (PID=649) to work on /home/airflow/.local/lib/python3.12/site-packages/airflow/example_dags/example_sensor_decorator.py
[2024-11-04T04:21:04.129+0000] {processor.py:914} INFO - Processing file /home/airflow/.local/lib/python3.12/site-packages/airflow/example_dags/example_sensor_decorator.py for tasks to queue
[2024-11-04T04:21:04.132+0000] {logging_mixin.py:190} INFO - [2024-11-04T04:21:04.132+0000] {dagbag.py:588} INFO - Filling up the DagBag from /home/airflow/.local/lib/python3.12/site-packages/airflow/example_dags/example_sensor_decorator.py
[2024-11-04T04:21:04.138+0000] {processor.py:925} INFO - DAG(s) 'example_sensor_decorator' retrieved from /home/airflow/.local/lib/python3.12/site-packages/airflow/example_dags/example_sensor_decorator.py
[2024-11-04T04:21:04.152+0000] {logging_mixin.py:190} INFO - [2024-11-04T04:21:04.152+0000] {dag.py:3239} INFO - Sync 1 DAGs
[2024-11-04T04:21:04.161+0000] {logging_mixin.py:190} INFO - [2024-11-04T04:21:04.160+0000] {dag.py:4180} INFO - Setting next_dagrun for example_sensor_decorator to None, run_after=None
[2024-11-04T04:21:04.171+0000] {processor.py:208} INFO - Processing /home/airflow/.local/lib/python3.12/site-packages/airflow/example_dags/example_sensor_decorator.py took 0.048 seconds
[2024-11-04T04:21:34.519+0000] {processor.py:186} INFO - Started process (PID=711) to work on /home/airflow/.local/lib/python3.12/site-packages/airflow/example_dags/example_sensor_decorator.py
[2024-11-04T04:21:34.520+0000] {processor.py:914} INFO - Processing file /home/airflow/.local/lib/python3.12/site-packages/airflow/example_dags/example_sensor_decorator.py for tasks to queue
[2024-11-04T04:21:34.521+0000] {logging_mixin.py:190} INFO - [2024-11-04T04:21:34.521+0000] {dagbag.py:588} INFO - Filling up the DagBag from /home/airflow/.local/lib/python3.12/site-packages/airflow/example_dags/example_sensor_decorator.py
[2024-11-04T04:21:34.526+0000] {processor.py:925} INFO - DAG(s) 'example_sensor_decorator' retrieved from /home/airflow/.local/lib/python3.12/site-packages/airflow/example_dags/example_sensor_decorator.py
[2024-11-04T04:21:34.536+0000] {logging_mixin.py:190} INFO - [2024-11-04T04:21:34.535+0000] {dag.py:3239} INFO - Sync 1 DAGs
[2024-11-04T04:21:34.544+0000] {logging_mixin.py:190} INFO - [2024-11-04T04:21:34.544+0000] {dag.py:4180} INFO - Setting next_dagrun for example_sensor_decorator to None, run_after=None
[2024-11-04T04:21:34.558+0000] {processor.py:208} INFO - Processing /home/airflow/.local/lib/python3.12/site-packages/airflow/example_dags/example_sensor_decorator.py took 0.042 seconds
[2024-11-04T04:22:05.182+0000] {processor.py:186} INFO - Started process (PID=773) to work on /home/airflow/.local/lib/python3.12/site-packages/airflow/example_dags/example_sensor_decorator.py
[2024-11-04T04:22:05.183+0000] {processor.py:914} INFO - Processing file /home/airflow/.local/lib/python3.12/site-packages/airflow/example_dags/example_sensor_decorator.py for tasks to queue
[2024-11-04T04:22:05.186+0000] {logging_mixin.py:190} INFO - [2024-11-04T04:22:05.186+0000] {dagbag.py:588} INFO - Filling up the DagBag from /home/airflow/.local/lib/python3.12/site-packages/airflow/example_dags/example_sensor_decorator.py
[2024-11-04T04:22:05.192+0000] {processor.py:925} INFO - DAG(s) 'example_sensor_decorator' retrieved from /home/airflow/.local/lib/python3.12/site-packages/airflow/example_dags/example_sensor_decorator.py
[2024-11-04T04:22:05.206+0000] {logging_mixin.py:190} INFO - [2024-11-04T04:22:05.206+0000] {dag.py:3239} INFO - Sync 1 DAGs
[2024-11-04T04:22:05.214+0000] {logging_mixin.py:190} INFO - [2024-11-04T04:22:05.214+0000] {dag.py:4180} INFO - Setting next_dagrun for example_sensor_decorator to None, run_after=None
[2024-11-04T04:22:05.225+0000] {processor.py:208} INFO - Processing /home/airflow/.local/lib/python3.12/site-packages/airflow/example_dags/example_sensor_decorator.py took 0.047 seconds
