[2024-11-04T04:16:26.022+0000] {processor.py:186} INFO - Started process (PID=50) to work on /home/airflow/.local/lib/python3.12/site-packages/airflow/example_dags/tutorial.py
[2024-11-04T04:16:26.023+0000] {processor.py:914} INFO - Processing file /home/airflow/.local/lib/python3.12/site-packages/airflow/example_dags/tutorial.py for tasks to queue
[2024-11-04T04:16:26.024+0000] {logging_mixin.py:190} INFO - [2024-11-04T04:16:26.024+0000] {dagbag.py:588} INFO - Filling up the DagBag from /home/airflow/.local/lib/python3.12/site-packages/airflow/example_dags/tutorial.py
[2024-11-04T04:16:26.032+0000] {processor.py:925} INFO - DAG(s) 'tutorial' retrieved from /home/airflow/.local/lib/python3.12/site-packages/airflow/example_dags/tutorial.py
[2024-11-04T04:16:26.090+0000] {logging_mixin.py:190} INFO - [2024-11-04T04:16:26.089+0000] {override.py:1900} INFO - Created Permission View: can read on DAG:tutorial
[2024-11-04T04:16:26.094+0000] {logging_mixin.py:190} INFO - [2024-11-04T04:16:26.094+0000] {override.py:1900} INFO - Created Permission View: can delete on DAG:tutorial
[2024-11-04T04:16:26.099+0000] {logging_mixin.py:190} INFO - [2024-11-04T04:16:26.099+0000] {override.py:1900} INFO - Created Permission View: can edit on DAG:tutorial
[2024-11-04T04:16:26.103+0000] {logging_mixin.py:190} INFO - [2024-11-04T04:16:26.103+0000] {override.py:1900} INFO - Created Permission View: menu access on DAG Run:tutorial
[2024-11-04T04:16:26.109+0000] {logging_mixin.py:190} INFO - [2024-11-04T04:16:26.109+0000] {override.py:1900} INFO - Created Permission View: can read on DAG Run:tutorial
[2024-11-04T04:16:26.113+0000] {logging_mixin.py:190} INFO - [2024-11-04T04:16:26.113+0000] {override.py:1900} INFO - Created Permission View: can create on DAG Run:tutorial
[2024-11-04T04:16:26.118+0000] {logging_mixin.py:190} INFO - [2024-11-04T04:16:26.118+0000] {override.py:1900} INFO - Created Permission View: can delete on DAG Run:tutorial
[2024-11-04T04:16:26.119+0000] {logging_mixin.py:190} INFO - [2024-11-04T04:16:26.119+0000] {dag.py:3239} INFO - Sync 1 DAGs
[2024-11-04T04:16:26.128+0000] {logging_mixin.py:190} INFO - [2024-11-04T04:16:26.128+0000] {dag.py:3262} INFO - Creating ORM DAG for tutorial
[2024-11-04T04:16:26.134+0000] {logging_mixin.py:190} INFO - [2024-11-04T04:16:26.134+0000] {dag.py:4180} INFO - Setting next_dagrun for tutorial to 2024-11-03 00:00:00+00:00, run_after=2024-11-04 00:00:00+00:00
[2024-11-04T04:16:26.150+0000] {processor.py:208} INFO - Processing /home/airflow/.local/lib/python3.12/site-packages/airflow/example_dags/tutorial.py took 0.133 seconds
[2024-11-04T04:16:56.364+0000] {processor.py:186} INFO - Started process (PID=112) to work on /home/airflow/.local/lib/python3.12/site-packages/airflow/example_dags/tutorial.py
[2024-11-04T04:16:56.364+0000] {processor.py:914} INFO - Processing file /home/airflow/.local/lib/python3.12/site-packages/airflow/example_dags/tutorial.py for tasks to queue
[2024-11-04T04:16:56.366+0000] {logging_mixin.py:190} INFO - [2024-11-04T04:16:56.366+0000] {dagbag.py:588} INFO - Filling up the DagBag from /home/airflow/.local/lib/python3.12/site-packages/airflow/example_dags/tutorial.py
[2024-11-04T04:16:56.370+0000] {processor.py:925} INFO - DAG(s) 'tutorial' retrieved from /home/airflow/.local/lib/python3.12/site-packages/airflow/example_dags/tutorial.py
[2024-11-04T04:16:56.382+0000] {logging_mixin.py:190} INFO - [2024-11-04T04:16:56.382+0000] {dag.py:3239} INFO - Sync 1 DAGs
[2024-11-04T04:16:56.396+0000] {logging_mixin.py:190} INFO - [2024-11-04T04:16:56.396+0000] {dag.py:4180} INFO - Setting next_dagrun for tutorial to 2024-11-03 00:00:00+00:00, run_after=2024-11-04 00:00:00+00:00
[2024-11-04T04:16:56.411+0000] {processor.py:208} INFO - Processing /home/airflow/.local/lib/python3.12/site-packages/airflow/example_dags/tutorial.py took 0.050 seconds
[2024-11-04T04:17:26.956+0000] {processor.py:186} INFO - Started process (PID=174) to work on /home/airflow/.local/lib/python3.12/site-packages/airflow/example_dags/tutorial.py
[2024-11-04T04:17:26.957+0000] {processor.py:914} INFO - Processing file /home/airflow/.local/lib/python3.12/site-packages/airflow/example_dags/tutorial.py for tasks to queue
[2024-11-04T04:17:26.961+0000] {logging_mixin.py:190} INFO - [2024-11-04T04:17:26.961+0000] {dagbag.py:588} INFO - Filling up the DagBag from /home/airflow/.local/lib/python3.12/site-packages/airflow/example_dags/tutorial.py
[2024-11-04T04:17:26.967+0000] {processor.py:925} INFO - DAG(s) 'tutorial' retrieved from /home/airflow/.local/lib/python3.12/site-packages/airflow/example_dags/tutorial.py
[2024-11-04T04:17:26.979+0000] {logging_mixin.py:190} INFO - [2024-11-04T04:17:26.978+0000] {dag.py:3239} INFO - Sync 1 DAGs
[2024-11-04T04:17:26.991+0000] {logging_mixin.py:190} INFO - [2024-11-04T04:17:26.991+0000] {dag.py:4180} INFO - Setting next_dagrun for tutorial to 2024-11-03 00:00:00+00:00, run_after=2024-11-04 00:00:00+00:00
[2024-11-04T04:17:27.008+0000] {processor.py:208} INFO - Processing /home/airflow/.local/lib/python3.12/site-packages/airflow/example_dags/tutorial.py took 0.055 seconds
[2024-11-04T04:17:57.689+0000] {processor.py:186} INFO - Started process (PID=242) to work on /home/airflow/.local/lib/python3.12/site-packages/airflow/example_dags/tutorial.py
[2024-11-04T04:17:57.690+0000] {processor.py:914} INFO - Processing file /home/airflow/.local/lib/python3.12/site-packages/airflow/example_dags/tutorial.py for tasks to queue
[2024-11-04T04:17:57.691+0000] {logging_mixin.py:190} INFO - [2024-11-04T04:17:57.691+0000] {dagbag.py:588} INFO - Filling up the DagBag from /home/airflow/.local/lib/python3.12/site-packages/airflow/example_dags/tutorial.py
[2024-11-04T04:17:57.695+0000] {processor.py:925} INFO - DAG(s) 'tutorial' retrieved from /home/airflow/.local/lib/python3.12/site-packages/airflow/example_dags/tutorial.py
[2024-11-04T04:17:57.706+0000] {logging_mixin.py:190} INFO - [2024-11-04T04:17:57.706+0000] {dag.py:3239} INFO - Sync 1 DAGs
[2024-11-04T04:17:57.717+0000] {logging_mixin.py:190} INFO - [2024-11-04T04:17:57.717+0000] {dag.py:4180} INFO - Setting next_dagrun for tutorial to 2024-11-03 00:00:00+00:00, run_after=2024-11-04 00:00:00+00:00
[2024-11-04T04:17:57.725+0000] {processor.py:208} INFO - Processing /home/airflow/.local/lib/python3.12/site-packages/airflow/example_dags/tutorial.py took 0.039 seconds
[2024-11-04T04:18:28.162+0000] {processor.py:186} INFO - Started process (PID=304) to work on /home/airflow/.local/lib/python3.12/site-packages/airflow/example_dags/tutorial.py
[2024-11-04T04:18:28.163+0000] {processor.py:914} INFO - Processing file /home/airflow/.local/lib/python3.12/site-packages/airflow/example_dags/tutorial.py for tasks to queue
[2024-11-04T04:18:28.164+0000] {logging_mixin.py:190} INFO - [2024-11-04T04:18:28.164+0000] {dagbag.py:588} INFO - Filling up the DagBag from /home/airflow/.local/lib/python3.12/site-packages/airflow/example_dags/tutorial.py
[2024-11-04T04:18:28.168+0000] {processor.py:925} INFO - DAG(s) 'tutorial' retrieved from /home/airflow/.local/lib/python3.12/site-packages/airflow/example_dags/tutorial.py
[2024-11-04T04:18:28.192+0000] {logging_mixin.py:190} INFO - [2024-11-04T04:18:28.192+0000] {dag.py:3239} INFO - Sync 1 DAGs
[2024-11-04T04:18:28.209+0000] {logging_mixin.py:190} INFO - [2024-11-04T04:18:28.209+0000] {dag.py:4180} INFO - Setting next_dagrun for tutorial to 2024-11-03 00:00:00+00:00, run_after=2024-11-04 00:00:00+00:00
[2024-11-04T04:18:28.231+0000] {processor.py:208} INFO - Processing /home/airflow/.local/lib/python3.12/site-packages/airflow/example_dags/tutorial.py took 0.072 seconds
[2024-11-04T04:18:58.838+0000] {processor.py:186} INFO - Started process (PID=366) to work on /home/airflow/.local/lib/python3.12/site-packages/airflow/example_dags/tutorial.py
[2024-11-04T04:18:58.838+0000] {processor.py:914} INFO - Processing file /home/airflow/.local/lib/python3.12/site-packages/airflow/example_dags/tutorial.py for tasks to queue
[2024-11-04T04:18:58.840+0000] {logging_mixin.py:190} INFO - [2024-11-04T04:18:58.840+0000] {dagbag.py:588} INFO - Filling up the DagBag from /home/airflow/.local/lib/python3.12/site-packages/airflow/example_dags/tutorial.py
[2024-11-04T04:18:58.844+0000] {processor.py:925} INFO - DAG(s) 'tutorial' retrieved from /home/airflow/.local/lib/python3.12/site-packages/airflow/example_dags/tutorial.py
[2024-11-04T04:18:58.856+0000] {logging_mixin.py:190} INFO - [2024-11-04T04:18:58.855+0000] {dag.py:3239} INFO - Sync 1 DAGs
[2024-11-04T04:18:58.866+0000] {logging_mixin.py:190} INFO - [2024-11-04T04:18:58.866+0000] {dag.py:4180} INFO - Setting next_dagrun for tutorial to 2024-11-03 00:00:00+00:00, run_after=2024-11-04 00:00:00+00:00
[2024-11-04T04:18:58.877+0000] {processor.py:208} INFO - Processing /home/airflow/.local/lib/python3.12/site-packages/airflow/example_dags/tutorial.py took 0.043 seconds
[2024-11-04T04:19:29.366+0000] {processor.py:186} INFO - Started process (PID=428) to work on /home/airflow/.local/lib/python3.12/site-packages/airflow/example_dags/tutorial.py
[2024-11-04T04:19:29.367+0000] {processor.py:914} INFO - Processing file /home/airflow/.local/lib/python3.12/site-packages/airflow/example_dags/tutorial.py for tasks to queue
[2024-11-04T04:19:29.368+0000] {logging_mixin.py:190} INFO - [2024-11-04T04:19:29.368+0000] {dagbag.py:588} INFO - Filling up the DagBag from /home/airflow/.local/lib/python3.12/site-packages/airflow/example_dags/tutorial.py
[2024-11-04T04:19:29.373+0000] {processor.py:925} INFO - DAG(s) 'tutorial' retrieved from /home/airflow/.local/lib/python3.12/site-packages/airflow/example_dags/tutorial.py
[2024-11-04T04:19:29.385+0000] {logging_mixin.py:190} INFO - [2024-11-04T04:19:29.385+0000] {dag.py:3239} INFO - Sync 1 DAGs
[2024-11-04T04:19:29.398+0000] {logging_mixin.py:190} INFO - [2024-11-04T04:19:29.398+0000] {dag.py:4180} INFO - Setting next_dagrun for tutorial to 2024-11-03 00:00:00+00:00, run_after=2024-11-04 00:00:00+00:00
[2024-11-04T04:19:29.408+0000] {processor.py:208} INFO - Processing /home/airflow/.local/lib/python3.12/site-packages/airflow/example_dags/tutorial.py took 0.045 seconds
[2024-11-04T04:19:59.806+0000] {processor.py:186} INFO - Started process (PID=490) to work on /home/airflow/.local/lib/python3.12/site-packages/airflow/example_dags/tutorial.py
[2024-11-04T04:19:59.807+0000] {processor.py:914} INFO - Processing file /home/airflow/.local/lib/python3.12/site-packages/airflow/example_dags/tutorial.py for tasks to queue
[2024-11-04T04:19:59.808+0000] {logging_mixin.py:190} INFO - [2024-11-04T04:19:59.808+0000] {dagbag.py:588} INFO - Filling up the DagBag from /home/airflow/.local/lib/python3.12/site-packages/airflow/example_dags/tutorial.py
[2024-11-04T04:19:59.813+0000] {processor.py:925} INFO - DAG(s) 'tutorial' retrieved from /home/airflow/.local/lib/python3.12/site-packages/airflow/example_dags/tutorial.py
[2024-11-04T04:19:59.823+0000] {logging_mixin.py:190} INFO - [2024-11-04T04:19:59.823+0000] {dag.py:3239} INFO - Sync 1 DAGs
[2024-11-04T04:19:59.834+0000] {logging_mixin.py:190} INFO - [2024-11-04T04:19:59.834+0000] {dag.py:4180} INFO - Setting next_dagrun for tutorial to 2024-11-03 00:00:00+00:00, run_after=2024-11-04 00:00:00+00:00
[2024-11-04T04:19:59.842+0000] {processor.py:208} INFO - Processing /home/airflow/.local/lib/python3.12/site-packages/airflow/example_dags/tutorial.py took 0.038 seconds
[2024-11-04T04:20:30.300+0000] {processor.py:186} INFO - Started process (PID=552) to work on /home/airflow/.local/lib/python3.12/site-packages/airflow/example_dags/tutorial.py
[2024-11-04T04:20:30.301+0000] {processor.py:914} INFO - Processing file /home/airflow/.local/lib/python3.12/site-packages/airflow/example_dags/tutorial.py for tasks to queue
[2024-11-04T04:20:30.303+0000] {logging_mixin.py:190} INFO - [2024-11-04T04:20:30.302+0000] {dagbag.py:588} INFO - Filling up the DagBag from /home/airflow/.local/lib/python3.12/site-packages/airflow/example_dags/tutorial.py
[2024-11-04T04:20:30.307+0000] {processor.py:925} INFO - DAG(s) 'tutorial' retrieved from /home/airflow/.local/lib/python3.12/site-packages/airflow/example_dags/tutorial.py
[2024-11-04T04:20:30.320+0000] {logging_mixin.py:190} INFO - [2024-11-04T04:20:30.320+0000] {dag.py:3239} INFO - Sync 1 DAGs
[2024-11-04T04:20:30.332+0000] {logging_mixin.py:190} INFO - [2024-11-04T04:20:30.332+0000] {dag.py:4180} INFO - Setting next_dagrun for tutorial to 2024-11-03 00:00:00+00:00, run_after=2024-11-04 00:00:00+00:00
[2024-11-04T04:20:30.344+0000] {processor.py:208} INFO - Processing /home/airflow/.local/lib/python3.12/site-packages/airflow/example_dags/tutorial.py took 0.047 seconds
[2024-11-04T04:21:00.677+0000] {processor.py:186} INFO - Started process (PID=614) to work on /home/airflow/.local/lib/python3.12/site-packages/airflow/example_dags/tutorial.py
[2024-11-04T04:21:00.678+0000] {processor.py:914} INFO - Processing file /home/airflow/.local/lib/python3.12/site-packages/airflow/example_dags/tutorial.py for tasks to queue
[2024-11-04T04:21:00.679+0000] {logging_mixin.py:190} INFO - [2024-11-04T04:21:00.679+0000] {dagbag.py:588} INFO - Filling up the DagBag from /home/airflow/.local/lib/python3.12/site-packages/airflow/example_dags/tutorial.py
[2024-11-04T04:21:00.683+0000] {processor.py:925} INFO - DAG(s) 'tutorial' retrieved from /home/airflow/.local/lib/python3.12/site-packages/airflow/example_dags/tutorial.py
[2024-11-04T04:21:00.694+0000] {logging_mixin.py:190} INFO - [2024-11-04T04:21:00.693+0000] {dag.py:3239} INFO - Sync 1 DAGs
[2024-11-04T04:21:00.704+0000] {logging_mixin.py:190} INFO - [2024-11-04T04:21:00.704+0000] {dag.py:4180} INFO - Setting next_dagrun for tutorial to 2024-11-03 00:00:00+00:00, run_after=2024-11-04 00:00:00+00:00
[2024-11-04T04:21:00.712+0000] {processor.py:208} INFO - Processing /home/airflow/.local/lib/python3.12/site-packages/airflow/example_dags/tutorial.py took 0.037 seconds
[2024-11-04T04:21:31.167+0000] {processor.py:186} INFO - Started process (PID=676) to work on /home/airflow/.local/lib/python3.12/site-packages/airflow/example_dags/tutorial.py
[2024-11-04T04:21:31.168+0000] {processor.py:914} INFO - Processing file /home/airflow/.local/lib/python3.12/site-packages/airflow/example_dags/tutorial.py for tasks to queue
[2024-11-04T04:21:31.173+0000] {logging_mixin.py:190} INFO - [2024-11-04T04:21:31.173+0000] {dagbag.py:588} INFO - Filling up the DagBag from /home/airflow/.local/lib/python3.12/site-packages/airflow/example_dags/tutorial.py
[2024-11-04T04:21:31.179+0000] {processor.py:925} INFO - DAG(s) 'tutorial' retrieved from /home/airflow/.local/lib/python3.12/site-packages/airflow/example_dags/tutorial.py
[2024-11-04T04:21:31.190+0000] {logging_mixin.py:190} INFO - [2024-11-04T04:21:31.190+0000] {dag.py:3239} INFO - Sync 1 DAGs
[2024-11-04T04:21:31.205+0000] {logging_mixin.py:190} INFO - [2024-11-04T04:21:31.205+0000] {dag.py:4180} INFO - Setting next_dagrun for tutorial to 2024-11-03 00:00:00+00:00, run_after=2024-11-04 00:00:00+00:00
[2024-11-04T04:21:31.216+0000] {processor.py:208} INFO - Processing /home/airflow/.local/lib/python3.12/site-packages/airflow/example_dags/tutorial.py took 0.052 seconds
[2024-11-04T04:22:01.557+0000] {processor.py:186} INFO - Started process (PID=738) to work on /home/airflow/.local/lib/python3.12/site-packages/airflow/example_dags/tutorial.py
[2024-11-04T04:22:01.560+0000] {processor.py:914} INFO - Processing file /home/airflow/.local/lib/python3.12/site-packages/airflow/example_dags/tutorial.py for tasks to queue
[2024-11-04T04:22:01.568+0000] {logging_mixin.py:190} INFO - [2024-11-04T04:22:01.568+0000] {dagbag.py:588} INFO - Filling up the DagBag from /home/airflow/.local/lib/python3.12/site-packages/airflow/example_dags/tutorial.py
[2024-11-04T04:22:01.578+0000] {processor.py:925} INFO - DAG(s) 'tutorial' retrieved from /home/airflow/.local/lib/python3.12/site-packages/airflow/example_dags/tutorial.py
[2024-11-04T04:22:01.593+0000] {logging_mixin.py:190} INFO - [2024-11-04T04:22:01.593+0000] {dag.py:3239} INFO - Sync 1 DAGs
[2024-11-04T04:22:01.610+0000] {logging_mixin.py:190} INFO - [2024-11-04T04:22:01.610+0000] {dag.py:4180} INFO - Setting next_dagrun for tutorial to 2024-11-03 00:00:00+00:00, run_after=2024-11-04 00:00:00+00:00
[2024-11-04T04:22:01.628+0000] {processor.py:208} INFO - Processing /home/airflow/.local/lib/python3.12/site-packages/airflow/example_dags/tutorial.py took 0.077 seconds
