[2024-11-04T04:16:26.844+0000] {processor.py:186} INFO - Started process (PID=60) to work on /home/airflow/.local/lib/python3.12/site-packages/airflow/example_dags/tutorial_taskflow_api_virtualenv.py
[2024-11-04T04:16:26.845+0000] {processor.py:914} INFO - Processing file /home/airflow/.local/lib/python3.12/site-packages/airflow/example_dags/tutorial_taskflow_api_virtualenv.py for tasks to queue
[2024-11-04T04:16:26.847+0000] {logging_mixin.py:190} INFO - [2024-11-04T04:16:26.846+0000] {dagbag.py:588} INFO - Filling up the DagBag from /home/airflow/.local/lib/python3.12/site-packages/airflow/example_dags/tutorial_taskflow_api_virtualenv.py
[2024-11-04T04:16:26.854+0000] {processor.py:925} INFO - DAG(s) 'tutorial_taskflow_api_virtualenv' retrieved from /home/airflow/.local/lib/python3.12/site-packages/airflow/example_dags/tutorial_taskflow_api_virtualenv.py
[2024-11-04T04:16:26.910+0000] {logging_mixin.py:190} INFO - [2024-11-04T04:16:26.909+0000] {override.py:1900} INFO - Created Permission View: can read on DAG:tutorial_taskflow_api_virtualenv
[2024-11-04T04:16:26.913+0000] {logging_mixin.py:190} INFO - [2024-11-04T04:16:26.913+0000] {override.py:1900} INFO - Created Permission View: can delete on DAG:tutorial_taskflow_api_virtualenv
[2024-11-04T04:16:26.916+0000] {logging_mixin.py:190} INFO - [2024-11-04T04:16:26.916+0000] {override.py:1900} INFO - Created Permission View: can edit on DAG:tutorial_taskflow_api_virtualenv
[2024-11-04T04:16:26.918+0000] {logging_mixin.py:190} INFO - [2024-11-04T04:16:26.918+0000] {override.py:1900} INFO - Created Permission View: menu access on DAG Run:tutorial_taskflow_api_virtualenv
[2024-11-04T04:16:26.920+0000] {logging_mixin.py:190} INFO - [2024-11-04T04:16:26.920+0000] {override.py:1900} INFO - Created Permission View: can read on DAG Run:tutorial_taskflow_api_virtualenv
[2024-11-04T04:16:26.922+0000] {logging_mixin.py:190} INFO - [2024-11-04T04:16:26.922+0000] {override.py:1900} INFO - Created Permission View: can create on DAG Run:tutorial_taskflow_api_virtualenv
[2024-11-04T04:16:26.925+0000] {logging_mixin.py:190} INFO - [2024-11-04T04:16:26.924+0000] {override.py:1900} INFO - Created Permission View: can delete on DAG Run:tutorial_taskflow_api_virtualenv
[2024-11-04T04:16:26.925+0000] {logging_mixin.py:190} INFO - [2024-11-04T04:16:26.925+0000] {dag.py:3239} INFO - Sync 1 DAGs
[2024-11-04T04:16:26.930+0000] {logging_mixin.py:190} INFO - [2024-11-04T04:16:26.930+0000] {dag.py:3262} INFO - Creating ORM DAG for tutorial_taskflow_api_virtualenv
[2024-11-04T04:16:26.930+0000] {logging_mixin.py:190} INFO - [2024-11-04T04:16:26.930+0000] {dag.py:4180} INFO - Setting next_dagrun for tutorial_taskflow_api_virtualenv to None, run_after=None
[2024-11-04T04:16:26.937+0000] {processor.py:208} INFO - Processing /home/airflow/.local/lib/python3.12/site-packages/airflow/example_dags/tutorial_taskflow_api_virtualenv.py took 0.096 seconds
[2024-11-04T04:16:57.814+0000] {processor.py:186} INFO - Started process (PID=128) to work on /home/airflow/.local/lib/python3.12/site-packages/airflow/example_dags/tutorial_taskflow_api_virtualenv.py
[2024-11-04T04:16:57.816+0000] {processor.py:914} INFO - Processing file /home/airflow/.local/lib/python3.12/site-packages/airflow/example_dags/tutorial_taskflow_api_virtualenv.py for tasks to queue
[2024-11-04T04:16:57.818+0000] {logging_mixin.py:190} INFO - [2024-11-04T04:16:57.818+0000] {dagbag.py:588} INFO - Filling up the DagBag from /home/airflow/.local/lib/python3.12/site-packages/airflow/example_dags/tutorial_taskflow_api_virtualenv.py
[2024-11-04T04:16:57.826+0000] {processor.py:925} INFO - DAG(s) 'tutorial_taskflow_api_virtualenv' retrieved from /home/airflow/.local/lib/python3.12/site-packages/airflow/example_dags/tutorial_taskflow_api_virtualenv.py
[2024-11-04T04:16:57.836+0000] {logging_mixin.py:190} INFO - [2024-11-04T04:16:57.836+0000] {dag.py:3239} INFO - Sync 1 DAGs
[2024-11-04T04:16:57.843+0000] {logging_mixin.py:190} INFO - [2024-11-04T04:16:57.843+0000] {dag.py:4180} INFO - Setting next_dagrun for tutorial_taskflow_api_virtualenv to None, run_after=None
[2024-11-04T04:16:57.855+0000] {processor.py:208} INFO - Processing /home/airflow/.local/lib/python3.12/site-packages/airflow/example_dags/tutorial_taskflow_api_virtualenv.py took 0.043 seconds
[2024-11-04T04:17:28.552+0000] {processor.py:186} INFO - Started process (PID=190) to work on /home/airflow/.local/lib/python3.12/site-packages/airflow/example_dags/tutorial_taskflow_api_virtualenv.py
[2024-11-04T04:17:28.553+0000] {processor.py:914} INFO - Processing file /home/airflow/.local/lib/python3.12/site-packages/airflow/example_dags/tutorial_taskflow_api_virtualenv.py for tasks to queue
[2024-11-04T04:17:28.555+0000] {logging_mixin.py:190} INFO - [2024-11-04T04:17:28.555+0000] {dagbag.py:588} INFO - Filling up the DagBag from /home/airflow/.local/lib/python3.12/site-packages/airflow/example_dags/tutorial_taskflow_api_virtualenv.py
[2024-11-04T04:17:28.562+0000] {processor.py:925} INFO - DAG(s) 'tutorial_taskflow_api_virtualenv' retrieved from /home/airflow/.local/lib/python3.12/site-packages/airflow/example_dags/tutorial_taskflow_api_virtualenv.py
[2024-11-04T04:17:28.574+0000] {logging_mixin.py:190} INFO - [2024-11-04T04:17:28.574+0000] {dag.py:3239} INFO - Sync 1 DAGs
[2024-11-04T04:17:28.594+0000] {logging_mixin.py:190} INFO - [2024-11-04T04:17:28.594+0000] {dag.py:4180} INFO - Setting next_dagrun for tutorial_taskflow_api_virtualenv to None, run_after=None
[2024-11-04T04:17:28.606+0000] {processor.py:208} INFO - Processing /home/airflow/.local/lib/python3.12/site-packages/airflow/example_dags/tutorial_taskflow_api_virtualenv.py took 0.058 seconds
[2024-11-04T04:17:59.133+0000] {processor.py:186} INFO - Started process (PID=252) to work on /home/airflow/.local/lib/python3.12/site-packages/airflow/example_dags/tutorial_taskflow_api_virtualenv.py
[2024-11-04T04:17:59.134+0000] {processor.py:914} INFO - Processing file /home/airflow/.local/lib/python3.12/site-packages/airflow/example_dags/tutorial_taskflow_api_virtualenv.py for tasks to queue
[2024-11-04T04:17:59.136+0000] {logging_mixin.py:190} INFO - [2024-11-04T04:17:59.136+0000] {dagbag.py:588} INFO - Filling up the DagBag from /home/airflow/.local/lib/python3.12/site-packages/airflow/example_dags/tutorial_taskflow_api_virtualenv.py
[2024-11-04T04:17:59.143+0000] {processor.py:925} INFO - DAG(s) 'tutorial_taskflow_api_virtualenv' retrieved from /home/airflow/.local/lib/python3.12/site-packages/airflow/example_dags/tutorial_taskflow_api_virtualenv.py
[2024-11-04T04:17:59.157+0000] {logging_mixin.py:190} INFO - [2024-11-04T04:17:59.157+0000] {dag.py:3239} INFO - Sync 1 DAGs
[2024-11-04T04:17:59.167+0000] {logging_mixin.py:190} INFO - [2024-11-04T04:17:59.167+0000] {dag.py:4180} INFO - Setting next_dagrun for tutorial_taskflow_api_virtualenv to None, run_after=None
[2024-11-04T04:17:59.180+0000] {processor.py:208} INFO - Processing /home/airflow/.local/lib/python3.12/site-packages/airflow/example_dags/tutorial_taskflow_api_virtualenv.py took 0.050 seconds
[2024-11-04T04:18:29.685+0000] {processor.py:186} INFO - Started process (PID=314) to work on /home/airflow/.local/lib/python3.12/site-packages/airflow/example_dags/tutorial_taskflow_api_virtualenv.py
[2024-11-04T04:18:29.686+0000] {processor.py:914} INFO - Processing file /home/airflow/.local/lib/python3.12/site-packages/airflow/example_dags/tutorial_taskflow_api_virtualenv.py for tasks to queue
[2024-11-04T04:18:29.688+0000] {logging_mixin.py:190} INFO - [2024-11-04T04:18:29.688+0000] {dagbag.py:588} INFO - Filling up the DagBag from /home/airflow/.local/lib/python3.12/site-packages/airflow/example_dags/tutorial_taskflow_api_virtualenv.py
[2024-11-04T04:18:29.696+0000] {processor.py:925} INFO - DAG(s) 'tutorial_taskflow_api_virtualenv' retrieved from /home/airflow/.local/lib/python3.12/site-packages/airflow/example_dags/tutorial_taskflow_api_virtualenv.py
[2024-11-04T04:18:29.711+0000] {logging_mixin.py:190} INFO - [2024-11-04T04:18:29.711+0000] {dag.py:3239} INFO - Sync 1 DAGs
[2024-11-04T04:18:29.720+0000] {logging_mixin.py:190} INFO - [2024-11-04T04:18:29.719+0000] {dag.py:4180} INFO - Setting next_dagrun for tutorial_taskflow_api_virtualenv to None, run_after=None
[2024-11-04T04:18:29.735+0000] {processor.py:208} INFO - Processing /home/airflow/.local/lib/python3.12/site-packages/airflow/example_dags/tutorial_taskflow_api_virtualenv.py took 0.054 seconds
[2024-11-04T04:19:00.238+0000] {processor.py:186} INFO - Started process (PID=376) to work on /home/airflow/.local/lib/python3.12/site-packages/airflow/example_dags/tutorial_taskflow_api_virtualenv.py
[2024-11-04T04:19:00.239+0000] {processor.py:914} INFO - Processing file /home/airflow/.local/lib/python3.12/site-packages/airflow/example_dags/tutorial_taskflow_api_virtualenv.py for tasks to queue
[2024-11-04T04:19:00.241+0000] {logging_mixin.py:190} INFO - [2024-11-04T04:19:00.241+0000] {dagbag.py:588} INFO - Filling up the DagBag from /home/airflow/.local/lib/python3.12/site-packages/airflow/example_dags/tutorial_taskflow_api_virtualenv.py
[2024-11-04T04:19:00.249+0000] {processor.py:925} INFO - DAG(s) 'tutorial_taskflow_api_virtualenv' retrieved from /home/airflow/.local/lib/python3.12/site-packages/airflow/example_dags/tutorial_taskflow_api_virtualenv.py
[2024-11-04T04:19:00.265+0000] {logging_mixin.py:190} INFO - [2024-11-04T04:19:00.265+0000] {dag.py:3239} INFO - Sync 1 DAGs
[2024-11-04T04:19:00.277+0000] {logging_mixin.py:190} INFO - [2024-11-04T04:19:00.277+0000] {dag.py:4180} INFO - Setting next_dagrun for tutorial_taskflow_api_virtualenv to None, run_after=None
[2024-11-04T04:19:00.289+0000] {processor.py:208} INFO - Processing /home/airflow/.local/lib/python3.12/site-packages/airflow/example_dags/tutorial_taskflow_api_virtualenv.py took 0.054 seconds
[2024-11-04T04:19:30.745+0000] {processor.py:186} INFO - Started process (PID=438) to work on /home/airflow/.local/lib/python3.12/site-packages/airflow/example_dags/tutorial_taskflow_api_virtualenv.py
[2024-11-04T04:19:30.745+0000] {processor.py:914} INFO - Processing file /home/airflow/.local/lib/python3.12/site-packages/airflow/example_dags/tutorial_taskflow_api_virtualenv.py for tasks to queue
[2024-11-04T04:19:30.748+0000] {logging_mixin.py:190} INFO - [2024-11-04T04:19:30.748+0000] {dagbag.py:588} INFO - Filling up the DagBag from /home/airflow/.local/lib/python3.12/site-packages/airflow/example_dags/tutorial_taskflow_api_virtualenv.py
[2024-11-04T04:19:30.757+0000] {processor.py:925} INFO - DAG(s) 'tutorial_taskflow_api_virtualenv' retrieved from /home/airflow/.local/lib/python3.12/site-packages/airflow/example_dags/tutorial_taskflow_api_virtualenv.py
[2024-11-04T04:19:30.780+0000] {logging_mixin.py:190} INFO - [2024-11-04T04:19:30.780+0000] {dag.py:3239} INFO - Sync 1 DAGs
[2024-11-04T04:19:30.787+0000] {logging_mixin.py:190} INFO - [2024-11-04T04:19:30.787+0000] {dag.py:4180} INFO - Setting next_dagrun for tutorial_taskflow_api_virtualenv to None, run_after=None
[2024-11-04T04:19:30.799+0000] {processor.py:208} INFO - Processing /home/airflow/.local/lib/python3.12/site-packages/airflow/example_dags/tutorial_taskflow_api_virtualenv.py took 0.058 seconds
[2024-11-04T04:20:01.273+0000] {processor.py:186} INFO - Started process (PID=500) to work on /home/airflow/.local/lib/python3.12/site-packages/airflow/example_dags/tutorial_taskflow_api_virtualenv.py
[2024-11-04T04:20:01.273+0000] {processor.py:914} INFO - Processing file /home/airflow/.local/lib/python3.12/site-packages/airflow/example_dags/tutorial_taskflow_api_virtualenv.py for tasks to queue
[2024-11-04T04:20:01.275+0000] {logging_mixin.py:190} INFO - [2024-11-04T04:20:01.275+0000] {dagbag.py:588} INFO - Filling up the DagBag from /home/airflow/.local/lib/python3.12/site-packages/airflow/example_dags/tutorial_taskflow_api_virtualenv.py
[2024-11-04T04:20:01.284+0000] {processor.py:925} INFO - DAG(s) 'tutorial_taskflow_api_virtualenv' retrieved from /home/airflow/.local/lib/python3.12/site-packages/airflow/example_dags/tutorial_taskflow_api_virtualenv.py
[2024-11-04T04:20:01.298+0000] {logging_mixin.py:190} INFO - [2024-11-04T04:20:01.298+0000] {dag.py:3239} INFO - Sync 1 DAGs
[2024-11-04T04:20:01.306+0000] {logging_mixin.py:190} INFO - [2024-11-04T04:20:01.306+0000] {dag.py:4180} INFO - Setting next_dagrun for tutorial_taskflow_api_virtualenv to None, run_after=None
[2024-11-04T04:20:01.316+0000] {processor.py:208} INFO - Processing /home/airflow/.local/lib/python3.12/site-packages/airflow/example_dags/tutorial_taskflow_api_virtualenv.py took 0.047 seconds
[2024-11-04T04:20:31.636+0000] {processor.py:186} INFO - Started process (PID=562) to work on /home/airflow/.local/lib/python3.12/site-packages/airflow/example_dags/tutorial_taskflow_api_virtualenv.py
[2024-11-04T04:20:31.637+0000] {processor.py:914} INFO - Processing file /home/airflow/.local/lib/python3.12/site-packages/airflow/example_dags/tutorial_taskflow_api_virtualenv.py for tasks to queue
[2024-11-04T04:20:31.640+0000] {logging_mixin.py:190} INFO - [2024-11-04T04:20:31.640+0000] {dagbag.py:588} INFO - Filling up the DagBag from /home/airflow/.local/lib/python3.12/site-packages/airflow/example_dags/tutorial_taskflow_api_virtualenv.py
[2024-11-04T04:20:31.647+0000] {processor.py:925} INFO - DAG(s) 'tutorial_taskflow_api_virtualenv' retrieved from /home/airflow/.local/lib/python3.12/site-packages/airflow/example_dags/tutorial_taskflow_api_virtualenv.py
[2024-11-04T04:20:31.659+0000] {logging_mixin.py:190} INFO - [2024-11-04T04:20:31.659+0000] {dag.py:3239} INFO - Sync 1 DAGs
[2024-11-04T04:20:31.667+0000] {logging_mixin.py:190} INFO - [2024-11-04T04:20:31.667+0000] {dag.py:4180} INFO - Setting next_dagrun for tutorial_taskflow_api_virtualenv to None, run_after=None
[2024-11-04T04:20:31.678+0000] {processor.py:208} INFO - Processing /home/airflow/.local/lib/python3.12/site-packages/airflow/example_dags/tutorial_taskflow_api_virtualenv.py took 0.045 seconds
[2024-11-04T04:21:02.076+0000] {processor.py:186} INFO - Started process (PID=624) to work on /home/airflow/.local/lib/python3.12/site-packages/airflow/example_dags/tutorial_taskflow_api_virtualenv.py
[2024-11-04T04:21:02.078+0000] {processor.py:914} INFO - Processing file /home/airflow/.local/lib/python3.12/site-packages/airflow/example_dags/tutorial_taskflow_api_virtualenv.py for tasks to queue
[2024-11-04T04:21:02.083+0000] {logging_mixin.py:190} INFO - [2024-11-04T04:21:02.083+0000] {dagbag.py:588} INFO - Filling up the DagBag from /home/airflow/.local/lib/python3.12/site-packages/airflow/example_dags/tutorial_taskflow_api_virtualenv.py
[2024-11-04T04:21:02.090+0000] {processor.py:925} INFO - DAG(s) 'tutorial_taskflow_api_virtualenv' retrieved from /home/airflow/.local/lib/python3.12/site-packages/airflow/example_dags/tutorial_taskflow_api_virtualenv.py
[2024-11-04T04:21:02.111+0000] {logging_mixin.py:190} INFO - [2024-11-04T04:21:02.111+0000] {dag.py:3239} INFO - Sync 1 DAGs
[2024-11-04T04:21:02.117+0000] {logging_mixin.py:190} INFO - [2024-11-04T04:21:02.117+0000] {dag.py:4180} INFO - Setting next_dagrun for tutorial_taskflow_api_virtualenv to None, run_after=None
[2024-11-04T04:21:02.127+0000] {processor.py:208} INFO - Processing /home/airflow/.local/lib/python3.12/site-packages/airflow/example_dags/tutorial_taskflow_api_virtualenv.py took 0.054 seconds
[2024-11-04T04:21:32.591+0000] {processor.py:186} INFO - Started process (PID=686) to work on /home/airflow/.local/lib/python3.12/site-packages/airflow/example_dags/tutorial_taskflow_api_virtualenv.py
[2024-11-04T04:21:32.596+0000] {processor.py:914} INFO - Processing file /home/airflow/.local/lib/python3.12/site-packages/airflow/example_dags/tutorial_taskflow_api_virtualenv.py for tasks to queue
[2024-11-04T04:21:32.598+0000] {logging_mixin.py:190} INFO - [2024-11-04T04:21:32.598+0000] {dagbag.py:588} INFO - Filling up the DagBag from /home/airflow/.local/lib/python3.12/site-packages/airflow/example_dags/tutorial_taskflow_api_virtualenv.py
[2024-11-04T04:21:32.604+0000] {processor.py:925} INFO - DAG(s) 'tutorial_taskflow_api_virtualenv' retrieved from /home/airflow/.local/lib/python3.12/site-packages/airflow/example_dags/tutorial_taskflow_api_virtualenv.py
[2024-11-04T04:21:32.615+0000] {logging_mixin.py:190} INFO - [2024-11-04T04:21:32.615+0000] {dag.py:3239} INFO - Sync 1 DAGs
[2024-11-04T04:21:32.621+0000] {logging_mixin.py:190} INFO - [2024-11-04T04:21:32.621+0000] {dag.py:4180} INFO - Setting next_dagrun for tutorial_taskflow_api_virtualenv to None, run_after=None
[2024-11-04T04:21:32.630+0000] {processor.py:208} INFO - Processing /home/airflow/.local/lib/python3.12/site-packages/airflow/example_dags/tutorial_taskflow_api_virtualenv.py took 0.042 seconds
[2024-11-04T04:22:03.025+0000] {processor.py:186} INFO - Started process (PID=748) to work on /home/airflow/.local/lib/python3.12/site-packages/airflow/example_dags/tutorial_taskflow_api_virtualenv.py
[2024-11-04T04:22:03.025+0000] {processor.py:914} INFO - Processing file /home/airflow/.local/lib/python3.12/site-packages/airflow/example_dags/tutorial_taskflow_api_virtualenv.py for tasks to queue
[2024-11-04T04:22:03.027+0000] {logging_mixin.py:190} INFO - [2024-11-04T04:22:03.027+0000] {dagbag.py:588} INFO - Filling up the DagBag from /home/airflow/.local/lib/python3.12/site-packages/airflow/example_dags/tutorial_taskflow_api_virtualenv.py
[2024-11-04T04:22:03.035+0000] {processor.py:925} INFO - DAG(s) 'tutorial_taskflow_api_virtualenv' retrieved from /home/airflow/.local/lib/python3.12/site-packages/airflow/example_dags/tutorial_taskflow_api_virtualenv.py
[2024-11-04T04:22:03.054+0000] {logging_mixin.py:190} INFO - [2024-11-04T04:22:03.054+0000] {dag.py:3239} INFO - Sync 1 DAGs
[2024-11-04T04:22:03.064+0000] {logging_mixin.py:190} INFO - [2024-11-04T04:22:03.064+0000] {dag.py:4180} INFO - Setting next_dagrun for tutorial_taskflow_api_virtualenv to None, run_after=None
[2024-11-04T04:22:03.080+0000] {processor.py:208} INFO - Processing /home/airflow/.local/lib/python3.12/site-packages/airflow/example_dags/tutorial_taskflow_api_virtualenv.py took 0.059 seconds
