[2024-11-04T04:16:25.859+0000] {processor.py:186} INFO - Started process (PID=49) to work on /home/airflow/.local/lib/python3.12/site-packages/airflow/example_dags/tutorial_objectstorage.py
[2024-11-04T04:16:25.860+0000] {processor.py:914} INFO - Processing file /home/airflow/.local/lib/python3.12/site-packages/airflow/example_dags/tutorial_objectstorage.py for tasks to queue
[2024-11-04T04:16:25.861+0000] {logging_mixin.py:190} INFO - [2024-11-04T04:16:25.861+0000] {dagbag.py:588} INFO - Filling up the DagBag from /home/airflow/.local/lib/python3.12/site-packages/airflow/example_dags/tutorial_objectstorage.py
[2024-11-04T04:16:25.873+0000] {processor.py:925} INFO - DAG(s) 'tutorial_objectstorage' retrieved from /home/airflow/.local/lib/python3.12/site-packages/airflow/example_dags/tutorial_objectstorage.py
[2024-11-04T04:16:25.938+0000] {logging_mixin.py:190} INFO - [2024-11-04T04:16:25.938+0000] {override.py:1900} INFO - Created Permission View: can read on DAG:tutorial_objectstorage
[2024-11-04T04:16:25.955+0000] {logging_mixin.py:190} INFO - [2024-11-04T04:16:25.955+0000] {override.py:1900} INFO - Created Permission View: can delete on DAG:tutorial_objectstorage
[2024-11-04T04:16:25.960+0000] {logging_mixin.py:190} INFO - [2024-11-04T04:16:25.960+0000] {override.py:1900} INFO - Created Permission View: can edit on DAG:tutorial_objectstorage
[2024-11-04T04:16:25.964+0000] {logging_mixin.py:190} INFO - [2024-11-04T04:16:25.964+0000] {override.py:1900} INFO - Created Permission View: menu access on DAG Run:tutorial_objectstorage
[2024-11-04T04:16:25.968+0000] {logging_mixin.py:190} INFO - [2024-11-04T04:16:25.968+0000] {override.py:1900} INFO - Created Permission View: can read on DAG Run:tutorial_objectstorage
[2024-11-04T04:16:25.972+0000] {logging_mixin.py:190} INFO - [2024-11-04T04:16:25.972+0000] {override.py:1900} INFO - Created Permission View: can create on DAG Run:tutorial_objectstorage
[2024-11-04T04:16:25.975+0000] {logging_mixin.py:190} INFO - [2024-11-04T04:16:25.975+0000] {override.py:1900} INFO - Created Permission View: can delete on DAG Run:tutorial_objectstorage
[2024-11-04T04:16:25.976+0000] {logging_mixin.py:190} INFO - [2024-11-04T04:16:25.976+0000] {dag.py:3239} INFO - Sync 1 DAGs
[2024-11-04T04:16:25.983+0000] {logging_mixin.py:190} INFO - [2024-11-04T04:16:25.983+0000] {dag.py:3262} INFO - Creating ORM DAG for tutorial_objectstorage
[2024-11-04T04:16:25.983+0000] {logging_mixin.py:190} INFO - [2024-11-04T04:16:25.983+0000] {dag.py:4180} INFO - Setting next_dagrun for tutorial_objectstorage to None, run_after=None
[2024-11-04T04:16:25.994+0000] {processor.py:208} INFO - Processing /home/airflow/.local/lib/python3.12/site-packages/airflow/example_dags/tutorial_objectstorage.py took 0.138 seconds
[2024-11-04T04:16:56.303+0000] {processor.py:186} INFO - Started process (PID=111) to work on /home/airflow/.local/lib/python3.12/site-packages/airflow/example_dags/tutorial_objectstorage.py
[2024-11-04T04:16:56.304+0000] {processor.py:914} INFO - Processing file /home/airflow/.local/lib/python3.12/site-packages/airflow/example_dags/tutorial_objectstorage.py for tasks to queue
[2024-11-04T04:16:56.305+0000] {logging_mixin.py:190} INFO - [2024-11-04T04:16:56.305+0000] {dagbag.py:588} INFO - Filling up the DagBag from /home/airflow/.local/lib/python3.12/site-packages/airflow/example_dags/tutorial_objectstorage.py
[2024-11-04T04:16:56.313+0000] {processor.py:925} INFO - DAG(s) 'tutorial_objectstorage' retrieved from /home/airflow/.local/lib/python3.12/site-packages/airflow/example_dags/tutorial_objectstorage.py
[2024-11-04T04:16:56.333+0000] {logging_mixin.py:190} INFO - [2024-11-04T04:16:56.333+0000] {dag.py:3239} INFO - Sync 1 DAGs
[2024-11-04T04:16:56.340+0000] {logging_mixin.py:190} INFO - [2024-11-04T04:16:56.340+0000] {dag.py:4180} INFO - Setting next_dagrun for tutorial_objectstorage to None, run_after=None
[2024-11-04T04:16:56.356+0000] {processor.py:208} INFO - Processing /home/airflow/.local/lib/python3.12/site-packages/airflow/example_dags/tutorial_objectstorage.py took 0.056 seconds
[2024-11-04T04:17:26.911+0000] {processor.py:186} INFO - Started process (PID=173) to work on /home/airflow/.local/lib/python3.12/site-packages/airflow/example_dags/tutorial_objectstorage.py
[2024-11-04T04:17:26.915+0000] {processor.py:914} INFO - Processing file /home/airflow/.local/lib/python3.12/site-packages/airflow/example_dags/tutorial_objectstorage.py for tasks to queue
[2024-11-04T04:17:26.917+0000] {logging_mixin.py:190} INFO - [2024-11-04T04:17:26.917+0000] {dagbag.py:588} INFO - Filling up the DagBag from /home/airflow/.local/lib/python3.12/site-packages/airflow/example_dags/tutorial_objectstorage.py
[2024-11-04T04:17:26.924+0000] {processor.py:925} INFO - DAG(s) 'tutorial_objectstorage' retrieved from /home/airflow/.local/lib/python3.12/site-packages/airflow/example_dags/tutorial_objectstorage.py
[2024-11-04T04:17:26.938+0000] {logging_mixin.py:190} INFO - [2024-11-04T04:17:26.938+0000] {dag.py:3239} INFO - Sync 1 DAGs
[2024-11-04T04:17:26.947+0000] {logging_mixin.py:190} INFO - [2024-11-04T04:17:26.947+0000] {dag.py:4180} INFO - Setting next_dagrun for tutorial_objectstorage to None, run_after=None
[2024-11-04T04:17:26.957+0000] {processor.py:208} INFO - Processing /home/airflow/.local/lib/python3.12/site-packages/airflow/example_dags/tutorial_objectstorage.py took 0.048 seconds
[2024-11-04T04:17:57.627+0000] {processor.py:186} INFO - Started process (PID=241) to work on /home/airflow/.local/lib/python3.12/site-packages/airflow/example_dags/tutorial_objectstorage.py
[2024-11-04T04:17:57.627+0000] {processor.py:914} INFO - Processing file /home/airflow/.local/lib/python3.12/site-packages/airflow/example_dags/tutorial_objectstorage.py for tasks to queue
[2024-11-04T04:17:57.629+0000] {logging_mixin.py:190} INFO - [2024-11-04T04:17:57.628+0000] {dagbag.py:588} INFO - Filling up the DagBag from /home/airflow/.local/lib/python3.12/site-packages/airflow/example_dags/tutorial_objectstorage.py
[2024-11-04T04:17:57.633+0000] {processor.py:925} INFO - DAG(s) 'tutorial_objectstorage' retrieved from /home/airflow/.local/lib/python3.12/site-packages/airflow/example_dags/tutorial_objectstorage.py
[2024-11-04T04:17:57.648+0000] {logging_mixin.py:190} INFO - [2024-11-04T04:17:57.648+0000] {dag.py:3239} INFO - Sync 1 DAGs
[2024-11-04T04:17:57.657+0000] {logging_mixin.py:190} INFO - [2024-11-04T04:17:57.656+0000] {dag.py:4180} INFO - Setting next_dagrun for tutorial_objectstorage to None, run_after=None
[2024-11-04T04:17:57.674+0000] {processor.py:208} INFO - Processing /home/airflow/.local/lib/python3.12/site-packages/airflow/example_dags/tutorial_objectstorage.py took 0.052 seconds
[2024-11-04T04:18:28.090+0000] {processor.py:186} INFO - Started process (PID=303) to work on /home/airflow/.local/lib/python3.12/site-packages/airflow/example_dags/tutorial_objectstorage.py
[2024-11-04T04:18:28.095+0000] {processor.py:914} INFO - Processing file /home/airflow/.local/lib/python3.12/site-packages/airflow/example_dags/tutorial_objectstorage.py for tasks to queue
[2024-11-04T04:18:28.098+0000] {logging_mixin.py:190} INFO - [2024-11-04T04:18:28.098+0000] {dagbag.py:588} INFO - Filling up the DagBag from /home/airflow/.local/lib/python3.12/site-packages/airflow/example_dags/tutorial_objectstorage.py
[2024-11-04T04:18:28.106+0000] {processor.py:925} INFO - DAG(s) 'tutorial_objectstorage' retrieved from /home/airflow/.local/lib/python3.12/site-packages/airflow/example_dags/tutorial_objectstorage.py
[2024-11-04T04:18:28.124+0000] {logging_mixin.py:190} INFO - [2024-11-04T04:18:28.124+0000] {dag.py:3239} INFO - Sync 1 DAGs
[2024-11-04T04:18:28.133+0000] {logging_mixin.py:190} INFO - [2024-11-04T04:18:28.132+0000] {dag.py:4180} INFO - Setting next_dagrun for tutorial_objectstorage to None, run_after=None
[2024-11-04T04:18:28.145+0000] {processor.py:208} INFO - Processing /home/airflow/.local/lib/python3.12/site-packages/airflow/example_dags/tutorial_objectstorage.py took 0.059 seconds
[2024-11-04T04:18:58.782+0000] {processor.py:186} INFO - Started process (PID=365) to work on /home/airflow/.local/lib/python3.12/site-packages/airflow/example_dags/tutorial_objectstorage.py
[2024-11-04T04:18:58.783+0000] {processor.py:914} INFO - Processing file /home/airflow/.local/lib/python3.12/site-packages/airflow/example_dags/tutorial_objectstorage.py for tasks to queue
[2024-11-04T04:18:58.785+0000] {logging_mixin.py:190} INFO - [2024-11-04T04:18:58.784+0000] {dagbag.py:588} INFO - Filling up the DagBag from /home/airflow/.local/lib/python3.12/site-packages/airflow/example_dags/tutorial_objectstorage.py
[2024-11-04T04:18:58.791+0000] {processor.py:925} INFO - DAG(s) 'tutorial_objectstorage' retrieved from /home/airflow/.local/lib/python3.12/site-packages/airflow/example_dags/tutorial_objectstorage.py
[2024-11-04T04:18:58.802+0000] {logging_mixin.py:190} INFO - [2024-11-04T04:18:58.802+0000] {dag.py:3239} INFO - Sync 1 DAGs
[2024-11-04T04:18:58.812+0000] {logging_mixin.py:190} INFO - [2024-11-04T04:18:58.812+0000] {dag.py:4180} INFO - Setting next_dagrun for tutorial_objectstorage to None, run_after=None
[2024-11-04T04:18:58.825+0000] {processor.py:208} INFO - Processing /home/airflow/.local/lib/python3.12/site-packages/airflow/example_dags/tutorial_objectstorage.py took 0.046 seconds
[2024-11-04T04:19:29.303+0000] {processor.py:186} INFO - Started process (PID=427) to work on /home/airflow/.local/lib/python3.12/site-packages/airflow/example_dags/tutorial_objectstorage.py
[2024-11-04T04:19:29.306+0000] {processor.py:914} INFO - Processing file /home/airflow/.local/lib/python3.12/site-packages/airflow/example_dags/tutorial_objectstorage.py for tasks to queue
[2024-11-04T04:19:29.308+0000] {logging_mixin.py:190} INFO - [2024-11-04T04:19:29.308+0000] {dagbag.py:588} INFO - Filling up the DagBag from /home/airflow/.local/lib/python3.12/site-packages/airflow/example_dags/tutorial_objectstorage.py
[2024-11-04T04:19:29.316+0000] {processor.py:925} INFO - DAG(s) 'tutorial_objectstorage' retrieved from /home/airflow/.local/lib/python3.12/site-packages/airflow/example_dags/tutorial_objectstorage.py
[2024-11-04T04:19:29.329+0000] {logging_mixin.py:190} INFO - [2024-11-04T04:19:29.328+0000] {dag.py:3239} INFO - Sync 1 DAGs
[2024-11-04T04:19:29.337+0000] {logging_mixin.py:190} INFO - [2024-11-04T04:19:29.337+0000] {dag.py:4180} INFO - Setting next_dagrun for tutorial_objectstorage to None, run_after=None
[2024-11-04T04:19:29.350+0000] {processor.py:208} INFO - Processing /home/airflow/.local/lib/python3.12/site-packages/airflow/example_dags/tutorial_objectstorage.py took 0.051 seconds
[2024-11-04T04:19:59.749+0000] {processor.py:186} INFO - Started process (PID=489) to work on /home/airflow/.local/lib/python3.12/site-packages/airflow/example_dags/tutorial_objectstorage.py
[2024-11-04T04:19:59.751+0000] {processor.py:914} INFO - Processing file /home/airflow/.local/lib/python3.12/site-packages/airflow/example_dags/tutorial_objectstorage.py for tasks to queue
[2024-11-04T04:19:59.753+0000] {logging_mixin.py:190} INFO - [2024-11-04T04:19:59.753+0000] {dagbag.py:588} INFO - Filling up the DagBag from /home/airflow/.local/lib/python3.12/site-packages/airflow/example_dags/tutorial_objectstorage.py
[2024-11-04T04:19:59.759+0000] {processor.py:925} INFO - DAG(s) 'tutorial_objectstorage' retrieved from /home/airflow/.local/lib/python3.12/site-packages/airflow/example_dags/tutorial_objectstorage.py
[2024-11-04T04:19:59.769+0000] {logging_mixin.py:190} INFO - [2024-11-04T04:19:59.769+0000] {dag.py:3239} INFO - Sync 1 DAGs
[2024-11-04T04:19:59.777+0000] {logging_mixin.py:190} INFO - [2024-11-04T04:19:59.777+0000] {dag.py:4180} INFO - Setting next_dagrun for tutorial_objectstorage to None, run_after=None
[2024-11-04T04:19:59.791+0000] {processor.py:208} INFO - Processing /home/airflow/.local/lib/python3.12/site-packages/airflow/example_dags/tutorial_objectstorage.py took 0.045 seconds
[2024-11-04T04:20:30.254+0000] {processor.py:186} INFO - Started process (PID=551) to work on /home/airflow/.local/lib/python3.12/site-packages/airflow/example_dags/tutorial_objectstorage.py
[2024-11-04T04:20:30.254+0000] {processor.py:914} INFO - Processing file /home/airflow/.local/lib/python3.12/site-packages/airflow/example_dags/tutorial_objectstorage.py for tasks to queue
[2024-11-04T04:20:30.256+0000] {logging_mixin.py:190} INFO - [2024-11-04T04:20:30.256+0000] {dagbag.py:588} INFO - Filling up the DagBag from /home/airflow/.local/lib/python3.12/site-packages/airflow/example_dags/tutorial_objectstorage.py
[2024-11-04T04:20:30.261+0000] {processor.py:925} INFO - DAG(s) 'tutorial_objectstorage' retrieved from /home/airflow/.local/lib/python3.12/site-packages/airflow/example_dags/tutorial_objectstorage.py
[2024-11-04T04:20:30.272+0000] {logging_mixin.py:190} INFO - [2024-11-04T04:20:30.272+0000] {dag.py:3239} INFO - Sync 1 DAGs
[2024-11-04T04:20:30.279+0000] {logging_mixin.py:190} INFO - [2024-11-04T04:20:30.279+0000] {dag.py:4180} INFO - Setting next_dagrun for tutorial_objectstorage to None, run_after=None
[2024-11-04T04:20:30.292+0000] {processor.py:208} INFO - Processing /home/airflow/.local/lib/python3.12/site-packages/airflow/example_dags/tutorial_objectstorage.py took 0.041 seconds
[2024-11-04T04:21:00.622+0000] {processor.py:186} INFO - Started process (PID=613) to work on /home/airflow/.local/lib/python3.12/site-packages/airflow/example_dags/tutorial_objectstorage.py
[2024-11-04T04:21:00.623+0000] {processor.py:914} INFO - Processing file /home/airflow/.local/lib/python3.12/site-packages/airflow/example_dags/tutorial_objectstorage.py for tasks to queue
[2024-11-04T04:21:00.624+0000] {logging_mixin.py:190} INFO - [2024-11-04T04:21:00.624+0000] {dagbag.py:588} INFO - Filling up the DagBag from /home/airflow/.local/lib/python3.12/site-packages/airflow/example_dags/tutorial_objectstorage.py
[2024-11-04T04:21:00.630+0000] {processor.py:925} INFO - DAG(s) 'tutorial_objectstorage' retrieved from /home/airflow/.local/lib/python3.12/site-packages/airflow/example_dags/tutorial_objectstorage.py
[2024-11-04T04:21:00.640+0000] {logging_mixin.py:190} INFO - [2024-11-04T04:21:00.640+0000] {dag.py:3239} INFO - Sync 1 DAGs
[2024-11-04T04:21:00.648+0000] {logging_mixin.py:190} INFO - [2024-11-04T04:21:00.648+0000] {dag.py:4180} INFO - Setting next_dagrun for tutorial_objectstorage to None, run_after=None
[2024-11-04T04:21:00.663+0000] {processor.py:208} INFO - Processing /home/airflow/.local/lib/python3.12/site-packages/airflow/example_dags/tutorial_objectstorage.py took 0.044 seconds
[2024-11-04T04:21:31.165+0000] {processor.py:186} INFO - Started process (PID=675) to work on /home/airflow/.local/lib/python3.12/site-packages/airflow/example_dags/tutorial_objectstorage.py
[2024-11-04T04:21:31.166+0000] {processor.py:914} INFO - Processing file /home/airflow/.local/lib/python3.12/site-packages/airflow/example_dags/tutorial_objectstorage.py for tasks to queue
[2024-11-04T04:21:31.169+0000] {logging_mixin.py:190} INFO - [2024-11-04T04:21:31.169+0000] {dagbag.py:588} INFO - Filling up the DagBag from /home/airflow/.local/lib/python3.12/site-packages/airflow/example_dags/tutorial_objectstorage.py
[2024-11-04T04:21:31.175+0000] {processor.py:925} INFO - DAG(s) 'tutorial_objectstorage' retrieved from /home/airflow/.local/lib/python3.12/site-packages/airflow/example_dags/tutorial_objectstorage.py
[2024-11-04T04:21:31.188+0000] {logging_mixin.py:190} INFO - [2024-11-04T04:21:31.188+0000] {dag.py:3239} INFO - Sync 1 DAGs
[2024-11-04T04:21:31.197+0000] {logging_mixin.py:190} INFO - [2024-11-04T04:21:31.197+0000] {dag.py:4180} INFO - Setting next_dagrun for tutorial_objectstorage to None, run_after=None
[2024-11-04T04:21:31.207+0000] {processor.py:208} INFO - Processing /home/airflow/.local/lib/python3.12/site-packages/airflow/example_dags/tutorial_objectstorage.py took 0.047 seconds
[2024-11-04T04:22:01.550+0000] {processor.py:186} INFO - Started process (PID=737) to work on /home/airflow/.local/lib/python3.12/site-packages/airflow/example_dags/tutorial_objectstorage.py
[2024-11-04T04:22:01.555+0000] {processor.py:914} INFO - Processing file /home/airflow/.local/lib/python3.12/site-packages/airflow/example_dags/tutorial_objectstorage.py for tasks to queue
[2024-11-04T04:22:01.558+0000] {logging_mixin.py:190} INFO - [2024-11-04T04:22:01.558+0000] {dagbag.py:588} INFO - Filling up the DagBag from /home/airflow/.local/lib/python3.12/site-packages/airflow/example_dags/tutorial_objectstorage.py
[2024-11-04T04:22:01.579+0000] {processor.py:925} INFO - DAG(s) 'tutorial_objectstorage' retrieved from /home/airflow/.local/lib/python3.12/site-packages/airflow/example_dags/tutorial_objectstorage.py
[2024-11-04T04:22:01.597+0000] {logging_mixin.py:190} INFO - [2024-11-04T04:22:01.597+0000] {dag.py:3239} INFO - Sync 1 DAGs
[2024-11-04T04:22:01.609+0000] {logging_mixin.py:190} INFO - [2024-11-04T04:22:01.609+0000] {dag.py:4180} INFO - Setting next_dagrun for tutorial_objectstorage to None, run_after=None
[2024-11-04T04:22:01.633+0000] {processor.py:208} INFO - Processing /home/airflow/.local/lib/python3.12/site-packages/airflow/example_dags/tutorial_objectstorage.py took 0.085 seconds
